cd /tmp/Arja_Defects4J_Mockito_8;
export JAVA_TOOL_OPTIONS="-Dfile.encoding=UTF8 -Duser.language=en-US -Duser.country=US -Duser.language=en";
TZ="America/New_York"; export TZ;
export PATH="/data/tool/jdk1.7.0_80/bin:$PATH";
export JAVA_HOME="/data/tool/jdk1.7.0_80/bin";
timeout 120m java -Xmx1g -Xms1g -cp /home/kaka/Desktop/RepairThemAll/script/../libs/jmetal.jar:/home/kaka/Desktop/RepairThemAll/script/../repair_tools/arja.jar us.msu.cse.repair.Main \
	Arja \
	-DexternalProjRoot /home/kaka/Desktop/RepairThemAll/script/../libs/arja_external \
	-Dbenchmark Defects4J \
	-Dbugid Mockito-8 \
	-DsrcJavaDir /tmp/Arja_Defects4J_Mockito_8/src \
	-DbinJavaDir /tmp/Arja_Defects4J_Mockito_8/build/classes/main/ \
	-DbinTestDir /tmp/Arja_Defects4J_Mockito_8/build/classes/test/ \
	-DdiffFormat true \
	-Dseed 0 \
	-Ddependences /tmp/Arja_Defects4J_Mockito_8/build/classes/main/:/tmp/Arja_Defects4J_Mockito_8/build/classes/test/:/tmp/Arja_Defects4J_Mockito_8/lib/run/com.springsource.org.hamcrest.core-1.1.0.jar:/tmp/Arja_Defects4J_Mockito_8/lib/run/objenesis-2.1.jar:/tmp/Arja_Defects4J_Mockito_8/lib/sources/objenesis-2.1-sources.jar:/tmp/Arja_Defects4J_Mockito_8/lib/sources/cglib-and-asm-1.0-sources.jar:/tmp/Arja_Defects4J_Mockito_8/lib/sources/com.springsource.org.hamcrest.core-1.1.0-sources.jar:/tmp/Arja_Defects4J_Mockito_8/lib/build/ant-googlecode-0.0.3.jar:/tmp/Arja_Defects4J_Mockito_8/lib/build/asm-3.1.jar:/tmp/Arja_Defects4J_Mockito_8/lib/build/bnd-0.0.313.jar:/tmp/Arja_Defects4J_Mockito_8/lib/build/jaxen-1.1.1.jar:/tmp/Arja_Defects4J_Mockito_8/lib/build/maven-ant-tasks-2.0.9.jar:/tmp/Arja_Defects4J_Mockito_8/lib/build/pmd-4.1.jar:/tmp/Arja_Defects4J_Mockito_8/lib/build/jarjar-1.0.jar:/tmp/Arja_Defects4J_Mockito_8/lib/build/ant4hg-V0.07.jar:/tmp/Arja_Defects4J_Mockito_8/lib/build/sorcerer.jar:/tmp/Arja_Defects4J_Mockito_8/lib/repackaged/cglib-and-asm-1.0.jar:/tmp/Arja_Defects4J_Mockito_8/lib/test/powermock-reflect-1.2.5.jar:/tmp/Arja_Defects4J_Mockito_8/lib/test/fest-util-1.1.4.jar:/tmp/Arja_Defects4J_Mockito_8/lib/test/fest-assert-1.3.jar:/home/kaka/Desktop/RepairThemAll/script/../benchmarks/defects4j/framework/projects/Mockito/lib/hamcrest-all-1.3.jar:/home/kaka/Desktop/RepairThemAll/script/../benchmarks/defects4j/framework/projects/Mockito/lib/powermock-reflect-1.2.5.jar:/home/kaka/Desktop/RepairThemAll/script/../benchmarks/defects4j/framework/projects/Mockito/lib/fest-util-1.1.4.jar:/home/kaka/Desktop/RepairThemAll/script/../benchmarks/defects4j/framework/projects/Mockito/lib/hamcrest-core-1.1.jar:/home/kaka/Desktop/RepairThemAll/script/../benchmarks/defects4j/framework/projects/Mockito/lib/cobertura-2.0.3.jar:/home/kaka/Desktop/RepairThemAll/script/../benchmarks/defects4j/framework/projects/Mockito/lib/assertj-core-2.1.0.jar:/home/kaka/Desktop/RepairThemAll/script/../benchmarks/defects4j/framework/projects/Mockito/lib/asm-all-5.0.4.jar:/home/kaka/Desktop/RepairThemAll/script/../benchmarks/defects4j/framework/projects/Mockito/lib/cglib-and-asm-1.0.jar:/home/kaka/Desktop/RepairThemAll/script/../benchmarks/defects4j/framework/projects/Mockito/lib/fest-assert-1.3.jar:/home/kaka/Desktop/RepairThemAll/script/../benchmarks/defects4j/framework/projects/Mockito/lib/objenesis-2.2.jar:/home/kaka/Desktop/RepairThemAll/script/../benchmarks/defects4j/framework/projects/Mockito/lib/objenesis-2.1.jar:/home/kaka/Desktop/RepairThemAll/script/../benchmarks/defects4j/framework/projects/lib/cobertura-2.0.3.jar:/home/kaka/Desktop/RepairThemAll/script/../benchmarks/defects4j/framework/projects/lib/junit-4.11.jar;
	echo "\n\nNode: `hostname`\n";
	echo "\n\nDate: `date`\n";
Picked up JAVA_TOOL_OPTIONS: -Dfile.encoding=UTF8 -Duser.language=en-US -Duser.country=US -Duser.language=en
Jun 25, 2019 5:27:29 PM java.util.jar.Attributes read
WARNING: Duplicate name in Manifest: SHA1-Digest.
Ensure that the manifest does not have duplicate entries, and
that blank lines separate individual sections in both your
manifest and in the META-INF/MANIFEST.MF entry in the jar file.
Jun 25, 2019 5:27:29 PM java.util.jar.Attributes read
WARNING: Duplicate name in Manifest: SHA1-Digest.
Ensure that the manifest does not have duplicate entries, and
that blank lines separate individual sections in both your
manifest and in the META-INF/MANIFEST.MF entry in the jar file.
Jun 25, 2019 5:27:29 PM java.util.jar.Attributes read
WARNING: Duplicate name in Manifest: SHA1-Digest.
Ensure that the manifest does not have duplicate entries, and
that blank lines separate individual sections in both your
manifest and in the META-INF/MANIFEST.MF entry in the jar file.
Jun 25, 2019 5:27:29 PM java.util.jar.Attributes read
WARNING: Duplicate name in Manifest: SHA1-Digest.
Ensure that the manifest does not have duplicate entries, and
that blank lines separate individual sections in both your
manifest and in the META-INF/MANIFEST.MF entry in the jar file.
Jun 25, 2019 5:27:29 PM java.util.jar.Attributes read
WARNING: Duplicate name in Manifest: SHA1-Digest.
Ensure that the manifest does not have duplicate entries, and
that blank lines separate individual sections in both your
manifest and in the META-INF/MANIFEST.MF entry in the jar file.
Jun 25, 2019 5:27:29 PM java.util.jar.Attributes read
WARNING: Duplicate name in Manifest: SHA1-Digest.
Ensure that the manifest does not have duplicate entries, and
that blank lines separate individual sections in both your
manifest and in the META-INF/MANIFEST.MF entry in the jar file.
Jun 25, 2019 5:27:29 PM java.util.jar.Attributes read
WARNING: Duplicate name in Manifest: SHA1-Digest.
Ensure that the manifest does not have duplicate entries, and
that blank lines separate individual sections in both your
manifest and in the META-INF/MANIFEST.MF entry in the jar file.
Jun 25, 2019 5:27:29 PM java.util.jar.Attributes read
WARNING: Duplicate name in Manifest: SHA1-Digest.
Ensure that the manifest does not have duplicate entries, and
that blank lines separate individual sections in both your
manifest and in the META-INF/MANIFEST.MF entry in the jar file.
Jun 25, 2019 5:27:29 PM java.util.jar.Attributes read
WARNING: Duplicate name in Manifest: SHA1-Digest.
Ensure that the manifest does not have duplicate entries, and
that blank lines separate individual sections in both your
manifest and in the META-INF/MANIFEST.MF entry in the jar file.
Jun 25, 2019 5:27:29 PM java.util.jar.Attributes read
WARNING: Duplicate name in Manifest: SHA1-Digest.
Ensure that the manifest does not have duplicate entries, and
that blank lines separate individual sections in both your
manifest and in the META-INF/MANIFEST.MF entry in the jar file.
Jun 25, 2019 5:27:29 PM java.util.jar.Attributes read
WARNING: Duplicate name in Manifest: SHA1-Digest.
Ensure that the manifest does not have duplicate entries, and
that blank lines separate individual sections in both your
manifest and in the META-INF/MANIFEST.MF entry in the jar file.
Jun 25, 2019 5:27:29 PM java.util.jar.Attributes read
WARNING: Duplicate name in Manifest: SHA1-Digest.
Ensure that the manifest does not have duplicate entries, and
that blank lines separate individual sections in both your
manifest and in the META-INF/MANIFEST.MF entry in the jar file.
Jun 25, 2019 5:27:29 PM java.util.jar.Attributes read
WARNING: Duplicate name in Manifest: SHA1-Digest.
Ensure that the manifest does not have duplicate entries, and
that blank lines separate individual sections in both your
manifest and in the META-INF/MANIFEST.MF entry in the jar file.
Jun 25, 2019 5:27:29 PM java.util.jar.Attributes read
WARNING: Duplicate name in Manifest: SHA1-Digest.
Ensure that the manifest does not have duplicate entries, and
that blank lines separate individual sections in both your
manifest and in the META-INF/MANIFEST.MF entry in the jar file.
Jun 25, 2019 5:27:29 PM java.util.jar.Attributes read
WARNING: Duplicate name in Manifest: SHA1-Digest.
Ensure that the manifest does not have duplicate entries, and
that blank lines separate individual sections in both your
manifest and in the META-INF/MANIFEST.MF entry in the jar file.
Jun 25, 2019 5:27:29 PM java.util.jar.Attributes read
WARNING: Duplicate name in Manifest: SHA1-Digest.
Ensure that the manifest does not have duplicate entries, and
that blank lines separate individual sections in both your
manifest and in the META-INF/MANIFEST.MF entry in the jar file.
Jun 25, 2019 5:27:29 PM java.util.jar.Attributes read
WARNING: Duplicate name in Manifest: SHA1-Digest.
Ensure that the manifest does not have duplicate entries, and
that blank lines separate individual sections in both your
manifest and in the META-INF/MANIFEST.MF entry in the jar file.
Jun 25, 2019 5:27:29 PM java.util.jar.Attributes read
WARNING: Duplicate name in Manifest: SHA1-Digest.
Ensure that the manifest does not have duplicate entries, and
that blank lines separate individual sections in both your
manifest and in the META-INF/MANIFEST.MF entry in the jar file.
Jun 25, 2019 5:27:29 PM java.util.jar.Attributes read
WARNING: Duplicate name in Manifest: SHA1-Digest.
Ensure that the manifest does not have duplicate entries, and
that blank lines separate individual sections in both your
manifest and in the META-INF/MANIFEST.MF entry in the jar file.
Jun 25, 2019 5:27:29 PM java.util.jar.Attributes read
WARNING: Duplicate name in Manifest: SHA1-Digest.
Ensure that the manifest does not have duplicate entries, and
that blank lines separate individual sections in both your
manifest and in the META-INF/MANIFEST.MF entry in the jar file.
Jun 25, 2019 5:27:29 PM java.util.jar.Attributes read
WARNING: Duplicate name in Manifest: SHA1-Digest.
Ensure that the manifest does not have duplicate entries, and
that blank lines separate individual sections in both your
manifest and in the META-INF/MANIFEST.MF entry in the jar file.
Jun 25, 2019 5:27:29 PM java.util.jar.Attributes read
WARNING: Duplicate name in Manifest: SHA1-Digest.
Ensure that the manifest does not have duplicate entries, and
that blank lines separate individual sections in both your
manifest and in the META-INF/MANIFEST.MF entry in the jar file.
Jun 25, 2019 5:27:29 PM java.util.jar.Attributes read
WARNING: Duplicate name in Manifest: SHA1-Digest.
Ensure that the manifest does not have duplicate entries, and
that blank lines separate individual sections in both your
manifest and in the META-INF/MANIFEST.MF entry in the jar file.
Jun 25, 2019 5:27:29 PM java.util.jar.Attributes read
WARNING: Duplicate name in Manifest: SHA1-Digest.
Ensure that the manifest does not have duplicate entries, and
that blank lines separate individual sections in both your
manifest and in the META-INF/MANIFEST.MF entry in the jar file.
Jun 25, 2019 5:27:29 PM java.util.jar.Attributes read
WARNING: Duplicate name in Manifest: SHA1-Digest.
Ensure that the manifest does not have duplicate entries, and
that blank lines separate individual sections in both your
manifest and in the META-INF/MANIFEST.MF entry in the jar file.
Jun 25, 2019 5:27:29 PM java.util.jar.Attributes read
WARNING: Duplicate name in Manifest: SHA1-Digest.
Ensure that the manifest does not have duplicate entries, and
that blank lines separate individual sections in both your
manifest and in the META-INF/MANIFEST.MF entry in the jar file.
Jun 25, 2019 5:27:29 PM java.util.jar.Attributes read
WARNING: Duplicate name in Manifest: SHA1-Digest.
Ensure that the manifest does not have duplicate entries, and
that blank lines separate individual sections in both your
manifest and in the META-INF/MANIFEST.MF entry in the jar file.
Jun 25, 2019 5:27:29 PM java.util.jar.Attributes read
WARNING: Duplicate name in Manifest: SHA1-Digest.
Ensure that the manifest does not have duplicate entries, and
that blank lines separate individual sections in both your
manifest and in the META-INF/MANIFEST.MF entry in the jar file.
Jun 25, 2019 5:27:29 PM java.util.jar.Attributes read
WARNING: Duplicate name in Manifest: SHA1-Digest.
Ensure that the manifest does not have duplicate entries, and
that blank lines separate individual sections in both your
manifest and in the META-INF/MANIFEST.MF entry in the jar file.
Jun 25, 2019 5:27:29 PM java.util.jar.Attributes read
WARNING: Duplicate name in Manifest: SHA1-Digest.
Ensure that the manifest does not have duplicate entries, and
that blank lines separate individual sections in both your
manifest and in the META-INF/MANIFEST.MF entry in the jar file.
Fault localization starts...
Jun 25, 2019 5:27:31 PM java.util.jar.Attributes read
WARNING: Duplicate name in Manifest: SHA1-Digest.
Ensure that the manifest does not have duplicate entries, and
that blank lines separate individual sections in both your
manifest and in the META-INF/MANIFEST.MF entry in the jar file.
Jun 25, 2019 5:27:31 PM java.util.jar.Attributes read
WARNING: Duplicate name in Manifest: SHA1-Digest.
Ensure that the manifest does not have duplicate entries, and
that blank lines separate individual sections in both your
manifest and in the META-INF/MANIFEST.MF entry in the jar file.
Jun 25, 2019 5:27:31 PM java.util.jar.Attributes read
WARNING: Duplicate name in Manifest: SHA1-Digest.
Ensure that the manifest does not have duplicate entries, and
that blank lines separate individual sections in both your
manifest and in the META-INF/MANIFEST.MF entry in the jar file.
Jun 25, 2019 5:27:31 PM java.util.jar.Attributes read
WARNING: Duplicate name in Manifest: SHA1-Digest.
Ensure that the manifest does not have duplicate entries, and
that blank lines separate individual sections in both your
manifest and in the META-INF/MANIFEST.MF entry in the jar file.
Jun 25, 2019 5:27:31 PM java.util.jar.Attributes read
WARNING: Duplicate name in Manifest: SHA1-Digest.
Ensure that the manifest does not have duplicate entries, and
that blank lines separate individual sections in both your
manifest and in the META-INF/MANIFEST.MF entry in the jar file.
Jun 25, 2019 5:27:31 PM java.util.jar.Attributes read
WARNING: Duplicate name in Manifest: SHA1-Digest.
Ensure that the manifest does not have duplicate entries, and
that blank lines separate individual sections in both your
manifest and in the META-INF/MANIFEST.MF entry in the jar file.
Jun 25, 2019 5:27:31 PM java.util.jar.Attributes read
WARNING: Duplicate name in Manifest: SHA1-Digest.
Ensure that the manifest does not have duplicate entries, and
that blank lines separate individual sections in both your
manifest and in the META-INF/MANIFEST.MF entry in the jar file.
Jun 25, 2019 5:27:31 PM java.util.jar.Attributes read
WARNING: Duplicate name in Manifest: SHA1-Digest.
Ensure that the manifest does not have duplicate entries, and
that blank lines separate individual sections in both your
manifest and in the META-INF/MANIFEST.MF entry in the jar file.
Jun 25, 2019 5:27:31 PM java.util.jar.Attributes read
WARNING: Duplicate name in Manifest: SHA1-Digest.
Ensure that the manifest does not have duplicate entries, and
that blank lines separate individual sections in both your
manifest and in the META-INF/MANIFEST.MF entry in the jar file.
Jun 25, 2019 5:27:31 PM java.util.jar.Attributes read
WARNING: Duplicate name in Manifest: SHA1-Digest.
Ensure that the manifest does not have duplicate entries, and
that blank lines separate individual sections in both your
manifest and in the META-INF/MANIFEST.MF entry in the jar file.
Jun 25, 2019 5:27:31 PM java.util.jar.Attributes read
WARNING: Duplicate name in Manifest: SHA1-Digest.
Ensure that the manifest does not have duplicate entries, and
that blank lines separate individual sections in both your
manifest and in the META-INF/MANIFEST.MF entry in the jar file.
Jun 25, 2019 5:27:31 PM java.util.jar.Attributes read
WARNING: Duplicate name in Manifest: SHA1-Digest.
Ensure that the manifest does not have duplicate entries, and
that blank lines separate individual sections in both your
manifest and in the META-INF/MANIFEST.MF entry in the jar file.
Jun 25, 2019 5:27:31 PM java.util.jar.Attributes read
WARNING: Duplicate name in Manifest: SHA1-Digest.
Ensure that the manifest does not have duplicate entries, and
that blank lines separate individual sections in both your
manifest and in the META-INF/MANIFEST.MF entry in the jar file.
Jun 25, 2019 5:27:31 PM java.util.jar.Attributes read
WARNING: Duplicate name in Manifest: SHA1-Digest.
Ensure that the manifest does not have duplicate entries, and
that blank lines separate individual sections in both your
manifest and in the META-INF/MANIFEST.MF entry in the jar file.
Jun 25, 2019 5:27:31 PM java.util.jar.Attributes read
WARNING: Duplicate name in Manifest: SHA1-Digest.
Ensure that the manifest does not have duplicate entries, and
that blank lines separate individual sections in both your
manifest and in the META-INF/MANIFEST.MF entry in the jar file.
Jun 25, 2019 5:27:31 PM java.util.jar.Attributes read
WARNING: Duplicate name in Manifest: SHA1-Digest.
Ensure that the manifest does not have duplicate entries, and
that blank lines separate individual sections in both your
manifest and in the META-INF/MANIFEST.MF entry in the jar file.
Jun 25, 2019 5:27:31 PM java.util.jar.Attributes read
WARNING: Duplicate name in Manifest: SHA1-Digest.
Ensure that the manifest does not have duplicate entries, and
that blank lines separate individual sections in both your
manifest and in the META-INF/MANIFEST.MF entry in the jar file.
Jun 25, 2019 5:27:31 PM java.util.jar.Attributes read
WARNING: Duplicate name in Manifest: SHA1-Digest.
Ensure that the manifest does not have duplicate entries, and
that blank lines separate individual sections in both your
manifest and in the META-INF/MANIFEST.MF entry in the jar file.
Jun 25, 2019 5:27:31 PM java.util.jar.Attributes read
WARNING: Duplicate name in Manifest: SHA1-Digest.
Ensure that the manifest does not have duplicate entries, and
that blank lines separate individual sections in both your
manifest and in the META-INF/MANIFEST.MF entry in the jar file.
Jun 25, 2019 5:27:31 PM java.util.jar.Attributes read
WARNING: Duplicate name in Manifest: SHA1-Digest.
Ensure that the manifest does not have duplicate entries, and
that blank lines separate individual sections in both your
manifest and in the META-INF/MANIFEST.MF entry in the jar file.
Jun 25, 2019 5:27:31 PM java.util.jar.Attributes read
WARNING: Duplicate name in Manifest: SHA1-Digest.
Ensure that the manifest does not have duplicate entries, and
that blank lines separate individual sections in both your
manifest and in the META-INF/MANIFEST.MF entry in the jar file.
Jun 25, 2019 5:27:31 PM java.util.jar.Attributes read
WARNING: Duplicate name in Manifest: SHA1-Digest.
Ensure that the manifest does not have duplicate entries, and
that blank lines separate individual sections in both your
manifest and in the META-INF/MANIFEST.MF entry in the jar file.
Jun 25, 2019 5:27:31 PM java.util.jar.Attributes read
WARNING: Duplicate name in Manifest: SHA1-Digest.
Ensure that the manifest does not have duplicate entries, and
that blank lines separate individual sections in both your
manifest and in the META-INF/MANIFEST.MF entry in the jar file.
Jun 25, 2019 5:27:31 PM java.util.jar.Attributes read
WARNING: Duplicate name in Manifest: SHA1-Digest.
Ensure that the manifest does not have duplicate entries, and
that blank lines separate individual sections in both your
manifest and in the META-INF/MANIFEST.MF entry in the jar file.
Jun 25, 2019 5:27:31 PM java.util.jar.Attributes read
WARNING: Duplicate name in Manifest: SHA1-Digest.
Ensure that the manifest does not have duplicate entries, and
that blank lines separate individual sections in both your
manifest and in the META-INF/MANIFEST.MF entry in the jar file.
Jun 25, 2019 5:27:31 PM java.util.jar.Attributes read
WARNING: Duplicate name in Manifest: SHA1-Digest.
Ensure that the manifest does not have duplicate entries, and
that blank lines separate individual sections in both your
manifest and in the META-INF/MANIFEST.MF entry in the jar file.
Jun 25, 2019 5:27:31 PM java.util.jar.Attributes read
WARNING: Duplicate name in Manifest: SHA1-Digest.
Ensure that the manifest does not have duplicate entries, and
that blank lines separate individual sections in both your
manifest and in the META-INF/MANIFEST.MF entry in the jar file.
Jun 25, 2019 5:27:31 PM java.util.jar.Attributes read
WARNING: Duplicate name in Manifest: SHA1-Digest.
Ensure that the manifest does not have duplicate entries, and
that blank lines separate individual sections in both your
manifest and in the META-INF/MANIFEST.MF entry in the jar file.
Jun 25, 2019 5:27:31 PM java.util.jar.Attributes read
WARNING: Duplicate name in Manifest: SHA1-Digest.
Ensure that the manifest does not have duplicate entries, and
that blank lines separate individual sections in both your
manifest and in the META-INF/MANIFEST.MF entry in the jar file.
Jun 25, 2019 5:27:31 PM java.util.jar.Attributes read
WARNING: Duplicate name in Manifest: SHA1-Digest.
Ensure that the manifest does not have duplicate entries, and
that blank lines separate individual sections in both your
manifest and in the META-INF/MANIFEST.MF entry in the jar file.
Defects4J
Mockito-8
Number of positive tests: 1365
Number of negative tests: 2
faulty points number is1
Fault localization is finished!
AST parsing starts...
AST parsing is finished!
Detection of local variables starts...
Detection of local variables is finished!
Detection of fields starts...
Detection of fields is finished!
Detection of methods starts...
Detection of methods is finished!
Ingredient screener starts...
Ingredient screener is finished!
Initialization of manipulations starts...
Initialization of manipulations is finished!
Filtering of the tests starts...
Number of positive tests considered: 14
Filtering of the tests is finished!
One fitness evaluation starts...
One fitness evaluation starts...
One fitness evaluation starts...
One fitness evaluation starts...
One fitness evaluation starts...
One fitness evaluation starts...
One fitness evaluation starts...
One fitness evaluation starts...
One fitness evaluation starts...
One fitness evaluation starts...
One fitness evaluation starts...
One fitness evaluation starts...
One fitness evaluation starts...
Number of failed tests: 6
Weighted failure rate: 0.6785714285714286
One fitness evaluation is finished...
One fitness evaluation starts...
One fitness evaluation starts...
One fitness evaluation starts...
One fitness evaluation starts...
One fitness evaluation starts...
One fitness evaluation starts...
One fitness evaluation starts...
One fitness evaluation starts...
Number of failed tests: 6
Weighted failure rate: 0.6785714285714286
One fitness evaluation is finished...
One fitness evaluation starts...
One fitness evaluation starts...
One fitness evaluation starts...
One fitness evaluation starts...
One fitness evaluation starts...
One fitness evaluation starts...
One fitness evaluation starts...
One fitness evaluation starts...
One fitness evaluation starts...
One fitness evaluation starts...
One fitness evaluation starts...
One fitness evaluation starts...
One fitness evaluation starts...
One fitness evaluation starts...
One fitness evaluation starts...
One fitness evaluation starts...
One fitness evaluation starts...
One fitness evaluation starts...
One fitness evaluation starts...
One fitness evaluation starts...
Number of failed tests: 2
Weighted failure rate: 1.0
One fitness evaluation is finished...
One fitness evaluation starts...
Number of failed tests: 6
Weighted failure rate: 0.6785714285714286
One fitness evaluation is finished...
One fitness evaluation starts...
Number of failed tests: 6
Weighted failure rate: 0.6785714285714286
One fitness evaluation is finished...
One fitness evaluation starts...
Number of failed tests: 2
Weighted failure rate: 1.0
One fitness evaluation is finished...
One fitness evaluation starts...
One fitness evaluation starts...
Number of failed tests: 2
Weighted failure rate: 1.0
One fitness evaluation is finished...
One fitness evaluation starts...
Number of failed tests: 16
Weighted failure rate: 1.5
One fitness evaluation is finished...
One fitness evaluation starts...
Number of failed tests: 16
Weighted failure rate: 1.5
One fitness evaluation is finished...
One fitness evaluation starts...
Number of failed tests: 2
Weighted failure rate: 1.0
One fitness evaluation is finished...
One fitness evaluation starts...
Number of failed tests: 16
Weighted failure rate: 1.5
One fitness evaluation is finished...
One fitness evaluation starts...
One fitness evaluation starts...
Number of failed tests: 6
Weighted failure rate: 0.6785714285714286
One fitness evaluation is finished...
One fitness evaluation starts...
Number of failed tests: 6
Weighted failure rate: 0.6785714285714286
One fitness evaluation is finished...
One fitness evaluation starts...
Number of failed tests: 6
Weighted failure rate: 0.6785714285714286
One fitness evaluation is finished...
One fitness evaluation starts...
One fitness evaluation starts...
Compilation fails!
One fitness evaluation is finished...
One fitness evaluation starts...
One fitness evaluation starts...
Number of failed tests: 6
Weighted failure rate: 0.6785714285714286
One fitness evaluation is finished...
One fitness evaluation starts...
One fitness evaluation starts...
Number of failed tests: 16
Weighted failure rate: 1.5
One fitness evaluation is finished...
One fitness evaluation starts...
One fitness evaluation starts...
Number of failed tests: 6
Weighted failure rate: 0.6785714285714286
One fitness evaluation is finished...
One fitness evaluation starts...
Number of failed tests: 16
Weighted failure rate: 1.5
One fitness evaluation is finished...
One fitness evaluation starts...
Number of failed tests: 6
Weighted failure rate: 0.6785714285714286
One fitness evaluation is finished...
One fitness evaluation starts...
Number of failed tests: 6
Weighted failure rate: 0.6785714285714286
One fitness evaluation is finished...
One fitness evaluation starts...
Number of failed tests: 2
Weighted failure rate: 1.0
One fitness evaluation is finished...
One fitness evaluation starts...
Number of failed tests: 16
Weighted failure rate: 1.5
One fitness evaluation is finished...
One fitness evaluation starts...
One fitness evaluation starts...
Number of failed tests: 6
Weighted failure rate: 0.6785714285714286
One fitness evaluation is finished...
One fitness evaluation starts...
Number of failed tests: 16
Weighted failure rate: 1.5
One fitness evaluation is finished...
One fitness evaluation starts...
Number of failed tests: 2
Weighted failure rate: 1.0
One fitness evaluation is finished...
One fitness evaluation starts...
Number of failed tests: 16
Weighted failure rate: 1.5
One fitness evaluation is finished...
One fitness evaluation starts...
Number of failed tests: 6
Weighted failure rate: 0.6785714285714286
One fitness evaluation is finished...
One fitness evaluation starts...
Number of failed tests: 2
Weighted failure rate: 1.0
One fitness evaluation is finished...
One fitness evaluation starts...
One fitness evaluation starts...
Number of failed tests: 6
Weighted failure rate: 0.6785714285714286
One fitness evaluation is finished...
One fitness evaluation starts...
Number of failed tests: 6
Weighted failure rate: 0.6785714285714286
One fitness evaluation is finished...
One fitness evaluation starts...
One fitness evaluation starts...
Number of failed tests: 6
Weighted failure rate: 0.6785714285714286
One fitness evaluation is finished...
One fitness evaluation starts...
Number of failed tests: 6
Weighted failure rate: 0.6785714285714286
One fitness evaluation is finished...
One fitness evaluation starts...
Number of failed tests: 6
Weighted failure rate: 0.6785714285714286
One fitness evaluation is finished...
One fitness evaluation starts...
One fitness evaluation starts...
One fitness evaluation starts...
One fitness evaluation starts...
One fitness evaluation starts...
One fitness evaluation starts...
One fitness evaluation starts...
One fitness evaluation starts...
One fitness evaluation starts...
One fitness evaluation starts...
One fitness evaluation starts...
One fitness evaluation starts...
One fitness evaluation starts...
One fitness evaluation starts...
One fitness evaluation starts...
One fitness evaluation starts...
One fitness evaluation starts...
One fitness evaluation starts...
One fitness evaluation starts...
One fitness evaluation starts...
Number of failed tests: 6
Weighted failure rate: 0.6785714285714286
One fitness evaluation is finished...
One fitness evaluation starts...
One fitness evaluation starts...
One fitness evaluation starts...
One fitness evaluation starts...
One fitness evaluation starts...
One fitness evaluation starts...
One fitness evaluation starts...
One fitness evaluation starts...
One fitness evaluation starts...
One fitness evaluation starts...
One fitness evaluation starts...
One fitness evaluation starts...
One fitness evaluation starts...
One fitness evaluation starts...
One fitness evaluation starts...
One fitness evaluation starts...
One fitness evaluation starts...
One fitness evaluation starts...
One fitness evaluation starts...
One fitness evaluation starts...
One fitness evaluation starts...
One fitness evaluation starts...
One fitness evaluation starts...
One fitness evaluation starts...
One fitness evaluation starts...
One fitness evaluation starts...
One fitness evaluation starts...
One fitness evaluation starts...
One fitness evaluation starts...
One fitness evaluation starts...
One fitness evaluation starts...
One fitness evaluation starts...
One fitness evaluation starts...
One fitness evaluation starts...
Number of failed tests: 2
Weighted failure rate: 1.0
One fitness evaluation is finished...
One fitness evaluation starts...
One fitness evaluation starts...
One fitness evaluation starts...
One fitness evaluation starts...
One fitness evaluation starts...
One fitness evaluation starts...
One fitness evaluation starts...
One fitness evaluation starts...
One fitness evaluation starts...
One fitness evaluation starts...
One fitness evaluation starts...
One fitness evaluation starts...
One fitness evaluation starts...
One fitness evaluation starts...
Number of failed tests: 2
Weighted failure rate: 1.0
One fitness evaluation is finished...
One fitness evaluation starts...
One fitness evaluation starts...
One fitness evaluation starts...
One fitness evaluation starts...
One fitness evaluation starts...
One fitness evaluation starts...
One fitness evaluation starts...
One fitness evaluation starts...
One fitness evaluation starts...
One fitness evaluation starts...
One fitness evaluation starts...
One fitness evaluation starts...
One fitness evaluation starts...
One fitness evaluation starts...
One fitness evaluation starts...
One fitness evaluation starts...
One fitness evaluation starts...
One fitness evaluation starts...
One fitness evaluation starts...
One fitness evaluation starts...
One fitness evaluation starts...
One fitness evaluation starts...
One fitness evaluation starts...
One fitness evaluation starts...
One fitness evaluation starts...
One fitness evaluation starts...
One fitness evaluation starts...
One fitness evaluation starts...
One fitness evaluation starts...
One fitness evaluation starts...
One fitness evaluation starts...
One fitness evaluation starts...
One fitness evaluation starts...
One fitness evaluation starts...
One fitness evaluation starts...
One fitness evaluation starts...
One fitness evaluation starts...
One fitness evaluation starts...
One fitness evaluation starts...
One fitness evaluation starts...
One fitness evaluation starts...
One fitness evaluation starts...
One fitness evaluation starts...
One fitness evaluation starts...
One fitness evaluation starts...
One fitness evaluation starts...
One fitness evaluation starts...
One fitness evaluation starts...
One fitness evaluation starts...
One fitness evaluation starts...
One fitness evaluation starts...
One fitness evaluation starts...
One fitness evaluation starts...
One fitness evaluation starts...
One fitness evaluation starts...
One fitness evaluation starts...
One fitness evaluation starts...
One fitness evaluation starts...
One fitness evaluation starts...
One fitness evaluation starts...
One fitness evaluation starts...
One fitness evaluation starts...
One fitness evaluation starts...
One fitness evaluation starts...
One fitness evaluation starts...
One fitness evaluation starts...
One fitness evaluation starts...
One fitness evaluation starts...
One fitness evaluation starts...
One fitness evaluation starts...
One fitness evaluation starts...
One fitness evaluation starts...
One fitness evaluation starts...
One fitness evaluation starts...
One fitness evaluation starts...
One fitness evaluation starts...
One fitness evaluation starts...
One fitness evaluation starts...
One fitness evaluation starts...
Number of failed tests: 16
Weighted failure rate: 1.5
One fitness evaluation is finished...
One fitness evaluation starts...
One fitness evaluation starts...
One fitness evaluation starts...
One fitness evaluation starts...
One fitness evaluation starts...
One fitness evaluation starts...
One fitness evaluation starts...
One fitness evaluation starts...
One fitness evaluation starts...
One fitness evaluation starts...
One fitness evaluation starts...
One fitness evaluation starts...
One fitness evaluation starts...
One fitness evaluation starts...
One fitness evaluation starts...
One fitness evaluation starts...
One fitness evaluation starts...
One fitness evaluation starts...
One fitness evaluation starts...
One fitness evaluation starts...
One fitness evaluation starts...
One fitness evaluation starts...
One fitness evaluation starts...
One fitness evaluation starts...
One fitness evaluation starts...
One fitness evaluation starts...
One fitness evaluation starts...
One fitness evaluation starts...
One fitness evaluation starts...
One fitness evaluation starts...
One fitness evaluation starts...
One fitness evaluation starts...
One fitness evaluation starts...
One fitness evaluation starts...
One fitness evaluation starts...
One fitness evaluation starts...
One fitness evaluation starts...
One fitness evaluation starts...
One fitness evaluation starts...
One fitness evaluation starts...
One fitness evaluation starts...
One fitness evaluation starts...
One fitness evaluation starts...
One fitness evaluation starts...
One fitness evaluation starts...
One fitness evaluation starts...
One fitness evaluation starts...
One fitness evaluation starts...
One fitness evaluation starts...
One fitness evaluation starts...
One fitness evaluation starts...
One fitness evaluation starts...
One fitness evaluation starts...
One fitness evaluation starts...
One fitness evaluation starts...
One fitness evaluation starts...
One fitness evaluation starts...
One fitness evaluation starts...
One fitness evaluation starts...
One fitness evaluation starts...
One fitness evaluation starts...
One fitness evaluation starts...
One fitness evaluation starts...
One fitness evaluation starts...
One fitness evaluation starts...
One fitness evaluation starts...
One fitness evaluation starts...
One fitness evaluation starts...
One fitness evaluation starts...
One fitness evaluation starts...
One fitness evaluation starts...
One fitness evaluation starts...
One fitness evaluation starts...
One fitness evaluation starts...
One fitness evaluation starts...
One fitness evaluation starts...
One fitness evaluation starts...
One fitness evaluation starts...
One fitness evaluation starts...
One fitness evaluation starts...
One fitness evaluation starts...
One fitness evaluation starts...
One fitness evaluation starts...
One fitness evaluation starts...
One fitness evaluation starts...
One fitness evaluation starts...
One fitness evaluation starts...
One fitness evaluation starts...
One fitness evaluation starts...
One fitness evaluation starts...
One fitness evaluation starts...
One fitness evaluation starts...
One fitness evaluation starts...
One fitness evaluation starts...
One fitness evaluation starts...
One fitness evaluation starts...
One fitness evaluation starts...
One fitness evaluation starts...
One fitness evaluation starts...
One fitness evaluation starts...
One fitness evaluation starts...
One fitness evaluation starts...
One fitness evaluation starts...
One fitness evaluation starts...
One fitness evaluation starts...
One fitness evaluation starts...
One fitness evaluation starts...
One fitness evaluation starts...
One fitness evaluation starts...
One fitness evaluation starts...
One fitness evaluation starts...
One fitness evaluation starts...
One fitness evaluation starts...
One fitness evaluation starts...
One fitness evaluation starts...
One fitness evaluation starts...
One fitness evaluation starts...
One fitness evaluation starts...
One fitness evaluation starts...
One fitness evaluation starts...
One fitness evaluation starts...
One fitness evaluation starts...
One fitness evaluation starts...
One fitness evaluation starts...
One fitness evaluation starts...
One fitness evaluation starts...
One fitness evaluation starts...
One fitness evaluation starts...
One fitness evaluation starts...
One fitness evaluation starts...
One fitness evaluation starts...
One fitness evaluation starts...
One fitness evaluation starts...
One fitness evaluation starts...
One fitness evaluation starts...
One fitness evaluation starts...
One fitness evaluation starts...
One fitness evaluation starts...
One fitness evaluation starts...
One fitness evaluation starts...
One fitness evaluation starts...
One fitness evaluation starts...
One fitness evaluation starts...
One fitness evaluation starts...
One fitness evaluation starts...
One fitness evaluation starts...
One fitness evaluation starts...
One fitness evaluation starts...
One fitness evaluation starts...
One fitness evaluation starts...
One fitness evaluation starts...
One fitness evaluation starts...
One fitness evaluation starts...
One fitness evaluation starts...
One fitness evaluation starts...
One fitness evaluation starts...
One fitness evaluation starts...
One fitness evaluation starts...
One fitness evaluation starts...
One fitness evaluation starts...
One fitness evaluation starts...
One fitness evaluation starts...
One fitness evaluation starts...
One fitness evaluation starts...
One fitness evaluation starts...
One fitness evaluation starts...
One fitness evaluation starts...
One fitness evaluation starts...
One fitness evaluation starts...
One fitness evaluation starts...
One fitness evaluation starts...
One fitness evaluation starts...
One fitness evaluation starts...
One fitness evaluation starts...
One fitness evaluation starts...
One fitness evaluation starts...
One fitness evaluation starts...
One fitness evaluation starts...
One fitness evaluation starts...
One fitness evaluation starts...
Number of failed tests: 6
Weighted failure rate: 0.6785714285714286
One fitness evaluation is finished...
One fitness evaluation starts...
One fitness evaluation starts...
One fitness evaluation starts...
One fitness evaluation starts...
One fitness evaluation starts...
One fitness evaluation starts...
One fitness evaluation starts...
One fitness evaluation starts...
One fitness evaluation starts...
One fitness evaluation starts...
One fitness evaluation starts...
One fitness evaluation starts...
One fitness evaluation starts...
One fitness evaluation starts...
One fitness evaluation starts...
One fitness evaluation starts...
One fitness evaluation starts...
One fitness evaluation starts...
One fitness evaluation starts...
One fitness evaluation starts...
One fitness evaluation starts...
One fitness evaluation starts...
One fitness evaluation starts...
One fitness evaluation starts...
One fitness evaluation starts...
One fitness evaluation starts...
One fitness evaluation starts...
One fitness evaluation starts...
One fitness evaluation starts...
One fitness evaluation starts...
One fitness evaluation starts...
One fitness evaluation starts...
One fitness evaluation starts...
One fitness evaluation starts...
One fitness evaluation starts...
One fitness evaluation starts...
One fitness evaluation starts...
One fitness evaluation starts...
One fitness evaluation starts...
One fitness evaluation starts...
One fitness evaluation starts...
One fitness evaluation starts...
One fitness evaluation starts...
One fitness evaluation starts...
One fitness evaluation starts...
One fitness evaluation starts...
One fitness evaluation starts...
One fitness evaluation starts...
One fitness evaluation starts...
One fitness evaluation starts...
One fitness evaluation starts...
One fitness evaluation starts...
One fitness evaluation starts...
One fitness evaluation starts...
One fitness evaluation starts...
One fitness evaluation starts...
One fitness evaluation starts...
One fitness evaluation starts...
One fitness evaluation starts...
One fitness evaluation starts...
One fitness evaluation starts...
One fitness evaluation starts...
One fitness evaluation starts...
One fitness evaluation starts...
One fitness evaluation starts...
One fitness evaluation starts...
One fitness evaluation starts...
One fitness evaluation starts...
One fitness evaluation starts...
One fitness evaluation starts...
One fitness evaluation starts...
One fitness evaluation starts...
One fitness evaluation starts...
One fitness evaluation starts...
One fitness evaluation starts...
One fitness evaluation starts...
One fitness evaluation starts...
One fitness evaluation starts...
One fitness evaluation starts...
One fitness evaluation starts...
One fitness evaluation starts...
One fitness evaluation starts...
One fitness evaluation starts...
One fitness evaluation starts...
One fitness evaluation starts...
One fitness evaluation starts...
One fitness evaluation starts...
One fitness evaluation starts...
One fitness evaluation starts...
One fitness evaluation starts...
One fitness evaluation starts...
One fitness evaluation starts...
One fitness evaluation starts...
One fitness evaluation starts...
One fitness evaluation starts...
One fitness evaluation starts...
One fitness evaluation starts...
One fitness evaluation starts...
One fitness evaluation starts...
One fitness evaluation starts...
One fitness evaluation starts...
One fitness evaluation starts...
One fitness evaluation starts...
One fitness evaluation starts...
One fitness evaluation starts...
One fitness evaluation starts...
One fitness evaluation starts...
One fitness evaluation starts...
One fitness evaluation starts...
One fitness evaluation starts...
One fitness evaluation starts...
One fitness evaluation starts...
One fitness evaluation starts...
One fitness evaluation starts...
One fitness evaluation starts...
One fitness evaluation starts...
One fitness evaluation starts...
One fitness evaluation starts...
One fitness evaluation starts...
One fitness evaluation starts...
One fitness evaluation starts...
One fitness evaluation starts...
One fitness evaluation starts...
One fitness evaluation starts...
One fitness evaluation starts...
One fitness evaluation starts...
One fitness evaluation starts...
One fitness evaluation starts...
One fitness evaluation starts...
One fitness evaluation starts...
One fitness evaluation starts...
One fitness evaluation starts...
One fitness evaluation starts...
One fitness evaluation starts...
One fitness evaluation starts...
One fitness evaluation starts...
One fitness evaluation starts...
One fitness evaluation starts...
One fitness evaluation starts...
Number of failed tests: 2
Weighted failure rate: 1.0
One fitness evaluation is finished...
One fitness evaluation starts...
One fitness evaluation starts...
One fitness evaluation starts...
One fitness evaluation starts...
One fitness evaluation starts...
One fitness evaluation starts...
One fitness evaluation starts...
One fitness evaluation starts...
One fitness evaluation starts...
One fitness evaluation starts...
One fitness evaluation starts...
One fitness evaluation starts...
One fitness evaluation starts...
One fitness evaluation starts...
One fitness evaluation starts...
One fitness evaluation starts...
One fitness evaluation starts...
One fitness evaluation starts...
One fitness evaluation starts...
One fitness evaluation starts...
One fitness evaluation starts...
One fitness evaluation starts...
One fitness evaluation starts...
One fitness evaluation starts...
One fitness evaluation starts...
One fitness evaluation starts...
One fitness evaluation starts...
One fitness evaluation starts...
One fitness evaluation starts...
One fitness evaluation starts...
One fitness evaluation starts...
One fitness evaluation starts...
One fitness evaluation starts...
One fitness evaluation starts...
One fitness evaluation starts...
One fitness evaluation starts...
One fitness evaluation starts...
One fitness evaluation starts...
One fitness evaluation starts...
One fitness evaluation starts...
One fitness evaluation starts...
One fitness evaluation starts...
One fitness evaluation starts...
One fitness evaluation starts...
One fitness evaluation starts...
One fitness evaluation starts...
One fitness evaluation starts...
One fitness evaluation starts...
One fitness evaluation starts...
One fitness evaluation starts...
One fitness evaluation starts...
One fitness evaluation starts...
One fitness evaluation starts...
One fitness evaluation starts...
One fitness evaluation starts...
One fitness evaluation starts...
One fitness evaluation starts...
One fitness evaluation starts...
One fitness evaluation starts...
One fitness evaluation starts...
One fitness evaluation starts...
One fitness evaluation starts...
One fitness evaluation starts...
One fitness evaluation starts...
One fitness evaluation starts...
One fitness evaluation starts...
One fitness evaluation starts...
One fitness evaluation starts...
One fitness evaluation starts...
One fitness evaluation starts...
One fitness evaluation starts...
One fitness evaluation starts...
One fitness evaluation starts...
One fitness evaluation starts...
One fitness evaluation starts...
One fitness evaluation starts...
One fitness evaluation starts...
One fitness evaluation starts...
One fitness evaluation starts...
One fitness evaluation starts...
One fitness evaluation starts...
One fitness evaluation starts...
One fitness evaluation starts...
One fitness evaluation starts...
One fitness evaluation starts...
One fitness evaluation starts...
One fitness evaluation starts...
One fitness evaluation starts...
One fitness evaluation starts...
One fitness evaluation starts...
One fitness evaluation starts...
One fitness evaluation starts...
One fitness evaluation starts...
One fitness evaluation starts...
One fitness evaluation starts...
One fitness evaluation starts...
One fitness evaluation starts...
One fitness evaluation starts...
One fitness evaluation starts...
One fitness evaluation starts...
One fitness evaluation starts...
One fitness evaluation starts...
One fitness evaluation starts...
One fitness evaluation starts...
One fitness evaluation starts...
One fitness evaluation starts...
One fitness evaluation starts...
One fitness evaluation starts...
One fitness evaluation starts...
One fitness evaluation starts...
One fitness evaluation starts...
One fitness evaluation starts...
One fitness evaluation starts...
One fitness evaluation starts...
One fitness evaluation starts...
One fitness evaluation starts...
One fitness evaluation starts...
One fitness evaluation starts...
One fitness evaluation starts...
One fitness evaluation starts...
One fitness evaluation starts...
One fitness evaluation starts...
One fitness evaluation starts...
One fitness evaluation starts...
One fitness evaluation starts...
One fitness evaluation starts...
One fitness evaluation starts...
One fitness evaluation starts...
One fitness evaluation starts...
One fitness evaluation starts...
One fitness evaluation starts...
One fitness evaluation starts...
One fitness evaluation starts...
One fitness evaluation starts...
One fitness evaluation starts...
One fitness evaluation starts...
One fitness evaluation starts...
One fitness evaluation starts...
One fitness evaluation starts...
One fitness evaluation starts...
One fitness evaluation starts...
One fitness evaluation starts...
One fitness evaluation starts...
One fitness evaluation starts...
One fitness evaluation starts...
One fitness evaluation starts...
One fitness evaluation starts...
One fitness evaluation starts...
One fitness evaluation starts...
One fitness evaluation starts...
One fitness evaluation starts...
One fitness evaluation starts...
One fitness evaluation starts...
One fitness evaluation starts...
One fitness evaluation starts...
One fitness evaluation starts...
One fitness evaluation starts...
One fitness evaluation starts...
One fitness evaluation starts...
One fitness evaluation starts...
One fitness evaluation starts...
One fitness evaluation starts...
One fitness evaluation starts...
One fitness evaluation starts...
One fitness evaluation starts...
One fitness evaluation starts...
One fitness evaluation starts...
One fitness evaluation starts...
One fitness evaluation starts...
One fitness evaluation starts...
One fitness evaluation starts...
One fitness evaluation starts...
One fitness evaluation starts...
One fitness evaluation starts...
One fitness evaluation starts...
One fitness evaluation starts...
One fitness evaluation starts...
One fitness evaluation starts...
One fitness evaluation starts...
One fitness evaluation starts...
One fitness evaluation starts...
One fitness evaluation starts...
One fitness evaluation starts...
One fitness evaluation starts...
One fitness evaluation starts...
One fitness evaluation starts...
One fitness evaluation starts...
One fitness evaluation starts...
One fitness evaluation starts...
One fitness evaluation starts...
One fitness evaluation starts...
One fitness evaluation starts...
One fitness evaluation starts...
One fitness evaluation starts...
One fitness evaluation starts...
One fitness evaluation starts...
One fitness evaluation starts...
One fitness evaluation starts...
One fitness evaluation starts...
One fitness evaluation starts...
One fitness evaluation starts...
One fitness evaluation starts...
One fitness evaluation starts...
One fitness evaluation starts...
One fitness evaluation starts...
One fitness evaluation starts...
One fitness evaluation starts...
One fitness evaluation starts...
One fitness evaluation starts...
One fitness evaluation starts...
One fitness evaluation starts...
One fitness evaluation starts...
One fitness evaluation starts...
One fitness evaluation starts...
One fitness evaluation starts...
One fitness evaluation starts...
One fitness evaluation starts...
One fitness evaluation starts...
One fitness evaluation starts...
One fitness evaluation starts...
One fitness evaluation starts...
One fitness evaluation starts...
One fitness evaluation starts...
One fitness evaluation starts...
One fitness evaluation starts...
One fitness evaluation starts...
One fitness evaluation starts...
One fitness evaluation starts...
One fitness evaluation starts...
One fitness evaluation starts...
One fitness evaluation starts...
One fitness evaluation starts...
One fitness evaluation starts...
One fitness evaluation starts...
One fitness evaluation starts...
One fitness evaluation starts...
One fitness evaluation starts...
One fitness evaluation starts...
One fitness evaluation starts...
One fitness evaluation starts...
One fitness evaluation starts...
One fitness evaluation starts...
One fitness evaluation starts...
One fitness evaluation starts...
One fitness evaluation starts...
One fitness evaluation starts...
One fitness evaluation starts...
One fitness evaluation starts...
One fitness evaluation starts...
One fitness evaluation starts...
One fitness evaluation starts...
One fitness evaluation starts...
One fitness evaluation starts...
One fitness evaluation starts...
One fitness evaluation starts...
One fitness evaluation starts...
One fitness evaluation starts...
One fitness evaluation starts...
One fitness evaluation starts...
One fitness evaluation starts...
One fitness evaluation starts...
One fitness evaluation starts...
One fitness evaluation starts...
One fitness evaluation starts...
One fitness evaluation starts...
One fitness evaluation starts...
One fitness evaluation starts...
One fitness evaluation starts...
One fitness evaluation starts...
One fitness evaluation starts...
One fitness evaluation starts...
One fitness evaluation starts...
One fitness evaluation starts...
One fitness evaluation starts...
One fitness evaluation starts...
One fitness evaluation starts...
One fitness evaluation starts...
One fitness evaluation starts...
One fitness evaluation starts...
One fitness evaluation starts...
One fitness evaluation starts...
One fitness evaluation starts...
One fitness evaluation starts...
One fitness evaluation starts...
One fitness evaluation starts...
One fitness evaluation starts...
One fitness evaluation starts...
One fitness evaluation starts...
One fitness evaluation starts...
One fitness evaluation starts...
One fitness evaluation starts...
One fitness evaluation starts...
One fitness evaluation starts...
One fitness evaluation starts...
One fitness evaluation starts...
One fitness evaluation starts...
One fitness evaluation starts...
One fitness evaluation starts...
One fitness evaluation starts...
One fitness evaluation starts...
One fitness evaluation starts...
One fitness evaluation starts...
One fitness evaluation starts...
One fitness evaluation starts...
One fitness evaluation starts...
One fitness evaluation starts...
One fitness evaluation starts...
One fitness evaluation starts...
One fitness evaluation starts...
One fitness evaluation starts...
One fitness evaluation starts...
One fitness evaluation starts...
One fitness evaluation starts...
One fitness evaluation starts...
One fitness evaluation starts...
One fitness evaluation starts...
One fitness evaluation starts...
One fitness evaluation starts...
One fitness evaluation starts...
One fitness evaluation starts...
One fitness evaluation starts...
One fitness evaluation starts...
One fitness evaluation starts...
One fitness evaluation starts...
One fitness evaluation starts...
One fitness evaluation starts...
One fitness evaluation starts...
One fitness evaluation starts...
One fitness evaluation starts...
One fitness evaluation starts...
One fitness evaluation starts...
One fitness evaluation starts...
One fitness evaluation starts...
One fitness evaluation starts...
One fitness evaluation starts...
One fitness evaluation starts...
One fitness evaluation starts...
One fitness evaluation starts...
One fitness evaluation starts...
One fitness evaluation starts...
One fitness evaluation starts...
One fitness evaluation starts...
One fitness evaluation starts...
One fitness evaluation starts...
One fitness evaluation starts...
One fitness evaluation starts...
One fitness evaluation starts...
One fitness evaluation starts...
One fitness evaluation starts...
One fitness evaluation starts...
One fitness evaluation starts...
One fitness evaluation starts...
One fitness evaluation starts...
One fitness evaluation starts...
One fitness evaluation starts...
One fitness evaluation starts...
One fitness evaluation starts...
One fitness evaluation starts...
One fitness evaluation starts...
One fitness evaluation starts...
One fitness evaluation starts...
One fitness evaluation starts...
One fitness evaluation starts...
One fitness evaluation starts...
One fitness evaluation starts...
One fitness evaluation starts...
One fitness evaluation starts...
One fitness evaluation starts...
One fitness evaluation starts...
One fitness evaluation starts...
One fitness evaluation starts...
One fitness evaluation starts...
One fitness evaluation starts...
One fitness evaluation starts...
One fitness evaluation starts...
One fitness evaluation starts...
One fitness evaluation starts...
One fitness evaluation starts...
One fitness evaluation starts...
One fitness evaluation starts...
One fitness evaluation starts...
One fitness evaluation starts...
One fitness evaluation starts...
One fitness evaluation starts...
One fitness evaluation starts...
One fitness evaluation starts...
One fitness evaluation starts...
One fitness evaluation starts...
One fitness evaluation starts...
One fitness evaluation starts...
One fitness evaluation starts...
One fitness evaluation starts...
One fitness evaluation starts...
One fitness evaluation starts...
One fitness evaluation starts...
One fitness evaluation starts...
One fitness evaluation starts...
One fitness evaluation starts...
One fitness evaluation starts...
One fitness evaluation starts...
One fitness evaluation starts...
One fitness evaluation starts...
One fitness evaluation starts...
One fitness evaluation starts...
One fitness evaluation starts...
One fitness evaluation starts...
One fitness evaluation starts...
One fitness evaluation starts...
One fitness evaluation starts...
One fitness evaluation starts...
One fitness evaluation starts...
One fitness evaluation starts...
One fitness evaluation starts...
One fitness evaluation starts...
One fitness evaluation starts...
One fitness evaluation starts...
One fitness evaluation starts...
One fitness evaluation starts...
One fitness evaluation starts...
One fitness evaluation starts...
One fitness evaluation starts...
One fitness evaluation starts...
One fitness evaluation starts...
One fitness evaluation starts...
One fitness evaluation starts...
One fitness evaluation starts...
One fitness evaluation starts...
One fitness evaluation starts...
One fitness evaluation starts...
One fitness evaluation starts...
One fitness evaluation starts...
One fitness evaluation starts...
One fitness evaluation starts...
One fitness evaluation starts...
One fitness evaluation starts...
One fitness evaluation starts...
One fitness evaluation starts...
One fitness evaluation starts...
One fitness evaluation starts...
One fitness evaluation starts...
One fitness evaluation starts...
One fitness evaluation starts...
One fitness evaluation starts...
One fitness evaluation starts...
One fitness evaluation starts...
One fitness evaluation starts...
One fitness evaluation starts...
One fitness evaluation starts...
One fitness evaluation starts...
One fitness evaluation starts...
One fitness evaluation starts...
One fitness evaluation starts...
One fitness evaluation starts...
One fitness evaluation starts...
One fitness evaluation starts...
One fitness evaluation starts...
One fitness evaluation starts...
One fitness evaluation starts...
One fitness evaluation starts...
One fitness evaluation starts...
One fitness evaluation starts...
One fitness evaluation starts...
One fitness evaluation starts...
One fitness evaluation starts...
One fitness evaluation starts...
One fitness evaluation starts...
One fitness evaluation starts...
One fitness evaluation starts...
One fitness evaluation starts...
One fitness evaluation starts...
One fitness evaluation starts...
One fitness evaluation starts...
One fitness evaluation starts...
One fitness evaluation starts...
One fitness evaluation starts...
One fitness evaluation starts...
One fitness evaluation starts...
One fitness evaluation starts...
One fitness evaluation starts...
One fitness evaluation starts...
One fitness evaluation starts...
One fitness evaluation starts...
One fitness evaluation starts...
One fitness evaluation starts...
One fitness evaluation starts...
One fitness evaluation starts...
One fitness evaluation starts...
One fitness evaluation starts...
One fitness evaluation starts...
One fitness evaluation starts...
One fitness evaluation starts...
One fitness evaluation starts...
One fitness evaluation starts...
One fitness evaluation starts...
One fitness evaluation starts...
One fitness evaluation starts...
One fitness evaluation starts...
One fitness evaluation starts...
One fitness evaluation starts...
One fitness evaluation starts...
One fitness evaluation starts...
One fitness evaluation starts...
One fitness evaluation starts...
One fitness evaluation starts...
One fitness evaluation starts...
One fitness evaluation starts...
One fitness evaluation starts...
One fitness evaluation starts...
One fitness evaluation starts...
One fitness evaluation starts...
One fitness evaluation starts...
One fitness evaluation starts...
One fitness evaluation starts...
One fitness evaluation starts...
One fitness evaluation starts...
One fitness evaluation starts...
One fitness evaluation starts...
One fitness evaluation starts...
One fitness evaluation starts...
One fitness evaluation starts...
One fitness evaluation starts...
One fitness evaluation starts...
One fitness evaluation starts...
One fitness evaluation starts...
One fitness evaluation starts...
One fitness evaluation starts...
One fitness evaluation starts...
One fitness evaluation starts...
One fitness evaluation starts...
One fitness evaluation starts...
One fitness evaluation starts...
One fitness evaluation starts...
One fitness evaluation starts...
One fitness evaluation starts...
One fitness evaluation starts...
One fitness evaluation starts...
One fitness evaluation starts...
One fitness evaluation starts...
One fitness evaluation starts...
One fitness evaluation starts...
One fitness evaluation starts...
One fitness evaluation starts...
One fitness evaluation starts...
One fitness evaluation starts...
One fitness evaluation starts...
One fitness evaluation starts...
One fitness evaluation starts...
One fitness evaluation starts...
One fitness evaluation starts...
One fitness evaluation starts...
One fitness evaluation starts...
One fitness evaluation starts...
One fitness evaluation starts...
One fitness evaluation starts...
One fitness evaluation starts...
One fitness evaluation starts...
One fitness evaluation starts...
One fitness evaluation starts...
One fitness evaluation starts...
One fitness evaluation starts...
One fitness evaluation starts...
One fitness evaluation starts...
One fitness evaluation starts...
One fitness evaluation starts...
One fitness evaluation starts...
One fitness evaluation starts...
One fitness evaluation starts...
One fitness evaluation starts...
One fitness evaluation starts...
One fitness evaluation starts...
One fitness evaluation starts...
One fitness evaluation starts...
One fitness evaluation starts...
One fitness evaluation starts...
One fitness evaluation starts...
One fitness evaluation starts...
One fitness evaluation starts...
One fitness evaluation starts...
One fitness evaluation starts...
One fitness evaluation starts...
One fitness evaluation starts...
One fitness evaluation starts...
One fitness evaluation starts...
One fitness evaluation starts...
One fitness evaluation starts...
One fitness evaluation starts...
One fitness evaluation starts...
One fitness evaluation starts...
One fitness evaluation starts...
One fitness evaluation starts...
One fitness evaluation starts...
One fitness evaluation starts...
One fitness evaluation starts...
One fitness evaluation starts...
One fitness evaluation starts...
One fitness evaluation starts...
One fitness evaluation starts...
One fitness evaluation starts...
One fitness evaluation starts...
One fitness evaluation starts...
One fitness evaluation starts...
One fitness evaluation starts...
One fitness evaluation starts...
One fitness evaluation starts...
One fitness evaluation starts...
One fitness evaluation starts...
One fitness evaluation starts...
One fitness evaluation starts...
One fitness evaluation starts...
One fitness evaluation starts...
One fitness evaluation starts...
One fitness evaluation starts...
One fitness evaluation starts...
One fitness evaluation starts...
One fitness evaluation starts...
One fitness evaluation starts...
One fitness evaluation starts...
One fitness evaluation starts...
One fitness evaluation starts...
One fitness evaluation starts...
One fitness evaluation starts...
One fitness evaluation starts...
One fitness evaluation starts...
One fitness evaluation starts...
One fitness evaluation starts...
One fitness evaluation starts...
One fitness evaluation starts...
One fitness evaluation starts...
One fitness evaluation starts...
One fitness evaluation starts...
One fitness evaluation starts...
One fitness evaluation starts...
One fitness evaluation starts...
One fitness evaluation starts...
One fitness evaluation starts...
One fitness evaluation starts...
One fitness evaluation starts...
One fitness evaluation starts...
One fitness evaluation starts...
One fitness evaluation starts...
One fitness evaluation starts...
One fitness evaluation starts...
One fitness evaluation starts...
One fitness evaluation starts...
One fitness evaluation starts...
One fitness evaluation starts...
One fitness evaluation starts...
One fitness evaluation starts...
One fitness evaluation starts...
One fitness evaluation starts...
One fitness evaluation starts...
One fitness evaluation starts...
One fitness evaluation starts...
One fitness evaluation starts...
One fitness evaluation starts...
One fitness evaluation starts...
One fitness evaluation starts...
One fitness evaluation starts...
One fitness evaluation starts...
One fitness evaluation starts...
One fitness evaluation starts...
One fitness evaluation starts...
One fitness evaluation starts...
One fitness evaluation starts...
One fitness evaluation starts...
One fitness evaluation starts...
One fitness evaluation starts...
One fitness evaluation starts...
One fitness evaluation starts...
One fitness evaluation starts...
One fitness evaluation starts...
One fitness evaluation starts...
One fitness evaluation starts...
One fitness evaluation starts...
One fitness evaluation starts...
One fitness evaluation starts...
One fitness evaluation starts...
One fitness evaluation starts...
One fitness evaluation starts...
One fitness evaluation starts...
One fitness evaluation starts...
One fitness evaluation starts...
One fitness evaluation starts...
One fitness evaluation starts...
One fitness evaluation starts...
One fitness evaluation starts...
One fitness evaluation starts...
One fitness evaluation starts...
One fitness evaluation starts...
One fitness evaluation starts...
One fitness evaluation starts...
One fitness evaluation starts...
One fitness evaluation starts...
One fitness evaluation starts...
One fitness evaluation starts...
One fitness evaluation starts...
One fitness evaluation starts...
One fitness evaluation starts...
One fitness evaluation starts...
One fitness evaluation starts...
One fitness evaluation starts...
One fitness evaluation starts...
One fitness evaluation starts...
One fitness evaluation starts...
One fitness evaluation starts...
One fitness evaluation starts...
One fitness evaluation starts...
One fitness evaluation starts...
One fitness evaluation starts...
One fitness evaluation starts...
One fitness evaluation starts...
One fitness evaluation starts...
One fitness evaluation starts...
One fitness evaluation starts...
One fitness evaluation starts...
One fitness evaluation starts...
One fitness evaluation starts...
One fitness evaluation starts...
One fitness evaluation starts...
One fitness evaluation starts...
One fitness evaluation starts...
One fitness evaluation starts...
One fitness evaluation starts...
One fitness evaluation starts...
One fitness evaluation starts...
One fitness evaluation starts...
One fitness evaluation starts...
One fitness evaluation starts...
One fitness evaluation starts...
One fitness evaluation starts...
One fitness evaluation starts...
One fitness evaluation starts...
One fitness evaluation starts...
One fitness evaluation starts...
One fitness evaluation starts...
One fitness evaluation starts...
One fitness evaluation starts...
One fitness evaluation starts...
One fitness evaluation starts...
One fitness evaluation starts...
One fitness evaluation starts...
One fitness evaluation starts...
One fitness evaluation starts...
One fitness evaluation starts...
One fitness evaluation starts...
One fitness evaluation starts...
One fitness evaluation starts...
One fitness evaluation starts...
One fitness evaluation starts...
One fitness evaluation starts...
One fitness evaluation starts...
One fitness evaluation starts...
One fitness evaluation starts...
One fitness evaluation starts...
One fitness evaluation starts...
One fitness evaluation starts...
One fitness evaluation starts...
One fitness evaluation starts...
One fitness evaluation starts...
One fitness evaluation starts...
One fitness evaluation starts...
One fitness evaluation starts...
One fitness evaluation starts...
One fitness evaluation starts...
One fitness evaluation starts...
One fitness evaluation starts...
One fitness evaluation starts...
One fitness evaluation starts...
One fitness evaluation starts...
One fitness evaluation starts...
One fitness evaluation starts...
One fitness evaluation starts...
One fitness evaluation starts...
One fitness evaluation starts...
One fitness evaluation starts...
One fitness evaluation starts...
One fitness evaluation starts...
One fitness evaluation starts...
One fitness evaluation starts...
One fitness evaluation starts...
One fitness evaluation starts...
One fitness evaluation starts...
One fitness evaluation starts...
One fitness evaluation starts...
One fitness evaluation starts...
One fitness evaluation starts...
One fitness evaluation starts...
One fitness evaluation starts...
One fitness evaluation starts...
One fitness evaluation starts...
One fitness evaluation starts...
One fitness evaluation starts...
One fitness evaluation starts...
One fitness evaluation starts...
One fitness evaluation starts...
One fitness evaluation starts...
One fitness evaluation starts...
One fitness evaluation starts...
One fitness evaluation starts...
One fitness evaluation starts...
One fitness evaluation starts...
One fitness evaluation starts...
One fitness evaluation starts...
One fitness evaluation starts...
One fitness evaluation starts...
One fitness evaluation starts...
One fitness evaluation starts...
One fitness evaluation starts...
One fitness evaluation starts...
One fitness evaluation starts...
One fitness evaluation starts...
One fitness evaluation starts...
One fitness evaluation starts...
One fitness evaluation starts...
One fitness evaluation starts...
One fitness evaluation starts...
One fitness evaluation starts...
One fitness evaluation starts...
One fitness evaluation starts...
One fitness evaluation starts...
One fitness evaluation starts...
One fitness evaluation starts...
One fitness evaluation starts...
One fitness evaluation starts...
One fitness evaluation starts...
One fitness evaluation starts...
One fitness evaluation starts...
One fitness evaluation starts...
One fitness evaluation starts...
One fitness evaluation starts...
One fitness evaluation starts...
One fitness evaluation starts...
One fitness evaluation starts...
One fitness evaluation starts...
One fitness evaluation starts...
One fitness evaluation starts...
One fitness evaluation starts...
One fitness evaluation starts...
One fitness evaluation starts...
One fitness evaluation starts...
One fitness evaluation starts...
One fitness evaluation starts...
One fitness evaluation starts...
One fitness evaluation starts...
One fitness evaluation starts...
One fitness evaluation starts...
One fitness evaluation starts...
One fitness evaluation starts...
One fitness evaluation starts...
One fitness evaluation starts...
One fitness evaluation starts...
One fitness evaluation starts...
One fitness evaluation starts...
One fitness evaluation starts...
One fitness evaluation starts...
One fitness evaluation starts...
One fitness evaluation starts...
One fitness evaluation starts...
One fitness evaluation starts...
One fitness evaluation starts...
One fitness evaluation starts...
One fitness evaluation starts...
One fitness evaluation starts...
One fitness evaluation starts...
One fitness evaluation starts...
One fitness evaluation starts...
One fitness evaluation starts...
One fitness evaluation starts...
One fitness evaluation starts...
One fitness evaluation starts...
One fitness evaluation starts...
One fitness evaluation starts...
One fitness evaluation starts...
One fitness evaluation starts...
One fitness evaluation starts...
One fitness evaluation starts...
One fitness evaluation starts...
One fitness evaluation starts...
One fitness evaluation starts...
One fitness evaluation starts...
One fitness evaluation starts...
One fitness evaluation starts...
One fitness evaluation starts...
One fitness evaluation starts...
One fitness evaluation starts...
One fitness evaluation starts...
One fitness evaluation starts...
One fitness evaluation starts...
One fitness evaluation starts...
One fitness evaluation starts...
One fitness evaluation starts...
One fitness evaluation starts...
One fitness evaluation starts...
One fitness evaluation starts...
One fitness evaluation starts...
One fitness evaluation starts...
One fitness evaluation starts...
One fitness evaluation starts...
One fitness evaluation starts...
One fitness evaluation starts...
One fitness evaluation starts...
One fitness evaluation starts...
One fitness evaluation starts...
One fitness evaluation starts...
One fitness evaluation starts...
One fitness evaluation starts...
One fitness evaluation starts...
One fitness evaluation starts...
One fitness evaluation starts...
One fitness evaluation starts...
One fitness evaluation starts...
One fitness evaluation starts...
One fitness evaluation starts...
One fitness evaluation starts...
One fitness evaluation starts...
One fitness evaluation starts...
One fitness evaluation starts...
One fitness evaluation starts...
One fitness evaluation starts...
One fitness evaluation starts...
One fitness evaluation starts...
One fitness evaluation starts...
One fitness evaluation starts...
One fitness evaluation starts...
One fitness evaluation starts...
One fitness evaluation starts...
One fitness evaluation starts...
One fitness evaluation starts...
One fitness evaluation starts...
One fitness evaluation starts...
One fitness evaluation starts...
One fitness evaluation starts...
One fitness evaluation starts...
One fitness evaluation starts...
One fitness evaluation starts...
One fitness evaluation starts...
One fitness evaluation starts...
One fitness evaluation starts...
One fitness evaluation starts...
One fitness evaluation starts...
One fitness evaluation starts...
One fitness evaluation starts...
One fitness evaluation starts...
One fitness evaluation starts...
One fitness evaluation starts...
One fitness evaluation starts...
One fitness evaluation starts...
One fitness evaluation starts...
One fitness evaluation starts...
One fitness evaluation starts...
One fitness evaluation starts...
One fitness evaluation starts...
One fitness evaluation starts...
One fitness evaluation starts...
One fitness evaluation starts...
One fitness evaluation starts...
One fitness evaluation starts...
One fitness evaluation starts...
One fitness evaluation starts...
One fitness evaluation starts...
One fitness evaluation starts...
One fitness evaluation starts...
One fitness evaluation starts...
One fitness evaluation starts...
One fitness evaluation starts...
One fitness evaluation starts...
One fitness evaluation starts...
One fitness evaluation starts...
One fitness evaluation starts...
One fitness evaluation starts...
One fitness evaluation starts...
One fitness evaluation starts...
One fitness evaluation starts...
One fitness evaluation starts...
One fitness evaluation starts...
One fitness evaluation starts...
One fitness evaluation starts...
One fitness evaluation starts...
One fitness evaluation starts...
One fitness evaluation starts...
One fitness evaluation starts...
One fitness evaluation starts...
One fitness evaluation starts...
One fitness evaluation starts...
One fitness evaluation starts...
One fitness evaluation starts...
One fitness evaluation starts...
One fitness evaluation starts...
One fitness evaluation starts...
One fitness evaluation starts...
One fitness evaluation starts...
One fitness evaluation starts...
One fitness evaluation starts...
One fitness evaluation starts...
One fitness evaluation starts...
One fitness evaluation starts...
One fitness evaluation starts...
One fitness evaluation starts...
One fitness evaluation starts...
One fitness evaluation starts...
One fitness evaluation starts...
One fitness evaluation starts...
One fitness evaluation starts...
One fitness evaluation starts...
One fitness evaluation starts...
One fitness evaluation starts...
One fitness evaluation starts...
One fitness evaluation starts...
One fitness evaluation starts...
One fitness evaluation starts...
One fitness evaluation starts...
One fitness evaluation starts...
One fitness evaluation starts...
One fitness evaluation starts...
One fitness evaluation starts...
One fitness evaluation starts...
One fitness evaluation starts...
One fitness evaluation starts...
One fitness evaluation starts...
One fitness evaluation starts...
One fitness evaluation starts...
One fitness evaluation starts...
One fitness evaluation starts...
One fitness evaluation starts...
One fitness evaluation starts...
One fitness evaluation starts...
One fitness evaluation starts...
One fitness evaluation starts...
One fitness evaluation starts...
One fitness evaluation starts...
One fitness evaluation starts...
One fitness evaluation starts...
One fitness evaluation starts...
One fitness evaluation starts...
One fitness evaluation starts...
One fitness evaluation starts...
One fitness evaluation starts...
One fitness evaluation starts...
One fitness evaluation starts...
One fitness evaluation starts...
One fitness evaluation starts...
One fitness evaluation starts...
One fitness evaluation starts...
One fitness evaluation starts...
One fitness evaluation starts...
One fitness evaluation starts...
One fitness evaluation starts...
One fitness evaluation starts...
One fitness evaluation starts...
One fitness evaluation starts...
One fitness evaluation starts...
One fitness evaluation starts...
One fitness evaluation starts...
One fitness evaluation starts...
One fitness evaluation starts...
One fitness evaluation starts...
One fitness evaluation starts...
One fitness evaluation starts...
One fitness evaluation starts...
One fitness evaluation starts...
One fitness evaluation starts...
One fitness evaluation starts...
One fitness evaluation starts...
One fitness evaluation starts...
One fitness evaluation starts...
One fitness evaluation starts...
One fitness evaluation starts...
One fitness evaluation starts...
One fitness evaluation starts...
One fitness evaluation starts...
One fitness evaluation starts...
One fitness evaluation starts...
One fitness evaluation starts...
One fitness evaluation starts...
One fitness evaluation starts...
One fitness evaluation starts...
One fitness evaluation starts...
One fitness evaluation starts...
One fitness evaluation starts...
One fitness evaluation starts...
One fitness evaluation starts...
One fitness evaluation starts...
One fitness evaluation starts...
One fitness evaluation starts...
One fitness evaluation starts...
One fitness evaluation starts...
One fitness evaluation starts...
One fitness evaluation starts...
One fitness evaluation starts...
One fitness evaluation starts...
One fitness evaluation starts...
One fitness evaluation starts...
One fitness evaluation starts...
One fitness evaluation starts...
One fitness evaluation starts...
One fitness evaluation starts...
One fitness evaluation starts...
One fitness evaluation starts...
One fitness evaluation starts...
One fitness evaluation starts...
One fitness evaluation starts...
One fitness evaluation starts...
One fitness evaluation starts...
One fitness evaluation starts...
One fitness evaluation starts...
One fitness evaluation starts...
One fitness evaluation starts...
One fitness evaluation starts...
One fitness evaluation starts...
One fitness evaluation starts...
One fitness evaluation starts...
One fitness evaluation starts...
One fitness evaluation starts...
One fitness evaluation starts...
One fitness evaluation starts...
One fitness evaluation starts...
One fitness evaluation starts...
One fitness evaluation starts...
One fitness evaluation starts...
One fitness evaluation starts...
One fitness evaluation starts...
One fitness evaluation starts...
One fitness evaluation starts...
One fitness evaluation starts...
One fitness evaluation starts...
One fitness evaluation starts...
One fitness evaluation starts...
One fitness evaluation starts...
One fitness evaluation starts...
One fitness evaluation starts...
One fitness evaluation starts...
One fitness evaluation starts...
One fitness evaluation starts...
One fitness evaluation starts...
One fitness evaluation starts...
One fitness evaluation starts...
One fitness evaluation starts...
One fitness evaluation starts...
One fitness evaluation starts...
One fitness evaluation starts...
One fitness evaluation starts...
One fitness evaluation starts...
One fitness evaluation starts...
One fitness evaluation starts...
One fitness evaluation starts...
One fitness evaluation starts...
One fitness evaluation starts...
One fitness evaluation starts...
One fitness evaluation starts...
One fitness evaluation starts...
One fitness evaluation starts...
One fitness evaluation starts...
One fitness evaluation starts...
One fitness evaluation starts...
One fitness evaluation starts...
One fitness evaluation starts...
One fitness evaluation starts...
One fitness evaluation starts...
One fitness evaluation starts...
One fitness evaluation starts...
One fitness evaluation starts...
One fitness evaluation starts...
One fitness evaluation starts...
One fitness evaluation starts...
One fitness evaluation starts...
One fitness evaluation starts...
One fitness evaluation starts...
One fitness evaluation starts...
One fitness evaluation starts...
One fitness evaluation starts...
One fitness evaluation starts...
One fitness evaluation starts...
One fitness evaluation starts...
One fitness evaluation starts...
One fitness evaluation starts...
One fitness evaluation starts...
One fitness evaluation starts...
One fitness evaluation starts...
One fitness evaluation starts...
One fitness evaluation starts...
One fitness evaluation starts...
One fitness evaluation starts...
One fitness evaluation starts...
One fitness evaluation starts...
One fitness evaluation starts...
One fitness evaluation starts...
One fitness evaluation starts...
One fitness evaluation starts...
One fitness evaluation starts...
One fitness evaluation starts...
One fitness evaluation starts...
One fitness evaluation starts...
One fitness evaluation starts...
One fitness evaluation starts...
One fitness evaluation starts...
One fitness evaluation starts...
One fitness evaluation starts...
One fitness evaluation starts...
One fitness evaluation starts...
One fitness evaluation starts...
One fitness evaluation starts...
One fitness evaluation starts...
One fitness evaluation starts...
One fitness evaluation starts...
One fitness evaluation starts...
One fitness evaluation starts...
One fitness evaluation starts...
One fitness evaluation starts...
One fitness evaluation starts...
One fitness evaluation starts...
One fitness evaluation starts...
One fitness evaluation starts...
One fitness evaluation starts...
One fitness evaluation starts...
One fitness evaluation starts...
One fitness evaluation starts...
One fitness evaluation starts...
One fitness evaluation starts...
One fitness evaluation starts...
One fitness evaluation starts...
One fitness evaluation starts...
One fitness evaluation starts...
One fitness evaluation starts...
One fitness evaluation starts...
One fitness evaluation starts...
One fitness evaluation starts...
One fitness evaluation starts...
One fitness evaluation starts...
One fitness evaluation starts...
One fitness evaluation starts...
One fitness evaluation starts...
One fitness evaluation starts...
One fitness evaluation starts...
One fitness evaluation starts...
One fitness evaluation starts...
One fitness evaluation starts...
One fitness evaluation starts...
One fitness evaluation starts...
One fitness evaluation starts...
One fitness evaluation starts...
One fitness evaluation starts...
One fitness evaluation starts...
One fitness evaluation starts...
One fitness evaluation starts...
One fitness evaluation starts...
One fitness evaluation starts...
One fitness evaluation starts...
One fitness evaluation starts...
One fitness evaluation starts...
One fitness evaluation starts...
One fitness evaluation starts...
One fitness evaluation starts...
One fitness evaluation starts...
One fitness evaluation starts...
One fitness evaluation starts...
One fitness evaluation starts...
One fitness evaluation starts...
One fitness evaluation starts...
One fitness evaluation starts...
One fitness evaluation starts...
One fitness evaluation starts...
One fitness evaluation starts...
One fitness evaluation starts...
One fitness evaluation starts...
One fitness evaluation starts...
One fitness evaluation starts...
One fitness evaluation starts...
One fitness evaluation starts...
One fitness evaluation starts...
One fitness evaluation starts...
One fitness evaluation starts...
One fitness evaluation starts...
One fitness evaluation starts...
One fitness evaluation starts...
One fitness evaluation starts...
One fitness evaluation starts...
One fitness evaluation starts...
One fitness evaluation starts...
One fitness evaluation starts...
One fitness evaluation starts...
One fitness evaluation starts...
One fitness evaluation starts...
One fitness evaluation starts...
One fitness evaluation starts...
One fitness evaluation starts...
One fitness evaluation starts...
One fitness evaluation starts...
One fitness evaluation starts...
One fitness evaluation starts...
One fitness evaluation starts...
One fitness evaluation starts...
One fitness evaluation starts...
One fitness evaluation starts...
One fitness evaluation starts...
One fitness evaluation starts...
One fitness evaluation starts...
One fitness evaluation starts...
One fitness evaluation starts...
One fitness evaluation starts...
One fitness evaluation starts...
One fitness evaluation starts...
One fitness evaluation starts...
One fitness evaluation starts...
One fitness evaluation starts...
One fitness evaluation starts...
One fitness evaluation starts...
One fitness evaluation starts...
One fitness evaluation starts...
One fitness evaluation starts...
One fitness evaluation starts...
One fitness evaluation starts...
One fitness evaluation starts...
One fitness evaluation starts...
One fitness evaluation starts...
One fitness evaluation starts...
One fitness evaluation starts...
One fitness evaluation starts...
One fitness evaluation starts...
One fitness evaluation starts...
One fitness evaluation starts...
One fitness evaluation starts...
One fitness evaluation starts...
One fitness evaluation starts...
One fitness evaluation starts...
One fitness evaluation starts...
One fitness evaluation starts...
One fitness evaluation starts...
One fitness evaluation starts...
One fitness evaluation starts...
One fitness evaluation starts...
One fitness evaluation starts...
One fitness evaluation starts...
One fitness evaluation starts...
One fitness evaluation starts...
One fitness evaluation starts...
One fitness evaluation starts...
One fitness evaluation starts...
One fitness evaluation starts...
One fitness evaluation starts...
One fitness evaluation starts...
One fitness evaluation starts...
One fitness evaluation starts...
One fitness evaluation starts...
One fitness evaluation starts...
One fitness evaluation starts...
One fitness evaluation starts...
One fitness evaluation starts...
One fitness evaluation starts...
One fitness evaluation starts...
One fitness evaluation starts...
One fitness evaluation starts...
One fitness evaluation starts...
One fitness evaluation starts...
One fitness evaluation starts...
One fitness evaluation starts...
One fitness evaluation starts...
One fitness evaluation starts...
One fitness evaluation starts...
One fitness evaluation starts...
One fitness evaluation starts...
One fitness evaluation starts...
One fitness evaluation starts...
One fitness evaluation starts...
One fitness evaluation starts...
One fitness evaluation starts...
One fitness evaluation starts...
One fitness evaluation starts...
One fitness evaluation starts...
One fitness evaluation starts...
One fitness evaluation starts...
One fitness evaluation starts...
One fitness evaluation starts...
One fitness evaluation starts...
One fitness evaluation starts...
One fitness evaluation starts...
One fitness evaluation starts...
One fitness evaluation starts...
One fitness evaluation starts...
One fitness evaluation starts...
One fitness evaluation starts...
One fitness evaluation starts...
One fitness evaluation starts...
One fitness evaluation starts...
One fitness evaluation starts...
One fitness evaluation starts...
One fitness evaluation starts...
One fitness evaluation starts...
One fitness evaluation starts...
One fitness evaluation starts...
One fitness evaluation starts...
One fitness evaluation starts...
One fitness evaluation starts...
One fitness evaluation starts...
One fitness evaluation starts...
One fitness evaluation starts...
One fitness evaluation starts...
One fitness evaluation starts...
One fitness evaluation starts...
One fitness evaluation starts...
One fitness evaluation starts...
One fitness evaluation starts...
One fitness evaluation starts...
One fitness evaluation starts...
One fitness evaluation starts...
One fitness evaluation starts...
One fitness evaluation starts...
One fitness evaluation starts...
One fitness evaluation starts...
One fitness evaluation starts...
One fitness evaluation starts...
One fitness evaluation starts...
One fitness evaluation starts...
One fitness evaluation starts...
One fitness evaluation starts...
One fitness evaluation starts...
One fitness evaluation starts...
One fitness evaluation starts...
One fitness evaluation starts...
One fitness evaluation starts...
One fitness evaluation starts...
One fitness evaluation starts...
One fitness evaluation starts...
One fitness evaluation starts...
One fitness evaluation starts...
One fitness evaluation starts...
One fitness evaluation starts...
One fitness evaluation starts...
One fitness evaluation starts...
One fitness evaluation starts...
One fitness evaluation starts...
One fitness evaluation starts...
One fitness evaluation starts...
One fitness evaluation starts...
One fitness evaluation starts...
One fitness evaluation starts...
One fitness evaluation starts...
One fitness evaluation starts...
One fitness evaluation starts...
One fitness evaluation starts...
One fitness evaluation starts...
One fitness evaluation starts...
One fitness evaluation starts...
One fitness evaluation starts...
One fitness evaluation starts...
One fitness evaluation starts...
One fitness evaluation starts...
One fitness evaluation starts...
One fitness evaluation starts...
One fitness evaluation starts...
One fitness evaluation starts...
One fitness evaluation starts...
One fitness evaluation starts...
One fitness evaluation starts...


Node: ubuntu



Date: Tue Jun 25 17:30:41 EDT 2019

