cd /tmp/DynaMoth_Defects4J_Lang_46;
export JAVA_TOOL_OPTIONS="-Dfile.encoding=UTF8 -Duser.language=en-US -Duser.country=US -Duser.language=en";
TZ="America/New_York"; export TZ;
export PATH="/home/wp/tool/jdk1.8.0_71/bin/:$PATH";
export JAVA_HOME="/home/wp/tool/jdk1.8.0_71/bin/";
time java -Xmx1g -Xms1g -cp /home/wp/RepairThemAll/script/../repair_tools/nopol.jar:/home/wp/tool/jdk1.8.0_71/bin//../lib/tools.jar fr.inria.lille.repair.Main \
	--mode repair \
	--type pre_then_cond \
	--bugid Lang-46 \
	--oracle angelic \
	--synthesis dynamoth \
	--flocal gzoltar \
	--json \
	--solver z3 \
	--solver-path /home/wp/RepairThemAll/script/../libs/z3/build/z3 \
	--complianceLevel 3 \
	--source src/java/ \
	--classpath "target/classes/:target/tests/:/tmp/DynaMoth_Defects4J_Lang_46/target/classes/:/tmp/DynaMoth_Defects4J_Lang_46/target/tests/:/home/wp/RepairThemAll/script/../benchmarks/defects4j/framework/projects/Lang/lib/asm.jar:/home/wp/RepairThemAll/script/../benchmarks/defects4j/framework/projects/Lang/lib/easymock.jar:/home/wp/RepairThemAll/script/../benchmarks/defects4j/framework/projects/Lang/lib/commons-io.jar:/home/wp/RepairThemAll/script/../benchmarks/defects4j/framework/projects/Lang/lib/cglib.jar:/home/wp/RepairThemAll/script/../benchmarks/defects4j/framework/projects/lib/junit-4.11.jar:/home/wp/RepairThemAll/script/../repair_tools/nopol.jar";
	echo "\n\nNode: `hostname`\n";
	echo "\n\nDate: `date`\n";
Picked up JAVA_TOOL_OPTIONS: -Dfile.encoding=UTF8 -Duser.language=en-US -Duser.country=US -Duser.language=en
23:27:11.105 [main] INFO  fr.inria.lille.repair.nopol.NoPol - Source files: [src/java]
23:27:11.115 [main] INFO  fr.inria.lille.repair.nopol.NoPol - Classpath: [file:/tmp/DynaMoth_Defects4J_Lang_46/target/classes/, file:/tmp/DynaMoth_Defects4J_Lang_46/target/tests/, file:/tmp/DynaMoth_Defects4J_Lang_46/target/classes/, file:/tmp/DynaMoth_Defects4J_Lang_46/target/tests/, file:/home/wp/RepairThemAll/script/../benchmarks/defects4j/framework/projects/Lang/lib/asm.jar, file:/home/wp/RepairThemAll/script/../benchmarks/defects4j/framework/projects/Lang/lib/easymock.jar, file:/home/wp/RepairThemAll/script/../benchmarks/defects4j/framework/projects/Lang/lib/commons-io.jar, file:/home/wp/RepairThemAll/script/../benchmarks/defects4j/framework/projects/Lang/lib/cglib.jar, file:/home/wp/RepairThemAll/script/../benchmarks/defects4j/framework/projects/lib/junit-4.11.jar, file:/home/wp/RepairThemAll/script/../repair_tools/nopol.jar]
23:27:11.115 [main] INFO  fr.inria.lille.repair.nopol.NoPol - Statement type: PRE_THEN_COND
23:27:11.115 [main] INFO  fr.inria.lille.repair.nopol.NoPol - Args: [org.apache.commons.lang.ArrayUtilsAddTest, org.apache.commons.lang.ArrayUtilsAddTest, org.apache.commons.lang.ArrayUtilsRemoveTest, org.apache.commons.lang.ArrayUtilsRemoveTest, org.apache.commons.lang.ArrayUtilsTest, org.apache.commons.lang.ArrayUtilsTest, org.apache.commons.lang.BitFieldTest, org.apache.commons.lang.BitFieldTest, org.apache.commons.lang.BooleanUtilsTest, org.apache.commons.lang.BooleanUtilsTest, org.apache.commons.lang.CharEncodingTest, org.apache.commons.lang.CharEncodingTest, org.apache.commons.lang.CharRangeTest, org.apache.commons.lang.CharRangeTest, org.apache.commons.lang.CharSetTest, org.apache.commons.lang.CharSetTest, org.apache.commons.lang.CharSetUtilsTest, org.apache.commons.lang.CharSetUtilsTest, org.apache.commons.lang.CharUtilsTest, org.apache.commons.lang.CharUtilsTest, org.apache.commons.lang.ClassUtilsTest, org.apache.commons.lang.ClassUtilsTest, org.apache.commons.lang.EntitiesPerformanceTest, org.apache.commons.lang.EntitiesPerformanceTest, org.apache.commons.lang.EntitiesTest, org.apache.commons.lang.EntitiesTest, org.apache.commons.lang.IllegalClassExceptionTest, org.apache.commons.lang.IllegalClassExceptionTest, org.apache.commons.lang.IncompleteArgumentExceptionTest, org.apache.commons.lang.IncompleteArgumentExceptionTest, org.apache.commons.lang.IntHashMapTest, org.apache.commons.lang.IntHashMapTest, org.apache.commons.lang.LocaleUtilsTest, org.apache.commons.lang.LocaleUtilsTest, org.apache.commons.lang.NotImplementedExceptionTest, org.apache.commons.lang.NotImplementedExceptionTest, org.apache.commons.lang.NullArgumentExceptionTest, org.apache.commons.lang.NullArgumentExceptionTest, org.apache.commons.lang.NumberRangeTest, org.apache.commons.lang.NumberRangeTest, org.apache.commons.lang.NumberUtilsTest, org.apache.commons.lang.NumberUtilsTest, org.apache.commons.lang.ObjectUtilsTest, org.apache.commons.lang.ObjectUtilsTest, org.apache.commons.lang.RandomStringUtilsTest, org.apache.commons.lang.RandomStringUtilsTest, org.apache.commons.lang.SerializationUtilsTest, org.apache.commons.lang.SerializationUtilsTest, org.apache.commons.lang.StringEscapeUtilsTest, org.apache.commons.lang.StringEscapeUtilsTest, org.apache.commons.lang.StringUtilsEqualsIndexOfTest, org.apache.commons.lang.StringUtilsEqualsIndexOfTest, org.apache.commons.lang.StringUtilsIsTest, org.apache.commons.lang.StringUtilsIsTest, org.apache.commons.lang.StringUtilsStartsEndsWithTest, org.apache.commons.lang.StringUtilsStartsEndsWithTest, org.apache.commons.lang.StringUtilsSubstringTest, org.apache.commons.lang.StringUtilsSubstringTest, org.apache.commons.lang.StringUtilsTest, org.apache.commons.lang.StringUtilsTest, org.apache.commons.lang.StringUtilsTrimEmptyTest, org.apache.commons.lang.StringUtilsTrimEmptyTest, org.apache.commons.lang.SystemUtilsTest, org.apache.commons.lang.SystemUtilsTest, org.apache.commons.lang.UnhandledExceptionTest, org.apache.commons.lang.UnhandledExceptionTest, org.apache.commons.lang.ValidateTest, org.apache.commons.lang.ValidateTest, org.apache.commons.lang.WordUtilsTest, org.apache.commons.lang.WordUtilsTest, org.apache.commons.lang.builder.CompareToBuilderTest, org.apache.commons.lang.builder.CompareToBuilderTest, org.apache.commons.lang.builder.DefaultToStringStyleTest, org.apache.commons.lang.builder.DefaultToStringStyleTest, org.apache.commons.lang.builder.EqualsBuilderTest, org.apache.commons.lang.builder.EqualsBuilderTest, org.apache.commons.lang.builder.HashCodeBuilderAndEqualsBuilderTest, org.apache.commons.lang.builder.HashCodeBuilderAndEqualsBuilderTest, org.apache.commons.lang.builder.HashCodeBuilderTest, org.apache.commons.lang.builder.HashCodeBuilderTest, org.apache.commons.lang.builder.MultiLineToStringStyleTest, org.apache.commons.lang.builder.MultiLineToStringStyleTest, org.apache.commons.lang.builder.NoFieldNamesToStringStyleTest, org.apache.commons.lang.builder.NoFieldNamesToStringStyleTest, org.apache.commons.lang.builder.ReflectionToStringBuilderExcludeTest, org.apache.commons.lang.builder.ReflectionToStringBuilderExcludeTest, org.apache.commons.lang.builder.ShortPrefixToStringStyleTest, org.apache.commons.lang.builder.ShortPrefixToStringStyleTest, org.apache.commons.lang.builder.SimpleToStringStyleTest, org.apache.commons.lang.builder.SimpleToStringStyleTest, org.apache.commons.lang.builder.StandardToStringStyleTest, org.apache.commons.lang.builder.StandardToStringStyleTest, org.apache.commons.lang.builder.ToStringBuilderTest, org.apache.commons.lang.builder.ToStringBuilderTest, org.apache.commons.lang.builder.ToStringStyleTest, org.apache.commons.lang.builder.ToStringStyleTest, org.apache.commons.lang.enum.EnumTest, org.apache.commons.lang.enum.EnumTest, org.apache.commons.lang.enum.EnumUtilsTest, org.apache.commons.lang.enum.EnumUtilsTest, org.apache.commons.lang.enum.ValuedEnumTest, org.apache.commons.lang.enum.ValuedEnumTest, org.apache.commons.lang.enums.EnumEqualsTest, org.apache.commons.lang.enums.EnumEqualsTest, org.apache.commons.lang.enums.EnumTest, org.apache.commons.lang.enums.EnumTest, org.apache.commons.lang.enums.EnumUtilsTest, org.apache.commons.lang.enums.EnumUtilsTest, org.apache.commons.lang.enums.ValuedEnumTest, org.apache.commons.lang.enums.ValuedEnumTest, org.apache.commons.lang.exception.ExceptionUtilsTestCase, org.apache.commons.lang.exception.ExceptionUtilsTestCase, org.apache.commons.lang.exception.NestableDelegateTestCase, org.apache.commons.lang.exception.NestableDelegateTestCase, org.apache.commons.lang.exception.NestableErrorTestCase, org.apache.commons.lang.exception.NestableErrorTestCase, org.apache.commons.lang.exception.NestableExceptionTestCase, org.apache.commons.lang.exception.NestableExceptionTestCase, org.apache.commons.lang.exception.NestableRuntimeExceptionTestCase, org.apache.commons.lang.exception.NestableRuntimeExceptionTestCase, org.apache.commons.lang.math.DoubleRangeTest, org.apache.commons.lang.math.DoubleRangeTest, org.apache.commons.lang.math.FloatRangeTest, org.apache.commons.lang.math.FloatRangeTest, org.apache.commons.lang.math.FractionTest, org.apache.commons.lang.math.FractionTest, org.apache.commons.lang.math.IEEE754rUtilsTest, org.apache.commons.lang.math.IEEE754rUtilsTest, org.apache.commons.lang.math.IntRangeTest, org.apache.commons.lang.math.IntRangeTest, org.apache.commons.lang.math.LongRangeTest, org.apache.commons.lang.math.LongRangeTest, org.apache.commons.lang.math.NumberRangeTest, org.apache.commons.lang.math.NumberRangeTest, org.apache.commons.lang.math.NumberUtilsTest, org.apache.commons.lang.math.NumberUtilsTest, org.apache.commons.lang.math.RandomUtilsTest, org.apache.commons.lang.math.RandomUtilsTest, org.apache.commons.lang.math.RangeTest, org.apache.commons.lang.math.RangeTest, org.apache.commons.lang.mutable.MutableBooleanTest, org.apache.commons.lang.mutable.MutableBooleanTest, org.apache.commons.lang.mutable.MutableByteTest, org.apache.commons.lang.mutable.MutableByteTest, org.apache.commons.lang.mutable.MutableDoubleTest, org.apache.commons.lang.mutable.MutableDoubleTest, org.apache.commons.lang.mutable.MutableFloatTest, org.apache.commons.lang.mutable.MutableFloatTest, org.apache.commons.lang.mutable.MutableIntTest, org.apache.commons.lang.mutable.MutableIntTest, org.apache.commons.lang.mutable.MutableLongTest, org.apache.commons.lang.mutable.MutableLongTest, org.apache.commons.lang.mutable.MutableObjectTest, org.apache.commons.lang.mutable.MutableObjectTest, org.apache.commons.lang.mutable.MutableShortTest, org.apache.commons.lang.mutable.MutableShortTest, org.apache.commons.lang.text.CompositeFormatTest, org.apache.commons.lang.text.CompositeFormatTest, org.apache.commons.lang.text.ExtendedMessageFormatTest, org.apache.commons.lang.text.ExtendedMessageFormatTest, org.apache.commons.lang.text.StrBuilderAppendInsertTest, org.apache.commons.lang.text.StrBuilderAppendInsertTest, org.apache.commons.lang.text.StrBuilderTest, org.apache.commons.lang.text.StrBuilderTest, org.apache.commons.lang.text.StrLookupTest, org.apache.commons.lang.text.StrLookupTest, org.apache.commons.lang.text.StrMatcherTest, org.apache.commons.lang.text.StrMatcherTest, org.apache.commons.lang.text.StrSubstitutorTest, org.apache.commons.lang.text.StrSubstitutorTest, org.apache.commons.lang.text.StrTokenizerTest, org.apache.commons.lang.text.StrTokenizerTest, org.apache.commons.lang.time.DateFormatUtilsTest, org.apache.commons.lang.time.DateFormatUtilsTest, org.apache.commons.lang.time.DateUtilsFragmentTest, org.apache.commons.lang.time.DateUtilsFragmentTest, org.apache.commons.lang.time.DateUtilsTest, org.apache.commons.lang.time.DateUtilsTest, org.apache.commons.lang.time.DurationFormatUtilsTest, org.apache.commons.lang.time.DurationFormatUtilsTest, org.apache.commons.lang.time.FastDateFormatTest, org.apache.commons.lang.time.FastDateFormatTest, org.apache.commons.lang.time.StopWatchTest, org.apache.commons.lang.time.StopWatchTest]
23:27:11.121 [main] INFO  fr.inria.lille.repair.nopol.NoPol - Config: Config{synthesisDepth=3, collectStaticMethods=true, collectStaticFields=false, collectLiterals=false, onlyOneSynthesisResult=true, sortExpressions=true, maxLineInvocationPerTest=250, timeoutMethodInvocation=2000, dataCollectionTimeoutInSecondForSynthesis=900, addWeight=0.19478, subWeight=0.04554, mulWeight=0.0102, divWeight=0.00613, andWeight=0.10597, orWeight=0.05708, eqWeight=0.22798, nEqWeight=0.0, lessEqWeight=0.0255, lessWeight=0.0947, methodCallWeight=0.1, fieldAccessWeight=0.08099, constantWeight=0.14232, variableWeight=0.05195, mode=REPAIR, type=PRE_THEN_COND, synthesis=DYNAMOTH, oracle=ANGELIC, solver=Z3, solverPath='/home/wp/RepairThemAll/script/../libs/z3/build/z3', projectSources=[src/java], projectClasspath='[Ljava.net.URL;@1b40d5f0', projectTests=[org.apache.commons.lang.ArrayUtilsAddTest, org.apache.commons.lang.ArrayUtilsAddTest, org.apache.commons.lang.ArrayUtilsRemoveTest, org.apache.commons.lang.ArrayUtilsRemoveTest, org.apache.commons.lang.ArrayUtilsTest, org.apache.commons.lang.ArrayUtilsTest, org.apache.commons.lang.BitFieldTest, org.apache.commons.lang.BitFieldTest, org.apache.commons.lang.BooleanUtilsTest, org.apache.commons.lang.BooleanUtilsTest, org.apache.commons.lang.CharEncodingTest, org.apache.commons.lang.CharEncodingTest, org.apache.commons.lang.CharRangeTest, org.apache.commons.lang.CharRangeTest, org.apache.commons.lang.CharSetTest, org.apache.commons.lang.CharSetTest, org.apache.commons.lang.CharSetUtilsTest, org.apache.commons.lang.CharSetUtilsTest, org.apache.commons.lang.CharUtilsTest, org.apache.commons.lang.CharUtilsTest, org.apache.commons.lang.ClassUtilsTest, org.apache.commons.lang.ClassUtilsTest, org.apache.commons.lang.EntitiesPerformanceTest, org.apache.commons.lang.EntitiesPerformanceTest, org.apache.commons.lang.EntitiesTest, org.apache.commons.lang.EntitiesTest, org.apache.commons.lang.IllegalClassExceptionTest, org.apache.commons.lang.IllegalClassExceptionTest, org.apache.commons.lang.IncompleteArgumentExceptionTest, org.apache.commons.lang.IncompleteArgumentExceptionTest, org.apache.commons.lang.IntHashMapTest, org.apache.commons.lang.IntHashMapTest, org.apache.commons.lang.LocaleUtilsTest, org.apache.commons.lang.LocaleUtilsTest, org.apache.commons.lang.NotImplementedExceptionTest, org.apache.commons.lang.NotImplementedExceptionTest, org.apache.commons.lang.NullArgumentExceptionTest, org.apache.commons.lang.NullArgumentExceptionTest, org.apache.commons.lang.NumberRangeTest, org.apache.commons.lang.NumberRangeTest, org.apache.commons.lang.NumberUtilsTest, org.apache.commons.lang.NumberUtilsTest, org.apache.commons.lang.ObjectUtilsTest, org.apache.commons.lang.ObjectUtilsTest, org.apache.commons.lang.RandomStringUtilsTest, org.apache.commons.lang.RandomStringUtilsTest, org.apache.commons.lang.SerializationUtilsTest, org.apache.commons.lang.SerializationUtilsTest, org.apache.commons.lang.StringEscapeUtilsTest, org.apache.commons.lang.StringEscapeUtilsTest, org.apache.commons.lang.StringUtilsEqualsIndexOfTest, org.apache.commons.lang.StringUtilsEqualsIndexOfTest, org.apache.commons.lang.StringUtilsIsTest, org.apache.commons.lang.StringUtilsIsTest, org.apache.commons.lang.StringUtilsStartsEndsWithTest, org.apache.commons.lang.StringUtilsStartsEndsWithTest, org.apache.commons.lang.StringUtilsSubstringTest, org.apache.commons.lang.StringUtilsSubstringTest, org.apache.commons.lang.StringUtilsTest, org.apache.commons.lang.StringUtilsTest, org.apache.commons.lang.StringUtilsTrimEmptyTest, org.apache.commons.lang.StringUtilsTrimEmptyTest, org.apache.commons.lang.SystemUtilsTest, org.apache.commons.lang.SystemUtilsTest, org.apache.commons.lang.UnhandledExceptionTest, org.apache.commons.lang.UnhandledExceptionTest, org.apache.commons.lang.ValidateTest, org.apache.commons.lang.ValidateTest, org.apache.commons.lang.WordUtilsTest, org.apache.commons.lang.WordUtilsTest, org.apache.commons.lang.builder.CompareToBuilderTest, org.apache.commons.lang.builder.CompareToBuilderTest, org.apache.commons.lang.builder.DefaultToStringStyleTest, org.apache.commons.lang.builder.DefaultToStringStyleTest, org.apache.commons.lang.builder.EqualsBuilderTest, org.apache.commons.lang.builder.EqualsBuilderTest, org.apache.commons.lang.builder.HashCodeBuilderAndEqualsBuilderTest, org.apache.commons.lang.builder.HashCodeBuilderAndEqualsBuilderTest, org.apache.commons.lang.builder.HashCodeBuilderTest, org.apache.commons.lang.builder.HashCodeBuilderTest, org.apache.commons.lang.builder.MultiLineToStringStyleTest, org.apache.commons.lang.builder.MultiLineToStringStyleTest, org.apache.commons.lang.builder.NoFieldNamesToStringStyleTest, org.apache.commons.lang.builder.NoFieldNamesToStringStyleTest, org.apache.commons.lang.builder.ReflectionToStringBuilderExcludeTest, org.apache.commons.lang.builder.ReflectionToStringBuilderExcludeTest, org.apache.commons.lang.builder.ShortPrefixToStringStyleTest, org.apache.commons.lang.builder.ShortPrefixToStringStyleTest, org.apache.commons.lang.builder.SimpleToStringStyleTest, org.apache.commons.lang.builder.SimpleToStringStyleTest, org.apache.commons.lang.builder.StandardToStringStyleTest, org.apache.commons.lang.builder.StandardToStringStyleTest, org.apache.commons.lang.builder.ToStringBuilderTest, org.apache.commons.lang.builder.ToStringBuilderTest, org.apache.commons.lang.builder.ToStringStyleTest, org.apache.commons.lang.builder.ToStringStyleTest, org.apache.commons.lang.enum.EnumTest, org.apache.commons.lang.enum.EnumTest, org.apache.commons.lang.enum.EnumUtilsTest, org.apache.commons.lang.enum.EnumUtilsTest, org.apache.commons.lang.enum.ValuedEnumTest, org.apache.commons.lang.enum.ValuedEnumTest, org.apache.commons.lang.enums.EnumEqualsTest, org.apache.commons.lang.enums.EnumEqualsTest, org.apache.commons.lang.enums.EnumTest, org.apache.commons.lang.enums.EnumTest, org.apache.commons.lang.enums.EnumUtilsTest, org.apache.commons.lang.enums.EnumUtilsTest, org.apache.commons.lang.enums.ValuedEnumTest, org.apache.commons.lang.enums.ValuedEnumTest, org.apache.commons.lang.exception.ExceptionUtilsTestCase, org.apache.commons.lang.exception.ExceptionUtilsTestCase, org.apache.commons.lang.exception.NestableDelegateTestCase, org.apache.commons.lang.exception.NestableDelegateTestCase, org.apache.commons.lang.exception.NestableErrorTestCase, org.apache.commons.lang.exception.NestableErrorTestCase, org.apache.commons.lang.exception.NestableExceptionTestCase, org.apache.commons.lang.exception.NestableExceptionTestCase, org.apache.commons.lang.exception.NestableRuntimeExceptionTestCase, org.apache.commons.lang.exception.NestableRuntimeExceptionTestCase, org.apache.commons.lang.math.DoubleRangeTest, org.apache.commons.lang.math.DoubleRangeTest, org.apache.commons.lang.math.FloatRangeTest, org.apache.commons.lang.math.FloatRangeTest, org.apache.commons.lang.math.FractionTest, org.apache.commons.lang.math.FractionTest, org.apache.commons.lang.math.IEEE754rUtilsTest, org.apache.commons.lang.math.IEEE754rUtilsTest, org.apache.commons.lang.math.IntRangeTest, org.apache.commons.lang.math.IntRangeTest, org.apache.commons.lang.math.LongRangeTest, org.apache.commons.lang.math.LongRangeTest, org.apache.commons.lang.math.NumberRangeTest, org.apache.commons.lang.math.NumberRangeTest, org.apache.commons.lang.math.NumberUtilsTest, org.apache.commons.lang.math.NumberUtilsTest, org.apache.commons.lang.math.RandomUtilsTest, org.apache.commons.lang.math.RandomUtilsTest, org.apache.commons.lang.math.RangeTest, org.apache.commons.lang.math.RangeTest, org.apache.commons.lang.mutable.MutableBooleanTest, org.apache.commons.lang.mutable.MutableBooleanTest, org.apache.commons.lang.mutable.MutableByteTest, org.apache.commons.lang.mutable.MutableByteTest, org.apache.commons.lang.mutable.MutableDoubleTest, org.apache.commons.lang.mutable.MutableDoubleTest, org.apache.commons.lang.mutable.MutableFloatTest, org.apache.commons.lang.mutable.MutableFloatTest, org.apache.commons.lang.mutable.MutableIntTest, org.apache.commons.lang.mutable.MutableIntTest, org.apache.commons.lang.mutable.MutableLongTest, org.apache.commons.lang.mutable.MutableLongTest, org.apache.commons.lang.mutable.MutableObjectTest, org.apache.commons.lang.mutable.MutableObjectTest, org.apache.commons.lang.mutable.MutableShortTest, org.apache.commons.lang.mutable.MutableShortTest, org.apache.commons.lang.text.CompositeFormatTest, org.apache.commons.lang.text.CompositeFormatTest, org.apache.commons.lang.text.ExtendedMessageFormatTest, org.apache.commons.lang.text.ExtendedMessageFormatTest, org.apache.commons.lang.text.StrBuilderAppendInsertTest, org.apache.commons.lang.text.StrBuilderAppendInsertTest, org.apache.commons.lang.text.StrBuilderTest, org.apache.commons.lang.text.StrBuilderTest, org.apache.commons.lang.text.StrLookupTest, org.apache.commons.lang.text.StrLookupTest, org.apache.commons.lang.text.StrMatcherTest, org.apache.commons.lang.text.StrMatcherTest, org.apache.commons.lang.text.StrSubstitutorTest, org.apache.commons.lang.text.StrSubstitutorTest, org.apache.commons.lang.text.StrTokenizerTest, org.apache.commons.lang.text.StrTokenizerTest, org.apache.commons.lang.time.DateFormatUtilsTest, org.apache.commons.lang.time.DateFormatUtilsTest, org.apache.commons.lang.time.DateUtilsFragmentTest, org.apache.commons.lang.time.DateUtilsFragmentTest, org.apache.commons.lang.time.DateUtilsTest, org.apache.commons.lang.time.DateUtilsTest, org.apache.commons.lang.time.DurationFormatUtilsTest, org.apache.commons.lang.time.DurationFormatUtilsTest, org.apache.commons.lang.time.FastDateFormatTest, org.apache.commons.lang.time.FastDateFormatTest, org.apache.commons.lang.time.StopWatchTest, org.apache.commons.lang.time.StopWatchTest], complianceLevel=3, outputFolder=., json=true}
23:27:11.122 [main] INFO  fr.inria.lille.repair.nopol.NoPol - Available processors (cores): 1
23:27:11.154 [main] INFO  fr.inria.lille.repair.nopol.NoPol - Free memory: 951 MB
23:27:11.154 [main] INFO  fr.inria.lille.repair.nopol.NoPol - Maximum memory: 989 MB
23:27:11.155 [main] INFO  fr.inria.lille.repair.nopol.NoPol - Total memory available to JVM: 989 MB
23:27:11.155 [main] INFO  fr.inria.lille.repair.nopol.NoPol - Java version: 1.8.0_71
23:27:11.167 [main] INFO  fr.inria.lille.repair.nopol.NoPol - JAVA_HOME: /home/wp/tool/jdk1.8.0_71/bin/
23:27:11.167 [main] INFO  fr.inria.lille.repair.nopol.NoPol - PATH: /home/wp/tool/jdk1.8.0_71/bin/:/home/wp/RepairThemAll/benchmarks/defects4j/framework/bin:/home/wp/tool/gradle-5.4.1/bin:/home/wp/tool/apache-maven-3.5.2/bin:/home/wp/tool/jdk1.7.0_80/bin:/home/wp/tool/apache-ant-1.9.14/bin:/home/wp/tool/jdk1.7.0_80/bin:/home/wp/tool/jdk1.7.0_80/jre/bin:/usr/local/sbin:/usr/local/bin:/usr/sbin:/usr/bin:/sbin:/bin:/usr/games:/usr/local/games
After filtering ......
rootclassname is org.apache.commons.lang.StringEscapeUtils
line number is 244
23:27:46.282 [pool-2-thread-1] DEBUG fr.inria.lille.repair.nopol.NoPol - statement #1
23:27:46.283 [pool-2-thread-1] DEBUG fr.inria.lille.repair.nopol.NoPol - Analysing SourceLocation org.apache.commons.lang.StringEscapeUtils:244 which is executed by 2 tests
16862144
23:27:47.126 [pool-2-thread-1] DEBUG fr.inria.lille.repair.nopol.NoPol - looking with class fr.inria.lille.repair.nopol.spoon.smt.ConditionalAdder
java -cp /tmp/DynaMoth_Defects4J_Lang_46/target/classes:/tmp/DynaMoth_Defects4J_Lang_46/target/tests:/tmp/DynaMoth_Defects4J_Lang_46/target/classes:/tmp/DynaMoth_Defects4J_Lang_46/target/tests:/home/wp/RepairThemAll/script/../benchmarks/defects4j/framework/projects/Lang/lib/asm.jar:/home/wp/RepairThemAll/script/../benchmarks/defects4j/framework/projects/Lang/lib/easymock.jar:/home/wp/RepairThemAll/script/../benchmarks/defects4j/framework/projects/Lang/lib/commons-io.jar:/home/wp/RepairThemAll/script/../benchmarks/defects4j/framework/projects/Lang/lib/cglib.jar:/home/wp/RepairThemAll/script/../benchmarks/defects4j/framework/projects/lib/junit-4.11.jar:/home/wp/RepairThemAll/script/../repair_tools/nopol.jar:/home/wp/RepairThemAll/repair_tools/nopol.jar:/home/wp/tool/jdk1.8.0_71/lib/tools.jar: fr.inria.lille.repair.MethodTestRunner org.apache.commons.lang.StringEscapeUtilsTest#testEscapeJavaWithSlash org.apache.commons.lang.StringEscapeUtilsTest#testEscapeJavaScript 
23:27:52.597 [pool-3-thread-1] DEBUG f.i.l.r.s.DynamothCodeGenesisImpl - ClassPrepareEvent
23:27:53.028 [pool-3-thread-1] DEBUG f.i.l.r.s.c.spoon.ClassCollector - [class] java.lang.String
23:27:53.039 [pool-3-thread-1] DEBUG f.i.l.r.s.c.spoon.ClassCollector - [class] java.io.StringWriter
23:27:53.049 [pool-3-thread-1] DEBUG f.i.l.r.s.c.spoon.ClassCollector - [class] org.apache.commons.lang.StringEscapeUtils
23:27:53.050 [pool-3-thread-1] DEBUG f.i.l.r.s.c.spoon.ClassCollector - [class] java.io.IOException
23:27:53.052 [pool-3-thread-1] DEBUG f.i.l.r.s.c.spoon.ClassCollector - [class] java.io.Writer
23:27:53.059 [pool-3-thread-1] DEBUG f.i.l.r.s.c.spoon.ClassCollector - [class] java.lang.IllegalArgumentException
23:27:53.717 [pool-3-thread-1] DEBUG f.i.l.r.s.DynamothCodeGenesisImpl - BreakpointEvent
23:27:53.744 [pool-3-thread-1] INFO  f.i.l.r.s.DynamothCodeGenesisImpl - [test] org.apache.commons.lang.StringEscapeUtilsTest#testEscapeJavaWithSlash iteration 0
23:27:53.769 [pool-3-thread-1] DEBUG f.i.l.r.s.c.SpoonElementsCollector - [data] out=instance of java.io.StringWriter(id=328)
23:27:53.770 [pool-3-thread-1] DEBUG f.i.l.r.s.c.SpoonElementsCollector - [data] '\'='\'
23:27:53.773 [pool-3-thread-1] DEBUG f.i.l.r.s.c.DynamothDataCollector - Collect Level 1
23:27:53.779 [pool-3-thread-1] DEBUG f.i.l.r.s.c.DynamothDataCollector - [data] out
23:27:53.779 [pool-3-thread-1] DEBUG f.i.l.r.s.c.DynamothDataCollector - [data] str
23:27:53.780 [pool-3-thread-1] DEBUG f.i.l.r.s.c.DynamothDataCollector - [data] escapeSingleQuote
23:27:53.781 [pool-3-thread-1] DEBUG f.i.l.r.s.c.DynamothDataCollector - [data] sz
23:27:53.781 [pool-3-thread-1] DEBUG f.i.l.r.s.c.DynamothDataCollector - [data] i
23:27:53.782 [pool-3-thread-1] DEBUG f.i.l.r.s.c.DynamothDataCollector - [data] ch
23:27:53.854 [pool-3-thread-1] DEBUG f.i.l.r.s.c.DynamothDataCollector - [data] out.getBuffer()
23:27:53.861 [pool-3-thread-1] DEBUG f.i.l.r.s.c.DynamothDataCollector - [data] str.length()
23:27:54.027 [pool-3-thread-1] DEBUG f.i.l.r.s.DynamothCodeGenesisImpl - BreakpointEvent
23:27:54.028 [pool-3-thread-1] INFO  f.i.l.r.s.DynamothCodeGenesisImpl - [test] org.apache.commons.lang.StringEscapeUtilsTest#testEscapeJavaScript iteration 0
23:27:54.029 [pool-3-thread-1] DEBUG f.i.l.r.s.c.SpoonElementsCollector - [data] out=instance of java.io.StringWriter(id=437)
23:27:54.029 [pool-3-thread-1] DEBUG f.i.l.r.s.c.SpoonElementsCollector - [data] '\'='\'
23:27:54.029 [pool-3-thread-1] DEBUG f.i.l.r.s.c.DynamothDataCollector - Collect Level 1
23:27:54.030 [pool-3-thread-1] DEBUG f.i.l.r.s.c.DynamothDataCollector - [data] out
23:27:54.031 [pool-3-thread-1] DEBUG f.i.l.r.s.c.DynamothDataCollector - [data] str
23:27:54.032 [pool-3-thread-1] DEBUG f.i.l.r.s.c.DynamothDataCollector - [data] escapeSingleQuote
23:27:54.032 [pool-3-thread-1] DEBUG f.i.l.r.s.c.DynamothDataCollector - [data] sz
23:27:54.033 [pool-3-thread-1] DEBUG f.i.l.r.s.c.DynamothDataCollector - [data] i
23:27:54.034 [pool-3-thread-1] DEBUG f.i.l.r.s.c.DynamothDataCollector - [data] ch
23:27:54.054 [pool-3-thread-1] DEBUG f.i.l.r.s.c.DynamothDataCollector - [data] out.getBuffer()
23:27:54.070 [pool-3-thread-1] DEBUG f.i.l.r.s.c.DynamothDataCollector - [data] str.length()
23:27:54.072 [pool-3-thread-1] DEBUG f.i.l.r.s.DynamothCodeGenesisImpl - Exit


========= Info ==========
Nb constants             5
Nb method invocations    2
Nb field access          0
Nb variables             5
Total                    12
Nb evaluated expressions 1
Init Execution time      3880 ms
Collect Execution time   357 ms
Combine Execution time   24.0 ms
Nb Combination par sec   42 combinations/sec
Total Execution time     4261 ms
Nb line execution        2
Nb results               1

Results:
1. escapeSingleQuote


========================
         Stat
========================
Operators: 
PLUS 5
GT 4
EQ 3
LT 2
MUL 1
Methods: 
write(int) 19
write(java.lang.String) 5
hex(char) 5
length() 2
escapeJavaStyleString(java.io.Writer,java.lang.String,boolean) 1
printStackTrace() 1
toString() 1
charAt(int) 1
Variable: 
out 25
ch 13
str 6
i 3
sz 2
writer 2
escapeSingleQuotes 1
escapeSingleQuote 1
ioe 1

 & 5 & 2 & 0 & 5 & 12 & 1 & 4263 ms & 2 &
number of passing is 0
number of failing is 0
23:27:54.100 [pool-3-thread-1] INFO  f.i.l.repair.nopol.patch.TestPatch - Applying patch: org.apache.commons.lang.StringEscapeUtils:244: PRECONDITION escapeSingleQuote
23:27:54.627 [pool-3-thread-1] INFO  f.i.l.repair.nopol.patch.TestPatch - Running test suite to check the patch "escapeSingleQuote" is working
23:27:54.654 [pool-2-thread-1] INFO  fr.inria.lille.repair.nopol.NoPol - ----INFORMATION----
23:27:54.878 [pool-2-thread-1] INFO  fr.inria.lille.repair.nopol.NoPol - Nb classes : 80
23:27:54.879 [pool-2-thread-1] INFO  fr.inria.lille.repair.nopol.NoPol - Nb methods : 1817
23:27:54.879 [pool-2-thread-1] INFO  fr.inria.lille.repair.nopol.NoPol - Nb Statements Analyzed : 1
23:27:54.879 [pool-2-thread-1] INFO  fr.inria.lille.repair.nopol.NoPol - Nb Statements with Angelic Value Found : 1
23:27:54.880 [pool-2-thread-1] INFO  fr.inria.lille.repair.nopol.NoPol - NoPol Execution time : 43550ms
23:27:54.880 [pool-2-thread-1] INFO  fr.inria.lille.repair.nopol.NoPol - 
23:27:54.886 [pool-2-thread-1] INFO  fr.inria.lille.repair.nopol.NoPol - ----STOP_BY_PATCH_FOUND----
23:27:54.889 [pool-2-thread-1] INFO  fr.inria.lille.repair.nopol.NoPol - Number of right compilations is  1
23:27:54.890 [pool-2-thread-1] INFO  fr.inria.lille.repair.nopol.NoPol - Number of failing compilations is  0
23:27:54.897 [pool-2-thread-1] INFO  fr.inria.lille.repair.nopol.NoPol - escapeSingleQuote
23:27:54.950 [pool-2-thread-1] INFO  fr.inria.lille.repair.nopol.NoPol - Nb test that executes the patch: 2
23:27:54.953 [pool-2-thread-1] INFO  fr.inria.lille.repair.nopol.NoPol - org.apache.commons.lang.StringEscapeUtils:244: PRECONDITION
23:27:55.070 [pool-2-thread-1] INFO  fr.inria.lille.repair.nopol.NoPol - --- a/src/java/org/apache/commons/lang/StringEscapeUtils.java
+++ b/src/java/org/apache/commons/lang/StringEscapeUtils.java
@@ -243,3 +243,5 @@
                     case '/' :
-                            out.write('\\');
+                            if (escapeSingleQuote) {
+                                out.write('\\');
+                            }
                         out.write('/');

PATCH
25.46user 1.51system 0:46.89elapsed 57%CPU (0avgtext+0avgdata 537652maxresident)k
85904inputs+5576outputs (86major+134132minor)pagefaults 0swaps


Node: ubuntu



Date: Sun Jul 28 23:27:55 EDT 2019

