cd /tmp/Kali_Defects4J_Lang_48;
export JAVA_TOOL_OPTIONS="-Dfile.encoding=UTF8 -Duser.language=en-US -Duser.country=US -Duser.language=en";
TZ="America/New_York"; export TZ;
export PATH="/data/tool/jdk1.7.0_80/bin:$PATH";
export JAVA_HOME="/data/tool/jdk1.7.0_80/bin";
timeout 120m java -Xmx1g -Xms1g -cp /data/RepairThemAll/script/../libs/jmetal.jar:/data/RepairThemAll/script/../repair_tools/arja.jar us.msu.cse.repair.Main \
	Kali \
	-DexternalProjRoot /data/RepairThemAll/script/../libs/arja_external \
	-Dbenchmark Defects4J \
	-Dbugid Lang-48 \
	-DsrcJavaDir /tmp/Kali_Defects4J_Lang_48/src/java/ \
	-DbinJavaDir /tmp/Kali_Defects4J_Lang_48/target/classes/ \
	-DbinTestDir /tmp/Kali_Defects4J_Lang_48/target/tests/ \
	-DdiffFormat true \
	-Dseed 0 \
	-Ddependences /tmp/Kali_Defects4J_Lang_48/target/classes/:/tmp/Kali_Defects4J_Lang_48/target/tests/:/data/RepairThemAll/script/../benchmarks/defects4j/framework/projects/Lang/lib/asm.jar:/data/RepairThemAll/script/../benchmarks/defects4j/framework/projects/Lang/lib/commons-io.jar:/data/RepairThemAll/script/../benchmarks/defects4j/framework/projects/Lang/lib/easymock.jar:/data/RepairThemAll/script/../benchmarks/defects4j/framework/projects/Lang/lib/cglib.jar:/data/RepairThemAll/script/../benchmarks/defects4j/framework/projects/lib/junit-4.11.jar;
	echo "\n\nNode: `hostname`\n";
	echo "\n\nDate: `date`\n";
Picked up JAVA_TOOL_OPTIONS: -Dfile.encoding=UTF8 -Duser.language=en-US -Duser.country=US -Duser.language=en
Jul 12, 2019 6:35:54 AM java.util.jar.Attributes read
WARNING: Duplicate name in Manifest: SHA1-Digest.
Ensure that the manifest does not have duplicate entries, and
that blank lines separate individual sections in both your
manifest and in the META-INF/MANIFEST.MF entry in the jar file.
Jul 12, 2019 6:35:54 AM java.util.jar.Attributes read
WARNING: Duplicate name in Manifest: SHA1-Digest.
Ensure that the manifest does not have duplicate entries, and
that blank lines separate individual sections in both your
manifest and in the META-INF/MANIFEST.MF entry in the jar file.
Jul 12, 2019 6:35:54 AM java.util.jar.Attributes read
WARNING: Duplicate name in Manifest: SHA1-Digest.
Ensure that the manifest does not have duplicate entries, and
that blank lines separate individual sections in both your
manifest and in the META-INF/MANIFEST.MF entry in the jar file.
Jul 12, 2019 6:35:54 AM java.util.jar.Attributes read
WARNING: Duplicate name in Manifest: SHA1-Digest.
Ensure that the manifest does not have duplicate entries, and
that blank lines separate individual sections in both your
manifest and in the META-INF/MANIFEST.MF entry in the jar file.
Jul 12, 2019 6:35:54 AM java.util.jar.Attributes read
WARNING: Duplicate name in Manifest: SHA1-Digest.
Ensure that the manifest does not have duplicate entries, and
that blank lines separate individual sections in both your
manifest and in the META-INF/MANIFEST.MF entry in the jar file.
Jul 12, 2019 6:35:54 AM java.util.jar.Attributes read
WARNING: Duplicate name in Manifest: SHA1-Digest.
Ensure that the manifest does not have duplicate entries, and
that blank lines separate individual sections in both your
manifest and in the META-INF/MANIFEST.MF entry in the jar file.
Jul 12, 2019 6:35:54 AM java.util.jar.Attributes read
WARNING: Duplicate name in Manifest: SHA1-Digest.
Ensure that the manifest does not have duplicate entries, and
that blank lines separate individual sections in both your
manifest and in the META-INF/MANIFEST.MF entry in the jar file.
Jul 12, 2019 6:35:54 AM java.util.jar.Attributes read
WARNING: Duplicate name in Manifest: SHA1-Digest.
Ensure that the manifest does not have duplicate entries, and
that blank lines separate individual sections in both your
manifest and in the META-INF/MANIFEST.MF entry in the jar file.
Jul 12, 2019 6:35:54 AM java.util.jar.Attributes read
WARNING: Duplicate name in Manifest: SHA1-Digest.
Ensure that the manifest does not have duplicate entries, and
that blank lines separate individual sections in both your
manifest and in the META-INF/MANIFEST.MF entry in the jar file.
Jul 12, 2019 6:35:54 AM java.util.jar.Attributes read
WARNING: Duplicate name in Manifest: SHA1-Digest.
Ensure that the manifest does not have duplicate entries, and
that blank lines separate individual sections in both your
manifest and in the META-INF/MANIFEST.MF entry in the jar file.
Jul 12, 2019 6:35:54 AM java.util.jar.Attributes read
WARNING: Duplicate name in Manifest: SHA1-Digest.
Ensure that the manifest does not have duplicate entries, and
that blank lines separate individual sections in both your
manifest and in the META-INF/MANIFEST.MF entry in the jar file.
Jul 12, 2019 6:35:54 AM java.util.jar.Attributes read
WARNING: Duplicate name in Manifest: SHA1-Digest.
Ensure that the manifest does not have duplicate entries, and
that blank lines separate individual sections in both your
manifest and in the META-INF/MANIFEST.MF entry in the jar file.
Jul 12, 2019 6:35:54 AM java.util.jar.Attributes read
WARNING: Duplicate name in Manifest: SHA1-Digest.
Ensure that the manifest does not have duplicate entries, and
that blank lines separate individual sections in both your
manifest and in the META-INF/MANIFEST.MF entry in the jar file.
Jul 12, 2019 6:35:54 AM java.util.jar.Attributes read
WARNING: Duplicate name in Manifest: SHA1-Digest.
Ensure that the manifest does not have duplicate entries, and
that blank lines separate individual sections in both your
manifest and in the META-INF/MANIFEST.MF entry in the jar file.
Jul 12, 2019 6:35:54 AM java.util.jar.Attributes read
WARNING: Duplicate name in Manifest: SHA1-Digest.
Ensure that the manifest does not have duplicate entries, and
that blank lines separate individual sections in both your
manifest and in the META-INF/MANIFEST.MF entry in the jar file.
Jul 12, 2019 6:35:54 AM java.util.jar.Attributes read
WARNING: Duplicate name in Manifest: SHA1-Digest.
Ensure that the manifest does not have duplicate entries, and
that blank lines separate individual sections in both your
manifest and in the META-INF/MANIFEST.MF entry in the jar file.
Jul 12, 2019 6:35:54 AM java.util.jar.Attributes read
WARNING: Duplicate name in Manifest: SHA1-Digest.
Ensure that the manifest does not have duplicate entries, and
that blank lines separate individual sections in both your
manifest and in the META-INF/MANIFEST.MF entry in the jar file.
Jul 12, 2019 6:35:54 AM java.util.jar.Attributes read
WARNING: Duplicate name in Manifest: SHA1-Digest.
Ensure that the manifest does not have duplicate entries, and
that blank lines separate individual sections in both your
manifest and in the META-INF/MANIFEST.MF entry in the jar file.
Jul 12, 2019 6:35:54 AM java.util.jar.Attributes read
WARNING: Duplicate name in Manifest: SHA1-Digest.
Ensure that the manifest does not have duplicate entries, and
that blank lines separate individual sections in both your
manifest and in the META-INF/MANIFEST.MF entry in the jar file.
Jul 12, 2019 6:35:54 AM java.util.jar.Attributes read
WARNING: Duplicate name in Manifest: SHA1-Digest.
Ensure that the manifest does not have duplicate entries, and
that blank lines separate individual sections in both your
manifest and in the META-INF/MANIFEST.MF entry in the jar file.
Jul 12, 2019 6:35:54 AM java.util.jar.Attributes read
WARNING: Duplicate name in Manifest: SHA1-Digest.
Ensure that the manifest does not have duplicate entries, and
that blank lines separate individual sections in both your
manifest and in the META-INF/MANIFEST.MF entry in the jar file.
Jul 12, 2019 6:35:54 AM java.util.jar.Attributes read
WARNING: Duplicate name in Manifest: SHA1-Digest.
Ensure that the manifest does not have duplicate entries, and
that blank lines separate individual sections in both your
manifest and in the META-INF/MANIFEST.MF entry in the jar file.
Jul 12, 2019 6:35:54 AM java.util.jar.Attributes read
WARNING: Duplicate name in Manifest: SHA1-Digest.
Ensure that the manifest does not have duplicate entries, and
that blank lines separate individual sections in both your
manifest and in the META-INF/MANIFEST.MF entry in the jar file.
Jul 12, 2019 6:35:54 AM java.util.jar.Attributes read
WARNING: Duplicate name in Manifest: SHA1-Digest.
Ensure that the manifest does not have duplicate entries, and
that blank lines separate individual sections in both your
manifest and in the META-INF/MANIFEST.MF entry in the jar file.
Jul 12, 2019 6:35:54 AM java.util.jar.Attributes read
WARNING: Duplicate name in Manifest: SHA1-Digest.
Ensure that the manifest does not have duplicate entries, and
that blank lines separate individual sections in both your
manifest and in the META-INF/MANIFEST.MF entry in the jar file.
Jul 12, 2019 6:35:54 AM java.util.jar.Attributes read
WARNING: Duplicate name in Manifest: SHA1-Digest.
Ensure that the manifest does not have duplicate entries, and
that blank lines separate individual sections in both your
manifest and in the META-INF/MANIFEST.MF entry in the jar file.
Jul 12, 2019 6:35:54 AM java.util.jar.Attributes read
WARNING: Duplicate name in Manifest: SHA1-Digest.
Ensure that the manifest does not have duplicate entries, and
that blank lines separate individual sections in both your
manifest and in the META-INF/MANIFEST.MF entry in the jar file.
Jul 12, 2019 6:35:54 AM java.util.jar.Attributes read
WARNING: Duplicate name in Manifest: SHA1-Digest.
Ensure that the manifest does not have duplicate entries, and
that blank lines separate individual sections in both your
manifest and in the META-INF/MANIFEST.MF entry in the jar file.
Jul 12, 2019 6:35:54 AM java.util.jar.Attributes read
WARNING: Duplicate name in Manifest: SHA1-Digest.
Ensure that the manifest does not have duplicate entries, and
that blank lines separate individual sections in both your
manifest and in the META-INF/MANIFEST.MF entry in the jar file.
Jul 12, 2019 6:35:54 AM java.util.jar.Attributes read
WARNING: Duplicate name in Manifest: SHA1-Digest.
Ensure that the manifest does not have duplicate entries, and
that blank lines separate individual sections in both your
manifest and in the META-INF/MANIFEST.MF entry in the jar file.
Fault localization starts...
Jul 12, 2019 6:35:55 AM java.util.jar.Attributes read
WARNING: Duplicate name in Manifest: SHA1-Digest.
Ensure that the manifest does not have duplicate entries, and
that blank lines separate individual sections in both your
manifest and in the META-INF/MANIFEST.MF entry in the jar file.
Jul 12, 2019 6:35:55 AM java.util.jar.Attributes read
WARNING: Duplicate name in Manifest: SHA1-Digest.
Ensure that the manifest does not have duplicate entries, and
that blank lines separate individual sections in both your
manifest and in the META-INF/MANIFEST.MF entry in the jar file.
Jul 12, 2019 6:35:55 AM java.util.jar.Attributes read
WARNING: Duplicate name in Manifest: SHA1-Digest.
Ensure that the manifest does not have duplicate entries, and
that blank lines separate individual sections in both your
manifest and in the META-INF/MANIFEST.MF entry in the jar file.
Jul 12, 2019 6:35:55 AM java.util.jar.Attributes read
WARNING: Duplicate name in Manifest: SHA1-Digest.
Ensure that the manifest does not have duplicate entries, and
that blank lines separate individual sections in both your
manifest and in the META-INF/MANIFEST.MF entry in the jar file.
Jul 12, 2019 6:35:55 AM java.util.jar.Attributes read
WARNING: Duplicate name in Manifest: SHA1-Digest.
Ensure that the manifest does not have duplicate entries, and
that blank lines separate individual sections in both your
manifest and in the META-INF/MANIFEST.MF entry in the jar file.
Jul 12, 2019 6:35:55 AM java.util.jar.Attributes read
WARNING: Duplicate name in Manifest: SHA1-Digest.
Ensure that the manifest does not have duplicate entries, and
that blank lines separate individual sections in both your
manifest and in the META-INF/MANIFEST.MF entry in the jar file.
Jul 12, 2019 6:35:55 AM java.util.jar.Attributes read
WARNING: Duplicate name in Manifest: SHA1-Digest.
Ensure that the manifest does not have duplicate entries, and
that blank lines separate individual sections in both your
manifest and in the META-INF/MANIFEST.MF entry in the jar file.
Jul 12, 2019 6:35:55 AM java.util.jar.Attributes read
WARNING: Duplicate name in Manifest: SHA1-Digest.
Ensure that the manifest does not have duplicate entries, and
that blank lines separate individual sections in both your
manifest and in the META-INF/MANIFEST.MF entry in the jar file.
Jul 12, 2019 6:35:55 AM java.util.jar.Attributes read
WARNING: Duplicate name in Manifest: SHA1-Digest.
Ensure that the manifest does not have duplicate entries, and
that blank lines separate individual sections in both your
manifest and in the META-INF/MANIFEST.MF entry in the jar file.
Jul 12, 2019 6:35:55 AM java.util.jar.Attributes read
WARNING: Duplicate name in Manifest: SHA1-Digest.
Ensure that the manifest does not have duplicate entries, and
that blank lines separate individual sections in both your
manifest and in the META-INF/MANIFEST.MF entry in the jar file.
Jul 12, 2019 6:35:55 AM java.util.jar.Attributes read
WARNING: Duplicate name in Manifest: SHA1-Digest.
Ensure that the manifest does not have duplicate entries, and
that blank lines separate individual sections in both your
manifest and in the META-INF/MANIFEST.MF entry in the jar file.
Jul 12, 2019 6:35:55 AM java.util.jar.Attributes read
WARNING: Duplicate name in Manifest: SHA1-Digest.
Ensure that the manifest does not have duplicate entries, and
that blank lines separate individual sections in both your
manifest and in the META-INF/MANIFEST.MF entry in the jar file.
Jul 12, 2019 6:35:55 AM java.util.jar.Attributes read
WARNING: Duplicate name in Manifest: SHA1-Digest.
Ensure that the manifest does not have duplicate entries, and
that blank lines separate individual sections in both your
manifest and in the META-INF/MANIFEST.MF entry in the jar file.
Jul 12, 2019 6:35:55 AM java.util.jar.Attributes read
WARNING: Duplicate name in Manifest: SHA1-Digest.
Ensure that the manifest does not have duplicate entries, and
that blank lines separate individual sections in both your
manifest and in the META-INF/MANIFEST.MF entry in the jar file.
Jul 12, 2019 6:35:55 AM java.util.jar.Attributes read
WARNING: Duplicate name in Manifest: SHA1-Digest.
Ensure that the manifest does not have duplicate entries, and
that blank lines separate individual sections in both your
manifest and in the META-INF/MANIFEST.MF entry in the jar file.
Jul 12, 2019 6:35:55 AM java.util.jar.Attributes read
WARNING: Duplicate name in Manifest: SHA1-Digest.
Ensure that the manifest does not have duplicate entries, and
that blank lines separate individual sections in both your
manifest and in the META-INF/MANIFEST.MF entry in the jar file.
Jul 12, 2019 6:35:55 AM java.util.jar.Attributes read
WARNING: Duplicate name in Manifest: SHA1-Digest.
Ensure that the manifest does not have duplicate entries, and
that blank lines separate individual sections in both your
manifest and in the META-INF/MANIFEST.MF entry in the jar file.
Jul 12, 2019 6:35:55 AM java.util.jar.Attributes read
WARNING: Duplicate name in Manifest: SHA1-Digest.
Ensure that the manifest does not have duplicate entries, and
that blank lines separate individual sections in both your
manifest and in the META-INF/MANIFEST.MF entry in the jar file.
Jul 12, 2019 6:35:55 AM java.util.jar.Attributes read
WARNING: Duplicate name in Manifest: SHA1-Digest.
Ensure that the manifest does not have duplicate entries, and
that blank lines separate individual sections in both your
manifest and in the META-INF/MANIFEST.MF entry in the jar file.
Jul 12, 2019 6:35:55 AM java.util.jar.Attributes read
WARNING: Duplicate name in Manifest: SHA1-Digest.
Ensure that the manifest does not have duplicate entries, and
that blank lines separate individual sections in both your
manifest and in the META-INF/MANIFEST.MF entry in the jar file.
Jul 12, 2019 6:35:55 AM java.util.jar.Attributes read
WARNING: Duplicate name in Manifest: SHA1-Digest.
Ensure that the manifest does not have duplicate entries, and
that blank lines separate individual sections in both your
manifest and in the META-INF/MANIFEST.MF entry in the jar file.
Jul 12, 2019 6:35:55 AM java.util.jar.Attributes read
WARNING: Duplicate name in Manifest: SHA1-Digest.
Ensure that the manifest does not have duplicate entries, and
that blank lines separate individual sections in both your
manifest and in the META-INF/MANIFEST.MF entry in the jar file.
Jul 12, 2019 6:35:55 AM java.util.jar.Attributes read
WARNING: Duplicate name in Manifest: SHA1-Digest.
Ensure that the manifest does not have duplicate entries, and
that blank lines separate individual sections in both your
manifest and in the META-INF/MANIFEST.MF entry in the jar file.
Jul 12, 2019 6:35:55 AM java.util.jar.Attributes read
WARNING: Duplicate name in Manifest: SHA1-Digest.
Ensure that the manifest does not have duplicate entries, and
that blank lines separate individual sections in both your
manifest and in the META-INF/MANIFEST.MF entry in the jar file.
Jul 12, 2019 6:35:55 AM java.util.jar.Attributes read
WARNING: Duplicate name in Manifest: SHA1-Digest.
Ensure that the manifest does not have duplicate entries, and
that blank lines separate individual sections in both your
manifest and in the META-INF/MANIFEST.MF entry in the jar file.
Jul 12, 2019 6:35:55 AM java.util.jar.Attributes read
WARNING: Duplicate name in Manifest: SHA1-Digest.
Ensure that the manifest does not have duplicate entries, and
that blank lines separate individual sections in both your
manifest and in the META-INF/MANIFEST.MF entry in the jar file.
Jul 12, 2019 6:35:55 AM java.util.jar.Attributes read
WARNING: Duplicate name in Manifest: SHA1-Digest.
Ensure that the manifest does not have duplicate entries, and
that blank lines separate individual sections in both your
manifest and in the META-INF/MANIFEST.MF entry in the jar file.
Jul 12, 2019 6:35:55 AM java.util.jar.Attributes read
WARNING: Duplicate name in Manifest: SHA1-Digest.
Ensure that the manifest does not have duplicate entries, and
that blank lines separate individual sections in both your
manifest and in the META-INF/MANIFEST.MF entry in the jar file.
Jul 12, 2019 6:35:55 AM java.util.jar.Attributes read
WARNING: Duplicate name in Manifest: SHA1-Digest.
Ensure that the manifest does not have duplicate entries, and
that blank lines separate individual sections in both your
manifest and in the META-INF/MANIFEST.MF entry in the jar file.
Jul 12, 2019 6:35:55 AM java.util.jar.Attributes read
WARNING: Duplicate name in Manifest: SHA1-Digest.
Ensure that the manifest does not have duplicate entries, and
that blank lines separate individual sections in both your
manifest and in the META-INF/MANIFEST.MF entry in the jar file.
Defects4J
Lang-48
/tmp/Kali_Defects4J_Lang_48/src/java/
Number of positive tests: 2623
Number of negative tests: 17
faulty points number is1
Fault localization is finished!
AST parsing starts...
AST parsing is finished!
Detection of local variables starts...
Detection of local variables is finished!
Detection of fields starts...
Detection of fields is finished!
Detection of methods starts...
Detection of methods is finished!
Ingredient screener starts...
Ingredient screener is finished!
Initialization of manipulations starts...
Initialization of manipulations is finished!
Filtering of the tests starts...
Number of positive tests considered: 19
Filtering of the tests is finished!


Node: ubuntu



Date: Fri Jul 12 06:40:30 EDT 2019

