cd /tmp/jKali_Defects4J_Math_45;
export JAVA_TOOL_OPTIONS="-Dfile.encoding=UTF8 -Duser.language=en-US -Duser.country=US -Duser.language=en";
TZ="America/New_York"; export TZ;
export PATH="/home/wp/tool/jdk1.8.0_71/bin/:$PATH";
export JAVA_HOME="/home/wp/tool/jdk1.8.0_71/bin/";
time java -Xmx1g -Xms1g -cp /home/wp/RepairThemAll/script/../libs/jtestex7.jar:/home/wp/RepairThemAll/script/../repair_tools/astor.jar fr.inria.main.evolution.AstorMain \
	-mode jkali \
        -benchmark Defects4J \
	-location . \
	-id Math-45 \
	-failing org.apache.commons.math.linear.OpenMapRealMatrixTest \
	-jvm4testexecution /home/wp/tool/jdk1.7.0_80/bin/ \
	-jvm4evosuitetestexecution /home/wp/tool/jdk1.7.0_80/bin/ \
	-maxgen 1000000 \
	-maxtime 120 \
	-stopfirst true \
	-seed 0 \
	-scope local \
	-population 1 \
	-javacompliancelevel 5 \
	-srcjavafolder src/main/java/ \
	-srctestfolder src/test/java/ \
	-binjavafolder target/classes/ \
	-bintestfolder target/test-classes/ \
	-parameters x:x \
	-dependencies /tmp/jKali_Defects4J_Math_45/target/classes/:/tmp/jKali_Defects4J_Math_45/target/test-classes/:/home/wp/RepairThemAll/script/../benchmarks/defects4j/framework/projects/lib/junit-4.11.jar;
	echo "\n\nNode: `hostname`\n";
	echo "\n\nDate: `date`\n";
Picked up JAVA_TOOL_OPTIONS: -Dfile.encoding=UTF8 -Duser.language=en-US -Duser.country=US -Duser.language=en
Jun 30, 2019 2:29:52 PM java.util.jar.Attributes read
WARNING: Duplicate name in Manifest: SHA-256-Digest.
Ensure that the manifest does not have duplicate entries, and
that blank lines separate individual sections in both your
manifest and in the META-INF/MANIFEST.MF entry in the jar file.
Jun 30, 2019 2:29:52 PM java.util.jar.Attributes read
WARNING: Duplicate name in Manifest: SHA-256-Digest.
Ensure that the manifest does not have duplicate entries, and
that blank lines separate individual sections in both your
manifest and in the META-INF/MANIFEST.MF entry in the jar file.
Jun 30, 2019 2:29:52 PM java.util.jar.Attributes read
WARNING: Duplicate name in Manifest: SHA-256-Digest.
Ensure that the manifest does not have duplicate entries, and
that blank lines separate individual sections in both your
manifest and in the META-INF/MANIFEST.MF entry in the jar file.
Jun 30, 2019 2:29:52 PM java.util.jar.Attributes read
WARNING: Duplicate name in Manifest: SHA-256-Digest.
Ensure that the manifest does not have duplicate entries, and
that blank lines separate individual sections in both your
manifest and in the META-INF/MANIFEST.MF entry in the jar file.
Jun 30, 2019 2:29:52 PM java.util.jar.Attributes read
WARNING: Duplicate name in Manifest: SHA-256-Digest.
Ensure that the manifest does not have duplicate entries, and
that blank lines separate individual sections in both your
manifest and in the META-INF/MANIFEST.MF entry in the jar file.
Jun 30, 2019 2:29:52 PM java.util.jar.Attributes read
WARNING: Duplicate name in Manifest: SHA-256-Digest.
Ensure that the manifest does not have duplicate entries, and
that blank lines separate individual sections in both your
manifest and in the META-INF/MANIFEST.MF entry in the jar file.
Jun 30, 2019 2:29:52 PM java.util.jar.Attributes read
WARNING: Duplicate name in Manifest: SHA-256-Digest.
Ensure that the manifest does not have duplicate entries, and
that blank lines separate individual sections in both your
manifest and in the META-INF/MANIFEST.MF entry in the jar file.
Jun 30, 2019 2:29:52 PM java.util.jar.Attributes read
WARNING: Duplicate name in Manifest: SHA-256-Digest.
Ensure that the manifest does not have duplicate entries, and
that blank lines separate individual sections in both your
manifest and in the META-INF/MANIFEST.MF entry in the jar file.
Jun 30, 2019 2:29:52 PM java.util.jar.Attributes read
WARNING: Duplicate name in Manifest: SHA-256-Digest.
Ensure that the manifest does not have duplicate entries, and
that blank lines separate individual sections in both your
manifest and in the META-INF/MANIFEST.MF entry in the jar file.
Jun 30, 2019 2:29:52 PM java.util.jar.Attributes read
WARNING: Duplicate name in Manifest: SHA-256-Digest.
Ensure that the manifest does not have duplicate entries, and
that blank lines separate individual sections in both your
manifest and in the META-INF/MANIFEST.MF entry in the jar file.
Jun 30, 2019 2:29:52 PM java.util.jar.Attributes read
WARNING: Duplicate name in Manifest: SHA-256-Digest.
Ensure that the manifest does not have duplicate entries, and
that blank lines separate individual sections in both your
manifest and in the META-INF/MANIFEST.MF entry in the jar file.
Jun 30, 2019 2:29:52 PM java.util.jar.Attributes read
WARNING: Duplicate name in Manifest: SHA-256-Digest.
Ensure that the manifest does not have duplicate entries, and
that blank lines separate individual sections in both your
manifest and in the META-INF/MANIFEST.MF entry in the jar file.
Jun 30, 2019 2:29:52 PM java.util.jar.Attributes read
WARNING: Duplicate name in Manifest: SHA-256-Digest.
Ensure that the manifest does not have duplicate entries, and
that blank lines separate individual sections in both your
manifest and in the META-INF/MANIFEST.MF entry in the jar file.
Jun 30, 2019 2:29:52 PM java.util.jar.Attributes read
WARNING: Duplicate name in Manifest: SHA-256-Digest.
Ensure that the manifest does not have duplicate entries, and
that blank lines separate individual sections in both your
manifest and in the META-INF/MANIFEST.MF entry in the jar file.
Jun 30, 2019 2:29:52 PM java.util.jar.Attributes read
WARNING: Duplicate name in Manifest: SHA-256-Digest.
Ensure that the manifest does not have duplicate entries, and
that blank lines separate individual sections in both your
manifest and in the META-INF/MANIFEST.MF entry in the jar file.
Jun 30, 2019 2:29:52 PM java.util.jar.Attributes read
WARNING: Duplicate name in Manifest: SHA-256-Digest.
Ensure that the manifest does not have duplicate entries, and
that blank lines separate individual sections in both your
manifest and in the META-INF/MANIFEST.MF entry in the jar file.
Jun 30, 2019 2:29:52 PM java.util.jar.Attributes read
WARNING: Duplicate name in Manifest: SHA-256-Digest.
Ensure that the manifest does not have duplicate entries, and
that blank lines separate individual sections in both your
manifest and in the META-INF/MANIFEST.MF entry in the jar file.
Jun 30, 2019 2:29:52 PM java.util.jar.Attributes read
WARNING: Duplicate name in Manifest: SHA-256-Digest.
Ensure that the manifest does not have duplicate entries, and
that blank lines separate individual sections in both your
manifest and in the META-INF/MANIFEST.MF entry in the jar file.
Jun 30, 2019 2:29:52 PM java.util.jar.Attributes read
WARNING: Duplicate name in Manifest: SHA-256-Digest.
Ensure that the manifest does not have duplicate entries, and
that blank lines separate individual sections in both your
manifest and in the META-INF/MANIFEST.MF entry in the jar file.
Jun 30, 2019 2:29:52 PM java.util.jar.Attributes read
WARNING: Duplicate name in Manifest: SHA-256-Digest.
Ensure that the manifest does not have duplicate entries, and
that blank lines separate individual sections in both your
manifest and in the META-INF/MANIFEST.MF entry in the jar file.
Jun 30, 2019 2:29:52 PM java.util.jar.Attributes read
WARNING: Duplicate name in Manifest: SHA-256-Digest.
Ensure that the manifest does not have duplicate entries, and
that blank lines separate individual sections in both your
manifest and in the META-INF/MANIFEST.MF entry in the jar file.
Jun 30, 2019 2:29:52 PM java.util.jar.Attributes read
WARNING: Duplicate name in Manifest: SHA-256-Digest.
Ensure that the manifest does not have duplicate entries, and
that blank lines separate individual sections in both your
manifest and in the META-INF/MANIFEST.MF entry in the jar file.
Jun 30, 2019 2:29:52 PM java.util.jar.Attributes read
WARNING: Duplicate name in Manifest: SHA-256-Digest.
Ensure that the manifest does not have duplicate entries, and
that blank lines separate individual sections in both your
manifest and in the META-INF/MANIFEST.MF entry in the jar file.
Jun 30, 2019 2:29:52 PM java.util.jar.Attributes read
WARNING: Duplicate name in Manifest: SHA-256-Digest.
Ensure that the manifest does not have duplicate entries, and
that blank lines separate individual sections in both your
manifest and in the META-INF/MANIFEST.MF entry in the jar file.
Jun 30, 2019 2:29:52 PM java.util.jar.Attributes read
WARNING: Duplicate name in Manifest: SHA-256-Digest.
Ensure that the manifest does not have duplicate entries, and
that blank lines separate individual sections in both your
manifest and in the META-INF/MANIFEST.MF entry in the jar file.
Jun 30, 2019 2:29:52 PM java.util.jar.Attributes read
WARNING: Duplicate name in Manifest: SHA-256-Digest.
Ensure that the manifest does not have duplicate entries, and
that blank lines separate individual sections in both your
manifest and in the META-INF/MANIFEST.MF entry in the jar file.
Jun 30, 2019 2:29:52 PM java.util.jar.Attributes read
WARNING: Duplicate name in Manifest: SHA-256-Digest.
Ensure that the manifest does not have duplicate entries, and
that blank lines separate individual sections in both your
manifest and in the META-INF/MANIFEST.MF entry in the jar file.
Jun 30, 2019 2:29:52 PM java.util.jar.Attributes read
WARNING: Duplicate name in Manifest: SHA-256-Digest.
Ensure that the manifest does not have duplicate entries, and
that blank lines separate individual sections in both your
manifest and in the META-INF/MANIFEST.MF entry in the jar file.
Jun 30, 2019 2:29:52 PM java.util.jar.Attributes read
WARNING: Duplicate name in Manifest: SHA-256-Digest.
Ensure that the manifest does not have duplicate entries, and
that blank lines separate individual sections in both your
manifest and in the META-INF/MANIFEST.MF entry in the jar file.
Jun 30, 2019 2:29:52 PM java.util.jar.Attributes read
WARNING: Duplicate name in Manifest: SHA-256-Digest.
Ensure that the manifest does not have duplicate entries, and
that blank lines separate individual sections in both your
manifest and in the META-INF/MANIFEST.MF entry in the jar file.
Jun 30, 2019 2:29:52 PM java.util.jar.Attributes read
WARNING: Duplicate name in Manifest: SHA-256-Digest.
Ensure that the manifest does not have duplicate entries, and
that blank lines separate individual sections in both your
manifest and in the META-INF/MANIFEST.MF entry in the jar file.
Jun 30, 2019 2:29:52 PM java.util.jar.Attributes read
WARNING: Duplicate name in Manifest: SHA-256-Digest.
Ensure that the manifest does not have duplicate entries, and
that blank lines separate individual sections in both your
manifest and in the META-INF/MANIFEST.MF entry in the jar file.
Jun 30, 2019 2:29:52 PM java.util.jar.Attributes read
WARNING: Duplicate name in Manifest: SHA-256-Digest.
Ensure that the manifest does not have duplicate entries, and
that blank lines separate individual sections in both your
manifest and in the META-INF/MANIFEST.MF entry in the jar file.
Jun 30, 2019 2:29:52 PM java.util.jar.Attributes read
WARNING: Duplicate name in Manifest: SHA-256-Digest.
Ensure that the manifest does not have duplicate entries, and
that blank lines separate individual sections in both your
manifest and in the META-INF/MANIFEST.MF entry in the jar file.
Jun 30, 2019 2:29:52 PM java.util.jar.Attributes read
WARNING: Duplicate name in Manifest: SHA-256-Digest.
Ensure that the manifest does not have duplicate entries, and
that blank lines separate individual sections in both your
manifest and in the META-INF/MANIFEST.MF entry in the jar file.
Jun 30, 2019 2:29:52 PM java.util.jar.Attributes read
WARNING: Duplicate name in Manifest: SHA-256-Digest.
Ensure that the manifest does not have duplicate entries, and
that blank lines separate individual sections in both your
manifest and in the META-INF/MANIFEST.MF entry in the jar file.
Jun 30, 2019 2:29:52 PM java.util.jar.Attributes read
WARNING: Duplicate name in Manifest: SHA-256-Digest.
Ensure that the manifest does not have duplicate entries, and
that blank lines separate individual sections in both your
manifest and in the META-INF/MANIFEST.MF entry in the jar file.
Jun 30, 2019 2:29:52 PM java.util.jar.Attributes read
WARNING: Duplicate name in Manifest: SHA-256-Digest.
Ensure that the manifest does not have duplicate entries, and
that blank lines separate individual sections in both your
manifest and in the META-INF/MANIFEST.MF entry in the jar file.
Jun 30, 2019 2:29:52 PM java.util.jar.Attributes read
WARNING: Duplicate name in Manifest: SHA-256-Digest.
Ensure that the manifest does not have duplicate entries, and
that blank lines separate individual sections in both your
manifest and in the META-INF/MANIFEST.MF entry in the jar file.
Jun 30, 2019 2:29:52 PM java.util.jar.Attributes read
WARNING: Duplicate name in Manifest: SHA-256-Digest.
Ensure that the manifest does not have duplicate entries, and
that blank lines separate individual sections in both your
manifest and in the META-INF/MANIFEST.MF entry in the jar file.
Jun 30, 2019 2:29:52 PM java.util.jar.Attributes read
WARNING: Duplicate name in Manifest: SHA-256-Digest.
Ensure that the manifest does not have duplicate entries, and
that blank lines separate individual sections in both your
manifest and in the META-INF/MANIFEST.MF entry in the jar file.
Jun 30, 2019 2:29:52 PM java.util.jar.Attributes read
WARNING: Duplicate name in Manifest: SHA-256-Digest.
Ensure that the manifest does not have duplicate entries, and
that blank lines separate individual sections in both your
manifest and in the META-INF/MANIFEST.MF entry in the jar file.
Jun 30, 2019 2:29:52 PM java.util.jar.Attributes read
WARNING: Duplicate name in Manifest: SHA-256-Digest.
Ensure that the manifest does not have duplicate entries, and
that blank lines separate individual sections in both your
manifest and in the META-INF/MANIFEST.MF entry in the jar file.
Jun 30, 2019 2:29:52 PM java.util.jar.Attributes read
WARNING: Duplicate name in Manifest: SHA-256-Digest.
Ensure that the manifest does not have duplicate entries, and
that blank lines separate individual sections in both your
manifest and in the META-INF/MANIFEST.MF entry in the jar file.
Jun 30, 2019 2:29:52 PM java.util.jar.Attributes read
WARNING: Duplicate name in Manifest: SHA-256-Digest.
Ensure that the manifest does not have duplicate entries, and
that blank lines separate individual sections in both your
manifest and in the META-INF/MANIFEST.MF entry in the jar file.
Jun 30, 2019 2:29:52 PM java.util.jar.Attributes read
WARNING: Duplicate name in Manifest: SHA-256-Digest.
Ensure that the manifest does not have duplicate entries, and
that blank lines separate individual sections in both your
manifest and in the META-INF/MANIFEST.MF entry in the jar file.
Jun 30, 2019 2:29:52 PM java.util.jar.Attributes read
WARNING: Duplicate name in Manifest: SHA-256-Digest.
Ensure that the manifest does not have duplicate entries, and
that blank lines separate individual sections in both your
manifest and in the META-INF/MANIFEST.MF entry in the jar file.
Jun 30, 2019 2:29:52 PM java.util.jar.Attributes read
WARNING: Duplicate name in Manifest: SHA-256-Digest.
Ensure that the manifest does not have duplicate entries, and
that blank lines separate individual sections in both your
manifest and in the META-INF/MANIFEST.MF entry in the jar file.
Jun 30, 2019 2:29:52 PM java.util.jar.Attributes read
WARNING: Duplicate name in Manifest: SHA-256-Digest.
Ensure that the manifest does not have duplicate entries, and
that blank lines separate individual sections in both your
manifest and in the META-INF/MANIFEST.MF entry in the jar file.
Jun 30, 2019 2:29:52 PM java.util.jar.Attributes read
WARNING: Duplicate name in Manifest: SHA-256-Digest.
Ensure that the manifest does not have duplicate entries, and
that blank lines separate individual sections in both your
manifest and in the META-INF/MANIFEST.MF entry in the jar file.
Jun 30, 2019 2:29:52 PM java.util.jar.Attributes read
WARNING: Duplicate name in Manifest: SHA-256-Digest.
Ensure that the manifest does not have duplicate entries, and
that blank lines separate individual sections in both your
manifest and in the META-INF/MANIFEST.MF entry in the jar file.
Jun 30, 2019 2:29:52 PM java.util.jar.Attributes read
WARNING: Duplicate name in Manifest: SHA-256-Digest.
Ensure that the manifest does not have duplicate entries, and
that blank lines separate individual sections in both your
manifest and in the META-INF/MANIFEST.MF entry in the jar file.
Jun 30, 2019 2:29:52 PM java.util.jar.Attributes read
WARNING: Duplicate name in Manifest: SHA-256-Digest.
Ensure that the manifest does not have duplicate entries, and
that blank lines separate individual sections in both your
manifest and in the META-INF/MANIFEST.MF entry in the jar file.
Jun 30, 2019 2:29:52 PM java.util.jar.Attributes read
WARNING: Duplicate name in Manifest: SHA-256-Digest.
Ensure that the manifest does not have duplicate entries, and
that blank lines separate individual sections in both your
manifest and in the META-INF/MANIFEST.MF entry in the jar file.
Jun 30, 2019 2:29:52 PM java.util.jar.Attributes read
WARNING: Duplicate name in Manifest: SHA-256-Digest.
Ensure that the manifest does not have duplicate entries, and
that blank lines separate individual sections in both your
manifest and in the META-INF/MANIFEST.MF entry in the jar file.
Jun 30, 2019 2:29:52 PM java.util.jar.Attributes read
WARNING: Duplicate name in Manifest: SHA-256-Digest.
Ensure that the manifest does not have duplicate entries, and
that blank lines separate individual sections in both your
manifest and in the META-INF/MANIFEST.MF entry in the jar file.
Jun 30, 2019 2:29:52 PM java.util.jar.Attributes read
WARNING: Duplicate name in Manifest: SHA-256-Digest.
Ensure that the manifest does not have duplicate entries, and
that blank lines separate individual sections in both your
manifest and in the META-INF/MANIFEST.MF entry in the jar file.
Jun 30, 2019 2:29:52 PM java.util.jar.Attributes read
WARNING: Duplicate name in Manifest: SHA-256-Digest.
Ensure that the manifest does not have duplicate entries, and
that blank lines separate individual sections in both your
manifest and in the META-INF/MANIFEST.MF entry in the jar file.
Jun 30, 2019 2:29:52 PM java.util.jar.Attributes read
WARNING: Duplicate name in Manifest: SHA-256-Digest.
Ensure that the manifest does not have duplicate entries, and
that blank lines separate individual sections in both your
manifest and in the META-INF/MANIFEST.MF entry in the jar file.
Jun 30, 2019 2:29:52 PM java.util.jar.Attributes read
WARNING: Duplicate name in Manifest: SHA-256-Digest.
Ensure that the manifest does not have duplicate entries, and
that blank lines separate individual sections in both your
manifest and in the META-INF/MANIFEST.MF entry in the jar file.
Jun 30, 2019 2:29:52 PM java.util.jar.Attributes read
WARNING: Duplicate name in Manifest: SHA-256-Digest.
Ensure that the manifest does not have duplicate entries, and
that blank lines separate individual sections in both your
manifest and in the META-INF/MANIFEST.MF entry in the jar file.
Jun 30, 2019 2:29:53 PM java.util.jar.Attributes read
WARNING: Duplicate name in Manifest: SHA-256-Digest.
Ensure that the manifest does not have duplicate entries, and
that blank lines separate individual sections in both your
manifest and in the META-INF/MANIFEST.MF entry in the jar file.
Jun 30, 2019 2:29:53 PM java.util.jar.Attributes read
WARNING: Duplicate name in Manifest: SHA-256-Digest.
Ensure that the manifest does not have duplicate entries, and
that blank lines separate individual sections in both your
manifest and in the META-INF/MANIFEST.MF entry in the jar file.
Jun 30, 2019 2:29:53 PM java.util.jar.Attributes read
WARNING: Duplicate name in Manifest: SHA-256-Digest.
Ensure that the manifest does not have duplicate entries, and
that blank lines separate individual sections in both your
manifest and in the META-INF/MANIFEST.MF entry in the jar file.
Jun 30, 2019 2:29:53 PM java.util.jar.Attributes read
WARNING: Duplicate name in Manifest: SHA-256-Digest.
Ensure that the manifest does not have duplicate entries, and
that blank lines separate individual sections in both your
manifest and in the META-INF/MANIFEST.MF entry in the jar file.
Jun 30, 2019 2:29:53 PM java.util.jar.Attributes read
WARNING: Duplicate name in Manifest: SHA-256-Digest.
Ensure that the manifest does not have duplicate entries, and
that blank lines separate individual sections in both your
manifest and in the META-INF/MANIFEST.MF entry in the jar file.
Jun 30, 2019 2:29:53 PM java.util.jar.Attributes read
WARNING: Duplicate name in Manifest: SHA-256-Digest.
Ensure that the manifest does not have duplicate entries, and
that blank lines separate individual sections in both your
manifest and in the META-INF/MANIFEST.MF entry in the jar file.
Jun 30, 2019 2:29:53 PM java.util.jar.Attributes read
WARNING: Duplicate name in Manifest: SHA-256-Digest.
Ensure that the manifest does not have duplicate entries, and
that blank lines separate individual sections in both your
manifest and in the META-INF/MANIFEST.MF entry in the jar file.
Jun 30, 2019 2:29:53 PM java.util.jar.Attributes read
WARNING: Duplicate name in Manifest: SHA-256-Digest.
Ensure that the manifest does not have duplicate entries, and
that blank lines separate individual sections in both your
manifest and in the META-INF/MANIFEST.MF entry in the jar file.
Jun 30, 2019 2:29:53 PM java.util.jar.Attributes read
WARNING: Duplicate name in Manifest: SHA-256-Digest.
Ensure that the manifest does not have duplicate entries, and
that blank lines separate individual sections in both your
manifest and in the META-INF/MANIFEST.MF entry in the jar file.
Jun 30, 2019 2:29:53 PM java.util.jar.Attributes read
WARNING: Duplicate name in Manifest: SHA-256-Digest.
Ensure that the manifest does not have duplicate entries, and
that blank lines separate individual sections in both your
manifest and in the META-INF/MANIFEST.MF entry in the jar file.
Jun 30, 2019 2:29:53 PM java.util.jar.Attributes read
WARNING: Duplicate name in Manifest: SHA-256-Digest.
Ensure that the manifest does not have duplicate entries, and
that blank lines separate individual sections in both your
manifest and in the META-INF/MANIFEST.MF entry in the jar file.
Jun 30, 2019 2:29:53 PM java.util.jar.Attributes read
WARNING: Duplicate name in Manifest: SHA-256-Digest.
Ensure that the manifest does not have duplicate entries, and
that blank lines separate individual sections in both your
manifest and in the META-INF/MANIFEST.MF entry in the jar file.
Jun 30, 2019 2:29:53 PM java.util.jar.Attributes read
WARNING: Duplicate name in Manifest: SHA-256-Digest.
Ensure that the manifest does not have duplicate entries, and
that blank lines separate individual sections in both your
manifest and in the META-INF/MANIFEST.MF entry in the jar file.
Jun 30, 2019 2:29:53 PM java.util.jar.Attributes read
WARNING: Duplicate name in Manifest: SHA-256-Digest.
Ensure that the manifest does not have duplicate entries, and
that blank lines separate individual sections in both your
manifest and in the META-INF/MANIFEST.MF entry in the jar file.
Jun 30, 2019 2:29:53 PM java.util.jar.Attributes read
WARNING: Duplicate name in Manifest: SHA-256-Digest.
Ensure that the manifest does not have duplicate entries, and
that blank lines separate individual sections in both your
manifest and in the META-INF/MANIFEST.MF entry in the jar file.
Jun 30, 2019 2:29:53 PM java.util.jar.Attributes read
WARNING: Duplicate name in Manifest: SHA-256-Digest.
Ensure that the manifest does not have duplicate entries, and
that blank lines separate individual sections in both your
manifest and in the META-INF/MANIFEST.MF entry in the jar file.
Jun 30, 2019 2:29:53 PM java.util.jar.Attributes read
WARNING: Duplicate name in Manifest: SHA-256-Digest.
Ensure that the manifest does not have duplicate entries, and
that blank lines separate individual sections in both your
manifest and in the META-INF/MANIFEST.MF entry in the jar file.
Jun 30, 2019 2:29:53 PM java.util.jar.Attributes read
WARNING: Duplicate name in Manifest: SHA-256-Digest.
Ensure that the manifest does not have duplicate entries, and
that blank lines separate individual sections in both your
manifest and in the META-INF/MANIFEST.MF entry in the jar file.
Jun 30, 2019 2:29:53 PM java.util.jar.Attributes read
WARNING: Duplicate name in Manifest: SHA-256-Digest.
Ensure that the manifest does not have duplicate entries, and
that blank lines separate individual sections in both your
manifest and in the META-INF/MANIFEST.MF entry in the jar file.
Jun 30, 2019 2:29:53 PM java.util.jar.Attributes read
WARNING: Duplicate name in Manifest: SHA-256-Digest.
Ensure that the manifest does not have duplicate entries, and
that blank lines separate individual sections in both your
manifest and in the META-INF/MANIFEST.MF entry in the jar file.
Jun 30, 2019 2:29:53 PM java.util.jar.Attributes read
WARNING: Duplicate name in Manifest: SHA-256-Digest.
Ensure that the manifest does not have duplicate entries, and
that blank lines separate individual sections in both your
manifest and in the META-INF/MANIFEST.MF entry in the jar file.
Jun 30, 2019 2:29:53 PM java.util.jar.Attributes read
WARNING: Duplicate name in Manifest: SHA-256-Digest.
Ensure that the manifest does not have duplicate entries, and
that blank lines separate individual sections in both your
manifest and in the META-INF/MANIFEST.MF entry in the jar file.
Jun 30, 2019 2:29:53 PM java.util.jar.Attributes read
WARNING: Duplicate name in Manifest: SHA-256-Digest.
Ensure that the manifest does not have duplicate entries, and
that blank lines separate individual sections in both your
manifest and in the META-INF/MANIFEST.MF entry in the jar file.
Jun 30, 2019 2:29:53 PM java.util.jar.Attributes read
WARNING: Duplicate name in Manifest: SHA-256-Digest.
Ensure that the manifest does not have duplicate entries, and
that blank lines separate individual sections in both your
manifest and in the META-INF/MANIFEST.MF entry in the jar file.
Jun 30, 2019 2:29:53 PM java.util.jar.Attributes read
WARNING: Duplicate name in Manifest: SHA-256-Digest.
Ensure that the manifest does not have duplicate entries, and
that blank lines separate individual sections in both your
manifest and in the META-INF/MANIFEST.MF entry in the jar file.
Jun 30, 2019 2:29:53 PM java.util.jar.Attributes read
WARNING: Duplicate name in Manifest: SHA-256-Digest.
Ensure that the manifest does not have duplicate entries, and
that blank lines separate individual sections in both your
manifest and in the META-INF/MANIFEST.MF entry in the jar file.
Jun 30, 2019 2:29:53 PM java.util.jar.Attributes read
WARNING: Duplicate name in Manifest: SHA-256-Digest.
Ensure that the manifest does not have duplicate entries, and
that blank lines separate individual sections in both your
manifest and in the META-INF/MANIFEST.MF entry in the jar file.
Jun 30, 2019 2:29:53 PM java.util.jar.Attributes read
WARNING: Duplicate name in Manifest: SHA-256-Digest.
Ensure that the manifest does not have duplicate entries, and
that blank lines separate individual sections in both your
manifest and in the META-INF/MANIFEST.MF entry in the jar file.
Jun 30, 2019 2:29:53 PM java.util.jar.Attributes read
WARNING: Duplicate name in Manifest: SHA-256-Digest.
Ensure that the manifest does not have duplicate entries, and
that blank lines separate individual sections in both your
manifest and in the META-INF/MANIFEST.MF entry in the jar file.
Jun 30, 2019 2:29:53 PM java.util.jar.Attributes read
WARNING: Duplicate name in Manifest: SHA-256-Digest.
Ensure that the manifest does not have duplicate entries, and
that blank lines separate individual sections in both your
manifest and in the META-INF/MANIFEST.MF entry in the jar file.
Jun 30, 2019 2:29:53 PM java.util.jar.Attributes read
WARNING: Duplicate name in Manifest: SHA-256-Digest.
Ensure that the manifest does not have duplicate entries, and
that blank lines separate individual sections in both your
manifest and in the META-INF/MANIFEST.MF entry in the jar file.
Jun 30, 2019 2:29:53 PM java.util.jar.Attributes read
WARNING: Duplicate name in Manifest: SHA-256-Digest.
Ensure that the manifest does not have duplicate entries, and
that blank lines separate individual sections in both your
manifest and in the META-INF/MANIFEST.MF entry in the jar file.
Jun 30, 2019 2:29:53 PM java.util.jar.Attributes read
WARNING: Duplicate name in Manifest: SHA-256-Digest.
Ensure that the manifest does not have duplicate entries, and
that blank lines separate individual sections in both your
manifest and in the META-INF/MANIFEST.MF entry in the jar file.
Jun 30, 2019 2:29:53 PM java.util.jar.Attributes read
WARNING: Duplicate name in Manifest: SHA-256-Digest.
Ensure that the manifest does not have duplicate entries, and
that blank lines separate individual sections in both your
manifest and in the META-INF/MANIFEST.MF entry in the jar file.
Jun 30, 2019 2:29:53 PM java.util.jar.Attributes read
WARNING: Duplicate name in Manifest: SHA-256-Digest.
Ensure that the manifest does not have duplicate entries, and
that blank lines separate individual sections in both your
manifest and in the META-INF/MANIFEST.MF entry in the jar file.
Jun 30, 2019 2:29:53 PM java.util.jar.Attributes read
WARNING: Duplicate name in Manifest: SHA-256-Digest.
Ensure that the manifest does not have duplicate entries, and
that blank lines separate individual sections in both your
manifest and in the META-INF/MANIFEST.MF entry in the jar file.
Jun 30, 2019 2:29:53 PM java.util.jar.Attributes read
WARNING: Duplicate name in Manifest: SHA-256-Digest.
Ensure that the manifest does not have duplicate entries, and
that blank lines separate individual sections in both your
manifest and in the META-INF/MANIFEST.MF entry in the jar file.
Jun 30, 2019 2:29:53 PM java.util.jar.Attributes read
WARNING: Duplicate name in Manifest: SHA-256-Digest.
Ensure that the manifest does not have duplicate entries, and
that blank lines separate individual sections in both your
manifest and in the META-INF/MANIFEST.MF entry in the jar file.
Jun 30, 2019 2:29:53 PM java.util.jar.Attributes read
WARNING: Duplicate name in Manifest: SHA-256-Digest.
Ensure that the manifest does not have duplicate entries, and
that blank lines separate individual sections in both your
manifest and in the META-INF/MANIFEST.MF entry in the jar file.
Jun 30, 2019 2:29:53 PM java.util.jar.Attributes read
WARNING: Duplicate name in Manifest: SHA-256-Digest.
Ensure that the manifest does not have duplicate entries, and
that blank lines separate individual sections in both your
manifest and in the META-INF/MANIFEST.MF entry in the jar file.
Jun 30, 2019 2:29:53 PM java.util.jar.Attributes read
WARNING: Duplicate name in Manifest: SHA-256-Digest.
Ensure that the manifest does not have duplicate entries, and
that blank lines separate individual sections in both your
manifest and in the META-INF/MANIFEST.MF entry in the jar file.
Jun 30, 2019 2:29:53 PM java.util.jar.Attributes read
WARNING: Duplicate name in Manifest: SHA-256-Digest.
Ensure that the manifest does not have duplicate entries, and
that blank lines separate individual sections in both your
manifest and in the META-INF/MANIFEST.MF entry in the jar file.
Jun 30, 2019 2:29:53 PM java.util.jar.Attributes read
WARNING: Duplicate name in Manifest: SHA-256-Digest.
Ensure that the manifest does not have duplicate entries, and
that blank lines separate individual sections in both your
manifest and in the META-INF/MANIFEST.MF entry in the jar file.
Jun 30, 2019 2:29:53 PM java.util.jar.Attributes read
WARNING: Duplicate name in Manifest: SHA-256-Digest.
Ensure that the manifest does not have duplicate entries, and
that blank lines separate individual sections in both your
manifest and in the META-INF/MANIFEST.MF entry in the jar file.
Jun 30, 2019 2:29:53 PM java.util.jar.Attributes read
WARNING: Duplicate name in Manifest: SHA-256-Digest.
Ensure that the manifest does not have duplicate entries, and
that blank lines separate individual sections in both your
manifest and in the META-INF/MANIFEST.MF entry in the jar file.
Jun 30, 2019 2:29:53 PM java.util.jar.Attributes read
WARNING: Duplicate name in Manifest: SHA-256-Digest.
Ensure that the manifest does not have duplicate entries, and
that blank lines separate individual sections in both your
manifest and in the META-INF/MANIFEST.MF entry in the jar file.
Jun 30, 2019 2:29:53 PM java.util.jar.Attributes read
WARNING: Duplicate name in Manifest: SHA-256-Digest.
Ensure that the manifest does not have duplicate entries, and
that blank lines separate individual sections in both your
manifest and in the META-INF/MANIFEST.MF entry in the jar file.
Jun 30, 2019 2:29:53 PM java.util.jar.Attributes read
WARNING: Duplicate name in Manifest: SHA-256-Digest.
Ensure that the manifest does not have duplicate entries, and
that blank lines separate individual sections in both your
manifest and in the META-INF/MANIFEST.MF entry in the jar file.
Jun 30, 2019 2:29:53 PM java.util.jar.Attributes read
WARNING: Duplicate name in Manifest: SHA-256-Digest.
Ensure that the manifest does not have duplicate entries, and
that blank lines separate individual sections in both your
manifest and in the META-INF/MANIFEST.MF entry in the jar file.
Jun 30, 2019 2:29:53 PM java.util.jar.Attributes read
WARNING: Duplicate name in Manifest: SHA-256-Digest.
Ensure that the manifest does not have duplicate entries, and
that blank lines separate individual sections in both your
manifest and in the META-INF/MANIFEST.MF entry in the jar file.
Jun 30, 2019 2:29:53 PM java.util.jar.Attributes read
WARNING: Duplicate name in Manifest: SHA-256-Digest.
Ensure that the manifest does not have duplicate entries, and
that blank lines separate individual sections in both your
manifest and in the META-INF/MANIFEST.MF entry in the jar file.
Jun 30, 2019 2:29:53 PM java.util.jar.Attributes read
WARNING: Duplicate name in Manifest: SHA-256-Digest.
Ensure that the manifest does not have duplicate entries, and
that blank lines separate individual sections in both your
manifest and in the META-INF/MANIFEST.MF entry in the jar file.
Jun 30, 2019 2:29:53 PM java.util.jar.Attributes read
WARNING: Duplicate name in Manifest: SHA-256-Digest.
Ensure that the manifest does not have duplicate entries, and
that blank lines separate individual sections in both your
manifest and in the META-INF/MANIFEST.MF entry in the jar file.
Jun 30, 2019 2:29:53 PM java.util.jar.Attributes read
WARNING: Duplicate name in Manifest: SHA-256-Digest.
Ensure that the manifest does not have duplicate entries, and
that blank lines separate individual sections in both your
manifest and in the META-INF/MANIFEST.MF entry in the jar file.
Jun 30, 2019 2:29:53 PM java.util.jar.Attributes read
WARNING: Duplicate name in Manifest: SHA-256-Digest.
Ensure that the manifest does not have duplicate entries, and
that blank lines separate individual sections in both your
manifest and in the META-INF/MANIFEST.MF entry in the jar file.
Jun 30, 2019 2:29:53 PM java.util.jar.Attributes read
WARNING: Duplicate name in Manifest: SHA-256-Digest.
Ensure that the manifest does not have duplicate entries, and
that blank lines separate individual sections in both your
manifest and in the META-INF/MANIFEST.MF entry in the jar file.
Jun 30, 2019 2:29:53 PM java.util.jar.Attributes read
WARNING: Duplicate name in Manifest: SHA-256-Digest.
Ensure that the manifest does not have duplicate entries, and
that blank lines separate individual sections in both your
manifest and in the META-INF/MANIFEST.MF entry in the jar file.
Jun 30, 2019 2:29:53 PM java.util.jar.Attributes read
WARNING: Duplicate name in Manifest: SHA-256-Digest.
Ensure that the manifest does not have duplicate entries, and
that blank lines separate individual sections in both your
manifest and in the META-INF/MANIFEST.MF entry in the jar file.
Jun 30, 2019 2:29:53 PM java.util.jar.Attributes read
WARNING: Duplicate name in Manifest: SHA-256-Digest.
Ensure that the manifest does not have duplicate entries, and
that blank lines separate individual sections in both your
manifest and in the META-INF/MANIFEST.MF entry in the jar file.
Jun 30, 2019 2:29:53 PM java.util.jar.Attributes read
WARNING: Duplicate name in Manifest: SHA-256-Digest.
Ensure that the manifest does not have duplicate entries, and
that blank lines separate individual sections in both your
manifest and in the META-INF/MANIFEST.MF entry in the jar file.
Jun 30, 2019 2:29:53 PM java.util.jar.Attributes read
WARNING: Duplicate name in Manifest: SHA-256-Digest.
Ensure that the manifest does not have duplicate entries, and
that blank lines separate individual sections in both your
manifest and in the META-INF/MANIFEST.MF entry in the jar file.
Jun 30, 2019 2:29:53 PM java.util.jar.Attributes read
WARNING: Duplicate name in Manifest: SHA-256-Digest.
Ensure that the manifest does not have duplicate entries, and
that blank lines separate individual sections in both your
manifest and in the META-INF/MANIFEST.MF entry in the jar file.
Jun 30, 2019 2:29:53 PM java.util.jar.Attributes read
WARNING: Duplicate name in Manifest: SHA-256-Digest.
Ensure that the manifest does not have duplicate entries, and
that blank lines separate individual sections in both your
manifest and in the META-INF/MANIFEST.MF entry in the jar file.
Jun 30, 2019 2:29:53 PM java.util.jar.Attributes read
WARNING: Duplicate name in Manifest: SHA-256-Digest.
Ensure that the manifest does not have duplicate entries, and
that blank lines separate individual sections in both your
manifest and in the META-INF/MANIFEST.MF entry in the jar file.
Jun 30, 2019 2:29:53 PM java.util.jar.Attributes read
WARNING: Duplicate name in Manifest: SHA-256-Digest.
Ensure that the manifest does not have duplicate entries, and
that blank lines separate individual sections in both your
manifest and in the META-INF/MANIFEST.MF entry in the jar file.
Jun 30, 2019 2:29:53 PM java.util.jar.Attributes read
WARNING: Duplicate name in Manifest: SHA-256-Digest.
Ensure that the manifest does not have duplicate entries, and
that blank lines separate individual sections in both your
manifest and in the META-INF/MANIFEST.MF entry in the jar file.
Jun 30, 2019 2:29:53 PM java.util.jar.Attributes read
WARNING: Duplicate name in Manifest: SHA-256-Digest.
Ensure that the manifest does not have duplicate entries, and
that blank lines separate individual sections in both your
manifest and in the META-INF/MANIFEST.MF entry in the jar file.
Jun 30, 2019 2:29:53 PM java.util.jar.Attributes read
WARNING: Duplicate name in Manifest: SHA-256-Digest.
Ensure that the manifest does not have duplicate entries, and
that blank lines separate individual sections in both your
manifest and in the META-INF/MANIFEST.MF entry in the jar file.
Jun 30, 2019 2:29:53 PM java.util.jar.Attributes read
WARNING: Duplicate name in Manifest: SHA-256-Digest.
Ensure that the manifest does not have duplicate entries, and
that blank lines separate individual sections in both your
manifest and in the META-INF/MANIFEST.MF entry in the jar file.
Jun 30, 2019 2:29:53 PM java.util.jar.Attributes read
WARNING: Duplicate name in Manifest: SHA-256-Digest.
Ensure that the manifest does not have duplicate entries, and
that blank lines separate individual sections in both your
manifest and in the META-INF/MANIFEST.MF entry in the jar file.
Jun 30, 2019 2:29:53 PM java.util.jar.Attributes read
WARNING: Duplicate name in Manifest: SHA-256-Digest.
Ensure that the manifest does not have duplicate entries, and
that blank lines separate individual sections in both your
manifest and in the META-INF/MANIFEST.MF entry in the jar file.
Jun 30, 2019 2:29:53 PM java.util.jar.Attributes read
WARNING: Duplicate name in Manifest: SHA-256-Digest.
Ensure that the manifest does not have duplicate entries, and
that blank lines separate individual sections in both your
manifest and in the META-INF/MANIFEST.MF entry in the jar file.
Jun 30, 2019 2:29:53 PM java.util.jar.Attributes read
WARNING: Duplicate name in Manifest: SHA-256-Digest.
Ensure that the manifest does not have duplicate entries, and
that blank lines separate individual sections in both your
manifest and in the META-INF/MANIFEST.MF entry in the jar file.
Jun 30, 2019 2:29:53 PM java.util.jar.Attributes read
WARNING: Duplicate name in Manifest: SHA-256-Digest.
Ensure that the manifest does not have duplicate entries, and
that blank lines separate individual sections in both your
manifest and in the META-INF/MANIFEST.MF entry in the jar file.
Jun 30, 2019 2:29:53 PM java.util.jar.Attributes read
WARNING: Duplicate name in Manifest: SHA-256-Digest.
Ensure that the manifest does not have duplicate entries, and
that blank lines separate individual sections in both your
manifest and in the META-INF/MANIFEST.MF entry in the jar file.
Jun 30, 2019 2:29:53 PM java.util.jar.Attributes read
WARNING: Duplicate name in Manifest: SHA-256-Digest.
Ensure that the manifest does not have duplicate entries, and
that blank lines separate individual sections in both your
manifest and in the META-INF/MANIFEST.MF entry in the jar file.
Jun 30, 2019 2:29:53 PM java.util.jar.Attributes read
WARNING: Duplicate name in Manifest: SHA-256-Digest.
Ensure that the manifest does not have duplicate entries, and
that blank lines separate individual sections in both your
manifest and in the META-INF/MANIFEST.MF entry in the jar file.
Jun 30, 2019 2:29:53 PM java.util.jar.Attributes read
WARNING: Duplicate name in Manifest: SHA-256-Digest.
Ensure that the manifest does not have duplicate entries, and
that blank lines separate individual sections in both your
manifest and in the META-INF/MANIFEST.MF entry in the jar file.
Jun 30, 2019 2:29:53 PM java.util.jar.Attributes read
WARNING: Duplicate name in Manifest: SHA-256-Digest.
Ensure that the manifest does not have duplicate entries, and
that blank lines separate individual sections in both your
manifest and in the META-INF/MANIFEST.MF entry in the jar file.
Jun 30, 2019 2:29:53 PM java.util.jar.Attributes read
WARNING: Duplicate name in Manifest: SHA-256-Digest.
Ensure that the manifest does not have duplicate entries, and
that blank lines separate individual sections in both your
manifest and in the META-INF/MANIFEST.MF entry in the jar file.
Jun 30, 2019 2:29:53 PM java.util.jar.Attributes read
WARNING: Duplicate name in Manifest: SHA-256-Digest.
Ensure that the manifest does not have duplicate entries, and
that blank lines separate individual sections in both your
manifest and in the META-INF/MANIFEST.MF entry in the jar file.
Jun 30, 2019 2:29:53 PM java.util.jar.Attributes read
WARNING: Duplicate name in Manifest: SHA-256-Digest.
Ensure that the manifest does not have duplicate entries, and
that blank lines separate individual sections in both your
manifest and in the META-INF/MANIFEST.MF entry in the jar file.
Jun 30, 2019 2:29:53 PM java.util.jar.Attributes read
WARNING: Duplicate name in Manifest: SHA-256-Digest.
Ensure that the manifest does not have duplicate entries, and
that blank lines separate individual sections in both your
manifest and in the META-INF/MANIFEST.MF entry in the jar file.
Jun 30, 2019 2:29:53 PM java.util.jar.Attributes read
WARNING: Duplicate name in Manifest: SHA-256-Digest.
Ensure that the manifest does not have duplicate entries, and
that blank lines separate individual sections in both your
manifest and in the META-INF/MANIFEST.MF entry in the jar file.
Jun 30, 2019 2:29:53 PM java.util.jar.Attributes read
WARNING: Duplicate name in Manifest: SHA-256-Digest.
Ensure that the manifest does not have duplicate entries, and
that blank lines separate individual sections in both your
manifest and in the META-INF/MANIFEST.MF entry in the jar file.
Jun 30, 2019 2:29:53 PM java.util.jar.Attributes read
WARNING: Duplicate name in Manifest: SHA-256-Digest.
Ensure that the manifest does not have duplicate entries, and
that blank lines separate individual sections in both your
manifest and in the META-INF/MANIFEST.MF entry in the jar file.
Jun 30, 2019 2:29:53 PM java.util.jar.Attributes read
WARNING: Duplicate name in Manifest: SHA-256-Digest.
Ensure that the manifest does not have duplicate entries, and
that blank lines separate individual sections in both your
manifest and in the META-INF/MANIFEST.MF entry in the jar file.
Jun 30, 2019 2:29:53 PM java.util.jar.Attributes read
WARNING: Duplicate name in Manifest: SHA-256-Digest.
Ensure that the manifest does not have duplicate entries, and
that blank lines separate individual sections in both your
manifest and in the META-INF/MANIFEST.MF entry in the jar file.
Jun 30, 2019 2:29:53 PM java.util.jar.Attributes read
WARNING: Duplicate name in Manifest: SHA-256-Digest.
Ensure that the manifest does not have duplicate entries, and
that blank lines separate individual sections in both your
manifest and in the META-INF/MANIFEST.MF entry in the jar file.
Jun 30, 2019 2:29:53 PM java.util.jar.Attributes read
WARNING: Duplicate name in Manifest: SHA-256-Digest.
Ensure that the manifest does not have duplicate entries, and
that blank lines separate individual sections in both your
manifest and in the META-INF/MANIFEST.MF entry in the jar file.
Jun 30, 2019 2:29:53 PM java.util.jar.Attributes read
WARNING: Duplicate name in Manifest: SHA-256-Digest.
Ensure that the manifest does not have duplicate entries, and
that blank lines separate individual sections in both your
manifest and in the META-INF/MANIFEST.MF entry in the jar file.
Jun 30, 2019 2:29:53 PM java.util.jar.Attributes read
WARNING: Duplicate name in Manifest: SHA-256-Digest.
Ensure that the manifest does not have duplicate entries, and
that blank lines separate individual sections in both your
manifest and in the META-INF/MANIFEST.MF entry in the jar file.
Jun 30, 2019 2:29:53 PM java.util.jar.Attributes read
WARNING: Duplicate name in Manifest: SHA-256-Digest.
Ensure that the manifest does not have duplicate entries, and
that blank lines separate individual sections in both your
manifest and in the META-INF/MANIFEST.MF entry in the jar file.
Jun 30, 2019 2:29:53 PM java.util.jar.Attributes read
WARNING: Duplicate name in Manifest: SHA-256-Digest.
Ensure that the manifest does not have duplicate entries, and
that blank lines separate individual sections in both your
manifest and in the META-INF/MANIFEST.MF entry in the jar file.
Jun 30, 2019 2:29:53 PM java.util.jar.Attributes read
WARNING: Duplicate name in Manifest: SHA-256-Digest.
Ensure that the manifest does not have duplicate entries, and
that blank lines separate individual sections in both your
manifest and in the META-INF/MANIFEST.MF entry in the jar file.
Jun 30, 2019 2:29:53 PM java.util.jar.Attributes read
WARNING: Duplicate name in Manifest: SHA-256-Digest.
Ensure that the manifest does not have duplicate entries, and
that blank lines separate individual sections in both your
manifest and in the META-INF/MANIFEST.MF entry in the jar file.
Jun 30, 2019 2:29:53 PM java.util.jar.Attributes read
WARNING: Duplicate name in Manifest: SHA-256-Digest.
Ensure that the manifest does not have duplicate entries, and
that blank lines separate individual sections in both your
manifest and in the META-INF/MANIFEST.MF entry in the jar file.
Jun 30, 2019 2:29:53 PM java.util.jar.Attributes read
WARNING: Duplicate name in Manifest: SHA-256-Digest.
Ensure that the manifest does not have duplicate entries, and
that blank lines separate individual sections in both your
manifest and in the META-INF/MANIFEST.MF entry in the jar file.
Jun 30, 2019 2:29:53 PM java.util.jar.Attributes read
WARNING: Duplicate name in Manifest: SHA-256-Digest.
Ensure that the manifest does not have duplicate entries, and
that blank lines separate individual sections in both your
manifest and in the META-INF/MANIFEST.MF entry in the jar file.
Jun 30, 2019 2:29:53 PM java.util.jar.Attributes read
WARNING: Duplicate name in Manifest: SHA-256-Digest.
Ensure that the manifest does not have duplicate entries, and
that blank lines separate individual sections in both your
manifest and in the META-INF/MANIFEST.MF entry in the jar file.
Jun 30, 2019 2:29:53 PM java.util.jar.Attributes read
WARNING: Duplicate name in Manifest: SHA-256-Digest.
Ensure that the manifest does not have duplicate entries, and
that blank lines separate individual sections in both your
manifest and in the META-INF/MANIFEST.MF entry in the jar file.
Jun 30, 2019 2:29:53 PM java.util.jar.Attributes read
WARNING: Duplicate name in Manifest: SHA-256-Digest.
Ensure that the manifest does not have duplicate entries, and
that blank lines separate individual sections in both your
manifest and in the META-INF/MANIFEST.MF entry in the jar file.
Jun 30, 2019 2:29:53 PM java.util.jar.Attributes read
WARNING: Duplicate name in Manifest: SHA-256-Digest.
Ensure that the manifest does not have duplicate entries, and
that blank lines separate individual sections in both your
manifest and in the META-INF/MANIFEST.MF entry in the jar file.
Jun 30, 2019 2:29:53 PM java.util.jar.Attributes read
WARNING: Duplicate name in Manifest: SHA-256-Digest.
Ensure that the manifest does not have duplicate entries, and
that blank lines separate individual sections in both your
manifest and in the META-INF/MANIFEST.MF entry in the jar file.
Jun 30, 2019 2:29:53 PM java.util.jar.Attributes read
WARNING: Duplicate name in Manifest: SHA-256-Digest.
Ensure that the manifest does not have duplicate entries, and
that blank lines separate individual sections in both your
manifest and in the META-INF/MANIFEST.MF entry in the jar file.
Jun 30, 2019 2:29:53 PM java.util.jar.Attributes read
WARNING: Duplicate name in Manifest: SHA-256-Digest.
Ensure that the manifest does not have duplicate entries, and
that blank lines separate individual sections in both your
manifest and in the META-INF/MANIFEST.MF entry in the jar file.
Jun 30, 2019 2:29:53 PM java.util.jar.Attributes read
WARNING: Duplicate name in Manifest: SHA-256-Digest.
Ensure that the manifest does not have duplicate entries, and
that blank lines separate individual sections in both your
manifest and in the META-INF/MANIFEST.MF entry in the jar file.
Jun 30, 2019 2:29:53 PM java.util.jar.Attributes read
WARNING: Duplicate name in Manifest: SHA-256-Digest.
Ensure that the manifest does not have duplicate entries, and
that blank lines separate individual sections in both your
manifest and in the META-INF/MANIFEST.MF entry in the jar file.
Jun 30, 2019 2:29:53 PM java.util.jar.Attributes read
WARNING: Duplicate name in Manifest: SHA-256-Digest.
Ensure that the manifest does not have duplicate entries, and
that blank lines separate individual sections in both your
manifest and in the META-INF/MANIFEST.MF entry in the jar file.
Jun 30, 2019 2:29:53 PM java.util.jar.Attributes read
WARNING: Duplicate name in Manifest: SHA-256-Digest.
Ensure that the manifest does not have duplicate entries, and
that blank lines separate individual sections in both your
manifest and in the META-INF/MANIFEST.MF entry in the jar file.
Jun 30, 2019 2:29:53 PM java.util.jar.Attributes read
WARNING: Duplicate name in Manifest: SHA-256-Digest.
Ensure that the manifest does not have duplicate entries, and
that blank lines separate individual sections in both your
manifest and in the META-INF/MANIFEST.MF entry in the jar file.
Jun 30, 2019 2:29:53 PM java.util.jar.Attributes read
WARNING: Duplicate name in Manifest: SHA-256-Digest.
Ensure that the manifest does not have duplicate entries, and
that blank lines separate individual sections in both your
manifest and in the META-INF/MANIFEST.MF entry in the jar file.
Jun 30, 2019 2:29:53 PM java.util.jar.Attributes read
WARNING: Duplicate name in Manifest: SHA-256-Digest.
Ensure that the manifest does not have duplicate entries, and
that blank lines separate individual sections in both your
manifest and in the META-INF/MANIFEST.MF entry in the jar file.
Jun 30, 2019 2:29:53 PM java.util.jar.Attributes read
WARNING: Duplicate name in Manifest: SHA-256-Digest.
Ensure that the manifest does not have duplicate entries, and
that blank lines separate individual sections in both your
manifest and in the META-INF/MANIFEST.MF entry in the jar file.
Jun 30, 2019 2:29:53 PM java.util.jar.Attributes read
WARNING: Duplicate name in Manifest: SHA-256-Digest.
Ensure that the manifest does not have duplicate entries, and
that blank lines separate individual sections in both your
manifest and in the META-INF/MANIFEST.MF entry in the jar file.
Jun 30, 2019 2:29:53 PM java.util.jar.Attributes read
WARNING: Duplicate name in Manifest: SHA-256-Digest.
Ensure that the manifest does not have duplicate entries, and
that blank lines separate individual sections in both your
manifest and in the META-INF/MANIFEST.MF entry in the jar file.
Jun 30, 2019 2:29:53 PM java.util.jar.Attributes read
WARNING: Duplicate name in Manifest: SHA-256-Digest.
Ensure that the manifest does not have duplicate entries, and
that blank lines separate individual sections in both your
manifest and in the META-INF/MANIFEST.MF entry in the jar file.
Jun 30, 2019 2:29:53 PM java.util.jar.Attributes read
WARNING: Duplicate name in Manifest: SHA-256-Digest.
Ensure that the manifest does not have duplicate entries, and
that blank lines separate individual sections in both your
manifest and in the META-INF/MANIFEST.MF entry in the jar file.
Jun 30, 2019 2:29:53 PM java.util.jar.Attributes read
WARNING: Duplicate name in Manifest: SHA-256-Digest.
Ensure that the manifest does not have duplicate entries, and
that blank lines separate individual sections in both your
manifest and in the META-INF/MANIFEST.MF entry in the jar file.
Jun 30, 2019 2:29:53 PM java.util.jar.Attributes read
WARNING: Duplicate name in Manifest: SHA-256-Digest.
Ensure that the manifest does not have duplicate entries, and
that blank lines separate individual sections in both your
manifest and in the META-INF/MANIFEST.MF entry in the jar file.
Jun 30, 2019 2:29:53 PM java.util.jar.Attributes read
WARNING: Duplicate name in Manifest: SHA-256-Digest.
Ensure that the manifest does not have duplicate entries, and
that blank lines separate individual sections in both your
manifest and in the META-INF/MANIFEST.MF entry in the jar file.
Jun 30, 2019 2:29:53 PM java.util.jar.Attributes read
WARNING: Duplicate name in Manifest: SHA-256-Digest.
Ensure that the manifest does not have duplicate entries, and
that blank lines separate individual sections in both your
manifest and in the META-INF/MANIFEST.MF entry in the jar file.
[INFO ] fr.inria.astor.core.setup.ProjectConfiguration.getVersionJDK(ProjectConfiguration.java:282) - Version of the JVM used: 1.7.0_80
[INFO ] fr.inria.main.AbstractMain.processArguments(AbstractMain.java:388) - Java version of the JDK used to run tests: 1.7.0_80
[INFO ] fr.inria.main.AbstractMain.processArguments(AbstractMain.java:389) - The compliance of the JVM is:  7
[INFO ] fr.inria.main.AbstractMain.processArguments(AbstractMain.java:667) - command line arguments: [-mode  jkali  -benchmark  Defects4J  -location  .  -id  Math-45  -failing  org.apache.commons.math.linear.OpenMapRealMatrixTest  -jvm4testexecution  /home/wp/tool/jdk1.7.0_80/bin/  -jvm4evosuitetestexecution  /home/wp/tool/jdk1.7.0_80/bin/  -maxgen  1000000  -maxtime  120  -stopfirst  true  -seed  0  -scope  local  -population  1  -javacompliancelevel  5  -srcjavafolder  src/main/java/  -srctestfolder  src/test/java/  -binjavafolder  target/classes/  -bintestfolder  target/test-classes/  -parameters  x:x  -dependencies  /tmp/jKali_Defects4J_Math_45/target/classes/:/tmp/jKali_Defects4J_Math_45/target/test-classes/:/home/wp/RepairThemAll/script/../benchmarks/defects4j/framework/projects/lib/junit-4.11.jar]
[INFO ] fr.inria.main.evolution.AstorMain.execute(AstorMain.java:287) - Running Astor on a JDK at /home/wp/tool/jdk1.8.0_71/jre
[INFO ] fr.inria.main.AbstractMain.determineSourceFolders(AbstractMain.java:967) - Source folders: [/tmp/jKali_Defects4J_Math_45/./src/main/java]
[INFO ] fr.inria.main.AbstractMain.determineSourceFolders(AbstractMain.java:986) - Source Test folders: [/tmp/jKali_Defects4J_Math_45/./src/test/java]
[INFO ] fr.inria.astor.core.solutionsearch.AstorCoreEngine.initPopulation(AstorCoreEngine.java:707) - 
---- Creating spoon model
[INFO ] fr.inria.astor.core.solutionsearch.AstorCoreEngine.initModel(AstorCoreEngine.java:806) - Creating model,  Code location from working folder: /tmp/jKali_Defects4J_Math_45/./src/main/java
[INFO ] fr.inria.astor.core.manipulation.MutationSupporter.buildModel(MutationSupporter.java:66) - building model: /tmp/jKali_Defects4J_Math_45/./src/main/java, compliance level: 5
[INFO ] fr.inria.astor.core.manipulation.MutationSupporter.buildModel(MutationSupporter.java:79) - Classpath (Dependencies) for building SpoonModel: [/tmp/jKali_Defects4J_Math_45/target/classes/, /tmp/jKali_Defects4J_Math_45/target/test-classes/, /home/wp/RepairThemAll/script/../benchmarks/defects4j/framework/projects/lib/junit-4.11.jar]
[INFO ] fr.inria.astor.core.solutionsearch.AstorCoreEngine.initPopulation(AstorCoreEngine.java:711) - 
---- Initial suspicious size: 47
[INFO ] fr.inria.astor.core.solutionsearch.population.ProgramVariantFactory.createProgramInstance(ProgramVariantFactory.java:127) - Total suspicious from FL: 47,  27
[INFO ] fr.inria.astor.core.solutionsearch.population.ProgramVariantFactory.createProgramInstance(ProgramVariantFactory.java:136) - Total ModPoint created: 27
[INFO ] fr.inria.astor.core.solutionsearch.population.ProgramVariantFactory.createInitialPopulation(ProgramVariantFactory.java:82) - Creating program variant #1, [Variant id: 1, #gens: 27, #ops: 0, parent:-]
[INFO ] fr.inria.astor.core.setup.ConfigurationProperties.print(ConfigurationProperties.java:66) - ----------------------------
[INFO ] fr.inria.astor.core.setup.ConfigurationProperties.print(ConfigurationProperties.java:67) - ---Configuration properties:---Execution values
[INFO ] fr.inria.astor.core.setup.ConfigurationProperties.print(ConfigurationProperties.java:69) - p:benchmark= Defects4J
[INFO ] fr.inria.astor.core.setup.ConfigurationProperties.print(ConfigurationProperties.java:69) - p:lastJUnitVersion= ./examples/libs/junit-4.11.jar
[INFO ] fr.inria.astor.core.setup.ConfigurationProperties.print(ConfigurationProperties.java:69) - p:alternativecompliancelevel= 4
[INFO ] fr.inria.astor.core.setup.ConfigurationProperties.print(ConfigurationProperties.java:69) - p:ignoredTestCases= 
[INFO ] fr.inria.astor.core.setup.ConfigurationProperties.print(ConfigurationProperties.java:69) - p:workingDirectory= /tmp/jKali_Defects4J_Math_45/./output_astor
[INFO ] fr.inria.astor.core.setup.ConfigurationProperties.print(ConfigurationProperties.java:69) - p:manipulatesuper= false
[INFO ] fr.inria.astor.core.setup.ConfigurationProperties.print(ConfigurationProperties.java:69) - p:validation= process
[INFO ] fr.inria.astor.core.setup.ConfigurationProperties.print(ConfigurationProperties.java:69) - p:jvm4testexecution= /home/wp/tool/jdk1.7.0_80/bin/
[INFO ] fr.inria.astor.core.setup.ConfigurationProperties.print(ConfigurationProperties.java:69) - p:operatorspace= suppression
[INFO ] fr.inria.astor.core.setup.ConfigurationProperties.print(ConfigurationProperties.java:69) - p:disablelog= false
[INFO ] fr.inria.astor.core.setup.ConfigurationProperties.print(ConfigurationProperties.java:69) - p:binjavafolder= target/classes/
[INFO ] fr.inria.astor.core.setup.ConfigurationProperties.print(ConfigurationProperties.java:69) - p:synthesis_depth= 3
[INFO ] fr.inria.astor.core.setup.ConfigurationProperties.print(ConfigurationProperties.java:69) - p:gzoltartestpackagetoexclude= junit.framework
[INFO ] fr.inria.astor.core.setup.ConfigurationProperties.print(ConfigurationProperties.java:69) - p:skipfitnessinitialpopulation= false
[INFO ] fr.inria.astor.core.setup.ConfigurationProperties.print(ConfigurationProperties.java:69) - p:evosuiteresultfolder= evosuite
[INFO ] fr.inria.astor.core.setup.ConfigurationProperties.print(ConfigurationProperties.java:69) - p:flthreshold= 0.1
[INFO ] fr.inria.astor.core.setup.ConfigurationProperties.print(ConfigurationProperties.java:69) - p:regressionforfaultlocalization= true
[INFO ] fr.inria.astor.core.setup.ConfigurationProperties.print(ConfigurationProperties.java:69) - p:collectonlyusedmethod= false
[INFO ] fr.inria.astor.core.setup.ConfigurationProperties.print(ConfigurationProperties.java:69) - p:preservelinenumbers= true
[INFO ] fr.inria.astor.core.setup.ConfigurationProperties.print(ConfigurationProperties.java:69) - p:tmax2= 773698
[INFO ] fr.inria.astor.core.setup.ConfigurationProperties.print(ConfigurationProperties.java:69) - p:tmax1= 10000
[INFO ] fr.inria.astor.core.setup.ConfigurationProperties.print(ConfigurationProperties.java:69) - p:probagenmutation= false
[INFO ] fr.inria.astor.core.setup.ConfigurationProperties.print(ConfigurationProperties.java:69) - p:nomodificationconvergence= 100
[INFO ] fr.inria.astor.core.setup.ConfigurationProperties.print(ConfigurationProperties.java:69) - p:diff_type= relative
[INFO ] fr.inria.astor.core.setup.ConfigurationProperties.print(ConfigurationProperties.java:69) - p:targetelementprocessor= statements
[INFO ] fr.inria.astor.core.setup.ConfigurationProperties.print(ConfigurationProperties.java:69) - p:srctestfolder= src/test/java/
[INFO ] fr.inria.astor.core.setup.ConfigurationProperties.print(ConfigurationProperties.java:69) - p:forceExecuteRegression= false
[INFO ] fr.inria.astor.core.setup.ConfigurationProperties.print(ConfigurationProperties.java:69) - p:clusteringfilename= clustering.csv
[INFO ] fr.inria.astor.core.setup.ConfigurationProperties.print(ConfigurationProperties.java:69) - p:failing= org.apache.commons.math.linear.OpenMapRealMatrixTest
[INFO ] fr.inria.astor.core.setup.ConfigurationProperties.print(ConfigurationProperties.java:69) - p:logtestexecution= false
[INFO ] fr.inria.astor.core.setup.ConfigurationProperties.print(ConfigurationProperties.java:69) - p:evo_buggy_class= true
[INFO ] fr.inria.astor.core.setup.ConfigurationProperties.print(ConfigurationProperties.java:69) - p:numberExecutions= 1
[INFO ] fr.inria.astor.core.setup.ConfigurationProperties.print(ConfigurationProperties.java:69) - p:maxnumbersolutions= 1000000
[INFO ] fr.inria.astor.core.setup.ConfigurationProperties.print(ConfigurationProperties.java:69) - p:evo_affected_by_op= true
[INFO ] fr.inria.astor.core.setup.ConfigurationProperties.print(ConfigurationProperties.java:69) - p:population= 1
[INFO ] fr.inria.astor.core.setup.ConfigurationProperties.print(ConfigurationProperties.java:69) - p:considerzerovaluesusp= false
[INFO ] fr.inria.astor.core.setup.ConfigurationProperties.print(ConfigurationProperties.java:69) - p:maxCombinationVariableLimit= false
[INFO ] fr.inria.astor.core.setup.ConfigurationProperties.print(ConfigurationProperties.java:69) - p:loglevel= INFO
[INFO ] fr.inria.astor.core.setup.ConfigurationProperties.print(ConfigurationProperties.java:69) - p:savesolution= true
[INFO ] fr.inria.astor.core.setup.ConfigurationProperties.print(ConfigurationProperties.java:69) - p:javacompliancelevel= 5
[INFO ] fr.inria.astor.core.setup.ConfigurationProperties.print(ConfigurationProperties.java:69) - p:x= x
[INFO ] fr.inria.astor.core.setup.ConfigurationProperties.print(ConfigurationProperties.java:69) - p:uniqueoptogen= false
[INFO ] fr.inria.astor.core.setup.ConfigurationProperties.print(ConfigurationProperties.java:69) - p:gzoltarpackagetonotinstrument= junit.framework
[INFO ] fr.inria.astor.core.setup.ConfigurationProperties.print(ConfigurationProperties.java:69) - p:projectIdentifier= Math-45
[INFO ] fr.inria.astor.core.setup.ConfigurationProperties.print(ConfigurationProperties.java:69) - p:modificationpointnavigation= weight
[INFO ] fr.inria.astor.core.setup.ConfigurationProperties.print(ConfigurationProperties.java:69) - p:stopfirst= true
[INFO ] fr.inria.astor.core.setup.ConfigurationProperties.print(ConfigurationProperties.java:69) - p:multipointmodification= false
[INFO ] fr.inria.astor.core.setup.ConfigurationProperties.print(ConfigurationProperties.java:69) - p:elementsToMutate= 10
[INFO ] fr.inria.astor.core.setup.ConfigurationProperties.print(ConfigurationProperties.java:69) - p:jsonoutputname= astor_output
[INFO ] fr.inria.astor.core.setup.ConfigurationProperties.print(ConfigurationProperties.java:69) - p:evoDSE= false
[INFO ] fr.inria.astor.core.setup.ConfigurationProperties.print(ConfigurationProperties.java:69) - p:bintestfolder= target/test-classes/
[INFO ] fr.inria.astor.core.setup.ConfigurationProperties.print(ConfigurationProperties.java:69) - p:testbystep= false
[INFO ] fr.inria.astor.core.setup.ConfigurationProperties.print(ConfigurationProperties.java:69) - p:version-location= ./math-version/
[INFO ] fr.inria.astor.core.setup.ConfigurationProperties.print(ConfigurationProperties.java:69) - p:reintroduce= PARENTS:ORIGINAL
[INFO ] fr.inria.astor.core.setup.ConfigurationProperties.print(ConfigurationProperties.java:69) - p:executorjar= ./lib/jtestex7.jar
[INFO ] fr.inria.astor.core.setup.ConfigurationProperties.print(ConfigurationProperties.java:69) - p:maxGeneration= 1000000
[INFO ] fr.inria.astor.core.setup.ConfigurationProperties.print(ConfigurationProperties.java:69) - p:max_synthesis_step= 10000
[INFO ] fr.inria.astor.core.setup.ConfigurationProperties.print(ConfigurationProperties.java:69) - p:maxVarCombination= 1000
[INFO ] fr.inria.astor.core.setup.ConfigurationProperties.print(ConfigurationProperties.java:69) - p:maxtime= 120
[INFO ] fr.inria.astor.core.setup.ConfigurationProperties.print(ConfigurationProperties.java:69) - p:evosuitejar= ./lib/evosuite-master-1.0.4-SNAPSHOT.jar
[INFO ] fr.inria.astor.core.setup.ConfigurationProperties.print(ConfigurationProperties.java:69) - p:jvmversion= 1.7.0_80
[INFO ] fr.inria.astor.core.setup.ConfigurationProperties.print(ConfigurationProperties.java:69) - p:commandTrunk= 50000
[INFO ] fr.inria.astor.core.setup.ConfigurationProperties.print(ConfigurationProperties.java:69) - p:faultlocalization= gzoltar
[INFO ] fr.inria.astor.core.setup.ConfigurationProperties.print(ConfigurationProperties.java:69) - p:resetmodel= true
[INFO ] fr.inria.astor.core.setup.ConfigurationProperties.print(ConfigurationProperties.java:69) - p:maxsuspcandidates= 1000
[INFO ] fr.inria.astor.core.setup.ConfigurationProperties.print(ConfigurationProperties.java:69) - p:mode= jkali
[INFO ] fr.inria.astor.core.setup.ConfigurationProperties.print(ConfigurationProperties.java:69) - p:learningdir= 
[INFO ] fr.inria.astor.core.setup.ConfigurationProperties.print(ConfigurationProperties.java:69) - p:jvm4evosuitetestexecution= /home/wp/tool/jdk1.7.0_80/bin/
[INFO ] fr.inria.astor.core.setup.ConfigurationProperties.print(ConfigurationProperties.java:69) - p:filterfaultlocalization= true
[INFO ] fr.inria.astor.core.setup.ConfigurationProperties.print(ConfigurationProperties.java:69) - p:mutationrate= 1 
[INFO ] fr.inria.astor.core.setup.ConfigurationProperties.print(ConfigurationProperties.java:69) - p:pathToMVNRepository= 
[INFO ] fr.inria.astor.core.setup.ConfigurationProperties.print(ConfigurationProperties.java:69) - p:resourcesfolder= /src/main/resources:/src/test/resources:
[INFO ] fr.inria.astor.core.setup.ConfigurationProperties.print(ConfigurationProperties.java:69) - p:timezone= America/Los_Angeles
[INFO ] fr.inria.astor.core.setup.ConfigurationProperties.print(ConfigurationProperties.java:69) - p:runjava7code= false
[INFO ] fr.inria.astor.core.setup.ConfigurationProperties.print(ConfigurationProperties.java:69) - p:evoRunOnBuggyClass= true
[INFO ] fr.inria.astor.core.setup.ConfigurationProperties.print(ConfigurationProperties.java:69) - p:compiler= fr.inria.astor.core.manipulation.bytecode.compiler.SpoonClassCompiler
[INFO ] fr.inria.astor.core.setup.ConfigurationProperties.print(ConfigurationProperties.java:69) - p:limitbysuspicious= true
[INFO ] fr.inria.astor.core.setup.ConfigurationProperties.print(ConfigurationProperties.java:69) - p:logsattemps= true
[INFO ] fr.inria.astor.core.setup.ConfigurationProperties.print(ConfigurationProperties.java:69) - p:dependenciespath= /tmp/jKali_Defects4J_Math_45/target/classes/:/tmp/jKali_Defects4J_Math_45/target/test-classes/:/home/wp/RepairThemAll/script/../benchmarks/defects4j/framework/projects/lib/junit-4.11.jar
[INFO ] fr.inria.astor.core.setup.ConfigurationProperties.print(ConfigurationProperties.java:69) - p:logpatternlayout= [%-5p] %l - %m%n
[INFO ] fr.inria.astor.core.setup.ConfigurationProperties.print(ConfigurationProperties.java:69) - p:packageToInstrument= 
[INFO ] fr.inria.astor.core.setup.ConfigurationProperties.print(ConfigurationProperties.java:69) - p:skipfaultlocalization= false
[INFO ] fr.inria.astor.core.setup.ConfigurationProperties.print(ConfigurationProperties.java:69) - p:scope= local
[INFO ] fr.inria.astor.core.setup.ConfigurationProperties.print(ConfigurationProperties.java:69) - p:transformingredient= false
[INFO ] fr.inria.astor.core.setup.ConfigurationProperties.print(ConfigurationProperties.java:69) - p:fitnessfunction= fr.inria.astor.core.solutionsearch.population.TestCaseFitnessFunction
[INFO ] fr.inria.astor.core.setup.ConfigurationProperties.print(ConfigurationProperties.java:69) - p:maxnumvariablesperingredient= 10
[INFO ] fr.inria.astor.core.setup.ConfigurationProperties.print(ConfigurationProperties.java:69) - p:parsesourcefromoriginal= true
[INFO ] fr.inria.astor.core.setup.ConfigurationProperties.print(ConfigurationProperties.java:69) - p:pvariantfoldername= variant-
[INFO ] fr.inria.astor.core.setup.ConfigurationProperties.print(ConfigurationProperties.java:69) - p:savespoonmodelondisk= false
[INFO ] fr.inria.astor.core.setup.ConfigurationProperties.print(ConfigurationProperties.java:69) - p:srcjavafolder= src/main/java/
[INFO ] fr.inria.astor.core.setup.ConfigurationProperties.print(ConfigurationProperties.java:69) - p:populationcontroller= fr.inria.astor.core.solutionsearch.population.TestCaseBasedFitnessPopulationController
[INFO ] fr.inria.astor.core.setup.ConfigurationProperties.print(ConfigurationProperties.java:69) - p:ignoreflakyinfl= false
[INFO ] fr.inria.astor.core.setup.ConfigurationProperties.print(ConfigurationProperties.java:69) - p:cleantemplates= true
[INFO ] fr.inria.astor.core.setup.ConfigurationProperties.print(ConfigurationProperties.java:69) - p:applyCrossover= false
[INFO ] fr.inria.astor.core.setup.ConfigurationProperties.print(ConfigurationProperties.java:69) - p:maxmodificationpoints= 1000
[INFO ] fr.inria.astor.core.setup.ConfigurationProperties.print(ConfigurationProperties.java:69) - p:duplicateingredientsinspace= false
[INFO ] fr.inria.astor.core.setup.ConfigurationProperties.print(ConfigurationProperties.java:69) - p:metid= 0
[INFO ] fr.inria.astor.core.setup.ConfigurationProperties.print(ConfigurationProperties.java:69) - p:saveall= false
[INFO ] fr.inria.astor.core.setup.ConfigurationProperties.print(ConfigurationProperties.java:69) - p:seed= 0
[INFO ] fr.inria.astor.core.setup.ConfigurationProperties.print(ConfigurationProperties.java:69) - p:savecompletepatched= true
[INFO ] fr.inria.astor.core.setup.ConfigurationProperties.print(ConfigurationProperties.java:69) - p:resetoperations= false
[INFO ] fr.inria.astor.core.setup.ConfigurationProperties.print(ConfigurationProperties.java:69) - p:processoutputinfile= false
[INFO ] fr.inria.astor.core.setup.ConfigurationProperties.print(ConfigurationProperties.java:69) - p:location= .
[INFO ] fr.inria.astor.core.setup.ConfigurationProperties.print(ConfigurationProperties.java:69) - p:probabilistictransformation= true
[INFO ] fr.inria.astor.core.setup.ConfigurationProperties.print(ConfigurationProperties.java:69) - p:overridemaxtime= true
[INFO ] fr.inria.astor.core.setup.ConfigurationProperties.print(ConfigurationProperties.java:69) - p:outputjsonresult= false
[INFO ] fr.inria.astor.core.setup.ConfigurationProperties.print(ConfigurationProperties.java:69) - p:allpoints= false
[INFO ] fr.inria.astor.core.setup.ConfigurationProperties.print(ConfigurationProperties.java:69) - p:bugId= 280
[INFO ] fr.inria.astor.core.setup.ConfigurationProperties.print(ConfigurationProperties.java:69) - p:evosuitetimeout= 120
[INFO ] fr.inria.astor.core.setup.ConfigurationProperties.print(ConfigurationProperties.java:69) - p:nrPlaceholders= 1
[INFO ] fr.inria.astor.core.setup.ConfigurationProperties.print(ConfigurationProperties.java:69) - p:forcesubprocesskilling= true
[INFO ] fr.inria.astor.core.setup.ConfigurationProperties.print(ConfigurationProperties.java:71) - ----------------------------
[INFO ] fr.inria.astor.core.solutionsearch.ExhaustiveSearchEngine.startEvolution(ExhaustiveSearchEngine.java:63) - mod_point MP=org.apache.commons.math.linear.OpenMapRealMatrix line: 50, pointed element: CtAssignmentImpl
[INFO ] fr.inria.astor.core.solutionsearch.ExhaustiveSearchEngine.startEvolution(ExhaustiveSearchEngine.java:64) - -->op: OP_INSTANCE:
RemoveOp:(spoon.support.reflect.code.CtAssignmentImpl) `this.rows = rowDimension ` -topatch--> `-` (null) 
[INFO ] fr.inria.astor.core.solutionsearch.ExhaustiveSearchEngine.startEvolution(ExhaustiveSearchEngine.java:63) - mod_point MP=org.apache.commons.math.linear.OpenMapRealMatrix line: 51, pointed element: CtAssignmentImpl
[INFO ] fr.inria.astor.core.solutionsearch.ExhaustiveSearchEngine.startEvolution(ExhaustiveSearchEngine.java:64) - -->op: OP_INSTANCE:
RemoveOp:(spoon.support.reflect.code.CtAssignmentImpl) `this.columns = columnDimension ` -topatch--> `-` (null) 
[INFO ] fr.inria.astor.core.solutionsearch.ExhaustiveSearchEngine.startEvolution(ExhaustiveSearchEngine.java:63) - mod_point MP=org.apache.commons.math.linear.OpenMapRealMatrix line: 52, pointed element: CtAssignmentImpl
[INFO ] fr.inria.astor.core.solutionsearch.ExhaustiveSearchEngine.startEvolution(ExhaustiveSearchEngine.java:64) - -->op: OP_INSTANCE:
RemoveOp:(spoon.support.reflect.code.CtAssignmentImpl) `this.entries = new org.apache.commons.math.util.OpenIntToDoubleHashMap(0.0) ` -topatch--> `-` (null) 
[INFO ] fr.inria.astor.core.solutionsearch.ExhaustiveSearchEngine.startEvolution(ExhaustiveSearchEngine.java:63) - mod_point MP=org.apache.commons.math.util.OpenIntToDoubleHashMap line: 100, pointed element: CtInvocationImpl
[INFO ] fr.inria.astor.core.solutionsearch.ExhaustiveSearchEngine.startEvolution(ExhaustiveSearchEngine.java:64) - -->op: OP_INSTANCE:
RemoveOp:(spoon.support.reflect.code.CtInvocationImpl) `this(org.apache.commons.math.util.OpenIntToDoubleHashMap.DEFAULT_EXPECTED_SIZE, missingEntries) ` -topatch--> `-` (null) 
[INFO ] fr.inria.astor.core.solutionsearch.ExhaustiveSearchEngine.startEvolution(ExhaustiveSearchEngine.java:63) - mod_point MP=org.apache.commons.math.util.OpenIntToDoubleHashMap line: 156, pointed element: CtReturnImpl
[INFO ] fr.inria.astor.core.solutionsearch.ExhaustiveSearchEngine.startEvolution(ExhaustiveSearchEngine.java:64) - -->op: OP_INSTANCE:
RemoveOp:(spoon.support.reflect.code.CtReturnImpl) `return capacity ` -topatch--> `-` (null) 
[INFO ] fr.inria.astor.core.solutionsearch.ExhaustiveSearchEngine.startEvolution(ExhaustiveSearchEngine.java:63) - mod_point MP=org.apache.commons.math.util.OpenIntToDoubleHashMap line: 155, pointed element: CtIfImpl
[INFO ] fr.inria.astor.core.solutionsearch.ExhaustiveSearchEngine.startEvolution(ExhaustiveSearchEngine.java:64) - -->op: OP_INSTANCE:
ReplaceIfBooleanOp:(spoon.support.reflect.code.CtIfImpl) `if (powerOfTwo == capacity) { 	return capacity; } ` -topatch--> `if (true) { 	return capacity; }` (spoon.support.reflect.code.CtIfImpl) 
[INFO ] fr.inria.astor.core.solutionsearch.ExhaustiveSearchEngine.startEvolution(ExhaustiveSearchEngine.java:63) - mod_point MP=org.apache.commons.math.util.OpenIntToDoubleHashMap line: 155, pointed element: CtIfImpl
[INFO ] fr.inria.astor.core.solutionsearch.ExhaustiveSearchEngine.startEvolution(ExhaustiveSearchEngine.java:64) - -->op: OP_INSTANCE:
ReplaceIfBooleanOp:(spoon.support.reflect.code.CtIfImpl) `if (powerOfTwo == capacity) { 	return capacity; } ` -topatch--> `if (false) { 	return capacity; }` (spoon.support.reflect.code.CtIfImpl) 
[INFO ] fr.inria.astor.core.solutionsearch.ExhaustiveSearchEngine.startEvolution(ExhaustiveSearchEngine.java:63) - mod_point MP=org.apache.commons.math.util.OpenIntToDoubleHashMap line: 155, pointed element: CtIfImpl
[INFO ] fr.inria.astor.core.solutionsearch.ExhaustiveSearchEngine.startEvolution(ExhaustiveSearchEngine.java:64) - -->op: OP_INSTANCE:
RemoveOp:(spoon.support.reflect.code.CtIfImpl) `if (powerOfTwo == capacity) { 	return capacity; } ` -topatch--> `-` (null) 
[INFO ] fr.inria.astor.core.solutionsearch.ExhaustiveSearchEngine.startEvolution(ExhaustiveSearchEngine.java:63) - mod_point MP=org.apache.commons.math.util.OpenIntToDoubleHashMap line: 119, pointed element: CtAssignmentImpl
[INFO ] fr.inria.astor.core.solutionsearch.ExhaustiveSearchEngine.startEvolution(ExhaustiveSearchEngine.java:64) - -->op: OP_INSTANCE:
RemoveOp:(spoon.support.reflect.code.CtAssignmentImpl) `keys = new int[capacity] ` -topatch--> `-` (null) 
[INFO ] fr.inria.astor.core.solutionsearch.ExhaustiveSearchEngine.startEvolution(ExhaustiveSearchEngine.java:63) - mod_point MP=org.apache.commons.math.util.OpenIntToDoubleHashMap line: 120, pointed element: CtAssignmentImpl
[INFO ] fr.inria.astor.core.solutionsearch.ExhaustiveSearchEngine.startEvolution(ExhaustiveSearchEngine.java:64) - -->op: OP_INSTANCE:
RemoveOp:(spoon.support.reflect.code.CtAssignmentImpl) `values = new double[capacity] ` -topatch--> `-` (null) 
[INFO ] fr.inria.astor.core.solutionsearch.ExhaustiveSearchEngine.startEvolution(ExhaustiveSearchEngine.java:63) - mod_point MP=org.apache.commons.math.util.OpenIntToDoubleHashMap line: 121, pointed element: CtAssignmentImpl
[INFO ] fr.inria.astor.core.solutionsearch.ExhaustiveSearchEngine.startEvolution(ExhaustiveSearchEngine.java:64) - -->op: OP_INSTANCE:
RemoveOp:(spoon.support.reflect.code.CtAssignmentImpl) `states = new byte[capacity] ` -topatch--> `-` (null) 
[INFO ] fr.inria.astor.core.solutionsearch.ExhaustiveSearchEngine.startEvolution(ExhaustiveSearchEngine.java:63) - mod_point MP=org.apache.commons.math.util.OpenIntToDoubleHashMap line: 122, pointed element: CtAssignmentImpl
[INFO ] fr.inria.astor.core.solutionsearch.ExhaustiveSearchEngine.startEvolution(ExhaustiveSearchEngine.java:64) - -->op: OP_INSTANCE:
RemoveOp:(spoon.support.reflect.code.CtAssignmentImpl) `this.missingEntries = missingEntries ` -topatch--> `-` (null) 
[INFO ] fr.inria.astor.core.solutionsearch.ExhaustiveSearchEngine.startEvolution(ExhaustiveSearchEngine.java:63) - mod_point MP=org.apache.commons.math.util.OpenIntToDoubleHashMap line: 123, pointed element: CtAssignmentImpl
[INFO ] fr.inria.astor.core.solutionsearch.ExhaustiveSearchEngine.startEvolution(ExhaustiveSearchEngine.java:64) - -->op: OP_INSTANCE:
RemoveOp:(spoon.support.reflect.code.CtAssignmentImpl) `mask = capacity - 1 ` -topatch--> `-` (null) 
[INFO ] fr.inria.astor.core.solutionsearch.ExhaustiveSearchEngine.startEvolution(ExhaustiveSearchEngine.java:63) - mod_point MP=org.apache.commons.math.util.OpenIntToDoubleHashMap line: 150, pointed element: CtIfImpl
[INFO ] fr.inria.astor.core.solutionsearch.ExhaustiveSearchEngine.startEvolution(ExhaustiveSearchEngine.java:64) - -->op: OP_INSTANCE:
ReplaceIfBooleanOp:(spoon.support.reflect.code.CtIfImpl) `if (expectedSize == 0) { 	return 1; } ` -topatch--> `if (true) { 	return 1; }` (spoon.support.reflect.code.CtIfImpl) 
[INFO ] fr.inria.astor.core.solutionsearch.ExhaustiveSearchEngine.startEvolution(ExhaustiveSearchEngine.java:63) - mod_point MP=org.apache.commons.math.util.OpenIntToDoubleHashMap line: 150, pointed element: CtIfImpl
[INFO ] fr.inria.astor.core.solutionsearch.ExhaustiveSearchEngine.startEvolution(ExhaustiveSearchEngine.java:64) - -->op: OP_INSTANCE:
ReplaceIfBooleanOp:(spoon.support.reflect.code.CtIfImpl) `if (expectedSize == 0) { 	return 1; } ` -topatch--> `if (false) { 	return 1; }` (spoon.support.reflect.code.CtIfImpl) 
[INFO ] fr.inria.astor.core.solutionsearch.ExhaustiveSearchEngine.startEvolution(ExhaustiveSearchEngine.java:63) - mod_point MP=org.apache.commons.math.util.OpenIntToDoubleHashMap line: 150, pointed element: CtIfImpl
[INFO ] fr.inria.astor.core.solutionsearch.ExhaustiveSearchEngine.startEvolution(ExhaustiveSearchEngine.java:64) - -->op: OP_INSTANCE:
RemoveOp:(spoon.support.reflect.code.CtIfImpl) `if (expectedSize == 0) { 	return 1; } ` -topatch--> `-` (null) 
[INFO ] fr.inria.astor.core.solutionsearch.ExhaustiveSearchEngine.startEvolution(ExhaustiveSearchEngine.java:63) - mod_point MP=org.apache.commons.math.linear.AbstractRealMatrix line: 57, pointed element: CtIfImpl
[INFO ] fr.inria.astor.core.solutionsearch.ExhaustiveSearchEngine.startEvolution(ExhaustiveSearchEngine.java:64) - -->op: OP_INSTANCE:
ReplaceIfBooleanOp:(spoon.support.reflect.code.CtIfImpl) `if (columnDimension < 1) { 	throw new org.apache.commons.math.exception.NotStrictlyPositiveException[...] ` -topatch--> `if (true) { 	throw new org.apache.commons.math.exception.NotStrictlyPositiveException(columnDimensio[...]` (spoon.support.reflect.code.CtIfImpl) 
[INFO ] fr.inria.astor.core.solutionsearch.ExhaustiveSearchEngine.startEvolution(ExhaustiveSearchEngine.java:63) - mod_point MP=org.apache.commons.math.linear.AbstractRealMatrix line: 57, pointed element: CtIfImpl
[INFO ] fr.inria.astor.core.solutionsearch.ExhaustiveSearchEngine.startEvolution(ExhaustiveSearchEngine.java:64) - -->op: OP_INSTANCE:
ReplaceIfBooleanOp:(spoon.support.reflect.code.CtIfImpl) `if (columnDimension < 1) { 	throw new org.apache.commons.math.exception.NotStrictlyPositiveException[...] ` -topatch--> `if (false) { 	throw new org.apache.commons.math.exception.NotStrictlyPositiveException(columnDimensi[...]` (spoon.support.reflect.code.CtIfImpl) 
[INFO ] fr.inria.astor.core.solutionsearch.ExhaustiveSearchEngine.startEvolution(ExhaustiveSearchEngine.java:63) - mod_point MP=org.apache.commons.math.linear.AbstractRealMatrix line: 57, pointed element: CtIfImpl
[INFO ] fr.inria.astor.core.solutionsearch.ExhaustiveSearchEngine.startEvolution(ExhaustiveSearchEngine.java:64) - -->op: OP_INSTANCE:
RemoveOp:(spoon.support.reflect.code.CtIfImpl) `if (columnDimension < 1) { 	throw new org.apache.commons.math.exception.NotStrictlyPositiveException[...] ` -topatch--> `-` (null) 
[INFO ] fr.inria.astor.core.solutionsearch.ExhaustiveSearchEngine.startEvolution(ExhaustiveSearchEngine.java:63) - mod_point MP=org.apache.commons.math.linear.AbstractRealMatrix line: 54, pointed element: CtIfImpl
[INFO ] fr.inria.astor.core.solutionsearch.ExhaustiveSearchEngine.startEvolution(ExhaustiveSearchEngine.java:64) - -->op: OP_INSTANCE:
ReplaceIfBooleanOp:(spoon.support.reflect.code.CtIfImpl) `if (rowDimension < 1) { 	throw new org.apache.commons.math.exception.NotStrictlyPositiveException(ro[...] ` -topatch--> `if (true) { 	throw new org.apache.commons.math.exception.NotStrictlyPositiveException(rowDimension);[...]` (spoon.support.reflect.code.CtIfImpl) 
[INFO ] fr.inria.astor.core.solutionsearch.ExhaustiveSearchEngine.startEvolution(ExhaustiveSearchEngine.java:63) - mod_point MP=org.apache.commons.math.linear.AbstractRealMatrix line: 54, pointed element: CtIfImpl
[INFO ] fr.inria.astor.core.solutionsearch.ExhaustiveSearchEngine.startEvolution(ExhaustiveSearchEngine.java:64) - -->op: OP_INSTANCE:
ReplaceIfBooleanOp:(spoon.support.reflect.code.CtIfImpl) `if (rowDimension < 1) { 	throw new org.apache.commons.math.exception.NotStrictlyPositiveException(ro[...] ` -topatch--> `if (false) { 	throw new org.apache.commons.math.exception.NotStrictlyPositiveException(rowDimension)[...]` (spoon.support.reflect.code.CtIfImpl) 
[INFO ] fr.inria.astor.core.solutionsearch.ExhaustiveSearchEngine.startEvolution(ExhaustiveSearchEngine.java:63) - mod_point MP=org.apache.commons.math.linear.AbstractRealMatrix line: 54, pointed element: CtIfImpl
[INFO ] fr.inria.astor.core.solutionsearch.ExhaustiveSearchEngine.startEvolution(ExhaustiveSearchEngine.java:64) - -->op: OP_INSTANCE:
RemoveOp:(spoon.support.reflect.code.CtIfImpl) `if (rowDimension < 1) { 	throw new org.apache.commons.math.exception.NotStrictlyPositiveException(ro[...] ` -topatch--> `-` (null) 
[INFO ] fr.inria.astor.core.solutionsearch.ExhaustiveSearchEngine.startEvolution(ExhaustiveSearchEngine.java:63) - mod_point MP=org.apache.commons.math.util.FastMath line: 3344, pointed element: CtIfImpl
[INFO ] fr.inria.astor.core.solutionsearch.ExhaustiveSearchEngine.startEvolution(ExhaustiveSearchEngine.java:64) - -->op: OP_INSTANCE:
ReplaceIfBooleanOp:(spoon.support.reflect.code.CtIfImpl) `if (x != x) { 	return x; } ` -topatch--> `if (true) { 	return x; }` (spoon.support.reflect.code.CtIfImpl) 
[INFO ] fr.inria.astor.core.solutionsearch.ExhaustiveSearchEngine.startEvolution(ExhaustiveSearchEngine.java:63) - mod_point MP=org.apache.commons.math.util.FastMath line: 3344, pointed element: CtIfImpl
[INFO ] fr.inria.astor.core.solutionsearch.ExhaustiveSearchEngine.startEvolution(ExhaustiveSearchEngine.java:64) - -->op: OP_INSTANCE:
ReplaceIfBooleanOp:(spoon.support.reflect.code.CtIfImpl) `if (x != x) { 	return x; } ` -topatch--> `if (false) { 	return x; }` (spoon.support.reflect.code.CtIfImpl) 
[INFO ] fr.inria.astor.core.solutionsearch.ExhaustiveSearchEngine.startEvolution(ExhaustiveSearchEngine.java:63) - mod_point MP=org.apache.commons.math.util.FastMath line: 3344, pointed element: CtIfImpl
[INFO ] fr.inria.astor.core.solutionsearch.ExhaustiveSearchEngine.startEvolution(ExhaustiveSearchEngine.java:64) - -->op: OP_INSTANCE:
RemoveOp:(spoon.support.reflect.code.CtIfImpl) `if (x != x) { 	return x; } ` -topatch--> `-` (null) 
[INFO ] fr.inria.astor.core.solutionsearch.ExhaustiveSearchEngine.startEvolution(ExhaustiveSearchEngine.java:63) - mod_point MP=org.apache.commons.math.util.FastMath line: 3348, pointed element: CtAssignmentImpl
[INFO ] fr.inria.astor.core.solutionsearch.ExhaustiveSearchEngine.startEvolution(ExhaustiveSearchEngine.java:64) - -->op: OP_INSTANCE:
RemoveOp:(spoon.support.reflect.code.CtAssignmentImpl) `y = org.apache.commons.math.util.FastMath.floor(x) ` -topatch--> `-` (null) 
[INFO ] fr.inria.astor.core.solutionsearch.ExhaustiveSearchEngine.startEvolution(ExhaustiveSearchEngine.java:63) - mod_point MP=org.apache.commons.math.util.FastMath line: 3349, pointed element: CtIfImpl
[INFO ] fr.inria.astor.core.solutionsearch.ExhaustiveSearchEngine.startEvolution(ExhaustiveSearchEngine.java:64) - -->op: OP_INSTANCE:
ReplaceIfBooleanOp:(spoon.support.reflect.code.CtIfImpl) `if (y == x) { 	return y; } ` -topatch--> `if (true) { 	return y; }` (spoon.support.reflect.code.CtIfImpl) 
[INFO ] fr.inria.astor.core.solutionsearch.ExhaustiveSearchEngine.startEvolution(ExhaustiveSearchEngine.java:63) - mod_point MP=org.apache.commons.math.util.FastMath line: 3349, pointed element: CtIfImpl
[INFO ] fr.inria.astor.core.solutionsearch.ExhaustiveSearchEngine.startEvolution(ExhaustiveSearchEngine.java:64) - -->op: OP_INSTANCE:
ReplaceIfBooleanOp:(spoon.support.reflect.code.CtIfImpl) `if (y == x) { 	return y; } ` -topatch--> `if (false) { 	return y; }` (spoon.support.reflect.code.CtIfImpl) 
[INFO ] fr.inria.astor.core.solutionsearch.ExhaustiveSearchEngine.startEvolution(ExhaustiveSearchEngine.java:63) - mod_point MP=org.apache.commons.math.util.FastMath line: 3349, pointed element: CtIfImpl
[INFO ] fr.inria.astor.core.solutionsearch.ExhaustiveSearchEngine.startEvolution(ExhaustiveSearchEngine.java:64) - -->op: OP_INSTANCE:
RemoveOp:(spoon.support.reflect.code.CtIfImpl) `if (y == x) { 	return y; } ` -topatch--> `-` (null) 
[INFO ] fr.inria.astor.core.solutionsearch.ExhaustiveSearchEngine.startEvolution(ExhaustiveSearchEngine.java:63) - mod_point MP=org.apache.commons.math.util.FastMath line: 3325, pointed element: CtAssignmentImpl
[INFO ] fr.inria.astor.core.solutionsearch.ExhaustiveSearchEngine.startEvolution(ExhaustiveSearchEngine.java:64) - -->op: OP_INSTANCE:
RemoveOp:(spoon.support.reflect.code.CtAssignmentImpl) `y = ((long) (x)) ` -topatch--> `-` (null) 
[INFO ] fr.inria.astor.core.solutionsearch.ExhaustiveSearchEngine.startEvolution(ExhaustiveSearchEngine.java:63) - mod_point MP=org.apache.commons.math.util.FastMath line: 3326, pointed element: CtIfImpl
[INFO ] fr.inria.astor.core.solutionsearch.ExhaustiveSearchEngine.startEvolution(ExhaustiveSearchEngine.java:64) - -->op: OP_INSTANCE:
ReplaceIfBooleanOp:(spoon.support.reflect.code.CtIfImpl) `if ((x < 0) && (y != x)) { 	y--; } ` -topatch--> `if (true) { 	y--; }` (spoon.support.reflect.code.CtIfImpl) 
[INFO ] fr.inria.astor.core.solutionsearch.ExhaustiveSearchEngine.startEvolution(ExhaustiveSearchEngine.java:63) - mod_point MP=org.apache.commons.math.util.FastMath line: 3326, pointed element: CtIfImpl
[INFO ] fr.inria.astor.core.solutionsearch.ExhaustiveSearchEngine.startEvolution(ExhaustiveSearchEngine.java:64) - -->op: OP_INSTANCE:
ReplaceIfBooleanOp:(spoon.support.reflect.code.CtIfImpl) `if ((x < 0) && (y != x)) { 	y--; } ` -topatch--> `if (false) { 	y--; }` (spoon.support.reflect.code.CtIfImpl) 
[INFO ] fr.inria.astor.core.solutionsearch.ExhaustiveSearchEngine.startEvolution(ExhaustiveSearchEngine.java:63) - mod_point MP=org.apache.commons.math.util.FastMath line: 3326, pointed element: CtIfImpl
[INFO ] fr.inria.astor.core.solutionsearch.ExhaustiveSearchEngine.startEvolution(ExhaustiveSearchEngine.java:64) - -->op: OP_INSTANCE:
RemoveOp:(spoon.support.reflect.code.CtIfImpl) `if ((x < 0) && (y != x)) { 	y--; } ` -topatch--> `-` (null) 
[INFO ] fr.inria.astor.core.solutionsearch.ExhaustiveSearchEngine.startEvolution(ExhaustiveSearchEngine.java:63) - mod_point MP=org.apache.commons.math.util.FastMath line: 3330, pointed element: CtIfImpl
[INFO ] fr.inria.astor.core.solutionsearch.ExhaustiveSearchEngine.startEvolution(ExhaustiveSearchEngine.java:64) - -->op: OP_INSTANCE:
ReplaceIfBooleanOp:(spoon.support.reflect.code.CtIfImpl) `if (y == 0) { 	return x * y; } ` -topatch--> `if (true) { 	return x * y; }` (spoon.support.reflect.code.CtIfImpl) 
[INFO ] fr.inria.astor.core.solutionsearch.ExhaustiveSearchEngine.startEvolution(ExhaustiveSearchEngine.java:63) - mod_point MP=org.apache.commons.math.util.FastMath line: 3330, pointed element: CtIfImpl
[INFO ] fr.inria.astor.core.solutionsearch.ExhaustiveSearchEngine.startEvolution(ExhaustiveSearchEngine.java:64) - -->op: OP_INSTANCE:
ReplaceIfBooleanOp:(spoon.support.reflect.code.CtIfImpl) `if (y == 0) { 	return x * y; } ` -topatch--> `if (false) { 	return x * y; }` (spoon.support.reflect.code.CtIfImpl) 
[INFO ] fr.inria.astor.core.solutionsearch.ExhaustiveSearchEngine.startEvolution(ExhaustiveSearchEngine.java:63) - mod_point MP=org.apache.commons.math.util.FastMath line: 3330, pointed element: CtIfImpl
[INFO ] fr.inria.astor.core.solutionsearch.ExhaustiveSearchEngine.startEvolution(ExhaustiveSearchEngine.java:64) - -->op: OP_INSTANCE:
RemoveOp:(spoon.support.reflect.code.CtIfImpl) `if (y == 0) { 	return x * y; } ` -topatch--> `-` (null) 
[INFO ] fr.inria.astor.core.solutionsearch.ExhaustiveSearchEngine.startEvolution(ExhaustiveSearchEngine.java:63) - mod_point MP=org.apache.commons.math.util.FastMath line: 3317, pointed element: CtIfImpl
[INFO ] fr.inria.astor.core.solutionsearch.ExhaustiveSearchEngine.startEvolution(ExhaustiveSearchEngine.java:64) - -->op: OP_INSTANCE:
ReplaceIfBooleanOp:(spoon.support.reflect.code.CtIfImpl) `if (x != x) { 	return x; } ` -topatch--> `if (true) { 	return x; }` (spoon.support.reflect.code.CtIfImpl) 
[INFO ] fr.inria.astor.core.solutionsearch.ExhaustiveSearchEngine.startEvolution(ExhaustiveSearchEngine.java:63) - mod_point MP=org.apache.commons.math.util.FastMath line: 3317, pointed element: CtIfImpl
[INFO ] fr.inria.astor.core.solutionsearch.ExhaustiveSearchEngine.startEvolution(ExhaustiveSearchEngine.java:64) - -->op: OP_INSTANCE:
ReplaceIfBooleanOp:(spoon.support.reflect.code.CtIfImpl) `if (x != x) { 	return x; } ` -topatch--> `if (false) { 	return x; }` (spoon.support.reflect.code.CtIfImpl) 
[INFO ] fr.inria.astor.core.solutionsearch.ExhaustiveSearchEngine.startEvolution(ExhaustiveSearchEngine.java:63) - mod_point MP=org.apache.commons.math.util.FastMath line: 3317, pointed element: CtIfImpl
[INFO ] fr.inria.astor.core.solutionsearch.ExhaustiveSearchEngine.startEvolution(ExhaustiveSearchEngine.java:64) - -->op: OP_INSTANCE:
RemoveOp:(spoon.support.reflect.code.CtIfImpl) `if (x != x) { 	return x; } ` -topatch--> `-` (null) 
[INFO ] fr.inria.astor.core.solutionsearch.ExhaustiveSearchEngine.startEvolution(ExhaustiveSearchEngine.java:63) - mod_point MP=org.apache.commons.math.util.FastMath line: 3321, pointed element: CtIfImpl
[INFO ] fr.inria.astor.core.solutionsearch.ExhaustiveSearchEngine.startEvolution(ExhaustiveSearchEngine.java:64) - -->op: OP_INSTANCE:
ReplaceIfBooleanOp:(spoon.support.reflect.code.CtIfImpl) `if ((x >= (org.apache.commons.math.util.FastMath.TWO_POWER_52)) || (x <= (-(org.apache.commons.math.[...] ` -topatch--> `if (true) { 	return x; }` (spoon.support.reflect.code.CtIfImpl) 
[INFO ] fr.inria.astor.core.solutionsearch.ExhaustiveSearchEngine.startEvolution(ExhaustiveSearchEngine.java:63) - mod_point MP=org.apache.commons.math.util.FastMath line: 3321, pointed element: CtIfImpl
[INFO ] fr.inria.astor.core.solutionsearch.ExhaustiveSearchEngine.startEvolution(ExhaustiveSearchEngine.java:64) - -->op: OP_INSTANCE:
ReplaceIfBooleanOp:(spoon.support.reflect.code.CtIfImpl) `if ((x >= (org.apache.commons.math.util.FastMath.TWO_POWER_52)) || (x <= (-(org.apache.commons.math.[...] ` -topatch--> `if (false) { 	return x; }` (spoon.support.reflect.code.CtIfImpl) 
[INFO ] fr.inria.astor.core.solutionsearch.ExhaustiveSearchEngine.startEvolution(ExhaustiveSearchEngine.java:63) - mod_point MP=org.apache.commons.math.util.FastMath line: 3321, pointed element: CtIfImpl
[INFO ] fr.inria.astor.core.solutionsearch.ExhaustiveSearchEngine.startEvolution(ExhaustiveSearchEngine.java:64) - -->op: OP_INSTANCE:
RemoveOp:(spoon.support.reflect.code.CtIfImpl) `if ((x >= (org.apache.commons.math.util.FastMath.TWO_POWER_52)) || (x <= (-(org.apache.commons.math.[...] ` -topatch--> `-` (null) 
[INFO ] fr.inria.astor.core.solutionsearch.AstorCoreEngine.atEnd(AstorCoreEngine.java:173) - Time Repair Loop (s): 178.795
[INFO ] fr.inria.astor.core.solutionsearch.AstorCoreEngine.atEnd(AstorCoreEngine.java:175) - generationsexecuted: 1
[INFO ] fr.inria.astor.core.solutionsearch.AstorCoreEngine.printFinalStatus(AstorCoreEngine.java:244) - 
----SUMMARY_EXECUTION---
[INFO ] fr.inria.astor.core.solutionsearch.AstorCoreEngine.atEnd(AstorCoreEngine.java:191) - number of variants that pass the compile is 35

[INFO ] fr.inria.astor.core.solutionsearch.AstorCoreEngine.atEnd(AstorCoreEngine.java:192) - number of variants that fail the compile is 7

[INFO ] fr.inria.astor.core.solutionsearch.AstorCoreEngine.atEnd(AstorCoreEngine.java:194) - 
 --SOLUTIONS DESCRIPTION--


Astor Output:

General stats:
EXECUTION_IDENTIFIER=Math-45
TOTAL_TIME=178.795
NR_GENERATIONS=null
NR_RIGHT_COMPILATIONS=35
NR_FAILLING_COMPILATIONS=7
NR_ERRONEOUS_VARIANCES=null
NR_FAILING_VALIDATION_PROCESS=null
OUTPUT_STATUS=EXHAUSTIVE_NAVIGATED

Patch stats:

[INFO ] fr.inria.main.evolution.AstorMain.run(AstorMain.java:271) - Time Total(s): 596.71
186.39user 2.53system 9:59.96elapsed 31%CPU (0avgtext+0avgdata 633056maxresident)k
151848inputs+42728outputs (234major+353055minor)pagefaults 0swaps


Node: ubuntu



Date: Sun Jun 30 14:39:51 EDT 2019

