cd /tmp/Nopol_Defects4J_Math_106;
export JAVA_TOOL_OPTIONS="-Dfile.encoding=UTF8 -Duser.language=en-US -Duser.country=US -Duser.language=en";
TZ="America/New_York"; export TZ;
export PATH="/home/wp/tool/jdk1.8.0_71/bin/:$PATH";
export JAVA_HOME="/home/wp/tool/jdk1.8.0_71/bin/";
time java -Xmx1g -Xms1g -cp /home/wp/RepairThemAll/script/../repair_tools/nopol.jar:/home/wp/tool/jdk1.8.0_71/bin//../lib/tools.jar fr.inria.lille.repair.Main \
	--mode repair \
	--type pre_then_cond \
	--bugid Math-106 \
	--oracle angelic \
	--synthesis smt \
	--flocal gzoltar \
	--json \
	--solver z3 \
	--solver-path /home/wp/RepairThemAll/script/../libs/z3/build/z3 \
	--complianceLevel 3 \
	--source src/java/ \
	--classpath "target/classes/:target/test-classes/:/tmp/Nopol_Defects4J_Math_106/target/classes/:/tmp/Nopol_Defects4J_Math_106/target/test-classes/:/home/wp/RepairThemAll/script/../benchmarks/defects4j/framework/projects/lib/junit-4.11.jar:/home/wp/RepairThemAll/script/../repair_tools/nopol.jar";
	echo "\n\nNode: `hostname`\n";
	echo "\n\nDate: `date`\n";
Picked up JAVA_TOOL_OPTIONS: -Dfile.encoding=UTF8 -Duser.language=en-US -Duser.country=US -Duser.language=en
18:38:59.679 [main] INFO  fr.inria.lille.repair.nopol.NoPol - Source files: [src/java]
18:38:59.682 [main] INFO  fr.inria.lille.repair.nopol.NoPol - Classpath: [file:/tmp/Nopol_Defects4J_Math_106/target/classes/, file:/tmp/Nopol_Defects4J_Math_106/target/test-classes/, file:/tmp/Nopol_Defects4J_Math_106/target/classes/, file:/tmp/Nopol_Defects4J_Math_106/target/test-classes/, file:/home/wp/RepairThemAll/script/../benchmarks/defects4j/framework/projects/lib/junit-4.11.jar, file:/home/wp/RepairThemAll/script/../repair_tools/nopol.jar]
18:38:59.682 [main] INFO  fr.inria.lille.repair.nopol.NoPol - Statement type: PRE_THEN_COND
18:38:59.682 [main] INFO  fr.inria.lille.repair.nopol.NoPol - Args: [org.apache.commons.math.FunctionEvaluationExceptionTest, org.apache.commons.math.FunctionEvaluationExceptionTest, org.apache.commons.math.MathConfigurationExceptionTest, org.apache.commons.math.MathConfigurationExceptionTest, org.apache.commons.math.MathExceptionTest, org.apache.commons.math.MathExceptionTest, org.apache.commons.math.analysis.BisectionSolverTest, org.apache.commons.math.analysis.BisectionSolverTest, org.apache.commons.math.analysis.BrentSolverTest, org.apache.commons.math.analysis.BrentSolverTest, org.apache.commons.math.analysis.ConvergenceExceptionTest, org.apache.commons.math.analysis.ConvergenceExceptionTest, org.apache.commons.math.analysis.DividedDifferenceInterpolatorTest, org.apache.commons.math.analysis.DividedDifferenceInterpolatorTest, org.apache.commons.math.analysis.LaguerreSolverTest, org.apache.commons.math.analysis.LaguerreSolverTest, org.apache.commons.math.analysis.MullerSolverTest, org.apache.commons.math.analysis.MullerSolverTest, org.apache.commons.math.analysis.NevilleInterpolatorTest, org.apache.commons.math.analysis.NevilleInterpolatorTest, org.apache.commons.math.analysis.NewtonSolverTest, org.apache.commons.math.analysis.NewtonSolverTest, org.apache.commons.math.analysis.PolynomialFunctionLagrangeFormTest, org.apache.commons.math.analysis.PolynomialFunctionLagrangeFormTest, org.apache.commons.math.analysis.PolynomialFunctionNewtonFormTest, org.apache.commons.math.analysis.PolynomialFunctionNewtonFormTest, org.apache.commons.math.analysis.PolynomialFunctionTest, org.apache.commons.math.analysis.PolynomialFunctionTest, org.apache.commons.math.analysis.PolynomialSplineFunctionTest, org.apache.commons.math.analysis.PolynomialSplineFunctionTest, org.apache.commons.math.analysis.RiddersSolverTest, org.apache.commons.math.analysis.RiddersSolverTest, org.apache.commons.math.analysis.RombergIntegratorTest, org.apache.commons.math.analysis.RombergIntegratorTest, org.apache.commons.math.analysis.SimpsonIntegratorTest, org.apache.commons.math.analysis.SimpsonIntegratorTest, org.apache.commons.math.analysis.SplineInterpolatorTest, org.apache.commons.math.analysis.SplineInterpolatorTest, org.apache.commons.math.analysis.TrapezoidIntegratorTest, org.apache.commons.math.analysis.TrapezoidIntegratorTest, org.apache.commons.math.analysis.UnivariateRealSolverFactoryImplTest, org.apache.commons.math.analysis.UnivariateRealSolverFactoryImplTest, org.apache.commons.math.analysis.UnivariateRealSolverUtilsTest, org.apache.commons.math.analysis.UnivariateRealSolverUtilsTest, org.apache.commons.math.complex.ComplexFormatTest, org.apache.commons.math.complex.ComplexFormatTest, org.apache.commons.math.complex.ComplexTest, org.apache.commons.math.complex.ComplexTest, org.apache.commons.math.complex.ComplexUtilsTest, org.apache.commons.math.complex.ComplexUtilsTest, org.apache.commons.math.complex.FrenchComplexFormatTest, org.apache.commons.math.complex.FrenchComplexFormatTest, org.apache.commons.math.distribution.BinomialDistributionTest, org.apache.commons.math.distribution.BinomialDistributionTest, org.apache.commons.math.distribution.CauchyDistributionTest, org.apache.commons.math.distribution.CauchyDistributionTest, org.apache.commons.math.distribution.ChiSquareDistributionTest, org.apache.commons.math.distribution.ChiSquareDistributionTest, org.apache.commons.math.distribution.DistributionFactoryImplTest, org.apache.commons.math.distribution.DistributionFactoryImplTest, org.apache.commons.math.distribution.ExponentialDistributionTest, org.apache.commons.math.distribution.ExponentialDistributionTest, org.apache.commons.math.distribution.FDistributionTest, org.apache.commons.math.distribution.FDistributionTest, org.apache.commons.math.distribution.GammaDistributionTest, org.apache.commons.math.distribution.GammaDistributionTest, org.apache.commons.math.distribution.HypergeometricDistributionTest, org.apache.commons.math.distribution.HypergeometricDistributionTest, org.apache.commons.math.distribution.NormalDistributionTest, org.apache.commons.math.distribution.NormalDistributionTest, org.apache.commons.math.distribution.PascalDistributionTest, org.apache.commons.math.distribution.PascalDistributionTest, org.apache.commons.math.distribution.PoissonDistributionTest, org.apache.commons.math.distribution.PoissonDistributionTest, org.apache.commons.math.distribution.TDistributionTest, org.apache.commons.math.distribution.TDistributionTest, org.apache.commons.math.distribution.WeibullDistributionTest, org.apache.commons.math.distribution.WeibullDistributionTest, org.apache.commons.math.fraction.FractionFormatTest, org.apache.commons.math.fraction.FractionFormatTest, org.apache.commons.math.fraction.FractionTest, org.apache.commons.math.fraction.FractionTest, org.apache.commons.math.linear.BigMatrixImplTest, org.apache.commons.math.linear.BigMatrixImplTest, org.apache.commons.math.linear.InvalidMatrixExceptionTest, org.apache.commons.math.linear.InvalidMatrixExceptionTest, org.apache.commons.math.linear.MatrixIndexExceptionTest, org.apache.commons.math.linear.MatrixIndexExceptionTest, org.apache.commons.math.linear.MatrixUtilsTest, org.apache.commons.math.linear.MatrixUtilsTest, org.apache.commons.math.linear.QRDecompositionImplTest, org.apache.commons.math.linear.QRDecompositionImplTest, org.apache.commons.math.linear.RealMatrixImplTest, org.apache.commons.math.linear.RealMatrixImplTest, org.apache.commons.math.random.AbstractRandomGeneratorTest, org.apache.commons.math.random.AbstractRandomGeneratorTest, org.apache.commons.math.random.EmpiricalDistributionTest, org.apache.commons.math.random.EmpiricalDistributionTest, org.apache.commons.math.random.RandomAdaptorTest, org.apache.commons.math.random.RandomAdaptorTest, org.apache.commons.math.random.RandomDataTest, org.apache.commons.math.random.RandomDataTest, org.apache.commons.math.random.ValueServerTest, org.apache.commons.math.random.ValueServerTest, org.apache.commons.math.special.BetaTest, org.apache.commons.math.special.BetaTest, org.apache.commons.math.special.ErfTest, org.apache.commons.math.special.ErfTest, org.apache.commons.math.special.GammaTest, org.apache.commons.math.special.GammaTest, org.apache.commons.math.stat.CertifiedDataTest, org.apache.commons.math.stat.CertifiedDataTest, org.apache.commons.math.stat.FrequencyTest, org.apache.commons.math.stat.FrequencyTest, org.apache.commons.math.stat.StatUtilsTest, org.apache.commons.math.stat.StatUtilsTest, org.apache.commons.math.stat.data.LewTest, org.apache.commons.math.stat.data.LewTest, org.apache.commons.math.stat.data.LotteryTest, org.apache.commons.math.stat.data.LotteryTest, org.apache.commons.math.stat.descriptive.AbstractUnivariateStatisticTest, org.apache.commons.math.stat.descriptive.AbstractUnivariateStatisticTest, org.apache.commons.math.stat.descriptive.DescriptiveStatisticsImplTest, org.apache.commons.math.stat.descriptive.DescriptiveStatisticsImplTest, org.apache.commons.math.stat.descriptive.DescriptiveStatisticsTest, org.apache.commons.math.stat.descriptive.DescriptiveStatisticsTest, org.apache.commons.math.stat.descriptive.InteractionTest, org.apache.commons.math.stat.descriptive.InteractionTest, org.apache.commons.math.stat.descriptive.ListUnivariateImplTest, org.apache.commons.math.stat.descriptive.ListUnivariateImplTest, org.apache.commons.math.stat.descriptive.MixedListUnivariateImplTest, org.apache.commons.math.stat.descriptive.MixedListUnivariateImplTest, org.apache.commons.math.stat.descriptive.StatisticalSummaryValuesTest, org.apache.commons.math.stat.descriptive.StatisticalSummaryValuesTest, org.apache.commons.math.stat.descriptive.SummaryStatisticsImplTest, org.apache.commons.math.stat.descriptive.SummaryStatisticsImplTest, org.apache.commons.math.stat.descriptive.moment.FirstMomentTest, org.apache.commons.math.stat.descriptive.moment.FirstMomentTest, org.apache.commons.math.stat.descriptive.moment.FourthMomentTest, org.apache.commons.math.stat.descriptive.moment.FourthMomentTest, org.apache.commons.math.stat.descriptive.moment.GeometricMeanTest, org.apache.commons.math.stat.descriptive.moment.GeometricMeanTest, org.apache.commons.math.stat.descriptive.moment.KurtosisTest, org.apache.commons.math.stat.descriptive.moment.KurtosisTest, org.apache.commons.math.stat.descriptive.moment.MeanTest, org.apache.commons.math.stat.descriptive.moment.MeanTest, org.apache.commons.math.stat.descriptive.moment.SecondMomentTest, org.apache.commons.math.stat.descriptive.moment.SecondMomentTest, org.apache.commons.math.stat.descriptive.moment.SkewnessTest, org.apache.commons.math.stat.descriptive.moment.SkewnessTest, org.apache.commons.math.stat.descriptive.moment.StandardDeviationTest, org.apache.commons.math.stat.descriptive.moment.StandardDeviationTest, org.apache.commons.math.stat.descriptive.moment.ThirdMomentTest, org.apache.commons.math.stat.descriptive.moment.ThirdMomentTest, org.apache.commons.math.stat.descriptive.moment.VarianceTest, org.apache.commons.math.stat.descriptive.moment.VarianceTest, org.apache.commons.math.stat.descriptive.rank.MaxTest, org.apache.commons.math.stat.descriptive.rank.MaxTest, org.apache.commons.math.stat.descriptive.rank.MedianTest, org.apache.commons.math.stat.descriptive.rank.MedianTest, org.apache.commons.math.stat.descriptive.rank.MinTest, org.apache.commons.math.stat.descriptive.rank.MinTest, org.apache.commons.math.stat.descriptive.rank.PercentileTest, org.apache.commons.math.stat.descriptive.rank.PercentileTest, org.apache.commons.math.stat.descriptive.summary.ProductTest, org.apache.commons.math.stat.descriptive.summary.ProductTest, org.apache.commons.math.stat.descriptive.summary.SumLogTest, org.apache.commons.math.stat.descriptive.summary.SumLogTest, org.apache.commons.math.stat.descriptive.summary.SumSqTest, org.apache.commons.math.stat.descriptive.summary.SumSqTest, org.apache.commons.math.stat.descriptive.summary.SumTest, org.apache.commons.math.stat.descriptive.summary.SumTest, org.apache.commons.math.stat.inference.ChiSquareFactoryTest, org.apache.commons.math.stat.inference.ChiSquareFactoryTest, org.apache.commons.math.stat.inference.ChiSquareTestTest, org.apache.commons.math.stat.inference.ChiSquareTestTest, org.apache.commons.math.stat.inference.TTestFactoryTest, org.apache.commons.math.stat.inference.TTestFactoryTest, org.apache.commons.math.stat.inference.TTestTest, org.apache.commons.math.stat.inference.TTestTest, org.apache.commons.math.stat.inference.TestUtilsTest, org.apache.commons.math.stat.inference.TestUtilsTest, org.apache.commons.math.stat.regression.SimpleRegressionTest, org.apache.commons.math.stat.regression.SimpleRegressionTest, org.apache.commons.math.util.ContinuedFractionTest, org.apache.commons.math.util.ContinuedFractionTest, org.apache.commons.math.util.DefaultTransformerTest, org.apache.commons.math.util.DefaultTransformerTest, org.apache.commons.math.util.MathUtilsTest, org.apache.commons.math.util.MathUtilsTest, org.apache.commons.math.util.ResizableDoubleArrayTest, org.apache.commons.math.util.ResizableDoubleArrayTest, org.apache.commons.math.util.TransformerMapTest, org.apache.commons.math.util.TransformerMapTest]
18:38:59.685 [main] INFO  fr.inria.lille.repair.nopol.NoPol - Config: Config{synthesisDepth=3, collectStaticMethods=true, collectStaticFields=false, collectLiterals=false, onlyOneSynthesisResult=true, sortExpressions=true, maxLineInvocationPerTest=250, timeoutMethodInvocation=2000, dataCollectionTimeoutInSecondForSynthesis=900, addWeight=0.19478, subWeight=0.04554, mulWeight=0.0102, divWeight=0.00613, andWeight=0.10597, orWeight=0.05708, eqWeight=0.22798, nEqWeight=0.0, lessEqWeight=0.0255, lessWeight=0.0947, methodCallWeight=0.1, fieldAccessWeight=0.08099, constantWeight=0.14232, variableWeight=0.05195, mode=REPAIR, type=PRE_THEN_COND, synthesis=SMT, oracle=ANGELIC, solver=Z3, solverPath='/home/wp/RepairThemAll/script/../libs/z3/build/z3', projectSources=[src/java], projectClasspath='[Ljava.net.URL;@2a18f23c', projectTests=[org.apache.commons.math.FunctionEvaluationExceptionTest, org.apache.commons.math.FunctionEvaluationExceptionTest, org.apache.commons.math.MathConfigurationExceptionTest, org.apache.commons.math.MathConfigurationExceptionTest, org.apache.commons.math.MathExceptionTest, org.apache.commons.math.MathExceptionTest, org.apache.commons.math.analysis.BisectionSolverTest, org.apache.commons.math.analysis.BisectionSolverTest, org.apache.commons.math.analysis.BrentSolverTest, org.apache.commons.math.analysis.BrentSolverTest, org.apache.commons.math.analysis.ConvergenceExceptionTest, org.apache.commons.math.analysis.ConvergenceExceptionTest, org.apache.commons.math.analysis.DividedDifferenceInterpolatorTest, org.apache.commons.math.analysis.DividedDifferenceInterpolatorTest, org.apache.commons.math.analysis.LaguerreSolverTest, org.apache.commons.math.analysis.LaguerreSolverTest, org.apache.commons.math.analysis.MullerSolverTest, org.apache.commons.math.analysis.MullerSolverTest, org.apache.commons.math.analysis.NevilleInterpolatorTest, org.apache.commons.math.analysis.NevilleInterpolatorTest, org.apache.commons.math.analysis.NewtonSolverTest, org.apache.commons.math.analysis.NewtonSolverTest, org.apache.commons.math.analysis.PolynomialFunctionLagrangeFormTest, org.apache.commons.math.analysis.PolynomialFunctionLagrangeFormTest, org.apache.commons.math.analysis.PolynomialFunctionNewtonFormTest, org.apache.commons.math.analysis.PolynomialFunctionNewtonFormTest, org.apache.commons.math.analysis.PolynomialFunctionTest, org.apache.commons.math.analysis.PolynomialFunctionTest, org.apache.commons.math.analysis.PolynomialSplineFunctionTest, org.apache.commons.math.analysis.PolynomialSplineFunctionTest, org.apache.commons.math.analysis.RiddersSolverTest, org.apache.commons.math.analysis.RiddersSolverTest, org.apache.commons.math.analysis.RombergIntegratorTest, org.apache.commons.math.analysis.RombergIntegratorTest, org.apache.commons.math.analysis.SimpsonIntegratorTest, org.apache.commons.math.analysis.SimpsonIntegratorTest, org.apache.commons.math.analysis.SplineInterpolatorTest, org.apache.commons.math.analysis.SplineInterpolatorTest, org.apache.commons.math.analysis.TrapezoidIntegratorTest, org.apache.commons.math.analysis.TrapezoidIntegratorTest, org.apache.commons.math.analysis.UnivariateRealSolverFactoryImplTest, org.apache.commons.math.analysis.UnivariateRealSolverFactoryImplTest, org.apache.commons.math.analysis.UnivariateRealSolverUtilsTest, org.apache.commons.math.analysis.UnivariateRealSolverUtilsTest, org.apache.commons.math.complex.ComplexFormatTest, org.apache.commons.math.complex.ComplexFormatTest, org.apache.commons.math.complex.ComplexTest, org.apache.commons.math.complex.ComplexTest, org.apache.commons.math.complex.ComplexUtilsTest, org.apache.commons.math.complex.ComplexUtilsTest, org.apache.commons.math.complex.FrenchComplexFormatTest, org.apache.commons.math.complex.FrenchComplexFormatTest, org.apache.commons.math.distribution.BinomialDistributionTest, org.apache.commons.math.distribution.BinomialDistributionTest, org.apache.commons.math.distribution.CauchyDistributionTest, org.apache.commons.math.distribution.CauchyDistributionTest, org.apache.commons.math.distribution.ChiSquareDistributionTest, org.apache.commons.math.distribution.ChiSquareDistributionTest, org.apache.commons.math.distribution.DistributionFactoryImplTest, org.apache.commons.math.distribution.DistributionFactoryImplTest, org.apache.commons.math.distribution.ExponentialDistributionTest, org.apache.commons.math.distribution.ExponentialDistributionTest, org.apache.commons.math.distribution.FDistributionTest, org.apache.commons.math.distribution.FDistributionTest, org.apache.commons.math.distribution.GammaDistributionTest, org.apache.commons.math.distribution.GammaDistributionTest, org.apache.commons.math.distribution.HypergeometricDistributionTest, org.apache.commons.math.distribution.HypergeometricDistributionTest, org.apache.commons.math.distribution.NormalDistributionTest, org.apache.commons.math.distribution.NormalDistributionTest, org.apache.commons.math.distribution.PascalDistributionTest, org.apache.commons.math.distribution.PascalDistributionTest, org.apache.commons.math.distribution.PoissonDistributionTest, org.apache.commons.math.distribution.PoissonDistributionTest, org.apache.commons.math.distribution.TDistributionTest, org.apache.commons.math.distribution.TDistributionTest, org.apache.commons.math.distribution.WeibullDistributionTest, org.apache.commons.math.distribution.WeibullDistributionTest, org.apache.commons.math.fraction.FractionFormatTest, org.apache.commons.math.fraction.FractionFormatTest, org.apache.commons.math.fraction.FractionTest, org.apache.commons.math.fraction.FractionTest, org.apache.commons.math.linear.BigMatrixImplTest, org.apache.commons.math.linear.BigMatrixImplTest, org.apache.commons.math.linear.InvalidMatrixExceptionTest, org.apache.commons.math.linear.InvalidMatrixExceptionTest, org.apache.commons.math.linear.MatrixIndexExceptionTest, org.apache.commons.math.linear.MatrixIndexExceptionTest, org.apache.commons.math.linear.MatrixUtilsTest, org.apache.commons.math.linear.MatrixUtilsTest, org.apache.commons.math.linear.QRDecompositionImplTest, org.apache.commons.math.linear.QRDecompositionImplTest, org.apache.commons.math.linear.RealMatrixImplTest, org.apache.commons.math.linear.RealMatrixImplTest, org.apache.commons.math.random.AbstractRandomGeneratorTest, org.apache.commons.math.random.AbstractRandomGeneratorTest, org.apache.commons.math.random.EmpiricalDistributionTest, org.apache.commons.math.random.EmpiricalDistributionTest, org.apache.commons.math.random.RandomAdaptorTest, org.apache.commons.math.random.RandomAdaptorTest, org.apache.commons.math.random.RandomDataTest, org.apache.commons.math.random.RandomDataTest, org.apache.commons.math.random.ValueServerTest, org.apache.commons.math.random.ValueServerTest, org.apache.commons.math.special.BetaTest, org.apache.commons.math.special.BetaTest, org.apache.commons.math.special.ErfTest, org.apache.commons.math.special.ErfTest, org.apache.commons.math.special.GammaTest, org.apache.commons.math.special.GammaTest, org.apache.commons.math.stat.CertifiedDataTest, org.apache.commons.math.stat.CertifiedDataTest, org.apache.commons.math.stat.FrequencyTest, org.apache.commons.math.stat.FrequencyTest, org.apache.commons.math.stat.StatUtilsTest, org.apache.commons.math.stat.StatUtilsTest, org.apache.commons.math.stat.data.LewTest, org.apache.commons.math.stat.data.LewTest, org.apache.commons.math.stat.data.LotteryTest, org.apache.commons.math.stat.data.LotteryTest, org.apache.commons.math.stat.descriptive.AbstractUnivariateStatisticTest, org.apache.commons.math.stat.descriptive.AbstractUnivariateStatisticTest, org.apache.commons.math.stat.descriptive.DescriptiveStatisticsImplTest, org.apache.commons.math.stat.descriptive.DescriptiveStatisticsImplTest, org.apache.commons.math.stat.descriptive.DescriptiveStatisticsTest, org.apache.commons.math.stat.descriptive.DescriptiveStatisticsTest, org.apache.commons.math.stat.descriptive.InteractionTest, org.apache.commons.math.stat.descriptive.InteractionTest, org.apache.commons.math.stat.descriptive.ListUnivariateImplTest, org.apache.commons.math.stat.descriptive.ListUnivariateImplTest, org.apache.commons.math.stat.descriptive.MixedListUnivariateImplTest, org.apache.commons.math.stat.descriptive.MixedListUnivariateImplTest, org.apache.commons.math.stat.descriptive.StatisticalSummaryValuesTest, org.apache.commons.math.stat.descriptive.StatisticalSummaryValuesTest, org.apache.commons.math.stat.descriptive.SummaryStatisticsImplTest, org.apache.commons.math.stat.descriptive.SummaryStatisticsImplTest, org.apache.commons.math.stat.descriptive.moment.FirstMomentTest, org.apache.commons.math.stat.descriptive.moment.FirstMomentTest, org.apache.commons.math.stat.descriptive.moment.FourthMomentTest, org.apache.commons.math.stat.descriptive.moment.FourthMomentTest, org.apache.commons.math.stat.descriptive.moment.GeometricMeanTest, org.apache.commons.math.stat.descriptive.moment.GeometricMeanTest, org.apache.commons.math.stat.descriptive.moment.KurtosisTest, org.apache.commons.math.stat.descriptive.moment.KurtosisTest, org.apache.commons.math.stat.descriptive.moment.MeanTest, org.apache.commons.math.stat.descriptive.moment.MeanTest, org.apache.commons.math.stat.descriptive.moment.SecondMomentTest, org.apache.commons.math.stat.descriptive.moment.SecondMomentTest, org.apache.commons.math.stat.descriptive.moment.SkewnessTest, org.apache.commons.math.stat.descriptive.moment.SkewnessTest, org.apache.commons.math.stat.descriptive.moment.StandardDeviationTest, org.apache.commons.math.stat.descriptive.moment.StandardDeviationTest, org.apache.commons.math.stat.descriptive.moment.ThirdMomentTest, org.apache.commons.math.stat.descriptive.moment.ThirdMomentTest, org.apache.commons.math.stat.descriptive.moment.VarianceTest, org.apache.commons.math.stat.descriptive.moment.VarianceTest, org.apache.commons.math.stat.descriptive.rank.MaxTest, org.apache.commons.math.stat.descriptive.rank.MaxTest, org.apache.commons.math.stat.descriptive.rank.MedianTest, org.apache.commons.math.stat.descriptive.rank.MedianTest, org.apache.commons.math.stat.descriptive.rank.MinTest, org.apache.commons.math.stat.descriptive.rank.MinTest, org.apache.commons.math.stat.descriptive.rank.PercentileTest, org.apache.commons.math.stat.descriptive.rank.PercentileTest, org.apache.commons.math.stat.descriptive.summary.ProductTest, org.apache.commons.math.stat.descriptive.summary.ProductTest, org.apache.commons.math.stat.descriptive.summary.SumLogTest, org.apache.commons.math.stat.descriptive.summary.SumLogTest, org.apache.commons.math.stat.descriptive.summary.SumSqTest, org.apache.commons.math.stat.descriptive.summary.SumSqTest, org.apache.commons.math.stat.descriptive.summary.SumTest, org.apache.commons.math.stat.descriptive.summary.SumTest, org.apache.commons.math.stat.inference.ChiSquareFactoryTest, org.apache.commons.math.stat.inference.ChiSquareFactoryTest, org.apache.commons.math.stat.inference.ChiSquareTestTest, org.apache.commons.math.stat.inference.ChiSquareTestTest, org.apache.commons.math.stat.inference.TTestFactoryTest, org.apache.commons.math.stat.inference.TTestFactoryTest, org.apache.commons.math.stat.inference.TTestTest, org.apache.commons.math.stat.inference.TTestTest, org.apache.commons.math.stat.inference.TestUtilsTest, org.apache.commons.math.stat.inference.TestUtilsTest, org.apache.commons.math.stat.regression.SimpleRegressionTest, org.apache.commons.math.stat.regression.SimpleRegressionTest, org.apache.commons.math.util.ContinuedFractionTest, org.apache.commons.math.util.ContinuedFractionTest, org.apache.commons.math.util.DefaultTransformerTest, org.apache.commons.math.util.DefaultTransformerTest, org.apache.commons.math.util.MathUtilsTest, org.apache.commons.math.util.MathUtilsTest, org.apache.commons.math.util.ResizableDoubleArrayTest, org.apache.commons.math.util.ResizableDoubleArrayTest, org.apache.commons.math.util.TransformerMapTest, org.apache.commons.math.util.TransformerMapTest], complianceLevel=3, outputFolder=., json=true}
18:38:59.685 [main] INFO  fr.inria.lille.repair.nopol.NoPol - Available processors (cores): 1
18:38:59.692 [main] INFO  fr.inria.lille.repair.nopol.NoPol - Free memory: 962 MB
18:38:59.693 [main] INFO  fr.inria.lille.repair.nopol.NoPol - Maximum memory: 989 MB
18:38:59.693 [main] INFO  fr.inria.lille.repair.nopol.NoPol - Total memory available to JVM: 989 MB
18:38:59.693 [main] INFO  fr.inria.lille.repair.nopol.NoPol - Java version: 1.8.0_71
18:38:59.697 [main] INFO  fr.inria.lille.repair.nopol.NoPol - JAVA_HOME: /home/wp/tool/jdk1.8.0_71/bin/
18:38:59.697 [main] INFO  fr.inria.lille.repair.nopol.NoPol - PATH: /home/wp/tool/jdk1.8.0_71/bin/:/home/wp/RepairThemAll/benchmarks/defects4j/framework/bin:/home/wp/tool/gradle-5.4.1/bin:/home/wp/tool/apache-maven-3.5.2/bin:/home/wp/tool/jdk1.7.0_80/bin:/home/wp/tool/apache-ant-1.9.14/bin:/home/wp/tool/jdk1.7.0_80/bin:/home/wp/tool/jdk1.7.0_80/jre/bin:/usr/local/sbin:/usr/local/bin:/usr/sbin:/usr/bin:/sbin:/bin:/usr/games:/usr/local/games
After filtering ......
rootclassname is org.apache.commons.math.fraction.ProperFractionFormat
line number is 192
18:39:11.918 [pool-2-thread-1] DEBUG fr.inria.lille.repair.nopol.NoPol - statement #1
18:39:11.918 [pool-2-thread-1] DEBUG fr.inria.lille.repair.nopol.NoPol - Analysing SourceLocation org.apache.commons.math.fraction.ProperFractionFormat:192 which is executed by 3 tests
-1129122774
18:39:12.299 [pool-2-thread-1] DEBUG fr.inria.lille.repair.nopol.NoPol - looking with class fr.inria.lille.repair.nopol.spoon.smt.ConditionalAdder
18:39:13.752 [pool-3-thread-1] DEBUG tests.output - Failing tests with false: 
[testParseProperInvalidMinus(org.apache.commons.math.fraction.FractionFormatTest): invalid minus in improper fraction.]
18:39:13.752 [pool-3-thread-1] DEBUG tests.output - Failing tests with true: 
[testParseProperInvalidMinus(org.apache.commons.math.fraction.FractionFormatTest): invalid minus in improper fraction.]
18:39:13.752 [pool-3-thread-1] INFO  f.i.l.r.n.synth.SMTNopolSynthesizer - Not enough specifications: 0. A trivial patch is "true" or "false", please write new tests specifying SourceLocation org.apache.commons.math.fraction.ProperFractionFormat:192.
18:39:13.752 [pool-2-thread-1] DEBUG fr.inria.lille.repair.nopol.NoPol - looking with class fr.inria.lille.repair.nopol.spoon.smt.ConditionalReplacer
18:39:14.425 [pool-7-thread-1] DEBUG f.i.l.c.s.ConstraintBasedSynthesis - Operators:
18:39:14.489 [pool-7-thread-1] DEBUG f.i.l.c.s.ConstraintBasedSynthesis - Operators:
== of arity: 2
!= of arity: 2
< of arity: 2
<= of arity: 2
18:39:14.631 [pool-7-thread-1] DEBUG f.i.l.c.s.ConstraintBasedSynthesis - Successful code synthesis: num <= whole
number of passing is 0
number of failing is 0
18:39:14.636 [pool-7-thread-1] INFO  f.i.l.repair.nopol.patch.TestPatch - Applying patch: org.apache.commons.math.fraction.ProperFractionFormat:192: CONDITIONAL num <= whole
18:39:14.865 [pool-7-thread-1] ERROR x.java.compiler.DynamicClassCompiler - [Compilation errors]
ProperFractionFormat.java:74: error: bad operand types for binary operator '<='
        if (num <= whole) {
                ^
  first type:  java.lang.Number
  second type: java.lang.Number
18:39:14.867 [pool-7-thread-1] ERROR fr.inria.lille.repair.nopol.NoPol - Patch malformed num <= whole
xxl.java.compiler.DynamicCompilationException: Aborting: dynamic compilation failed
	at xxl.java.compiler.DynamicClassCompiler.runCompilationTask(DynamicClassCompiler.java:99) ~[nopol.jar:na]
	at xxl.java.compiler.DynamicClassCompiler.javaBytecodeFor(DynamicClassCompiler.java:67) ~[nopol.jar:na]
	at fr.inria.lille.commons.spoon.SpoonedFile.compilationFor(SpoonedFile.java:203) ~[nopol.jar:na]
	at fr.inria.lille.commons.spoon.SpoonedFile.compileModelledClasses(SpoonedFile.java:177) ~[nopol.jar:na]
	at fr.inria.lille.commons.spoon.SpoonedFile.dumpedToClassLoader(SpoonedFile.java:130) ~[nopol.jar:na]
	at fr.inria.lille.commons.spoon.SpoonedFile.processedAndDumpedToClassLoader(SpoonedFile.java:140) ~[nopol.jar:na]
	at fr.inria.lille.commons.spoon.SpoonedFile.processedAndDumpedToClassLoader(SpoonedFile.java:135) ~[nopol.jar:na]
	at fr.inria.lille.repair.nopol.patch.TestPatch.passesAllTests(TestPatch.java:60) ~[nopol.jar:na]
	at fr.inria.lille.repair.nopol.NoPol.isOk(NoPol.java:389) [nopol.jar:na]
	at fr.inria.lille.repair.nopol.NoPol.runNopolProcessor(NoPol.java:372) [nopol.jar:na]
	at fr.inria.lille.repair.nopol.NoPol.access$1(NoPol.java:346) [nopol.jar:na]
	at fr.inria.lille.repair.nopol.NoPol$1.call(NoPol.java:328) [nopol.jar:na]
	at java.util.concurrent.FutureTask.run(FutureTask.java:266) [na:1.8.0_71]
	at java.util.concurrent.ThreadPoolExecutor.runWorker(ThreadPoolExecutor.java:1142) [na:1.8.0_71]
	at java.util.concurrent.ThreadPoolExecutor$Worker.run(ThreadPoolExecutor.java:617) [na:1.8.0_71]
	at java.lang.Thread.run(Thread.java:745) [na:1.8.0_71]
18:39:14.871 [pool-2-thread-1] ERROR fr.inria.lille.repair.nopol.NoPol - Error ExecutionException java.util.concurrent.ExecutionException: java.lang.RuntimeException: invalid patch
After filtering ......
rootclassname is org.apache.commons.math.fraction.ProperFractionFormat
line number is 157
18:39:14.871 [pool-2-thread-1] DEBUG fr.inria.lille.repair.nopol.NoPol - statement #2
18:39:14.871 [pool-2-thread-1] DEBUG fr.inria.lille.repair.nopol.NoPol - Analysing SourceLocation org.apache.commons.math.fraction.ProperFractionFormat:157 which is executed by 4 tests
-1129122774
18:39:14.979 [pool-2-thread-1] DEBUG fr.inria.lille.repair.nopol.NoPol - looking with class fr.inria.lille.repair.nopol.spoon.smt.ConditionalAdder
18:39:15.292 [pool-19-thread-1] DEBUG tests.output - Failing tests with false: 
[testParseProperInvalidMinus(org.apache.commons.math.fraction.FractionFormatTest): invalid minus in improper fraction.]
18:39:15.292 [pool-19-thread-1] DEBUG tests.output - Failing tests with true: 
[testParseProperInvalidMinus(org.apache.commons.math.fraction.FractionFormatTest): invalid minus in improper fraction.]
18:39:15.292 [pool-19-thread-1] INFO  f.i.l.r.n.synth.SMTNopolSynthesizer - Not enough specifications: 0. A trivial patch is "true" or "false", please write new tests specifying SourceLocation org.apache.commons.math.fraction.ProperFractionFormat:157.
18:39:15.292 [pool-2-thread-1] DEBUG fr.inria.lille.repair.nopol.NoPol - looking with class fr.inria.lille.repair.nopol.spoon.smt.ConditionalReplacer
18:39:15.817 [pool-23-thread-1] DEBUG f.i.l.c.s.ConstraintBasedSynthesis - Operators:
18:39:15.847 [pool-23-thread-1] DEBUG f.i.l.c.s.ConstraintBasedSynthesis - Operators:
== of arity: 2
!= of arity: 2
< of arity: 2
<= of arity: 2
18:39:16.052 [pool-23-thread-1] DEBUG f.i.l.c.s.ConstraintBasedSynthesis - Successful code synthesis: num <= whole
number of passing is 1
number of failing is 1
18:39:16.052 [pool-23-thread-1] INFO  f.i.l.repair.nopol.patch.TestPatch - Applying patch: org.apache.commons.math.fraction.ProperFractionFormat:157: CONDITIONAL num <= whole
18:39:16.253 [pool-23-thread-1] ERROR x.java.compiler.DynamicClassCompiler - [Compilation errors]
ProperFractionFormat.java:56: error: bad operand types for binary operator '<='
        if (num <= whole) {
                ^
  first type:  java.lang.Number
  second type: java.lang.Number
18:39:16.253 [pool-23-thread-1] ERROR fr.inria.lille.repair.nopol.NoPol - Patch malformed num <= whole
xxl.java.compiler.DynamicCompilationException: Aborting: dynamic compilation failed
	at xxl.java.compiler.DynamicClassCompiler.runCompilationTask(DynamicClassCompiler.java:99) ~[nopol.jar:na]
	at xxl.java.compiler.DynamicClassCompiler.javaBytecodeFor(DynamicClassCompiler.java:67) ~[nopol.jar:na]
	at fr.inria.lille.commons.spoon.SpoonedFile.compilationFor(SpoonedFile.java:203) ~[nopol.jar:na]
	at fr.inria.lille.commons.spoon.SpoonedFile.compileModelledClasses(SpoonedFile.java:177) ~[nopol.jar:na]
	at fr.inria.lille.commons.spoon.SpoonedFile.dumpedToClassLoader(SpoonedFile.java:130) ~[nopol.jar:na]
	at fr.inria.lille.commons.spoon.SpoonedFile.processedAndDumpedToClassLoader(SpoonedFile.java:140) ~[nopol.jar:na]
	at fr.inria.lille.commons.spoon.SpoonedFile.processedAndDumpedToClassLoader(SpoonedFile.java:135) ~[nopol.jar:na]
	at fr.inria.lille.repair.nopol.patch.TestPatch.passesAllTests(TestPatch.java:60) ~[nopol.jar:na]
	at fr.inria.lille.repair.nopol.NoPol.isOk(NoPol.java:389) [nopol.jar:na]
	at fr.inria.lille.repair.nopol.NoPol.runNopolProcessor(NoPol.java:372) [nopol.jar:na]
	at fr.inria.lille.repair.nopol.NoPol.access$1(NoPol.java:346) [nopol.jar:na]
	at fr.inria.lille.repair.nopol.NoPol$1.call(NoPol.java:328) [nopol.jar:na]
	at java.util.concurrent.FutureTask.run(FutureTask.java:266) [na:1.8.0_71]
	at java.util.concurrent.ThreadPoolExecutor.runWorker(ThreadPoolExecutor.java:1142) [na:1.8.0_71]
	at java.util.concurrent.ThreadPoolExecutor$Worker.run(ThreadPoolExecutor.java:617) [na:1.8.0_71]
	at java.lang.Thread.run(Thread.java:745) [na:1.8.0_71]
18:39:16.255 [pool-2-thread-1] ERROR fr.inria.lille.repair.nopol.NoPol - Error ExecutionException java.util.concurrent.ExecutionException: java.lang.RuntimeException: invalid patch
18:39:16.257 [pool-2-thread-1] INFO  fr.inria.lille.repair.nopol.NoPol - ----INFORMATION----
18:39:16.388 [pool-2-thread-1] INFO  fr.inria.lille.repair.nopol.NoPol - Nb classes : 136
18:39:16.388 [pool-2-thread-1] INFO  fr.inria.lille.repair.nopol.NoPol - Nb methods : 937
18:39:16.389 [pool-2-thread-1] INFO  fr.inria.lille.repair.nopol.NoPol - Nb Statements Analyzed : 4
18:39:16.389 [pool-2-thread-1] INFO  fr.inria.lille.repair.nopol.NoPol - Nb Statements with Angelic Value Found : 2
18:39:16.389 [pool-2-thread-1] INFO  fr.inria.lille.repair.nopol.NoPol - Nb inputs in SMT : 4
18:39:16.389 [pool-2-thread-1] INFO  fr.inria.lille.repair.nopol.NoPol - Nb SMT level: 2
18:39:16.390 [pool-2-thread-1] INFO  fr.inria.lille.repair.nopol.NoPol - Nb SMT components: [4] [== of arity: 2, != of arity: 2, < of arity: 2, <= of arity: 2]
18:39:16.390 [pool-2-thread-1] INFO  fr.inria.lille.repair.nopol.NoPol -                   class java.lang.Boolean: 4
18:39:16.390 [pool-2-thread-1] INFO  fr.inria.lille.repair.nopol.NoPol - Nb variables in SMT : 16
18:39:16.390 [pool-2-thread-1] INFO  fr.inria.lille.repair.nopol.NoPol - NoPol Execution time : 16579ms
18:39:16.390 [pool-2-thread-1] INFO  fr.inria.lille.repair.nopol.NoPol - 
NO_SYNTHESIS
Command exited with non-zero status 255
16.31user 0.70system 0:17.67elapsed 96%CPU (0avgtext+0avgdata 517836maxresident)k
4136inputs+6416outputs (1major+83514minor)pagefaults 0swaps


Node: ubuntu



Date: Mon Jul 29 18:39:16 EDT 2019

