cd /tmp/Arja_Defects4J_Closure_112;
export JAVA_TOOL_OPTIONS="-Dfile.encoding=UTF8 -Duser.language=en-US -Duser.country=US -Duser.language=en";
TZ="America/New_York"; export TZ;
export PATH="/data/tool/jdk1.7.0_80/bin:$PATH";
export JAVA_HOME="/data/tool/jdk1.7.0_80/bin";
timeout 120m java -Xmx1g -Xms1g -cp /data/RepairThemAll/script/../libs/jmetal.jar:/data/RepairThemAll/script/../repair_tools/arja.jar us.msu.cse.repair.Main \
	Arja \
	-DexternalProjRoot /data/RepairThemAll/script/../libs/arja_external \
	-Dbenchmark Defects4J \
	-Dbugid Closure-112 \
	-DsrcJavaDir /tmp/Arja_Defects4J_Closure_112/src/ \
	-DbinJavaDir /tmp/Arja_Defects4J_Closure_112/build/classes/ \
	-DbinTestDir /tmp/Arja_Defects4J_Closure_112/build/test/ \
	-DdiffFormat true \
	-Dseed 0 \
	-Ddependences /tmp/Arja_Defects4J_Closure_112/build/classes:/tmp/Arja_Defects4J_Closure_112/build/test:/tmp/Arja_Defects4J_Closure_112/build/lib/rhino.jar:/tmp/Arja_Defects4J_Closure_112/lib/guava.jar:/tmp/Arja_Defects4J_Closure_112/lib/junit.jar:/tmp/Arja_Defects4J_Closure_112/lib/json.jar:/tmp/Arja_Defects4J_Closure_112/lib/jsr305.jar:/tmp/Arja_Defects4J_Closure_112/lib/ant-launcher.jar:/tmp/Arja_Defects4J_Closure_112/lib/jarjar.jar:/tmp/Arja_Defects4J_Closure_112/lib/protobuf-java.jar:/tmp/Arja_Defects4J_Closure_112/lib/ant.jar:/tmp/Arja_Defects4J_Closure_112/lib/caja-r4314.jar:/tmp/Arja_Defects4J_Closure_112/lib/args4j.jar;
	echo "\n\nNode: `hostname`\n";
	echo "\n\nDate: `date`\n";
Picked up JAVA_TOOL_OPTIONS: -Dfile.encoding=UTF8 -Duser.language=en-US -Duser.country=US -Duser.language=en
Aug 11, 2019 3:43:21 AM java.util.jar.Attributes read
WARNING: Duplicate name in Manifest: SHA1-Digest.
Ensure that the manifest does not have duplicate entries, and
that blank lines separate individual sections in both your
manifest and in the META-INF/MANIFEST.MF entry in the jar file.
Aug 11, 2019 3:43:21 AM java.util.jar.Attributes read
WARNING: Duplicate name in Manifest: SHA1-Digest.
Ensure that the manifest does not have duplicate entries, and
that blank lines separate individual sections in both your
manifest and in the META-INF/MANIFEST.MF entry in the jar file.
Aug 11, 2019 3:43:21 AM java.util.jar.Attributes read
WARNING: Duplicate name in Manifest: SHA1-Digest.
Ensure that the manifest does not have duplicate entries, and
that blank lines separate individual sections in both your
manifest and in the META-INF/MANIFEST.MF entry in the jar file.
Aug 11, 2019 3:43:21 AM java.util.jar.Attributes read
WARNING: Duplicate name in Manifest: SHA1-Digest.
Ensure that the manifest does not have duplicate entries, and
that blank lines separate individual sections in both your
manifest and in the META-INF/MANIFEST.MF entry in the jar file.
Aug 11, 2019 3:43:21 AM java.util.jar.Attributes read
WARNING: Duplicate name in Manifest: SHA1-Digest.
Ensure that the manifest does not have duplicate entries, and
that blank lines separate individual sections in both your
manifest and in the META-INF/MANIFEST.MF entry in the jar file.
Aug 11, 2019 3:43:21 AM java.util.jar.Attributes read
WARNING: Duplicate name in Manifest: SHA1-Digest.
Ensure that the manifest does not have duplicate entries, and
that blank lines separate individual sections in both your
manifest and in the META-INF/MANIFEST.MF entry in the jar file.
Aug 11, 2019 3:43:21 AM java.util.jar.Attributes read
WARNING: Duplicate name in Manifest: SHA1-Digest.
Ensure that the manifest does not have duplicate entries, and
that blank lines separate individual sections in both your
manifest and in the META-INF/MANIFEST.MF entry in the jar file.
Aug 11, 2019 3:43:21 AM java.util.jar.Attributes read
WARNING: Duplicate name in Manifest: SHA1-Digest.
Ensure that the manifest does not have duplicate entries, and
that blank lines separate individual sections in both your
manifest and in the META-INF/MANIFEST.MF entry in the jar file.
Aug 11, 2019 3:43:21 AM java.util.jar.Attributes read
WARNING: Duplicate name in Manifest: SHA1-Digest.
Ensure that the manifest does not have duplicate entries, and
that blank lines separate individual sections in both your
manifest and in the META-INF/MANIFEST.MF entry in the jar file.
Aug 11, 2019 3:43:21 AM java.util.jar.Attributes read
WARNING: Duplicate name in Manifest: SHA1-Digest.
Ensure that the manifest does not have duplicate entries, and
that blank lines separate individual sections in both your
manifest and in the META-INF/MANIFEST.MF entry in the jar file.
Aug 11, 2019 3:43:21 AM java.util.jar.Attributes read
WARNING: Duplicate name in Manifest: SHA1-Digest.
Ensure that the manifest does not have duplicate entries, and
that blank lines separate individual sections in both your
manifest and in the META-INF/MANIFEST.MF entry in the jar file.
Aug 11, 2019 3:43:21 AM java.util.jar.Attributes read
WARNING: Duplicate name in Manifest: SHA1-Digest.
Ensure that the manifest does not have duplicate entries, and
that blank lines separate individual sections in both your
manifest and in the META-INF/MANIFEST.MF entry in the jar file.
Aug 11, 2019 3:43:21 AM java.util.jar.Attributes read
WARNING: Duplicate name in Manifest: SHA1-Digest.
Ensure that the manifest does not have duplicate entries, and
that blank lines separate individual sections in both your
manifest and in the META-INF/MANIFEST.MF entry in the jar file.
Aug 11, 2019 3:43:21 AM java.util.jar.Attributes read
WARNING: Duplicate name in Manifest: SHA1-Digest.
Ensure that the manifest does not have duplicate entries, and
that blank lines separate individual sections in both your
manifest and in the META-INF/MANIFEST.MF entry in the jar file.
Aug 11, 2019 3:43:21 AM java.util.jar.Attributes read
WARNING: Duplicate name in Manifest: SHA1-Digest.
Ensure that the manifest does not have duplicate entries, and
that blank lines separate individual sections in both your
manifest and in the META-INF/MANIFEST.MF entry in the jar file.
Aug 11, 2019 3:43:21 AM java.util.jar.Attributes read
WARNING: Duplicate name in Manifest: SHA1-Digest.
Ensure that the manifest does not have duplicate entries, and
that blank lines separate individual sections in both your
manifest and in the META-INF/MANIFEST.MF entry in the jar file.
Aug 11, 2019 3:43:21 AM java.util.jar.Attributes read
WARNING: Duplicate name in Manifest: SHA1-Digest.
Ensure that the manifest does not have duplicate entries, and
that blank lines separate individual sections in both your
manifest and in the META-INF/MANIFEST.MF entry in the jar file.
Aug 11, 2019 3:43:21 AM java.util.jar.Attributes read
WARNING: Duplicate name in Manifest: SHA1-Digest.
Ensure that the manifest does not have duplicate entries, and
that blank lines separate individual sections in both your
manifest and in the META-INF/MANIFEST.MF entry in the jar file.
Aug 11, 2019 3:43:21 AM java.util.jar.Attributes read
WARNING: Duplicate name in Manifest: SHA1-Digest.
Ensure that the manifest does not have duplicate entries, and
that blank lines separate individual sections in both your
manifest and in the META-INF/MANIFEST.MF entry in the jar file.
Aug 11, 2019 3:43:21 AM java.util.jar.Attributes read
WARNING: Duplicate name in Manifest: SHA1-Digest.
Ensure that the manifest does not have duplicate entries, and
that blank lines separate individual sections in both your
manifest and in the META-INF/MANIFEST.MF entry in the jar file.
Aug 11, 2019 3:43:21 AM java.util.jar.Attributes read
WARNING: Duplicate name in Manifest: SHA1-Digest.
Ensure that the manifest does not have duplicate entries, and
that blank lines separate individual sections in both your
manifest and in the META-INF/MANIFEST.MF entry in the jar file.
Aug 11, 2019 3:43:21 AM java.util.jar.Attributes read
WARNING: Duplicate name in Manifest: SHA1-Digest.
Ensure that the manifest does not have duplicate entries, and
that blank lines separate individual sections in both your
manifest and in the META-INF/MANIFEST.MF entry in the jar file.
Aug 11, 2019 3:43:22 AM java.util.jar.Attributes read
WARNING: Duplicate name in Manifest: SHA1-Digest.
Ensure that the manifest does not have duplicate entries, and
that blank lines separate individual sections in both your
manifest and in the META-INF/MANIFEST.MF entry in the jar file.
Aug 11, 2019 3:43:22 AM java.util.jar.Attributes read
WARNING: Duplicate name in Manifest: SHA1-Digest.
Ensure that the manifest does not have duplicate entries, and
that blank lines separate individual sections in both your
manifest and in the META-INF/MANIFEST.MF entry in the jar file.
Aug 11, 2019 3:43:22 AM java.util.jar.Attributes read
WARNING: Duplicate name in Manifest: SHA1-Digest.
Ensure that the manifest does not have duplicate entries, and
that blank lines separate individual sections in both your
manifest and in the META-INF/MANIFEST.MF entry in the jar file.
Aug 11, 2019 3:43:22 AM java.util.jar.Attributes read
WARNING: Duplicate name in Manifest: SHA1-Digest.
Ensure that the manifest does not have duplicate entries, and
that blank lines separate individual sections in both your
manifest and in the META-INF/MANIFEST.MF entry in the jar file.
Aug 11, 2019 3:43:22 AM java.util.jar.Attributes read
WARNING: Duplicate name in Manifest: SHA1-Digest.
Ensure that the manifest does not have duplicate entries, and
that blank lines separate individual sections in both your
manifest and in the META-INF/MANIFEST.MF entry in the jar file.
Aug 11, 2019 3:43:22 AM java.util.jar.Attributes read
WARNING: Duplicate name in Manifest: SHA1-Digest.
Ensure that the manifest does not have duplicate entries, and
that blank lines separate individual sections in both your
manifest and in the META-INF/MANIFEST.MF entry in the jar file.
Aug 11, 2019 3:43:22 AM java.util.jar.Attributes read
WARNING: Duplicate name in Manifest: SHA1-Digest.
Ensure that the manifest does not have duplicate entries, and
that blank lines separate individual sections in both your
manifest and in the META-INF/MANIFEST.MF entry in the jar file.
Aug 11, 2019 3:43:22 AM java.util.jar.Attributes read
WARNING: Duplicate name in Manifest: SHA1-Digest.
Ensure that the manifest does not have duplicate entries, and
that blank lines separate individual sections in both your
manifest and in the META-INF/MANIFEST.MF entry in the jar file.
Fault localization starts...
Number of positive tests: 8322
Number of negative tests: 2
faulty points number is2
Fault localization is finished!
AST parsing starts...
Aug 11, 2019 3:43:38 AM java.util.jar.Attributes read
WARNING: Duplicate name in Manifest: SHA1-Digest.
Ensure that the manifest does not have duplicate entries, and
that blank lines separate individual sections in both your
manifest and in the META-INF/MANIFEST.MF entry in the jar file.
Aug 11, 2019 3:43:38 AM java.util.jar.Attributes read
WARNING: Duplicate name in Manifest: SHA1-Digest.
Ensure that the manifest does not have duplicate entries, and
that blank lines separate individual sections in both your
manifest and in the META-INF/MANIFEST.MF entry in the jar file.
Aug 11, 2019 3:43:38 AM java.util.jar.Attributes read
WARNING: Duplicate name in Manifest: SHA1-Digest.
Ensure that the manifest does not have duplicate entries, and
that blank lines separate individual sections in both your
manifest and in the META-INF/MANIFEST.MF entry in the jar file.
Aug 11, 2019 3:43:38 AM java.util.jar.Attributes read
WARNING: Duplicate name in Manifest: SHA1-Digest.
Ensure that the manifest does not have duplicate entries, and
that blank lines separate individual sections in both your
manifest and in the META-INF/MANIFEST.MF entry in the jar file.
Aug 11, 2019 3:43:38 AM java.util.jar.Attributes read
WARNING: Duplicate name in Manifest: SHA1-Digest.
Ensure that the manifest does not have duplicate entries, and
that blank lines separate individual sections in both your
manifest and in the META-INF/MANIFEST.MF entry in the jar file.
Aug 11, 2019 3:43:38 AM java.util.jar.Attributes read
WARNING: Duplicate name in Manifest: SHA1-Digest.
Ensure that the manifest does not have duplicate entries, and
that blank lines separate individual sections in both your
manifest and in the META-INF/MANIFEST.MF entry in the jar file.
Aug 11, 2019 3:43:38 AM java.util.jar.Attributes read
WARNING: Duplicate name in Manifest: SHA1-Digest.
Ensure that the manifest does not have duplicate entries, and
that blank lines separate individual sections in both your
manifest and in the META-INF/MANIFEST.MF entry in the jar file.
Aug 11, 2019 3:43:38 AM java.util.jar.Attributes read
WARNING: Duplicate name in Manifest: SHA1-Digest.
Ensure that the manifest does not have duplicate entries, and
that blank lines separate individual sections in both your
manifest and in the META-INF/MANIFEST.MF entry in the jar file.
Aug 11, 2019 3:43:38 AM java.util.jar.Attributes read
WARNING: Duplicate name in Manifest: SHA1-Digest.
Ensure that the manifest does not have duplicate entries, and
that blank lines separate individual sections in both your
manifest and in the META-INF/MANIFEST.MF entry in the jar file.
Aug 11, 2019 3:43:38 AM java.util.jar.Attributes read
WARNING: Duplicate name in Manifest: SHA1-Digest.
Ensure that the manifest does not have duplicate entries, and
that blank lines separate individual sections in both your
manifest and in the META-INF/MANIFEST.MF entry in the jar file.
Aug 11, 2019 3:43:38 AM java.util.jar.Attributes read
WARNING: Duplicate name in Manifest: SHA1-Digest.
Ensure that the manifest does not have duplicate entries, and
that blank lines separate individual sections in both your
manifest and in the META-INF/MANIFEST.MF entry in the jar file.
Aug 11, 2019 3:43:38 AM java.util.jar.Attributes read
WARNING: Duplicate name in Manifest: SHA1-Digest.
Ensure that the manifest does not have duplicate entries, and
that blank lines separate individual sections in both your
manifest and in the META-INF/MANIFEST.MF entry in the jar file.
Aug 11, 2019 3:43:38 AM java.util.jar.Attributes read
WARNING: Duplicate name in Manifest: SHA1-Digest.
Ensure that the manifest does not have duplicate entries, and
that blank lines separate individual sections in both your
manifest and in the META-INF/MANIFEST.MF entry in the jar file.
Aug 11, 2019 3:43:38 AM java.util.jar.Attributes read
WARNING: Duplicate name in Manifest: SHA1-Digest.
Ensure that the manifest does not have duplicate entries, and
that blank lines separate individual sections in both your
manifest and in the META-INF/MANIFEST.MF entry in the jar file.
Aug 11, 2019 3:43:38 AM java.util.jar.Attributes read
WARNING: Duplicate name in Manifest: SHA1-Digest.
Ensure that the manifest does not have duplicate entries, and
that blank lines separate individual sections in both your
manifest and in the META-INF/MANIFEST.MF entry in the jar file.
Aug 11, 2019 3:43:38 AM java.util.jar.Attributes read
WARNING: Duplicate name in Manifest: SHA1-Digest.
Ensure that the manifest does not have duplicate entries, and
that blank lines separate individual sections in both your
manifest and in the META-INF/MANIFEST.MF entry in the jar file.
Aug 11, 2019 3:43:38 AM java.util.jar.Attributes read
WARNING: Duplicate name in Manifest: SHA1-Digest.
Ensure that the manifest does not have duplicate entries, and
that blank lines separate individual sections in both your
manifest and in the META-INF/MANIFEST.MF entry in the jar file.
Aug 11, 2019 3:43:38 AM java.util.jar.Attributes read
WARNING: Duplicate name in Manifest: SHA1-Digest.
Ensure that the manifest does not have duplicate entries, and
that blank lines separate individual sections in both your
manifest and in the META-INF/MANIFEST.MF entry in the jar file.
Aug 11, 2019 3:43:38 AM java.util.jar.Attributes read
WARNING: Duplicate name in Manifest: SHA1-Digest.
Ensure that the manifest does not have duplicate entries, and
that blank lines separate individual sections in both your
manifest and in the META-INF/MANIFEST.MF entry in the jar file.
Aug 11, 2019 3:43:38 AM java.util.jar.Attributes read
WARNING: Duplicate name in Manifest: SHA1-Digest.
Ensure that the manifest does not have duplicate entries, and
that blank lines separate individual sections in both your
manifest and in the META-INF/MANIFEST.MF entry in the jar file.
Aug 11, 2019 3:43:38 AM java.util.jar.Attributes read
WARNING: Duplicate name in Manifest: SHA1-Digest.
Ensure that the manifest does not have duplicate entries, and
that blank lines separate individual sections in both your
manifest and in the META-INF/MANIFEST.MF entry in the jar file.
Aug 11, 2019 3:43:38 AM java.util.jar.Attributes read
WARNING: Duplicate name in Manifest: SHA1-Digest.
Ensure that the manifest does not have duplicate entries, and
that blank lines separate individual sections in both your
manifest and in the META-INF/MANIFEST.MF entry in the jar file.
Aug 11, 2019 3:43:39 AM java.util.jar.Attributes read
WARNING: Duplicate name in Manifest: SHA1-Digest.
Ensure that the manifest does not have duplicate entries, and
that blank lines separate individual sections in both your
manifest and in the META-INF/MANIFEST.MF entry in the jar file.
Aug 11, 2019 3:43:39 AM java.util.jar.Attributes read
WARNING: Duplicate name in Manifest: SHA1-Digest.
Ensure that the manifest does not have duplicate entries, and
that blank lines separate individual sections in both your
manifest and in the META-INF/MANIFEST.MF entry in the jar file.
Aug 11, 2019 3:43:39 AM java.util.jar.Attributes read
WARNING: Duplicate name in Manifest: SHA1-Digest.
Ensure that the manifest does not have duplicate entries, and
that blank lines separate individual sections in both your
manifest and in the META-INF/MANIFEST.MF entry in the jar file.
Aug 11, 2019 3:43:39 AM java.util.jar.Attributes read
WARNING: Duplicate name in Manifest: SHA1-Digest.
Ensure that the manifest does not have duplicate entries, and
that blank lines separate individual sections in both your
manifest and in the META-INF/MANIFEST.MF entry in the jar file.
Aug 11, 2019 3:43:39 AM java.util.jar.Attributes read
WARNING: Duplicate name in Manifest: SHA1-Digest.
Ensure that the manifest does not have duplicate entries, and
that blank lines separate individual sections in both your
manifest and in the META-INF/MANIFEST.MF entry in the jar file.
Aug 11, 2019 3:43:39 AM java.util.jar.Attributes read
WARNING: Duplicate name in Manifest: SHA1-Digest.
Ensure that the manifest does not have duplicate entries, and
that blank lines separate individual sections in both your
manifest and in the META-INF/MANIFEST.MF entry in the jar file.
Aug 11, 2019 3:43:39 AM java.util.jar.Attributes read
WARNING: Duplicate name in Manifest: SHA1-Digest.
Ensure that the manifest does not have duplicate entries, and
that blank lines separate individual sections in both your
manifest and in the META-INF/MANIFEST.MF entry in the jar file.
Aug 11, 2019 3:43:39 AM java.util.jar.Attributes read
WARNING: Duplicate name in Manifest: SHA1-Digest.
Ensure that the manifest does not have duplicate entries, and
that blank lines separate individual sections in both your
manifest and in the META-INF/MANIFEST.MF entry in the jar file.
AST parsing is finished!
Detection of local variables starts...
Detection of local variables is finished!
Detection of fields starts...
Detection of fields is finished!
Detection of methods starts...
Detection of methods is finished!
Ingredient screener starts...
Ingredient screener is finished!
Initialization of manipulations starts...
Initialization of manipulations is finished!
Filtering of the tests starts...
Number of positive tests considered: 0
Filtering of the tests is finished!
One fitness evaluation starts...
One fitness evaluation starts...
One fitness evaluation starts...
One fitness evaluation starts...
One fitness evaluation starts...
One fitness evaluation starts...
One fitness evaluation starts...
One fitness evaluation starts...
One fitness evaluation starts...
One fitness evaluation starts...
One fitness evaluation starts...
One fitness evaluation starts...
One fitness evaluation starts...
One fitness evaluation starts...
One fitness evaluation starts...
One fitness evaluation starts...
One fitness evaluation starts...
One fitness evaluation starts...
One fitness evaluation starts...
One fitness evaluation starts...
One fitness evaluation starts...
One fitness evaluation starts...
One fitness evaluation starts...
One fitness evaluation starts...
One fitness evaluation starts...
One fitness evaluation starts...
One fitness evaluation starts...
One fitness evaluation starts...
One fitness evaluation starts...
One fitness evaluation starts...
One fitness evaluation starts...
One fitness evaluation starts...
One fitness evaluation starts...
One fitness evaluation starts...
One fitness evaluation starts...
One fitness evaluation starts...
One fitness evaluation starts...
One fitness evaluation starts...
One fitness evaluation starts...
One fitness evaluation starts...
One fitness evaluation starts...
One fitness evaluation starts...
One fitness evaluation starts...
One fitness evaluation starts...
One fitness evaluation starts...
One fitness evaluation starts...
One fitness evaluation starts...
One fitness evaluation starts...
One fitness evaluation starts...
One fitness evaluation starts...
One fitness evaluation starts...
One fitness evaluation starts...
One fitness evaluation starts...
One fitness evaluation starts...
One fitness evaluation starts...
One fitness evaluation starts...
One fitness evaluation starts...
One fitness evaluation starts...
One fitness evaluation starts...
One fitness evaluation starts...
One fitness evaluation starts...
One fitness evaluation starts...
One fitness evaluation starts...
One fitness evaluation starts...
One fitness evaluation starts...
One fitness evaluation starts...
One fitness evaluation starts...
One fitness evaluation starts...
One fitness evaluation starts...
One fitness evaluation starts...
One fitness evaluation starts...
One fitness evaluation starts...
One fitness evaluation starts...
One fitness evaluation starts...
One fitness evaluation starts...
One fitness evaluation starts...
One fitness evaluation starts...
One fitness evaluation starts...
One fitness evaluation starts...
One fitness evaluation starts...
One fitness evaluation starts...
One fitness evaluation starts...
One fitness evaluation starts...
One fitness evaluation starts...
One fitness evaluation starts...
One fitness evaluation starts...
One fitness evaluation starts...
One fitness evaluation starts...
One fitness evaluation starts...
One fitness evaluation starts...
One fitness evaluation starts...
One fitness evaluation starts...
One fitness evaluation starts...
One fitness evaluation starts...
One fitness evaluation starts...
One fitness evaluation starts...
One fitness evaluation starts...
One fitness evaluation starts...
One fitness evaluation starts...
One fitness evaluation starts...
One fitness evaluation starts...
One fitness evaluation starts...
One fitness evaluation starts...
One fitness evaluation starts...
One fitness evaluation starts...
One fitness evaluation starts...
One fitness evaluation starts...
One fitness evaluation starts...
One fitness evaluation starts...
One fitness evaluation starts...
One fitness evaluation starts...
One fitness evaluation starts...
One fitness evaluation starts...
One fitness evaluation starts...
One fitness evaluation starts...
One fitness evaluation starts...
One fitness evaluation starts...
One fitness evaluation starts...
One fitness evaluation starts...
One fitness evaluation starts...
One fitness evaluation starts...
One fitness evaluation starts...
One fitness evaluation starts...
One fitness evaluation starts...
One fitness evaluation starts...
One fitness evaluation starts...
One fitness evaluation starts...
One fitness evaluation starts...
One fitness evaluation starts...
One fitness evaluation starts...
One fitness evaluation starts...
One fitness evaluation starts...
One fitness evaluation starts...
One fitness evaluation starts...
One fitness evaluation starts...
One fitness evaluation starts...
One fitness evaluation starts...
One fitness evaluation starts...
One fitness evaluation starts...
One fitness evaluation starts...
One fitness evaluation starts...
One fitness evaluation starts...
One fitness evaluation starts...
One fitness evaluation starts...
One fitness evaluation starts...
One fitness evaluation starts...
One fitness evaluation starts...
One fitness evaluation starts...
One fitness evaluation starts...
One fitness evaluation starts...
One fitness evaluation starts...
One fitness evaluation starts...
One fitness evaluation starts...
One fitness evaluation starts...
One fitness evaluation starts...
One fitness evaluation starts...
One fitness evaluation starts...
One fitness evaluation starts...
One fitness evaluation starts...
One fitness evaluation starts...
One fitness evaluation starts...
One fitness evaluation starts...
One fitness evaluation starts...
One fitness evaluation starts...
One fitness evaluation starts...
One fitness evaluation starts...
One fitness evaluation starts...
One fitness evaluation starts...
One fitness evaluation starts...
One fitness evaluation starts...
One fitness evaluation starts...
One fitness evaluation starts...
One fitness evaluation starts...
One fitness evaluation starts...
One fitness evaluation starts...
One fitness evaluation starts...
One fitness evaluation starts...
One fitness evaluation starts...
One fitness evaluation starts...
One fitness evaluation starts...
One fitness evaluation starts...
One fitness evaluation starts...
One fitness evaluation starts...
One fitness evaluation starts...
One fitness evaluation starts...
One fitness evaluation starts...
One fitness evaluation starts...
One fitness evaluation starts...
One fitness evaluation starts...
One fitness evaluation starts...
One fitness evaluation starts...
One fitness evaluation starts...
One fitness evaluation starts...
One fitness evaluation starts...
One fitness evaluation starts...
One fitness evaluation starts...
One fitness evaluation starts...
One fitness evaluation starts...
One fitness evaluation starts...
One fitness evaluation starts...
One fitness evaluation starts...
One fitness evaluation starts...
One fitness evaluation starts...
One fitness evaluation starts...
One fitness evaluation starts...
One fitness evaluation starts...
One fitness evaluation starts...
One fitness evaluation starts...
One fitness evaluation starts...
One fitness evaluation starts...
One fitness evaluation starts...
One fitness evaluation starts...
One fitness evaluation starts...
One fitness evaluation starts...
One fitness evaluation starts...
One fitness evaluation starts...
One fitness evaluation starts...
One fitness evaluation starts...
One fitness evaluation starts...
One fitness evaluation starts...
One fitness evaluation starts...
One fitness evaluation starts...
One fitness evaluation starts...
One fitness evaluation starts...
One fitness evaluation starts...
One fitness evaluation starts...
One fitness evaluation starts...
One fitness evaluation starts...
One fitness evaluation starts...
One fitness evaluation starts...
One fitness evaluation starts...
One fitness evaluation starts...
One fitness evaluation starts...
One fitness evaluation starts...
One fitness evaluation starts...
One fitness evaluation starts...
One fitness evaluation starts...
One fitness evaluation starts...
One fitness evaluation starts...
One fitness evaluation starts...
One fitness evaluation starts...
One fitness evaluation starts...
One fitness evaluation starts...
One fitness evaluation starts...
One fitness evaluation starts...
One fitness evaluation starts...
One fitness evaluation starts...
One fitness evaluation starts...
One fitness evaluation starts...
One fitness evaluation starts...
One fitness evaluation starts...
One fitness evaluation starts...
One fitness evaluation starts...
One fitness evaluation starts...
One fitness evaluation starts...
One fitness evaluation starts...
One fitness evaluation starts...
One fitness evaluation starts...
One fitness evaluation starts...
One fitness evaluation starts...
One fitness evaluation starts...
One fitness evaluation starts...
One fitness evaluation starts...
One fitness evaluation starts...
One fitness evaluation starts...
One fitness evaluation starts...
One fitness evaluation starts...
One fitness evaluation starts...
One fitness evaluation starts...
One fitness evaluation starts...
One fitness evaluation starts...
One fitness evaluation starts...
One fitness evaluation starts...
One fitness evaluation starts...
One fitness evaluation starts...
One fitness evaluation starts...
One fitness evaluation starts...
One fitness evaluation starts...
One fitness evaluation starts...
One fitness evaluation starts...
One fitness evaluation starts...
One fitness evaluation starts...
One fitness evaluation starts...
One fitness evaluation starts...
One fitness evaluation starts...
One fitness evaluation starts...
One fitness evaluation starts...
One fitness evaluation starts...
One fitness evaluation starts...
One fitness evaluation starts...
One fitness evaluation starts...
One fitness evaluation starts...
One fitness evaluation starts...
One fitness evaluation starts...
One fitness evaluation starts...
One fitness evaluation starts...
One fitness evaluation starts...
One fitness evaluation starts...
One fitness evaluation starts...
One fitness evaluation starts...
One fitness evaluation starts...
One fitness evaluation starts...
One fitness evaluation starts...
One fitness evaluation starts...
One fitness evaluation starts...
One fitness evaluation starts...
One fitness evaluation starts...
One fitness evaluation starts...
One fitness evaluation starts...
One fitness evaluation starts...
One fitness evaluation starts...
One fitness evaluation starts...
One fitness evaluation starts...
One fitness evaluation starts...
One fitness evaluation starts...
One fitness evaluation starts...
One fitness evaluation starts...
One fitness evaluation starts...
One fitness evaluation starts...
One fitness evaluation starts...
One fitness evaluation starts...
One fitness evaluation starts...
One fitness evaluation starts...
One fitness evaluation starts...
One fitness evaluation starts...
One fitness evaluation starts...
One fitness evaluation starts...
One fitness evaluation starts...
One fitness evaluation starts...
One fitness evaluation starts...
One fitness evaluation starts...
One fitness evaluation starts...
One fitness evaluation starts...
One fitness evaluation starts...
One fitness evaluation starts...
One fitness evaluation starts...
One fitness evaluation starts...
One fitness evaluation starts...
One fitness evaluation starts...
One fitness evaluation starts...
One fitness evaluation starts...
One fitness evaluation starts...
One fitness evaluation starts...
One fitness evaluation starts...
One fitness evaluation starts...
One fitness evaluation starts...
One fitness evaluation starts...
One fitness evaluation starts...
One fitness evaluation starts...
One fitness evaluation starts...
One fitness evaluation starts...
One fitness evaluation starts...
One fitness evaluation starts...
One fitness evaluation starts...
One fitness evaluation starts...
One fitness evaluation starts...
One fitness evaluation starts...
One fitness evaluation starts...
One fitness evaluation starts...
One fitness evaluation starts...
One fitness evaluation starts...
One fitness evaluation starts...
One fitness evaluation starts...
One fitness evaluation starts...
One fitness evaluation starts...
One fitness evaluation starts...
One fitness evaluation starts...
One fitness evaluation starts...
One fitness evaluation starts...
One fitness evaluation starts...
One fitness evaluation starts...
One fitness evaluation starts...
One fitness evaluation starts...
One fitness evaluation starts...
One fitness evaluation starts...
One fitness evaluation starts...
One fitness evaluation starts...
One fitness evaluation starts...
One fitness evaluation starts...
One fitness evaluation starts...
One fitness evaluation starts...
One fitness evaluation starts...
One fitness evaluation starts...
One fitness evaluation starts...
One fitness evaluation starts...
One fitness evaluation starts...
One fitness evaluation starts...
One fitness evaluation starts...
One fitness evaluation starts...
One fitness evaluation starts...
One fitness evaluation starts...
One fitness evaluation starts...
One fitness evaluation starts...
One fitness evaluation starts...
One fitness evaluation starts...
One fitness evaluation starts...
One fitness evaluation starts...
One fitness evaluation starts...
One fitness evaluation starts...
One fitness evaluation starts...
One fitness evaluation starts...
One fitness evaluation starts...
One fitness evaluation starts...
One fitness evaluation starts...
One fitness evaluation starts...
One fitness evaluation starts...
One fitness evaluation starts...
One fitness evaluation starts...
One fitness evaluation starts...
One fitness evaluation starts...
One fitness evaluation starts...
One fitness evaluation starts...
One fitness evaluation starts...
One fitness evaluation starts...
One fitness evaluation starts...
One fitness evaluation starts...
One fitness evaluation starts...
One fitness evaluation starts...
One fitness evaluation starts...
One fitness evaluation starts...
One fitness evaluation starts...
One fitness evaluation starts...
One fitness evaluation starts...
One fitness evaluation starts...
One fitness evaluation starts...
One fitness evaluation starts...
One fitness evaluation starts...
One fitness evaluation starts...
One fitness evaluation starts...
One fitness evaluation starts...
One fitness evaluation starts...
One fitness evaluation starts...
One fitness evaluation starts...
One fitness evaluation starts...
One fitness evaluation starts...
One fitness evaluation starts...
One fitness evaluation starts...
One fitness evaluation starts...
One fitness evaluation starts...
One fitness evaluation starts...
One fitness evaluation starts...
One fitness evaluation starts...
One fitness evaluation starts...
One fitness evaluation starts...
One fitness evaluation starts...
One fitness evaluation starts...
One fitness evaluation starts...
One fitness evaluation starts...
One fitness evaluation starts...
One fitness evaluation starts...
One fitness evaluation starts...
One fitness evaluation starts...
One fitness evaluation starts...
One fitness evaluation starts...
One fitness evaluation starts...
One fitness evaluation starts...
One fitness evaluation starts...
One fitness evaluation starts...
One fitness evaluation starts...
One fitness evaluation starts...
One fitness evaluation starts...
One fitness evaluation starts...
One fitness evaluation starts...
One fitness evaluation starts...
One fitness evaluation starts...
One fitness evaluation starts...
One fitness evaluation starts...
One fitness evaluation starts...
One fitness evaluation starts...
One fitness evaluation starts...
One fitness evaluation starts...
One fitness evaluation starts...
One fitness evaluation starts...
One fitness evaluation starts...
One fitness evaluation starts...
One fitness evaluation starts...
One fitness evaluation starts...
One fitness evaluation starts...
One fitness evaluation starts...
One fitness evaluation starts...
One fitness evaluation starts...
One fitness evaluation starts...
One fitness evaluation starts...
One fitness evaluation starts...
One fitness evaluation starts...
One fitness evaluation starts...
One fitness evaluation starts...
One fitness evaluation starts...
One fitness evaluation starts...
One fitness evaluation starts...
One fitness evaluation starts...
One fitness evaluation starts...
One fitness evaluation starts...
One fitness evaluation starts...
One fitness evaluation starts...
One fitness evaluation starts...
One fitness evaluation starts...
One fitness evaluation starts...
One fitness evaluation starts...
One fitness evaluation starts...
One fitness evaluation starts...
One fitness evaluation starts...
One fitness evaluation starts...
One fitness evaluation starts...
One fitness evaluation starts...
One fitness evaluation starts...
One fitness evaluation starts...
One fitness evaluation starts...
One fitness evaluation starts...
One fitness evaluation starts...
One fitness evaluation starts...
One fitness evaluation starts...
One fitness evaluation starts...
One fitness evaluation starts...
One fitness evaluation starts...
One fitness evaluation starts...
One fitness evaluation starts...
One fitness evaluation starts...
One fitness evaluation starts...
One fitness evaluation starts...
One fitness evaluation starts...
One fitness evaluation starts...
One fitness evaluation starts...
One fitness evaluation starts...
One fitness evaluation starts...
One fitness evaluation starts...
One fitness evaluation starts...
One fitness evaluation starts...
One fitness evaluation starts...
One fitness evaluation starts...
One fitness evaluation starts...
One fitness evaluation starts...
One fitness evaluation starts...
One fitness evaluation starts...
One fitness evaluation starts...
One fitness evaluation starts...
One fitness evaluation starts...
One fitness evaluation starts...
One fitness evaluation starts...
One fitness evaluation starts...
One fitness evaluation starts...
One fitness evaluation starts...
One fitness evaluation starts...
One fitness evaluation starts...
One fitness evaluation starts...
One fitness evaluation starts...
One fitness evaluation starts...
One fitness evaluation starts...
One fitness evaluation starts...
One fitness evaluation starts...
One fitness evaluation starts...
One fitness evaluation starts...
One fitness evaluation starts...
One fitness evaluation starts...
One fitness evaluation starts...
One fitness evaluation starts...
One fitness evaluation starts...
One fitness evaluation starts...
One fitness evaluation starts...
One fitness evaluation starts...
One fitness evaluation starts...
One fitness evaluation starts...
One fitness evaluation starts...
One fitness evaluation starts...
One fitness evaluation starts...
One fitness evaluation starts...
One fitness evaluation starts...
One fitness evaluation starts...
One fitness evaluation starts...
One fitness evaluation starts...
One fitness evaluation starts...
One fitness evaluation starts...
One fitness evaluation starts...
One fitness evaluation starts...
One fitness evaluation starts...
One fitness evaluation starts...
One fitness evaluation starts...
One fitness evaluation starts...
One fitness evaluation starts...
One fitness evaluation starts...
One fitness evaluation starts...
One fitness evaluation starts...
One fitness evaluation starts...
One fitness evaluation starts...
One fitness evaluation starts...
One fitness evaluation starts...
One fitness evaluation starts...
One fitness evaluation starts...
One fitness evaluation starts...
One fitness evaluation starts...
One fitness evaluation starts...
One fitness evaluation starts...
One fitness evaluation starts...
One fitness evaluation starts...
One fitness evaluation starts...
One fitness evaluation starts...
One fitness evaluation starts...
One fitness evaluation starts...
One fitness evaluation starts...
One fitness evaluation starts...
One fitness evaluation starts...
One fitness evaluation starts...
One fitness evaluation starts...
One fitness evaluation starts...
One fitness evaluation starts...
One fitness evaluation starts...
One fitness evaluation starts...
One fitness evaluation starts...
One fitness evaluation starts...
One fitness evaluation starts...
One fitness evaluation starts...
One fitness evaluation starts...
One fitness evaluation starts...
One fitness evaluation starts...
One fitness evaluation starts...
One fitness evaluation starts...
One fitness evaluation starts...
One fitness evaluation starts...
One fitness evaluation starts...
One fitness evaluation starts...
One fitness evaluation starts...
One fitness evaluation starts...
One fitness evaluation starts...
One fitness evaluation starts...
One fitness evaluation starts...
One fitness evaluation starts...
One fitness evaluation starts...
One fitness evaluation starts...
One fitness evaluation starts...
One fitness evaluation starts...
One fitness evaluation starts...
One fitness evaluation starts...
One fitness evaluation starts...
One fitness evaluation starts...
One fitness evaluation starts...
One fitness evaluation starts...
One fitness evaluation starts...
One fitness evaluation starts...
One fitness evaluation starts...
One fitness evaluation starts...
One fitness evaluation starts...
One fitness evaluation starts...
One fitness evaluation starts...
One fitness evaluation starts...
One fitness evaluation starts...
One fitness evaluation starts...
One fitness evaluation starts...
One fitness evaluation starts...
One fitness evaluation starts...
One fitness evaluation starts...
One fitness evaluation starts...
One fitness evaluation starts...
One fitness evaluation starts...
One fitness evaluation starts...
One fitness evaluation starts...
One fitness evaluation starts...
One fitness evaluation starts...
One fitness evaluation starts...
One fitness evaluation starts...
One fitness evaluation starts...
One fitness evaluation starts...
One fitness evaluation starts...
One fitness evaluation starts...
One fitness evaluation starts...
One fitness evaluation starts...
One fitness evaluation starts...
One fitness evaluation starts...
One fitness evaluation starts...
One fitness evaluation starts...
One fitness evaluation starts...
One fitness evaluation starts...
One fitness evaluation starts...
One fitness evaluation starts...
One fitness evaluation starts...
One fitness evaluation starts...
One fitness evaluation starts...
One fitness evaluation starts...
One fitness evaluation starts...
One fitness evaluation starts...
One fitness evaluation starts...
One fitness evaluation starts...
One fitness evaluation starts...
One fitness evaluation starts...
One fitness evaluation starts...
One fitness evaluation starts...
One fitness evaluation starts...
One fitness evaluation starts...
One fitness evaluation starts...
One fitness evaluation starts...
One fitness evaluation starts...
One fitness evaluation starts...
One fitness evaluation starts...
One fitness evaluation starts...
One fitness evaluation starts...
One fitness evaluation starts...
One fitness evaluation starts...
One fitness evaluation starts...
One fitness evaluation starts...
One fitness evaluation starts...
One fitness evaluation starts...
One fitness evaluation starts...
One fitness evaluation starts...
One fitness evaluation starts...
One fitness evaluation starts...
One fitness evaluation starts...
One fitness evaluation starts...
One fitness evaluation starts...
One fitness evaluation starts...
One fitness evaluation starts...
One fitness evaluation starts...
One fitness evaluation starts...
One fitness evaluation starts...
One fitness evaluation starts...
One fitness evaluation starts...
One fitness evaluation starts...
One fitness evaluation starts...
One fitness evaluation starts...
One fitness evaluation starts...
One fitness evaluation starts...
One fitness evaluation starts...
One fitness evaluation starts...
One fitness evaluation starts...
One fitness evaluation starts...
One fitness evaluation starts...
One fitness evaluation starts...
One fitness evaluation starts...
One fitness evaluation starts...
One fitness evaluation starts...
One fitness evaluation starts...
One fitness evaluation starts...
One fitness evaluation starts...
One fitness evaluation starts...
One fitness evaluation starts...
One fitness evaluation starts...
One fitness evaluation starts...
One fitness evaluation starts...
One fitness evaluation starts...
One fitness evaluation starts...
One fitness evaluation starts...
One fitness evaluation starts...
One fitness evaluation starts...
One fitness evaluation starts...
One fitness evaluation starts...
One fitness evaluation starts...
One fitness evaluation starts...
One fitness evaluation starts...
One fitness evaluation starts...
One fitness evaluation starts...
One fitness evaluation starts...
One fitness evaluation starts...
One fitness evaluation starts...
One fitness evaluation starts...
One fitness evaluation starts...
One fitness evaluation starts...
One fitness evaluation starts...
One fitness evaluation starts...
One fitness evaluation starts...
One fitness evaluation starts...
One fitness evaluation starts...
One fitness evaluation starts...
One fitness evaluation starts...
One fitness evaluation starts...
One fitness evaluation starts...
One fitness evaluation starts...
One fitness evaluation starts...
One fitness evaluation starts...
One fitness evaluation starts...
One fitness evaluation starts...
One fitness evaluation starts...
One fitness evaluation starts...
One fitness evaluation starts...
One fitness evaluation starts...
One fitness evaluation starts...
One fitness evaluation starts...
One fitness evaluation starts...
One fitness evaluation starts...
One fitness evaluation starts...
One fitness evaluation starts...
One fitness evaluation starts...
One fitness evaluation starts...
One fitness evaluation starts...
One fitness evaluation starts...
One fitness evaluation starts...
One fitness evaluation starts...
One fitness evaluation starts...
One fitness evaluation starts...
One fitness evaluation starts...
One fitness evaluation starts...
One fitness evaluation starts...
One fitness evaluation starts...
One fitness evaluation starts...
One fitness evaluation starts...
One fitness evaluation starts...
One fitness evaluation starts...
One fitness evaluation starts...
One fitness evaluation starts...
One fitness evaluation starts...
One fitness evaluation starts...
One fitness evaluation starts...
One fitness evaluation starts...
One fitness evaluation starts...
One fitness evaluation starts...
One fitness evaluation starts...
One fitness evaluation starts...
One fitness evaluation starts...
One fitness evaluation starts...
One fitness evaluation starts...
One fitness evaluation starts...
One fitness evaluation starts...
One fitness evaluation starts...
One fitness evaluation starts...
One fitness evaluation starts...
One fitness evaluation starts...
One fitness evaluation starts...
One fitness evaluation starts...
One fitness evaluation starts...
One fitness evaluation starts...
One fitness evaluation starts...
One fitness evaluation starts...
One fitness evaluation starts...
One fitness evaluation starts...
One fitness evaluation starts...
One fitness evaluation starts...
One fitness evaluation starts...
One fitness evaluation starts...
One fitness evaluation starts...
One fitness evaluation starts...
One fitness evaluation starts...
One fitness evaluation starts...
One fitness evaluation starts...
One fitness evaluation starts...
One fitness evaluation starts...
One fitness evaluation starts...
One fitness evaluation starts...
One fitness evaluation starts...
One fitness evaluation starts...
One fitness evaluation starts...
One fitness evaluation starts...
One fitness evaluation starts...
One fitness evaluation starts...
One fitness evaluation starts...
One fitness evaluation starts...
One fitness evaluation starts...
One fitness evaluation starts...
One fitness evaluation starts...
One fitness evaluation starts...
One fitness evaluation starts...
One fitness evaluation starts...
One fitness evaluation starts...
One fitness evaluation starts...
One fitness evaluation starts...
One fitness evaluation starts...
One fitness evaluation starts...
One fitness evaluation starts...
One fitness evaluation starts...
One fitness evaluation starts...
One fitness evaluation starts...
One fitness evaluation starts...
One fitness evaluation starts...
One fitness evaluation starts...
One fitness evaluation starts...
One fitness evaluation starts...
One fitness evaluation starts...
One fitness evaluation starts...
One fitness evaluation starts...
One fitness evaluation starts...
One fitness evaluation starts...
One fitness evaluation starts...
One fitness evaluation starts...
One fitness evaluation starts...
One fitness evaluation starts...
One fitness evaluation starts...
One fitness evaluation starts...
One fitness evaluation starts...
One fitness evaluation starts...
One fitness evaluation starts...
One fitness evaluation starts...
One fitness evaluation starts...
One fitness evaluation starts...
One fitness evaluation starts...
One fitness evaluation starts...
One fitness evaluation starts...
One fitness evaluation starts...
One fitness evaluation starts...
One fitness evaluation starts...
One fitness evaluation starts...
One fitness evaluation starts...
One fitness evaluation starts...
One fitness evaluation starts...
One fitness evaluation starts...
One fitness evaluation starts...
One fitness evaluation starts...
One fitness evaluation starts...
One fitness evaluation starts...
One fitness evaluation starts...
One fitness evaluation starts...
One fitness evaluation starts...
One fitness evaluation starts...
One fitness evaluation starts...
One fitness evaluation starts...
One fitness evaluation starts...
One fitness evaluation starts...
One fitness evaluation starts...
One fitness evaluation starts...
One fitness evaluation starts...
One fitness evaluation starts...
One fitness evaluation starts...
One fitness evaluation starts...
One fitness evaluation starts...
One fitness evaluation starts...
One fitness evaluation starts...
One fitness evaluation starts...
One fitness evaluation starts...
One fitness evaluation starts...
One fitness evaluation starts...
One fitness evaluation starts...
One fitness evaluation starts...
One fitness evaluation starts...
One fitness evaluation starts...
One fitness evaluation starts...
One fitness evaluation starts...
One fitness evaluation starts...
One fitness evaluation starts...
One fitness evaluation starts...
One fitness evaluation starts...
One fitness evaluation starts...
One fitness evaluation starts...
One fitness evaluation starts...
One fitness evaluation starts...
One fitness evaluation starts...
One fitness evaluation starts...
One fitness evaluation starts...
One fitness evaluation starts...
One fitness evaluation starts...
One fitness evaluation starts...
One fitness evaluation starts...
One fitness evaluation starts...
One fitness evaluation starts...
One fitness evaluation starts...
One fitness evaluation starts...
One fitness evaluation starts...
One fitness evaluation starts...
One fitness evaluation starts...
One fitness evaluation starts...
One fitness evaluation starts...
One fitness evaluation starts...
One fitness evaluation starts...
One fitness evaluation starts...
One fitness evaluation starts...
One fitness evaluation starts...
One fitness evaluation starts...
One fitness evaluation starts...
One fitness evaluation starts...
One fitness evaluation starts...
One fitness evaluation starts...
One fitness evaluation starts...
One fitness evaluation starts...
One fitness evaluation starts...
One fitness evaluation starts...
One fitness evaluation starts...
One fitness evaluation starts...
One fitness evaluation starts...
One fitness evaluation starts...
One fitness evaluation starts...
One fitness evaluation starts...
One fitness evaluation starts...
One fitness evaluation starts...
One fitness evaluation starts...
One fitness evaluation starts...
One fitness evaluation starts...
One fitness evaluation starts...
One fitness evaluation starts...
One fitness evaluation starts...
One fitness evaluation starts...
One fitness evaluation starts...
One fitness evaluation starts...
One fitness evaluation starts...
One fitness evaluation starts...
One fitness evaluation starts...
One fitness evaluation starts...
One fitness evaluation starts...
One fitness evaluation starts...
One fitness evaluation starts...
One fitness evaluation starts...
One fitness evaluation starts...
One fitness evaluation starts...
One fitness evaluation starts...
One fitness evaluation starts...
One fitness evaluation starts...
One fitness evaluation starts...
One fitness evaluation starts...
One fitness evaluation starts...
One fitness evaluation starts...
One fitness evaluation starts...
One fitness evaluation starts...
One fitness evaluation starts...
One fitness evaluation starts...
One fitness evaluation starts...
One fitness evaluation starts...
One fitness evaluation starts...
One fitness evaluation starts...
One fitness evaluation starts...
One fitness evaluation starts...
One fitness evaluation starts...
One fitness evaluation starts...
One fitness evaluation starts...
One fitness evaluation starts...
One fitness evaluation starts...
One fitness evaluation starts...
One fitness evaluation starts...
One fitness evaluation starts...
One fitness evaluation starts...
One fitness evaluation starts...
One fitness evaluation starts...
One fitness evaluation starts...
One fitness evaluation starts...
One fitness evaluation starts...
One fitness evaluation starts...
One fitness evaluation starts...
One fitness evaluation starts...
One fitness evaluation starts...
One fitness evaluation starts...
One fitness evaluation starts...
One fitness evaluation starts...
One fitness evaluation starts...
One fitness evaluation starts...
One fitness evaluation starts...
One fitness evaluation starts...
One fitness evaluation starts...
One fitness evaluation starts...
One fitness evaluation starts...
One fitness evaluation starts...
One fitness evaluation starts...
One fitness evaluation starts...
One fitness evaluation starts...
One fitness evaluation starts...
One fitness evaluation starts...
One fitness evaluation starts...
One fitness evaluation starts...
One fitness evaluation starts...
One fitness evaluation starts...
One fitness evaluation starts...
One fitness evaluation starts...
One fitness evaluation starts...
One fitness evaluation starts...
One fitness evaluation starts...
One fitness evaluation starts...
One fitness evaluation starts...
One fitness evaluation starts...
One fitness evaluation starts...
One fitness evaluation starts...
One fitness evaluation starts...
One fitness evaluation starts...
One fitness evaluation starts...
One fitness evaluation starts...
One fitness evaluation starts...
One fitness evaluation starts...
One fitness evaluation starts...
One fitness evaluation starts...
One fitness evaluation starts...
One fitness evaluation starts...
One fitness evaluation starts...
One fitness evaluation starts...
One fitness evaluation starts...
One fitness evaluation starts...
One fitness evaluation starts...
One fitness evaluation starts...
One fitness evaluation starts...
One fitness evaluation starts...
One fitness evaluation starts...
One fitness evaluation starts...
One fitness evaluation starts...
One fitness evaluation starts...
One fitness evaluation starts...
One fitness evaluation starts...
One fitness evaluation starts...
One fitness evaluation starts...
One fitness evaluation starts...
One fitness evaluation starts...
One fitness evaluation starts...
One fitness evaluation starts...
One fitness evaluation starts...
One fitness evaluation starts...
One fitness evaluation starts...
One fitness evaluation starts...
One fitness evaluation starts...
One fitness evaluation starts...
One fitness evaluation starts...
One fitness evaluation starts...
One fitness evaluation starts...
One fitness evaluation starts...
One fitness evaluation starts...
One fitness evaluation starts...
One fitness evaluation starts...
One fitness evaluation starts...
One fitness evaluation starts...
One fitness evaluation starts...
One fitness evaluation starts...
One fitness evaluation starts...
One fitness evaluation starts...
One fitness evaluation starts...
One fitness evaluation starts...
One fitness evaluation starts...
One fitness evaluation starts...
One fitness evaluation starts...
One fitness evaluation starts...
One fitness evaluation starts...
One fitness evaluation starts...
One fitness evaluation starts...
One fitness evaluation starts...
One fitness evaluation starts...
One fitness evaluation starts...
One fitness evaluation starts...
One fitness evaluation starts...
One fitness evaluation starts...
One fitness evaluation starts...
One fitness evaluation starts...
One fitness evaluation starts...
One fitness evaluation starts...
One fitness evaluation starts...
One fitness evaluation starts...
One fitness evaluation starts...
One fitness evaluation starts...
One fitness evaluation starts...
One fitness evaluation starts...
One fitness evaluation starts...
One fitness evaluation starts...
One fitness evaluation starts...
One fitness evaluation starts...
One fitness evaluation starts...
One fitness evaluation starts...
One fitness evaluation starts...
One fitness evaluation starts...
One fitness evaluation starts...
One fitness evaluation starts...
One fitness evaluation starts...
One fitness evaluation starts...
One fitness evaluation starts...
One fitness evaluation starts...
One fitness evaluation starts...
One fitness evaluation starts...
One fitness evaluation starts...
One fitness evaluation starts...
One fitness evaluation starts...
One fitness evaluation starts...
One fitness evaluation starts...
One fitness evaluation starts...
One fitness evaluation starts...
One fitness evaluation starts...
One fitness evaluation starts...
One fitness evaluation starts...
One fitness evaluation starts...
One fitness evaluation starts...
One fitness evaluation starts...
One fitness evaluation starts...
One fitness evaluation starts...
One fitness evaluation starts...
One fitness evaluation starts...
One fitness evaluation starts...
One fitness evaluation starts...
One fitness evaluation starts...
One fitness evaluation starts...
One fitness evaluation starts...
One fitness evaluation starts...
One fitness evaluation starts...
One fitness evaluation starts...
One fitness evaluation starts...
One fitness evaluation starts...
One fitness evaluation starts...
One fitness evaluation starts...
One fitness evaluation starts...
One fitness evaluation starts...
One fitness evaluation starts...
One fitness evaluation starts...
One fitness evaluation starts...
One fitness evaluation starts...
One fitness evaluation starts...
One fitness evaluation starts...
One fitness evaluation starts...
One fitness evaluation starts...
One fitness evaluation starts...
One fitness evaluation starts...
One fitness evaluation starts...
One fitness evaluation starts...
One fitness evaluation starts...
One fitness evaluation starts...
One fitness evaluation starts...
One fitness evaluation starts...
One fitness evaluation starts...
One fitness evaluation starts...
One fitness evaluation starts...
One fitness evaluation starts...
One fitness evaluation starts...
One fitness evaluation starts...
One fitness evaluation starts...
One fitness evaluation starts...
One fitness evaluation starts...
One fitness evaluation starts...
One fitness evaluation starts...
One fitness evaluation starts...
One fitness evaluation starts...
One fitness evaluation starts...
One fitness evaluation starts...
One fitness evaluation starts...
One fitness evaluation starts...
One fitness evaluation starts...
One fitness evaluation starts...
One fitness evaluation starts...
One fitness evaluation starts...
One fitness evaluation starts...
One fitness evaluation starts...
One fitness evaluation starts...
One fitness evaluation starts...
One fitness evaluation starts...
One fitness evaluation starts...
One fitness evaluation starts...
One fitness evaluation starts...
One fitness evaluation starts...
One fitness evaluation starts...
One fitness evaluation starts...
One fitness evaluation starts...
One fitness evaluation starts...
One fitness evaluation starts...
One fitness evaluation starts...
One fitness evaluation starts...
One fitness evaluation starts...
One fitness evaluation starts...
One fitness evaluation starts...
One fitness evaluation starts...
One fitness evaluation starts...
One fitness evaluation starts...
One fitness evaluation starts...
One fitness evaluation starts...
One fitness evaluation starts...
One fitness evaluation starts...
One fitness evaluation starts...
One fitness evaluation starts...
One fitness evaluation starts...
One fitness evaluation starts...
One fitness evaluation starts...
One fitness evaluation starts...
One fitness evaluation starts...
One fitness evaluation starts...
One fitness evaluation starts...
One fitness evaluation starts...
One fitness evaluation starts...
One fitness evaluation starts...
One fitness evaluation starts...
One fitness evaluation starts...
One fitness evaluation starts...
One fitness evaluation starts...
One fitness evaluation starts...
One fitness evaluation starts...
One fitness evaluation starts...
One fitness evaluation starts...
One fitness evaluation starts...
One fitness evaluation starts...
One fitness evaluation starts...
One fitness evaluation starts...
One fitness evaluation starts...
One fitness evaluation starts...
One fitness evaluation starts...
One fitness evaluation starts...
One fitness evaluation starts...
One fitness evaluation starts...
One fitness evaluation starts...
One fitness evaluation starts...
One fitness evaluation starts...
One fitness evaluation starts...
One fitness evaluation starts...
One fitness evaluation starts...
One fitness evaluation starts...
One fitness evaluation starts...
One fitness evaluation starts...
One fitness evaluation starts...
One fitness evaluation starts...
One fitness evaluation starts...
One fitness evaluation starts...
One fitness evaluation starts...
One fitness evaluation starts...
One fitness evaluation starts...
One fitness evaluation starts...
One fitness evaluation starts...
One fitness evaluation starts...
One fitness evaluation starts...
One fitness evaluation starts...
One fitness evaluation starts...
One fitness evaluation starts...
One fitness evaluation starts...
One fitness evaluation starts...
One fitness evaluation starts...
One fitness evaluation starts...
One fitness evaluation starts...
One fitness evaluation starts...
One fitness evaluation starts...
One fitness evaluation starts...
One fitness evaluation starts...
One fitness evaluation starts...
One fitness evaluation starts...
One fitness evaluation starts...
One fitness evaluation starts...
One fitness evaluation starts...
One fitness evaluation starts...
One fitness evaluation starts...
One fitness evaluation starts...
One fitness evaluation starts...
One fitness evaluation starts...
One fitness evaluation starts...
One fitness evaluation starts...
One fitness evaluation starts...
One fitness evaluation starts...
One fitness evaluation starts...
One fitness evaluation starts...
One fitness evaluation starts...
One fitness evaluation starts...
One fitness evaluation starts...
One fitness evaluation starts...
One fitness evaluation starts...
One fitness evaluation starts...
One fitness evaluation starts...
One fitness evaluation starts...
One fitness evaluation starts...
One fitness evaluation starts...
One fitness evaluation starts...
One fitness evaluation starts...
One fitness evaluation starts...
One fitness evaluation starts...
One fitness evaluation starts...
One fitness evaluation starts...
One fitness evaluation starts...
One fitness evaluation starts...
One fitness evaluation starts...
One fitness evaluation starts...
One fitness evaluation starts...
One fitness evaluation starts...
One fitness evaluation starts...
One fitness evaluation starts...
One fitness evaluation starts...
One fitness evaluation starts...
One fitness evaluation starts...
One fitness evaluation starts...
One fitness evaluation starts...
One fitness evaluation starts...
One fitness evaluation starts...
One fitness evaluation starts...
One fitness evaluation starts...
One fitness evaluation starts...
One fitness evaluation starts...
One fitness evaluation starts...
One fitness evaluation starts...
One fitness evaluation starts...
One fitness evaluation starts...
One fitness evaluation starts...
One fitness evaluation starts...
One fitness evaluation starts...
One fitness evaluation starts...
One fitness evaluation starts...
One fitness evaluation starts...
One fitness evaluation starts...
One fitness evaluation starts...
One fitness evaluation starts...
One fitness evaluation starts...
One fitness evaluation starts...
One fitness evaluation starts...
One fitness evaluation starts...
One fitness evaluation starts...
One fitness evaluation starts...
One fitness evaluation starts...
One fitness evaluation starts...
One fitness evaluation starts...
One fitness evaluation starts...
One fitness evaluation starts...
One fitness evaluation starts...
One fitness evaluation starts...
One fitness evaluation starts...
One fitness evaluation starts...
One fitness evaluation starts...
One fitness evaluation starts...
One fitness evaluation starts...
One fitness evaluation starts...
One fitness evaluation starts...
One fitness evaluation starts...
One fitness evaluation starts...
One fitness evaluation starts...
One fitness evaluation starts...
One fitness evaluation starts...
One fitness evaluation starts...
One fitness evaluation starts...
One fitness evaluation starts...
One fitness evaluation starts...
One fitness evaluation starts...
One fitness evaluation starts...
One fitness evaluation starts...
One fitness evaluation starts...
One fitness evaluation starts...
One fitness evaluation starts...
One fitness evaluation starts...
One fitness evaluation starts...
One fitness evaluation starts...
One fitness evaluation starts...
One fitness evaluation starts...
One fitness evaluation starts...
One fitness evaluation starts...
One fitness evaluation starts...
One fitness evaluation starts...
One fitness evaluation starts...
One fitness evaluation starts...
One fitness evaluation starts...
One fitness evaluation starts...
One fitness evaluation starts...
One fitness evaluation starts...
One fitness evaluation starts...
One fitness evaluation starts...
One fitness evaluation starts...
One fitness evaluation starts...
One fitness evaluation starts...
One fitness evaluation starts...
One fitness evaluation starts...
One fitness evaluation starts...
One fitness evaluation starts...
One fitness evaluation starts...
One fitness evaluation starts...
One fitness evaluation starts...
One fitness evaluation starts...
One fitness evaluation starts...
One fitness evaluation starts...
One fitness evaluation starts...
One fitness evaluation starts...
One fitness evaluation starts...
One fitness evaluation starts...
One fitness evaluation starts...
One fitness evaluation starts...
One fitness evaluation starts...
One fitness evaluation starts...
One fitness evaluation starts...
One fitness evaluation starts...
One fitness evaluation starts...
One fitness evaluation starts...
One fitness evaluation starts...
One fitness evaluation starts...
One fitness evaluation starts...
One fitness evaluation starts...
One fitness evaluation starts...
One fitness evaluation starts...
One fitness evaluation starts...
One fitness evaluation starts...
One fitness evaluation starts...
One fitness evaluation starts...
One fitness evaluation starts...
One fitness evaluation starts...
One fitness evaluation starts...
One fitness evaluation starts...
One fitness evaluation starts...
One fitness evaluation starts...
One fitness evaluation starts...
One fitness evaluation starts...
One fitness evaluation starts...
One fitness evaluation starts...
One fitness evaluation starts...
One fitness evaluation starts...
One fitness evaluation starts...
One fitness evaluation starts...
One fitness evaluation starts...
One fitness evaluation starts...
One fitness evaluation starts...
One fitness evaluation starts...
One fitness evaluation starts...
One fitness evaluation starts...
One fitness evaluation starts...
One fitness evaluation starts...
One fitness evaluation starts...
One fitness evaluation starts...
One fitness evaluation starts...
One fitness evaluation starts...
One fitness evaluation starts...
One fitness evaluation starts...
One fitness evaluation starts...
One fitness evaluation starts...
One fitness evaluation starts...
One fitness evaluation starts...
One fitness evaluation starts...
One fitness evaluation starts...
One fitness evaluation starts...
One fitness evaluation starts...
One fitness evaluation starts...
One fitness evaluation starts...
One fitness evaluation starts...
One fitness evaluation starts...
One fitness evaluation starts...
One fitness evaluation starts...
One fitness evaluation starts...
One fitness evaluation starts...
One fitness evaluation starts...
One fitness evaluation starts...
One fitness evaluation starts...
One fitness evaluation starts...
One fitness evaluation starts...
One fitness evaluation starts...
One fitness evaluation starts...
One fitness evaluation starts...
One fitness evaluation starts...
One fitness evaluation starts...
One fitness evaluation starts...
One fitness evaluation starts...
One fitness evaluation starts...
One fitness evaluation starts...
One fitness evaluation starts...
One fitness evaluation starts...
One fitness evaluation starts...
One fitness evaluation starts...
One fitness evaluation starts...
One fitness evaluation starts...
One fitness evaluation starts...
One fitness evaluation starts...
One fitness evaluation starts...
One fitness evaluation starts...
One fitness evaluation starts...
One fitness evaluation starts...
One fitness evaluation starts...
One fitness evaluation starts...
One fitness evaluation starts...
One fitness evaluation starts...
One fitness evaluation starts...
One fitness evaluation starts...
One fitness evaluation starts...
One fitness evaluation starts...
One fitness evaluation starts...
One fitness evaluation starts...
One fitness evaluation starts...
One fitness evaluation starts...
One fitness evaluation starts...
One fitness evaluation starts...
One fitness evaluation starts...
One fitness evaluation starts...
One fitness evaluation starts...
One fitness evaluation starts...
One fitness evaluation starts...
One fitness evaluation starts...
One fitness evaluation starts...
One fitness evaluation starts...
One fitness evaluation starts...
One fitness evaluation starts...
One fitness evaluation starts...
One fitness evaluation starts...
One fitness evaluation starts...
One fitness evaluation starts...
One fitness evaluation starts...
One fitness evaluation starts...
One fitness evaluation starts...
One fitness evaluation starts...
One fitness evaluation starts...
One fitness evaluation starts...
One fitness evaluation starts...
One fitness evaluation starts...
One fitness evaluation starts...
One fitness evaluation starts...
One fitness evaluation starts...
One fitness evaluation starts...
One fitness evaluation starts...
One fitness evaluation starts...
One fitness evaluation starts...
One fitness evaluation starts...
One fitness evaluation starts...
One fitness evaluation starts...
One fitness evaluation starts...
One fitness evaluation starts...
One fitness evaluation starts...
One fitness evaluation starts...
One fitness evaluation starts...
One fitness evaluation starts...
One fitness evaluation starts...
One fitness evaluation starts...
One fitness evaluation starts...
One fitness evaluation starts...
One fitness evaluation starts...
One fitness evaluation starts...
One fitness evaluation starts...
One fitness evaluation starts...
One fitness evaluation starts...
One fitness evaluation starts...
One fitness evaluation starts...
One fitness evaluation starts...
One fitness evaluation starts...
One fitness evaluation starts...
One fitness evaluation starts...
One fitness evaluation starts...
One fitness evaluation starts...
One fitness evaluation starts...
One fitness evaluation starts...
One fitness evaluation starts...
One fitness evaluation starts...
One fitness evaluation starts...
One fitness evaluation starts...
One fitness evaluation starts...
One fitness evaluation starts...
One fitness evaluation starts...
One fitness evaluation starts...
One fitness evaluation starts...
One fitness evaluation starts...
One fitness evaluation starts...
One fitness evaluation starts...
One fitness evaluation starts...
One fitness evaluation starts...
One fitness evaluation starts...
One fitness evaluation starts...
One fitness evaluation starts...
One fitness evaluation starts...
One fitness evaluation starts...
One fitness evaluation starts...
One fitness evaluation starts...
One fitness evaluation starts...
One fitness evaluation starts...
One fitness evaluation starts...
One fitness evaluation starts...
One fitness evaluation starts...
One fitness evaluation starts...
One fitness evaluation starts...
One fitness evaluation starts...
One fitness evaluation starts...
One fitness evaluation starts...
One fitness evaluation starts...
One fitness evaluation starts...
One fitness evaluation starts...
One fitness evaluation starts...
One fitness evaluation starts...
One fitness evaluation starts...
One fitness evaluation starts...
One fitness evaluation starts...
One fitness evaluation starts...
One fitness evaluation starts...
One fitness evaluation starts...
One fitness evaluation starts...
One fitness evaluation starts...
One fitness evaluation starts...
One fitness evaluation starts...
One fitness evaluation starts...
One fitness evaluation starts...
One fitness evaluation starts...
One fitness evaluation starts...
One fitness evaluation starts...
One fitness evaluation starts...
One fitness evaluation starts...
One fitness evaluation starts...
One fitness evaluation starts...
One fitness evaluation starts...
One fitness evaluation starts...
One fitness evaluation starts...
One fitness evaluation starts...
One fitness evaluation starts...
One fitness evaluation starts...
One fitness evaluation starts...
One fitness evaluation starts...
One fitness evaluation starts...
One fitness evaluation starts...
One fitness evaluation starts...
One fitness evaluation starts...
One fitness evaluation starts...
One fitness evaluation starts...
One fitness evaluation starts...
One fitness evaluation starts...
One fitness evaluation starts...
One fitness evaluation starts...
One fitness evaluation starts...
One fitness evaluation starts...
One fitness evaluation starts...
One fitness evaluation starts...
One fitness evaluation starts...
One fitness evaluation starts...
One fitness evaluation starts...
One fitness evaluation starts...
One fitness evaluation starts...
One fitness evaluation starts...
One fitness evaluation starts...
One fitness evaluation starts...
One fitness evaluation starts...
One fitness evaluation starts...
One fitness evaluation starts...
One fitness evaluation starts...
One fitness evaluation starts...
One fitness evaluation starts...
One fitness evaluation starts...
One fitness evaluation starts...
One fitness evaluation starts...
One fitness evaluation starts...
One fitness evaluation starts...
One fitness evaluation starts...
One fitness evaluation starts...
One fitness evaluation starts...
One fitness evaluation starts...
One fitness evaluation starts...
One fitness evaluation starts...
One fitness evaluation starts...
One fitness evaluation starts...
One fitness evaluation starts...
One fitness evaluation starts...
One fitness evaluation starts...
One fitness evaluation starts...
One fitness evaluation starts...
One fitness evaluation starts...
One fitness evaluation starts...
One fitness evaluation starts...
One fitness evaluation starts...
One fitness evaluation starts...
One fitness evaluation starts...
One fitness evaluation starts...
One fitness evaluation starts...
One fitness evaluation starts...
One fitness evaluation starts...
One fitness evaluation starts...
One fitness evaluation starts...
One fitness evaluation starts...
One fitness evaluation starts...
One fitness evaluation starts...
One fitness evaluation starts...
One fitness evaluation starts...
One fitness evaluation starts...
One fitness evaluation starts...
One fitness evaluation starts...
One fitness evaluation starts...
One fitness evaluation starts...
One fitness evaluation starts...
One fitness evaluation starts...
One fitness evaluation starts...
One fitness evaluation starts...
One fitness evaluation starts...
One fitness evaluation starts...
One fitness evaluation starts...
One fitness evaluation starts...
One fitness evaluation starts...
One fitness evaluation starts...
One fitness evaluation starts...
One fitness evaluation starts...
One fitness evaluation starts...
One fitness evaluation starts...
One fitness evaluation starts...
One fitness evaluation starts...
One fitness evaluation starts...
One fitness evaluation starts...
One fitness evaluation starts...
One fitness evaluation starts...
One fitness evaluation starts...
One fitness evaluation starts...
One fitness evaluation starts...
One fitness evaluation starts...
One fitness evaluation starts...
One fitness evaluation starts...
One fitness evaluation starts...
One fitness evaluation starts...
One fitness evaluation starts...
One fitness evaluation starts...
One fitness evaluation starts...
One fitness evaluation starts...
One fitness evaluation starts...
One fitness evaluation starts...
One fitness evaluation starts...
One fitness evaluation starts...
One fitness evaluation starts...
One fitness evaluation starts...
One fitness evaluation starts...
One fitness evaluation starts...
One fitness evaluation starts...
One fitness evaluation starts...
One fitness evaluation starts...
One fitness evaluation starts...
One fitness evaluation starts...
One fitness evaluation starts...
One fitness evaluation starts...
One fitness evaluation starts...
One fitness evaluation starts...
One fitness evaluation starts...
One fitness evaluation starts...
One fitness evaluation starts...
One fitness evaluation starts...
One fitness evaluation starts...
One fitness evaluation starts...
One fitness evaluation starts...
One fitness evaluation starts...
One fitness evaluation starts...
One fitness evaluation starts...
One fitness evaluation starts...
One fitness evaluation starts...
One fitness evaluation starts...
One fitness evaluation starts...
One fitness evaluation starts...
One fitness evaluation starts...
One fitness evaluation starts...
One fitness evaluation starts...
One fitness evaluation starts...
One fitness evaluation starts...
One fitness evaluation starts...
One fitness evaluation starts...
One fitness evaluation starts...
One fitness evaluation starts...
One fitness evaluation starts...
One fitness evaluation starts...
One fitness evaluation starts...
One fitness evaluation starts...
One fitness evaluation starts...
One fitness evaluation starts...
One fitness evaluation starts...
One fitness evaluation starts...
One fitness evaluation starts...
One fitness evaluation starts...
One fitness evaluation starts...
One fitness evaluation starts...
One fitness evaluation starts...
One fitness evaluation starts...
One fitness evaluation starts...
One fitness evaluation starts...
One fitness evaluation starts...
One fitness evaluation starts...
One fitness evaluation starts...
One fitness evaluation starts...
One fitness evaluation starts...
One fitness evaluation starts...
One fitness evaluation starts...
One fitness evaluation starts...
One fitness evaluation starts...
One fitness evaluation starts...
One fitness evaluation starts...
One fitness evaluation starts...
One fitness evaluation starts...
One fitness evaluation starts...
One fitness evaluation starts...
One fitness evaluation starts...
One fitness evaluation starts...
One fitness evaluation starts...
One fitness evaluation starts...
One fitness evaluation starts...
One fitness evaluation starts...
One fitness evaluation starts...
One fitness evaluation starts...
One fitness evaluation starts...
One fitness evaluation starts...
One fitness evaluation starts...
One fitness evaluation starts...
One fitness evaluation starts...
One fitness evaluation starts...
One fitness evaluation starts...
One fitness evaluation starts...
One fitness evaluation starts...
One fitness evaluation starts...
One fitness evaluation starts...
One fitness evaluation starts...
One fitness evaluation starts...
One fitness evaluation starts...
One fitness evaluation starts...
One fitness evaluation starts...
One fitness evaluation starts...
One fitness evaluation starts...
One fitness evaluation starts...
One fitness evaluation starts...
One fitness evaluation starts...
One fitness evaluation starts...
One fitness evaluation starts...
One fitness evaluation starts...
One fitness evaluation starts...
One fitness evaluation starts...
One fitness evaluation starts...
One fitness evaluation starts...
One fitness evaluation starts...
One fitness evaluation starts...
One fitness evaluation starts...
One fitness evaluation starts...
One fitness evaluation starts...
One fitness evaluation starts...
One fitness evaluation starts...
One fitness evaluation starts...
One fitness evaluation starts...
One fitness evaluation starts...
One fitness evaluation starts...
One fitness evaluation starts...
One fitness evaluation starts...
One fitness evaluation starts...
One fitness evaluation starts...
One fitness evaluation starts...
One fitness evaluation starts...
One fitness evaluation starts...
One fitness evaluation starts...
One fitness evaluation starts...
One fitness evaluation starts...
One fitness evaluation starts...
One fitness evaluation starts...
One fitness evaluation starts...
One fitness evaluation starts...
One fitness evaluation starts...
One fitness evaluation starts...
One fitness evaluation starts...
One fitness evaluation starts...
One fitness evaluation starts...
One fitness evaluation starts...
One fitness evaluation starts...
One fitness evaluation starts...
One fitness evaluation starts...
One fitness evaluation starts...
One fitness evaluation starts...
One fitness evaluation starts...
One fitness evaluation starts...
One fitness evaluation starts...
One fitness evaluation starts...
One fitness evaluation starts...
One fitness evaluation starts...
One fitness evaluation starts...
One fitness evaluation starts...
One fitness evaluation starts...
One fitness evaluation starts...
One fitness evaluation starts...
One fitness evaluation starts...
One fitness evaluation starts...
One fitness evaluation starts...
One fitness evaluation starts...
One fitness evaluation starts...
One fitness evaluation starts...
One fitness evaluation starts...
One fitness evaluation starts...
One fitness evaluation starts...
One fitness evaluation starts...
One fitness evaluation starts...
One fitness evaluation starts...
One fitness evaluation starts...
One fitness evaluation starts...
One fitness evaluation starts...
One fitness evaluation starts...
One fitness evaluation starts...
One fitness evaluation starts...
One fitness evaluation starts...
One fitness evaluation starts...
One fitness evaluation starts...
One fitness evaluation starts...
One fitness evaluation starts...
One fitness evaluation starts...
One fitness evaluation starts...
One fitness evaluation starts...
One fitness evaluation starts...
One fitness evaluation starts...
One fitness evaluation starts...
One fitness evaluation starts...
One fitness evaluation starts...
One fitness evaluation starts...
One fitness evaluation starts...
One fitness evaluation starts...
One fitness evaluation starts...
One fitness evaluation starts...
One fitness evaluation starts...
One fitness evaluation starts...
One fitness evaluation starts...
One fitness evaluation starts...
One fitness evaluation starts...
One fitness evaluation starts...
One fitness evaluation starts...
One fitness evaluation starts...
One fitness evaluation starts...
One fitness evaluation starts...
One fitness evaluation starts...
One fitness evaluation starts...
One fitness evaluation starts...
One fitness evaluation starts...
One fitness evaluation starts...
One fitness evaluation starts...
One fitness evaluation starts...
One fitness evaluation starts...
One fitness evaluation starts...
One fitness evaluation starts...
One fitness evaluation starts...
One fitness evaluation starts...
One fitness evaluation starts...
One fitness evaluation starts...
One fitness evaluation starts...
One fitness evaluation starts...
One fitness evaluation starts...
One fitness evaluation starts...
One fitness evaluation starts...
One fitness evaluation starts...
One fitness evaluation starts...
One fitness evaluation starts...
One fitness evaluation starts...
One fitness evaluation starts...
One fitness evaluation starts...
One fitness evaluation starts...
One fitness evaluation starts...
One fitness evaluation starts...
One fitness evaluation starts...
One fitness evaluation starts...
One fitness evaluation starts...
One fitness evaluation starts...
One fitness evaluation starts...
One fitness evaluation starts...
One fitness evaluation starts...
One fitness evaluation starts...
One fitness evaluation starts...
One fitness evaluation starts...
One fitness evaluation starts...
One fitness evaluation starts...
One fitness evaluation starts...
One fitness evaluation starts...
One fitness evaluation starts...
One fitness evaluation starts...
One fitness evaluation starts...
One fitness evaluation starts...
One fitness evaluation starts...


Node: ubuntu



Date: Sun Aug 11 04:00:03 EDT 2019

