cd /tmp/Arja_Defects4J_Time_9;
export JAVA_TOOL_OPTIONS="-Dfile.encoding=UTF8 -Duser.language=en-US -Duser.country=US -Duser.language=en";
TZ="America/New_York"; export TZ;
export PATH="/data/tool/jdk1.7.0_80/bin:$PATH";
export JAVA_HOME="/data/tool/jdk1.7.0_80/bin";
timeout 120m java -Xmx1g -Xms1g -cp /home/kaka/Desktop/RepairThemAll/script/../libs/jmetal.jar:/home/kaka/Desktop/RepairThemAll/script/../repair_tools/arja.jar us.msu.cse.repair.Main \
	Arja \
	-DexternalProjRoot /home/kaka/Desktop/RepairThemAll/script/../libs/arja_external \
	-Dbenchmark Defects4J \
	-Dbugid Time-9 \
	-DsrcJavaDir /tmp/Arja_Defects4J_Time_9/src/main/java/ \
	-DbinJavaDir /tmp/Arja_Defects4J_Time_9/target/classes/ \
	-DbinTestDir /tmp/Arja_Defects4J_Time_9/target/test-classes/ \
	-DdiffFormat true \
	-Dseed 0 \
	-Ddependences /tmp/Arja_Defects4J_Time_9/target/classes/:/tmp/Arja_Defects4J_Time_9/target/test-classes/:/home/kaka/Desktop/RepairThemAll/script/../benchmarks/defects4j/framework/projects/Time/lib/joda-convert-1.2.jar:/home/kaka/Desktop/RepairThemAll/script/../benchmarks/defects4j/framework/projects/Time/lib/junit-3.8.2.jar:/home/kaka/Desktop/RepairThemAll/script/../benchmarks/defects4j/framework/projects/Time/lib/junit/junit/3.8.2/junit-3.8.2.jar:/home/kaka/Desktop/RepairThemAll/script/../benchmarks/defects4j/framework/projects/Time/lib/org/joda/joda-convert/1.2/joda-convert-1.2.jar;
	echo "\n\nNode: `hostname`\n";
	echo "\n\nDate: `date`\n";
Picked up JAVA_TOOL_OPTIONS: -Dfile.encoding=UTF8 -Duser.language=en-US -Duser.country=US -Duser.language=en
Jun 25, 2019 2:35:27 PM java.util.jar.Attributes read
WARNING: Duplicate name in Manifest: SHA1-Digest.
Ensure that the manifest does not have duplicate entries, and
that blank lines separate individual sections in both your
manifest and in the META-INF/MANIFEST.MF entry in the jar file.
Jun 25, 2019 2:35:27 PM java.util.jar.Attributes read
WARNING: Duplicate name in Manifest: SHA1-Digest.
Ensure that the manifest does not have duplicate entries, and
that blank lines separate individual sections in both your
manifest and in the META-INF/MANIFEST.MF entry in the jar file.
Jun 25, 2019 2:35:27 PM java.util.jar.Attributes read
WARNING: Duplicate name in Manifest: SHA1-Digest.
Ensure that the manifest does not have duplicate entries, and
that blank lines separate individual sections in both your
manifest and in the META-INF/MANIFEST.MF entry in the jar file.
Jun 25, 2019 2:35:27 PM java.util.jar.Attributes read
WARNING: Duplicate name in Manifest: SHA1-Digest.
Ensure that the manifest does not have duplicate entries, and
that blank lines separate individual sections in both your
manifest and in the META-INF/MANIFEST.MF entry in the jar file.
Jun 25, 2019 2:35:27 PM java.util.jar.Attributes read
WARNING: Duplicate name in Manifest: SHA1-Digest.
Ensure that the manifest does not have duplicate entries, and
that blank lines separate individual sections in both your
manifest and in the META-INF/MANIFEST.MF entry in the jar file.
Jun 25, 2019 2:35:27 PM java.util.jar.Attributes read
WARNING: Duplicate name in Manifest: SHA1-Digest.
Ensure that the manifest does not have duplicate entries, and
that blank lines separate individual sections in both your
manifest and in the META-INF/MANIFEST.MF entry in the jar file.
Jun 25, 2019 2:35:27 PM java.util.jar.Attributes read
WARNING: Duplicate name in Manifest: SHA1-Digest.
Ensure that the manifest does not have duplicate entries, and
that blank lines separate individual sections in both your
manifest and in the META-INF/MANIFEST.MF entry in the jar file.
Jun 25, 2019 2:35:27 PM java.util.jar.Attributes read
WARNING: Duplicate name in Manifest: SHA1-Digest.
Ensure that the manifest does not have duplicate entries, and
that blank lines separate individual sections in both your
manifest and in the META-INF/MANIFEST.MF entry in the jar file.
Jun 25, 2019 2:35:27 PM java.util.jar.Attributes read
WARNING: Duplicate name in Manifest: SHA1-Digest.
Ensure that the manifest does not have duplicate entries, and
that blank lines separate individual sections in both your
manifest and in the META-INF/MANIFEST.MF entry in the jar file.
Jun 25, 2019 2:35:27 PM java.util.jar.Attributes read
WARNING: Duplicate name in Manifest: SHA1-Digest.
Ensure that the manifest does not have duplicate entries, and
that blank lines separate individual sections in both your
manifest and in the META-INF/MANIFEST.MF entry in the jar file.
Jun 25, 2019 2:35:27 PM java.util.jar.Attributes read
WARNING: Duplicate name in Manifest: SHA1-Digest.
Ensure that the manifest does not have duplicate entries, and
that blank lines separate individual sections in both your
manifest and in the META-INF/MANIFEST.MF entry in the jar file.
Jun 25, 2019 2:35:27 PM java.util.jar.Attributes read
WARNING: Duplicate name in Manifest: SHA1-Digest.
Ensure that the manifest does not have duplicate entries, and
that blank lines separate individual sections in both your
manifest and in the META-INF/MANIFEST.MF entry in the jar file.
Jun 25, 2019 2:35:27 PM java.util.jar.Attributes read
WARNING: Duplicate name in Manifest: SHA1-Digest.
Ensure that the manifest does not have duplicate entries, and
that blank lines separate individual sections in both your
manifest and in the META-INF/MANIFEST.MF entry in the jar file.
Jun 25, 2019 2:35:27 PM java.util.jar.Attributes read
WARNING: Duplicate name in Manifest: SHA1-Digest.
Ensure that the manifest does not have duplicate entries, and
that blank lines separate individual sections in both your
manifest and in the META-INF/MANIFEST.MF entry in the jar file.
Jun 25, 2019 2:35:27 PM java.util.jar.Attributes read
WARNING: Duplicate name in Manifest: SHA1-Digest.
Ensure that the manifest does not have duplicate entries, and
that blank lines separate individual sections in both your
manifest and in the META-INF/MANIFEST.MF entry in the jar file.
Jun 25, 2019 2:35:27 PM java.util.jar.Attributes read
WARNING: Duplicate name in Manifest: SHA1-Digest.
Ensure that the manifest does not have duplicate entries, and
that blank lines separate individual sections in both your
manifest and in the META-INF/MANIFEST.MF entry in the jar file.
Jun 25, 2019 2:35:27 PM java.util.jar.Attributes read
WARNING: Duplicate name in Manifest: SHA1-Digest.
Ensure that the manifest does not have duplicate entries, and
that blank lines separate individual sections in both your
manifest and in the META-INF/MANIFEST.MF entry in the jar file.
Jun 25, 2019 2:35:27 PM java.util.jar.Attributes read
WARNING: Duplicate name in Manifest: SHA1-Digest.
Ensure that the manifest does not have duplicate entries, and
that blank lines separate individual sections in both your
manifest and in the META-INF/MANIFEST.MF entry in the jar file.
Jun 25, 2019 2:35:27 PM java.util.jar.Attributes read
WARNING: Duplicate name in Manifest: SHA1-Digest.
Ensure that the manifest does not have duplicate entries, and
that blank lines separate individual sections in both your
manifest and in the META-INF/MANIFEST.MF entry in the jar file.
Jun 25, 2019 2:35:27 PM java.util.jar.Attributes read
WARNING: Duplicate name in Manifest: SHA1-Digest.
Ensure that the manifest does not have duplicate entries, and
that blank lines separate individual sections in both your
manifest and in the META-INF/MANIFEST.MF entry in the jar file.
Jun 25, 2019 2:35:27 PM java.util.jar.Attributes read
WARNING: Duplicate name in Manifest: SHA1-Digest.
Ensure that the manifest does not have duplicate entries, and
that blank lines separate individual sections in both your
manifest and in the META-INF/MANIFEST.MF entry in the jar file.
Jun 25, 2019 2:35:27 PM java.util.jar.Attributes read
WARNING: Duplicate name in Manifest: SHA1-Digest.
Ensure that the manifest does not have duplicate entries, and
that blank lines separate individual sections in both your
manifest and in the META-INF/MANIFEST.MF entry in the jar file.
Jun 25, 2019 2:35:27 PM java.util.jar.Attributes read
WARNING: Duplicate name in Manifest: SHA1-Digest.
Ensure that the manifest does not have duplicate entries, and
that blank lines separate individual sections in both your
manifest and in the META-INF/MANIFEST.MF entry in the jar file.
Jun 25, 2019 2:35:27 PM java.util.jar.Attributes read
WARNING: Duplicate name in Manifest: SHA1-Digest.
Ensure that the manifest does not have duplicate entries, and
that blank lines separate individual sections in both your
manifest and in the META-INF/MANIFEST.MF entry in the jar file.
Jun 25, 2019 2:35:27 PM java.util.jar.Attributes read
WARNING: Duplicate name in Manifest: SHA1-Digest.
Ensure that the manifest does not have duplicate entries, and
that blank lines separate individual sections in both your
manifest and in the META-INF/MANIFEST.MF entry in the jar file.
Jun 25, 2019 2:35:27 PM java.util.jar.Attributes read
WARNING: Duplicate name in Manifest: SHA1-Digest.
Ensure that the manifest does not have duplicate entries, and
that blank lines separate individual sections in both your
manifest and in the META-INF/MANIFEST.MF entry in the jar file.
Jun 25, 2019 2:35:27 PM java.util.jar.Attributes read
WARNING: Duplicate name in Manifest: SHA1-Digest.
Ensure that the manifest does not have duplicate entries, and
that blank lines separate individual sections in both your
manifest and in the META-INF/MANIFEST.MF entry in the jar file.
Jun 25, 2019 2:35:27 PM java.util.jar.Attributes read
WARNING: Duplicate name in Manifest: SHA1-Digest.
Ensure that the manifest does not have duplicate entries, and
that blank lines separate individual sections in both your
manifest and in the META-INF/MANIFEST.MF entry in the jar file.
Jun 25, 2019 2:35:27 PM java.util.jar.Attributes read
WARNING: Duplicate name in Manifest: SHA1-Digest.
Ensure that the manifest does not have duplicate entries, and
that blank lines separate individual sections in both your
manifest and in the META-INF/MANIFEST.MF entry in the jar file.
Jun 25, 2019 2:35:27 PM java.util.jar.Attributes read
WARNING: Duplicate name in Manifest: SHA1-Digest.
Ensure that the manifest does not have duplicate entries, and
that blank lines separate individual sections in both your
manifest and in the META-INF/MANIFEST.MF entry in the jar file.
Fault localization starts...
Jun 25, 2019 2:35:28 PM java.util.jar.Attributes read
WARNING: Duplicate name in Manifest: SHA1-Digest.
Ensure that the manifest does not have duplicate entries, and
that blank lines separate individual sections in both your
manifest and in the META-INF/MANIFEST.MF entry in the jar file.
Jun 25, 2019 2:35:28 PM java.util.jar.Attributes read
WARNING: Duplicate name in Manifest: SHA1-Digest.
Ensure that the manifest does not have duplicate entries, and
that blank lines separate individual sections in both your
manifest and in the META-INF/MANIFEST.MF entry in the jar file.
Jun 25, 2019 2:35:28 PM java.util.jar.Attributes read
WARNING: Duplicate name in Manifest: SHA1-Digest.
Ensure that the manifest does not have duplicate entries, and
that blank lines separate individual sections in both your
manifest and in the META-INF/MANIFEST.MF entry in the jar file.
Jun 25, 2019 2:35:28 PM java.util.jar.Attributes read
WARNING: Duplicate name in Manifest: SHA1-Digest.
Ensure that the manifest does not have duplicate entries, and
that blank lines separate individual sections in both your
manifest and in the META-INF/MANIFEST.MF entry in the jar file.
Jun 25, 2019 2:35:28 PM java.util.jar.Attributes read
WARNING: Duplicate name in Manifest: SHA1-Digest.
Ensure that the manifest does not have duplicate entries, and
that blank lines separate individual sections in both your
manifest and in the META-INF/MANIFEST.MF entry in the jar file.
Jun 25, 2019 2:35:28 PM java.util.jar.Attributes read
WARNING: Duplicate name in Manifest: SHA1-Digest.
Ensure that the manifest does not have duplicate entries, and
that blank lines separate individual sections in both your
manifest and in the META-INF/MANIFEST.MF entry in the jar file.
Jun 25, 2019 2:35:28 PM java.util.jar.Attributes read
WARNING: Duplicate name in Manifest: SHA1-Digest.
Ensure that the manifest does not have duplicate entries, and
that blank lines separate individual sections in both your
manifest and in the META-INF/MANIFEST.MF entry in the jar file.
Jun 25, 2019 2:35:28 PM java.util.jar.Attributes read
WARNING: Duplicate name in Manifest: SHA1-Digest.
Ensure that the manifest does not have duplicate entries, and
that blank lines separate individual sections in both your
manifest and in the META-INF/MANIFEST.MF entry in the jar file.
Jun 25, 2019 2:35:28 PM java.util.jar.Attributes read
WARNING: Duplicate name in Manifest: SHA1-Digest.
Ensure that the manifest does not have duplicate entries, and
that blank lines separate individual sections in both your
manifest and in the META-INF/MANIFEST.MF entry in the jar file.
Jun 25, 2019 2:35:28 PM java.util.jar.Attributes read
WARNING: Duplicate name in Manifest: SHA1-Digest.
Ensure that the manifest does not have duplicate entries, and
that blank lines separate individual sections in both your
manifest and in the META-INF/MANIFEST.MF entry in the jar file.
Jun 25, 2019 2:35:28 PM java.util.jar.Attributes read
WARNING: Duplicate name in Manifest: SHA1-Digest.
Ensure that the manifest does not have duplicate entries, and
that blank lines separate individual sections in both your
manifest and in the META-INF/MANIFEST.MF entry in the jar file.
Jun 25, 2019 2:35:28 PM java.util.jar.Attributes read
WARNING: Duplicate name in Manifest: SHA1-Digest.
Ensure that the manifest does not have duplicate entries, and
that blank lines separate individual sections in both your
manifest and in the META-INF/MANIFEST.MF entry in the jar file.
Jun 25, 2019 2:35:28 PM java.util.jar.Attributes read
WARNING: Duplicate name in Manifest: SHA1-Digest.
Ensure that the manifest does not have duplicate entries, and
that blank lines separate individual sections in both your
manifest and in the META-INF/MANIFEST.MF entry in the jar file.
Jun 25, 2019 2:35:28 PM java.util.jar.Attributes read
WARNING: Duplicate name in Manifest: SHA1-Digest.
Ensure that the manifest does not have duplicate entries, and
that blank lines separate individual sections in both your
manifest and in the META-INF/MANIFEST.MF entry in the jar file.
Jun 25, 2019 2:35:28 PM java.util.jar.Attributes read
WARNING: Duplicate name in Manifest: SHA1-Digest.
Ensure that the manifest does not have duplicate entries, and
that blank lines separate individual sections in both your
manifest and in the META-INF/MANIFEST.MF entry in the jar file.
Jun 25, 2019 2:35:28 PM java.util.jar.Attributes read
WARNING: Duplicate name in Manifest: SHA1-Digest.
Ensure that the manifest does not have duplicate entries, and
that blank lines separate individual sections in both your
manifest and in the META-INF/MANIFEST.MF entry in the jar file.
Jun 25, 2019 2:35:28 PM java.util.jar.Attributes read
WARNING: Duplicate name in Manifest: SHA1-Digest.
Ensure that the manifest does not have duplicate entries, and
that blank lines separate individual sections in both your
manifest and in the META-INF/MANIFEST.MF entry in the jar file.
Jun 25, 2019 2:35:28 PM java.util.jar.Attributes read
WARNING: Duplicate name in Manifest: SHA1-Digest.
Ensure that the manifest does not have duplicate entries, and
that blank lines separate individual sections in both your
manifest and in the META-INF/MANIFEST.MF entry in the jar file.
Jun 25, 2019 2:35:28 PM java.util.jar.Attributes read
WARNING: Duplicate name in Manifest: SHA1-Digest.
Ensure that the manifest does not have duplicate entries, and
that blank lines separate individual sections in both your
manifest and in the META-INF/MANIFEST.MF entry in the jar file.
Jun 25, 2019 2:35:28 PM java.util.jar.Attributes read
WARNING: Duplicate name in Manifest: SHA1-Digest.
Ensure that the manifest does not have duplicate entries, and
that blank lines separate individual sections in both your
manifest and in the META-INF/MANIFEST.MF entry in the jar file.
Jun 25, 2019 2:35:28 PM java.util.jar.Attributes read
WARNING: Duplicate name in Manifest: SHA1-Digest.
Ensure that the manifest does not have duplicate entries, and
that blank lines separate individual sections in both your
manifest and in the META-INF/MANIFEST.MF entry in the jar file.
Jun 25, 2019 2:35:28 PM java.util.jar.Attributes read
WARNING: Duplicate name in Manifest: SHA1-Digest.
Ensure that the manifest does not have duplicate entries, and
that blank lines separate individual sections in both your
manifest and in the META-INF/MANIFEST.MF entry in the jar file.
Jun 25, 2019 2:35:28 PM java.util.jar.Attributes read
WARNING: Duplicate name in Manifest: SHA1-Digest.
Ensure that the manifest does not have duplicate entries, and
that blank lines separate individual sections in both your
manifest and in the META-INF/MANIFEST.MF entry in the jar file.
Jun 25, 2019 2:35:28 PM java.util.jar.Attributes read
WARNING: Duplicate name in Manifest: SHA1-Digest.
Ensure that the manifest does not have duplicate entries, and
that blank lines separate individual sections in both your
manifest and in the META-INF/MANIFEST.MF entry in the jar file.
Jun 25, 2019 2:35:28 PM java.util.jar.Attributes read
WARNING: Duplicate name in Manifest: SHA1-Digest.
Ensure that the manifest does not have duplicate entries, and
that blank lines separate individual sections in both your
manifest and in the META-INF/MANIFEST.MF entry in the jar file.
Jun 25, 2019 2:35:28 PM java.util.jar.Attributes read
WARNING: Duplicate name in Manifest: SHA1-Digest.
Ensure that the manifest does not have duplicate entries, and
that blank lines separate individual sections in both your
manifest and in the META-INF/MANIFEST.MF entry in the jar file.
Jun 25, 2019 2:35:28 PM java.util.jar.Attributes read
WARNING: Duplicate name in Manifest: SHA1-Digest.
Ensure that the manifest does not have duplicate entries, and
that blank lines separate individual sections in both your
manifest and in the META-INF/MANIFEST.MF entry in the jar file.
Jun 25, 2019 2:35:28 PM java.util.jar.Attributes read
WARNING: Duplicate name in Manifest: SHA1-Digest.
Ensure that the manifest does not have duplicate entries, and
that blank lines separate individual sections in both your
manifest and in the META-INF/MANIFEST.MF entry in the jar file.
Jun 25, 2019 2:35:28 PM java.util.jar.Attributes read
WARNING: Duplicate name in Manifest: SHA1-Digest.
Ensure that the manifest does not have duplicate entries, and
that blank lines separate individual sections in both your
manifest and in the META-INF/MANIFEST.MF entry in the jar file.
Jun 25, 2019 2:35:28 PM java.util.jar.Attributes read
WARNING: Duplicate name in Manifest: SHA1-Digest.
Ensure that the manifest does not have duplicate entries, and
that blank lines separate individual sections in both your
manifest and in the META-INF/MANIFEST.MF entry in the jar file.
Defects4J
Time-9
Number of positive tests: 3970
Number of negative tests: 1
faulty points number is5
Fault localization is finished!
AST parsing starts...
AST parsing is finished!
Detection of local variables starts...
Detection of local variables is finished!
Detection of fields starts...
Detection of fields is finished!
Detection of methods starts...
Detection of methods is finished!
Ingredient screener starts...
Ingredient screener is finished!
Initialization of manipulations starts...
Initialization of manipulations is finished!
Filtering of the tests starts...
Number of positive tests considered: 0
Filtering of the tests is finished!
One fitness evaluation starts...
One fitness evaluation starts...
One fitness evaluation starts...
One fitness evaluation starts...
One fitness evaluation starts...
One fitness evaluation starts...
One fitness evaluation starts...
One fitness evaluation starts...
One fitness evaluation starts...
One fitness evaluation starts...
One fitness evaluation starts...
One fitness evaluation starts...
One fitness evaluation starts...
One fitness evaluation starts...
One fitness evaluation starts...
One fitness evaluation starts...
One fitness evaluation starts...
One fitness evaluation starts...
One fitness evaluation starts...
One fitness evaluation starts...
One fitness evaluation starts...
One fitness evaluation starts...
One fitness evaluation starts...
One fitness evaluation starts...
One fitness evaluation starts...
One fitness evaluation starts...
One fitness evaluation starts...
One fitness evaluation starts...
One fitness evaluation starts...
One fitness evaluation starts...
One fitness evaluation starts...
One fitness evaluation starts...
One fitness evaluation starts...
One fitness evaluation starts...
One fitness evaluation starts...
One fitness evaluation starts...
One fitness evaluation starts...
One fitness evaluation starts...
One fitness evaluation starts...
One fitness evaluation starts...
One fitness evaluation starts...
One fitness evaluation starts...
One fitness evaluation starts...
One fitness evaluation starts...
One fitness evaluation starts...
One fitness evaluation starts...
One fitness evaluation starts...
One fitness evaluation starts...
One fitness evaluation starts...
One fitness evaluation starts...
One fitness evaluation starts...
One fitness evaluation starts...
One fitness evaluation starts...
One fitness evaluation starts...
One fitness evaluation starts...
One fitness evaluation starts...
One fitness evaluation starts...
One fitness evaluation starts...
One fitness evaluation starts...
One fitness evaluation starts...
One fitness evaluation starts...
One fitness evaluation starts...
One fitness evaluation starts...
One fitness evaluation starts...
One fitness evaluation starts...
One fitness evaluation starts...
One fitness evaluation starts...
One fitness evaluation starts...
One fitness evaluation starts...
One fitness evaluation starts...
One fitness evaluation starts...
One fitness evaluation starts...
One fitness evaluation starts...
One fitness evaluation starts...
One fitness evaluation starts...
One fitness evaluation starts...
One fitness evaluation starts...
One fitness evaluation starts...
One fitness evaluation starts...
One fitness evaluation starts...
One fitness evaluation starts...
One fitness evaluation starts...
One fitness evaluation starts...
One fitness evaluation starts...
One fitness evaluation starts...
One fitness evaluation starts...
One fitness evaluation starts...
One fitness evaluation starts...
One fitness evaluation starts...
One fitness evaluation starts...
One fitness evaluation starts...
One fitness evaluation starts...
One fitness evaluation starts...
One fitness evaluation starts...
One fitness evaluation starts...
One fitness evaluation starts...
One fitness evaluation starts...
One fitness evaluation starts...
One fitness evaluation starts...
One fitness evaluation starts...
One fitness evaluation starts...
One fitness evaluation starts...
One fitness evaluation starts...
One fitness evaluation starts...
One fitness evaluation starts...
One fitness evaluation starts...
One fitness evaluation starts...
One fitness evaluation starts...
One fitness evaluation starts...
One fitness evaluation starts...
One fitness evaluation starts...
One fitness evaluation starts...
One fitness evaluation starts...
One fitness evaluation starts...
One fitness evaluation starts...
One fitness evaluation starts...
One fitness evaluation starts...
One fitness evaluation starts...
One fitness evaluation starts...
One fitness evaluation starts...
One fitness evaluation starts...
One fitness evaluation starts...
One fitness evaluation starts...
One fitness evaluation starts...
One fitness evaluation starts...
One fitness evaluation starts...
One fitness evaluation starts...
One fitness evaluation starts...
One fitness evaluation starts...
One fitness evaluation starts...
One fitness evaluation starts...
One fitness evaluation starts...
One fitness evaluation starts...
One fitness evaluation starts...
One fitness evaluation starts...
One fitness evaluation starts...
One fitness evaluation starts...
One fitness evaluation starts...
One fitness evaluation starts...
One fitness evaluation starts...
One fitness evaluation starts...
One fitness evaluation starts...
One fitness evaluation starts...
One fitness evaluation starts...
One fitness evaluation starts...
One fitness evaluation starts...
One fitness evaluation starts...
One fitness evaluation starts...
One fitness evaluation starts...
One fitness evaluation starts...
One fitness evaluation starts...
One fitness evaluation starts...
One fitness evaluation starts...
One fitness evaluation starts...
One fitness evaluation starts...
One fitness evaluation starts...
One fitness evaluation starts...
One fitness evaluation starts...
One fitness evaluation starts...
One fitness evaluation starts...
One fitness evaluation starts...
One fitness evaluation starts...
One fitness evaluation starts...
One fitness evaluation starts...
One fitness evaluation starts...
One fitness evaluation starts...
One fitness evaluation starts...
One fitness evaluation starts...
One fitness evaluation starts...
One fitness evaluation starts...
One fitness evaluation starts...
One fitness evaluation starts...
One fitness evaluation starts...
One fitness evaluation starts...
One fitness evaluation starts...
One fitness evaluation starts...
One fitness evaluation starts...
One fitness evaluation starts...
One fitness evaluation starts...
One fitness evaluation starts...
One fitness evaluation starts...
One fitness evaluation starts...
One fitness evaluation starts...
One fitness evaluation starts...
One fitness evaluation starts...
One fitness evaluation starts...
One fitness evaluation starts...
One fitness evaluation starts...
One fitness evaluation starts...
One fitness evaluation starts...
One fitness evaluation starts...
One fitness evaluation starts...
One fitness evaluation starts...
One fitness evaluation starts...
One fitness evaluation starts...
One fitness evaluation starts...
One fitness evaluation starts...
One fitness evaluation starts...
One fitness evaluation starts...
One fitness evaluation starts...
One fitness evaluation starts...
One fitness evaluation starts...
One fitness evaluation starts...
One fitness evaluation starts...
One fitness evaluation starts...
One fitness evaluation starts...
One fitness evaluation starts...
One fitness evaluation starts...
One fitness evaluation starts...
One fitness evaluation starts...
One fitness evaluation starts...
One fitness evaluation starts...
One fitness evaluation starts...
One fitness evaluation starts...
One fitness evaluation starts...
One fitness evaluation starts...
One fitness evaluation starts...
One fitness evaluation starts...
One fitness evaluation starts...
One fitness evaluation starts...
One fitness evaluation starts...
One fitness evaluation starts...
One fitness evaluation starts...
One fitness evaluation starts...
One fitness evaluation starts...
One fitness evaluation starts...
One fitness evaluation starts...
One fitness evaluation starts...
One fitness evaluation starts...
One fitness evaluation starts...
One fitness evaluation starts...
One fitness evaluation starts...
One fitness evaluation starts...
One fitness evaluation starts...
One fitness evaluation starts...
One fitness evaluation starts...
One fitness evaluation starts...
One fitness evaluation starts...
One fitness evaluation starts...
One fitness evaluation starts...
One fitness evaluation starts...
One fitness evaluation starts...
One fitness evaluation starts...
One fitness evaluation starts...
One fitness evaluation starts...
One fitness evaluation starts...
One fitness evaluation starts...
One fitness evaluation starts...
One fitness evaluation starts...
One fitness evaluation starts...
One fitness evaluation starts...
One fitness evaluation starts...
One fitness evaluation starts...
One fitness evaluation starts...
One fitness evaluation starts...
One fitness evaluation starts...
One fitness evaluation starts...
One fitness evaluation starts...
One fitness evaluation starts...
One fitness evaluation starts...
One fitness evaluation starts...
One fitness evaluation starts...
One fitness evaluation starts...
One fitness evaluation starts...
One fitness evaluation starts...
One fitness evaluation starts...
One fitness evaluation starts...
One fitness evaluation starts...
One fitness evaluation starts...
One fitness evaluation starts...
One fitness evaluation starts...
One fitness evaluation starts...
One fitness evaluation starts...
One fitness evaluation starts...
One fitness evaluation starts...
One fitness evaluation starts...
One fitness evaluation starts...
One fitness evaluation starts...
One fitness evaluation starts...
One fitness evaluation starts...
One fitness evaluation starts...
One fitness evaluation starts...
One fitness evaluation starts...
One fitness evaluation starts...
One fitness evaluation starts...
One fitness evaluation starts...
One fitness evaluation starts...
One fitness evaluation starts...
One fitness evaluation starts...
One fitness evaluation starts...
One fitness evaluation starts...
One fitness evaluation starts...
One fitness evaluation starts...
One fitness evaluation starts...
One fitness evaluation starts...
One fitness evaluation starts...
One fitness evaluation starts...
One fitness evaluation starts...
One fitness evaluation starts...
One fitness evaluation starts...
One fitness evaluation starts...
One fitness evaluation starts...
One fitness evaluation starts...
One fitness evaluation starts...
One fitness evaluation starts...
One fitness evaluation starts...
One fitness evaluation starts...
One fitness evaluation starts...
One fitness evaluation starts...
One fitness evaluation starts...
One fitness evaluation starts...
One fitness evaluation starts...
One fitness evaluation starts...
One fitness evaluation starts...
One fitness evaluation starts...
One fitness evaluation starts...
One fitness evaluation starts...
One fitness evaluation starts...
One fitness evaluation starts...
One fitness evaluation starts...
One fitness evaluation starts...
One fitness evaluation starts...
One fitness evaluation starts...
One fitness evaluation starts...
One fitness evaluation starts...
One fitness evaluation starts...
One fitness evaluation starts...
One fitness evaluation starts...
One fitness evaluation starts...
One fitness evaluation starts...
One fitness evaluation starts...
One fitness evaluation starts...
One fitness evaluation starts...
One fitness evaluation starts...
One fitness evaluation starts...
One fitness evaluation starts...
One fitness evaluation starts...
One fitness evaluation starts...
One fitness evaluation starts...
One fitness evaluation starts...
One fitness evaluation starts...
One fitness evaluation starts...
One fitness evaluation starts...
One fitness evaluation starts...
One fitness evaluation starts...
One fitness evaluation starts...
One fitness evaluation starts...
One fitness evaluation starts...
One fitness evaluation starts...
One fitness evaluation starts...
One fitness evaluation starts...
One fitness evaluation starts...
One fitness evaluation starts...
One fitness evaluation starts...
One fitness evaluation starts...
One fitness evaluation starts...
One fitness evaluation starts...
One fitness evaluation starts...
One fitness evaluation starts...
One fitness evaluation starts...
One fitness evaluation starts...
One fitness evaluation starts...
One fitness evaluation starts...
One fitness evaluation starts...
One fitness evaluation starts...
One fitness evaluation starts...
One fitness evaluation starts...
One fitness evaluation starts...
One fitness evaluation starts...
One fitness evaluation starts...
One fitness evaluation starts...
One fitness evaluation starts...
One fitness evaluation starts...
One fitness evaluation starts...
One fitness evaluation starts...
One fitness evaluation starts...
One fitness evaluation starts...
One fitness evaluation starts...
One fitness evaluation starts...
One fitness evaluation starts...
One fitness evaluation starts...
One fitness evaluation starts...
One fitness evaluation starts...
One fitness evaluation starts...
One fitness evaluation starts...
One fitness evaluation starts...
One fitness evaluation starts...
One fitness evaluation starts...
One fitness evaluation starts...
One fitness evaluation starts...
One fitness evaluation starts...
One fitness evaluation starts...
One fitness evaluation starts...
One fitness evaluation starts...
One fitness evaluation starts...
One fitness evaluation starts...
One fitness evaluation starts...
One fitness evaluation starts...
One fitness evaluation starts...
One fitness evaluation starts...
One fitness evaluation starts...
One fitness evaluation starts...
One fitness evaluation starts...
One fitness evaluation starts...
One fitness evaluation starts...
One fitness evaluation starts...
One fitness evaluation starts...
One fitness evaluation starts...
One fitness evaluation starts...
One fitness evaluation starts...
One fitness evaluation starts...
One fitness evaluation starts...
One fitness evaluation starts...
One fitness evaluation starts...
One fitness evaluation starts...
One fitness evaluation starts...
One fitness evaluation starts...
One fitness evaluation starts...
One fitness evaluation starts...
One fitness evaluation starts...
One fitness evaluation starts...
One fitness evaluation starts...
One fitness evaluation starts...
One fitness evaluation starts...
One fitness evaluation starts...
One fitness evaluation starts...
One fitness evaluation starts...
One fitness evaluation starts...
One fitness evaluation starts...
One fitness evaluation starts...
One fitness evaluation starts...
One fitness evaluation starts...
One fitness evaluation starts...
One fitness evaluation starts...
One fitness evaluation starts...
One fitness evaluation starts...
One fitness evaluation starts...
One fitness evaluation starts...
One fitness evaluation starts...
One fitness evaluation starts...
One fitness evaluation starts...
One fitness evaluation starts...
One fitness evaluation starts...
One fitness evaluation starts...
One fitness evaluation starts...
One fitness evaluation starts...
One fitness evaluation starts...
One fitness evaluation starts...
One fitness evaluation starts...
One fitness evaluation starts...
One fitness evaluation starts...
One fitness evaluation starts...
One fitness evaluation starts...
One fitness evaluation starts...
One fitness evaluation starts...
One fitness evaluation starts...
One fitness evaluation starts...
One fitness evaluation starts...
One fitness evaluation starts...
One fitness evaluation starts...
One fitness evaluation starts...
One fitness evaluation starts...
One fitness evaluation starts...
One fitness evaluation starts...
One fitness evaluation starts...
One fitness evaluation starts...
One fitness evaluation starts...
One fitness evaluation starts...
One fitness evaluation starts...
One fitness evaluation starts...
One fitness evaluation starts...
One fitness evaluation starts...
One fitness evaluation starts...
One fitness evaluation starts...
One fitness evaluation starts...
One fitness evaluation starts...
One fitness evaluation starts...
One fitness evaluation starts...
One fitness evaluation starts...
One fitness evaluation starts...
One fitness evaluation starts...
One fitness evaluation starts...
One fitness evaluation starts...
One fitness evaluation starts...
One fitness evaluation starts...
One fitness evaluation starts...
One fitness evaluation starts...
One fitness evaluation starts...
One fitness evaluation starts...
One fitness evaluation starts...
One fitness evaluation starts...
One fitness evaluation starts...
One fitness evaluation starts...
One fitness evaluation starts...
One fitness evaluation starts...
One fitness evaluation starts...
One fitness evaluation starts...
One fitness evaluation starts...
One fitness evaluation starts...
One fitness evaluation starts...
One fitness evaluation starts...
One fitness evaluation starts...
One fitness evaluation starts...
One fitness evaluation starts...
One fitness evaluation starts...
One fitness evaluation starts...
One fitness evaluation starts...
One fitness evaluation starts...
One fitness evaluation starts...
One fitness evaluation starts...
One fitness evaluation starts...
One fitness evaluation starts...
One fitness evaluation starts...
One fitness evaluation starts...
One fitness evaluation starts...
One fitness evaluation starts...
One fitness evaluation starts...
One fitness evaluation starts...
One fitness evaluation starts...
One fitness evaluation starts...
One fitness evaluation starts...
One fitness evaluation starts...
One fitness evaluation starts...
One fitness evaluation starts...
One fitness evaluation starts...
One fitness evaluation starts...
One fitness evaluation starts...
One fitness evaluation starts...
One fitness evaluation starts...
One fitness evaluation starts...
One fitness evaluation starts...
One fitness evaluation starts...
One fitness evaluation starts...
One fitness evaluation starts...
One fitness evaluation starts...
One fitness evaluation starts...
One fitness evaluation starts...
One fitness evaluation starts...
One fitness evaluation starts...
One fitness evaluation starts...
One fitness evaluation starts...
One fitness evaluation starts...
One fitness evaluation starts...
One fitness evaluation starts...
One fitness evaluation starts...
One fitness evaluation starts...
One fitness evaluation starts...
One fitness evaluation starts...
One fitness evaluation starts...
One fitness evaluation starts...
One fitness evaluation starts...
One fitness evaluation starts...
One fitness evaluation starts...
One fitness evaluation starts...
One fitness evaluation starts...
One fitness evaluation starts...
One fitness evaluation starts...
One fitness evaluation starts...
One fitness evaluation starts...
One fitness evaluation starts...
One fitness evaluation starts...
One fitness evaluation starts...
One fitness evaluation starts...
One fitness evaluation starts...
One fitness evaluation starts...
One fitness evaluation starts...
One fitness evaluation starts...
One fitness evaluation starts...
One fitness evaluation starts...
One fitness evaluation starts...
One fitness evaluation starts...
One fitness evaluation starts...
One fitness evaluation starts...
One fitness evaluation starts...
One fitness evaluation starts...
One fitness evaluation starts...
One fitness evaluation starts...
One fitness evaluation starts...
One fitness evaluation starts...
One fitness evaluation starts...
One fitness evaluation starts...
One fitness evaluation starts...
One fitness evaluation starts...
One fitness evaluation starts...
One fitness evaluation starts...
One fitness evaluation starts...
One fitness evaluation starts...
One fitness evaluation starts...
One fitness evaluation starts...
One fitness evaluation starts...
One fitness evaluation starts...
One fitness evaluation starts...
One fitness evaluation starts...
One fitness evaluation starts...
One fitness evaluation starts...
One fitness evaluation starts...
One fitness evaluation starts...
One fitness evaluation starts...
One fitness evaluation starts...
One fitness evaluation starts...
One fitness evaluation starts...
One fitness evaluation starts...
One fitness evaluation starts...
One fitness evaluation starts...
One fitness evaluation starts...
One fitness evaluation starts...
One fitness evaluation starts...
One fitness evaluation starts...
One fitness evaluation starts...
One fitness evaluation starts...
One fitness evaluation starts...
One fitness evaluation starts...
One fitness evaluation starts...
One fitness evaluation starts...
One fitness evaluation starts...
One fitness evaluation starts...
One fitness evaluation starts...
One fitness evaluation starts...
One fitness evaluation starts...
One fitness evaluation starts...
One fitness evaluation starts...
One fitness evaluation starts...
One fitness evaluation starts...
One fitness evaluation starts...
One fitness evaluation starts...
One fitness evaluation starts...
One fitness evaluation starts...
One fitness evaluation starts...
One fitness evaluation starts...
One fitness evaluation starts...
One fitness evaluation starts...
One fitness evaluation starts...
One fitness evaluation starts...
One fitness evaluation starts...
One fitness evaluation starts...
One fitness evaluation starts...
One fitness evaluation starts...
One fitness evaluation starts...
One fitness evaluation starts...
One fitness evaluation starts...
One fitness evaluation starts...
One fitness evaluation starts...
One fitness evaluation starts...
One fitness evaluation starts...
One fitness evaluation starts...
One fitness evaluation starts...
One fitness evaluation starts...
One fitness evaluation starts...
One fitness evaluation starts...
One fitness evaluation starts...
One fitness evaluation starts...
One fitness evaluation starts...
One fitness evaluation starts...
One fitness evaluation starts...
One fitness evaluation starts...
One fitness evaluation starts...
One fitness evaluation starts...
One fitness evaluation starts...
One fitness evaluation starts...
One fitness evaluation starts...
One fitness evaluation starts...
One fitness evaluation starts...
One fitness evaluation starts...
One fitness evaluation starts...
One fitness evaluation starts...
One fitness evaluation starts...
One fitness evaluation starts...
One fitness evaluation starts...
One fitness evaluation starts...
One fitness evaluation starts...
One fitness evaluation starts...
One fitness evaluation starts...
One fitness evaluation starts...
One fitness evaluation starts...
One fitness evaluation starts...
One fitness evaluation starts...
One fitness evaluation starts...
One fitness evaluation starts...
One fitness evaluation starts...
One fitness evaluation starts...
One fitness evaluation starts...
One fitness evaluation starts...
One fitness evaluation starts...
One fitness evaluation starts...
One fitness evaluation starts...
One fitness evaluation starts...
One fitness evaluation starts...
One fitness evaluation starts...
One fitness evaluation starts...
One fitness evaluation starts...
One fitness evaluation starts...
One fitness evaluation starts...
One fitness evaluation starts...
One fitness evaluation starts...
One fitness evaluation starts...
One fitness evaluation starts...
One fitness evaluation starts...
One fitness evaluation starts...
One fitness evaluation starts...
One fitness evaluation starts...
One fitness evaluation starts...
One fitness evaluation starts...
One fitness evaluation starts...
One fitness evaluation starts...
One fitness evaluation starts...
One fitness evaluation starts...
One fitness evaluation starts...
One fitness evaluation starts...
One fitness evaluation starts...
One fitness evaluation starts...
One fitness evaluation starts...
One fitness evaluation starts...
One fitness evaluation starts...
One fitness evaluation starts...
One fitness evaluation starts...
One fitness evaluation starts...
One fitness evaluation starts...
One fitness evaluation starts...
One fitness evaluation starts...
One fitness evaluation starts...
One fitness evaluation starts...
One fitness evaluation starts...
One fitness evaluation starts...
One fitness evaluation starts...
One fitness evaluation starts...
One fitness evaluation starts...
One fitness evaluation starts...
One fitness evaluation starts...
One fitness evaluation starts...
One fitness evaluation starts...
One fitness evaluation starts...
One fitness evaluation starts...
One fitness evaluation starts...
One fitness evaluation starts...
One fitness evaluation starts...
One fitness evaluation starts...
One fitness evaluation starts...
One fitness evaluation starts...
One fitness evaluation starts...
One fitness evaluation starts...
One fitness evaluation starts...
One fitness evaluation starts...
One fitness evaluation starts...
One fitness evaluation starts...
One fitness evaluation starts...
One fitness evaluation starts...
One fitness evaluation starts...
One fitness evaluation starts...
One fitness evaluation starts...
One fitness evaluation starts...
One fitness evaluation starts...
One fitness evaluation starts...
One fitness evaluation starts...
One fitness evaluation starts...
One fitness evaluation starts...
One fitness evaluation starts...
One fitness evaluation starts...
One fitness evaluation starts...
One fitness evaluation starts...
One fitness evaluation starts...
One fitness evaluation starts...
One fitness evaluation starts...
One fitness evaluation starts...
One fitness evaluation starts...
One fitness evaluation starts...
One fitness evaluation starts...
One fitness evaluation starts...
One fitness evaluation starts...
One fitness evaluation starts...
One fitness evaluation starts...
One fitness evaluation starts...
One fitness evaluation starts...
One fitness evaluation starts...
One fitness evaluation starts...
One fitness evaluation starts...
One fitness evaluation starts...
One fitness evaluation starts...
One fitness evaluation starts...
One fitness evaluation starts...
One fitness evaluation starts...
One fitness evaluation starts...
One fitness evaluation starts...
One fitness evaluation starts...
One fitness evaluation starts...
One fitness evaluation starts...
One fitness evaluation starts...
One fitness evaluation starts...
One fitness evaluation starts...
One fitness evaluation starts...
One fitness evaluation starts...
One fitness evaluation starts...
One fitness evaluation starts...
One fitness evaluation starts...
One fitness evaluation starts...
One fitness evaluation starts...
One fitness evaluation starts...
One fitness evaluation starts...
One fitness evaluation starts...
One fitness evaluation starts...
One fitness evaluation starts...
One fitness evaluation starts...
One fitness evaluation starts...
One fitness evaluation starts...
One fitness evaluation starts...
One fitness evaluation starts...
One fitness evaluation starts...
One fitness evaluation starts...
One fitness evaluation starts...
One fitness evaluation starts...
One fitness evaluation starts...
One fitness evaluation starts...
One fitness evaluation starts...
One fitness evaluation starts...
One fitness evaluation starts...
One fitness evaluation starts...
One fitness evaluation starts...
One fitness evaluation starts...
One fitness evaluation starts...
One fitness evaluation starts...
One fitness evaluation starts...
One fitness evaluation starts...
One fitness evaluation starts...
One fitness evaluation starts...
One fitness evaluation starts...
One fitness evaluation starts...
One fitness evaluation starts...
One fitness evaluation starts...
One fitness evaluation starts...
One fitness evaluation starts...
One fitness evaluation starts...
One fitness evaluation starts...
One fitness evaluation starts...
One fitness evaluation starts...
One fitness evaluation starts...
One fitness evaluation starts...
One fitness evaluation starts...
One fitness evaluation starts...
One fitness evaluation starts...
One fitness evaluation starts...
One fitness evaluation starts...
One fitness evaluation starts...
One fitness evaluation starts...
One fitness evaluation starts...
One fitness evaluation starts...
One fitness evaluation starts...
One fitness evaluation starts...
One fitness evaluation starts...
One fitness evaluation starts...
One fitness evaluation starts...
One fitness evaluation starts...
One fitness evaluation starts...
One fitness evaluation starts...
One fitness evaluation starts...
One fitness evaluation starts...
One fitness evaluation starts...
One fitness evaluation starts...
One fitness evaluation starts...
One fitness evaluation starts...
One fitness evaluation starts...
One fitness evaluation starts...
One fitness evaluation starts...
One fitness evaluation starts...
One fitness evaluation starts...
One fitness evaluation starts...
One fitness evaluation starts...
One fitness evaluation starts...
One fitness evaluation starts...
One fitness evaluation starts...
One fitness evaluation starts...
One fitness evaluation starts...
One fitness evaluation starts...
One fitness evaluation starts...
One fitness evaluation starts...
One fitness evaluation starts...
One fitness evaluation starts...
One fitness evaluation starts...
One fitness evaluation starts...
One fitness evaluation starts...
One fitness evaluation starts...
One fitness evaluation starts...
One fitness evaluation starts...
One fitness evaluation starts...
One fitness evaluation starts...
One fitness evaluation starts...
One fitness evaluation starts...
One fitness evaluation starts...
One fitness evaluation starts...
One fitness evaluation starts...
One fitness evaluation starts...
One fitness evaluation starts...
One fitness evaluation starts...
One fitness evaluation starts...
One fitness evaluation starts...
One fitness evaluation starts...
One fitness evaluation starts...
One fitness evaluation starts...
One fitness evaluation starts...
One fitness evaluation starts...
One fitness evaluation starts...
One fitness evaluation starts...
One fitness evaluation starts...
One fitness evaluation starts...
One fitness evaluation starts...
One fitness evaluation starts...
One fitness evaluation starts...
One fitness evaluation starts...
One fitness evaluation starts...
One fitness evaluation starts...
One fitness evaluation starts...
One fitness evaluation starts...
One fitness evaluation starts...
One fitness evaluation starts...
One fitness evaluation starts...
One fitness evaluation starts...
One fitness evaluation starts...
One fitness evaluation starts...
One fitness evaluation starts...
One fitness evaluation starts...
One fitness evaluation starts...
One fitness evaluation starts...
One fitness evaluation starts...
One fitness evaluation starts...
One fitness evaluation starts...
One fitness evaluation starts...
One fitness evaluation starts...
One fitness evaluation starts...
One fitness evaluation starts...
One fitness evaluation starts...
One fitness evaluation starts...
One fitness evaluation starts...
One fitness evaluation starts...
One fitness evaluation starts...
One fitness evaluation starts...
One fitness evaluation starts...
One fitness evaluation starts...
One fitness evaluation starts...
One fitness evaluation starts...
One fitness evaluation starts...
One fitness evaluation starts...
One fitness evaluation starts...
One fitness evaluation starts...
One fitness evaluation starts...
One fitness evaluation starts...
One fitness evaluation starts...
One fitness evaluation starts...
One fitness evaluation starts...
One fitness evaluation starts...
One fitness evaluation starts...
One fitness evaluation starts...
One fitness evaluation starts...
One fitness evaluation starts...
One fitness evaluation starts...
One fitness evaluation starts...
One fitness evaluation starts...
One fitness evaluation starts...
One fitness evaluation starts...
One fitness evaluation starts...
One fitness evaluation starts...
One fitness evaluation starts...
One fitness evaluation starts...
One fitness evaluation starts...
One fitness evaluation starts...
One fitness evaluation starts...
One fitness evaluation starts...
One fitness evaluation starts...
One fitness evaluation starts...
One fitness evaluation starts...
One fitness evaluation starts...
One fitness evaluation starts...
One fitness evaluation starts...
One fitness evaluation starts...
One fitness evaluation starts...
One fitness evaluation starts...
One fitness evaluation starts...
One fitness evaluation starts...
One fitness evaluation starts...
One fitness evaluation starts...
One fitness evaluation starts...
One fitness evaluation starts...
One fitness evaluation starts...
One fitness evaluation starts...
One fitness evaluation starts...
One fitness evaluation starts...
One fitness evaluation starts...
One fitness evaluation starts...
One fitness evaluation starts...
One fitness evaluation starts...
One fitness evaluation starts...
One fitness evaluation starts...
One fitness evaluation starts...
One fitness evaluation starts...
One fitness evaluation starts...
One fitness evaluation starts...
One fitness evaluation starts...
One fitness evaluation starts...
One fitness evaluation starts...
One fitness evaluation starts...
One fitness evaluation starts...
One fitness evaluation starts...
One fitness evaluation starts...
One fitness evaluation starts...
One fitness evaluation starts...
One fitness evaluation starts...
One fitness evaluation starts...
One fitness evaluation starts...
One fitness evaluation starts...
One fitness evaluation starts...
One fitness evaluation starts...
One fitness evaluation starts...
One fitness evaluation starts...
One fitness evaluation starts...
One fitness evaluation starts...
One fitness evaluation starts...
One fitness evaluation starts...
One fitness evaluation starts...
One fitness evaluation starts...
One fitness evaluation starts...
One fitness evaluation starts...
One fitness evaluation starts...
One fitness evaluation starts...
One fitness evaluation starts...
One fitness evaluation starts...
One fitness evaluation starts...
One fitness evaluation starts...
One fitness evaluation starts...
One fitness evaluation starts...
One fitness evaluation starts...
One fitness evaluation starts...
One fitness evaluation starts...
One fitness evaluation starts...
One fitness evaluation starts...
One fitness evaluation starts...
One fitness evaluation starts...
One fitness evaluation starts...
One fitness evaluation starts...
One fitness evaluation starts...
One fitness evaluation starts...
One fitness evaluation starts...
One fitness evaluation starts...
One fitness evaluation starts...
One fitness evaluation starts...
One fitness evaluation starts...
One fitness evaluation starts...
One fitness evaluation starts...
One fitness evaluation starts...
One fitness evaluation starts...
One fitness evaluation starts...
One fitness evaluation starts...
One fitness evaluation starts...
One fitness evaluation starts...
One fitness evaluation starts...
One fitness evaluation starts...
One fitness evaluation starts...
One fitness evaluation starts...
One fitness evaluation starts...
One fitness evaluation starts...
One fitness evaluation starts...
One fitness evaluation starts...
One fitness evaluation starts...
One fitness evaluation starts...
One fitness evaluation starts...
One fitness evaluation starts...
One fitness evaluation starts...
One fitness evaluation starts...
One fitness evaluation starts...
One fitness evaluation starts...
One fitness evaluation starts...
One fitness evaluation starts...
One fitness evaluation starts...
One fitness evaluation starts...
One fitness evaluation starts...
One fitness evaluation starts...
One fitness evaluation starts...
One fitness evaluation starts...
One fitness evaluation starts...
One fitness evaluation starts...
One fitness evaluation starts...
One fitness evaluation starts...
One fitness evaluation starts...
One fitness evaluation starts...
One fitness evaluation starts...
One fitness evaluation starts...
One fitness evaluation starts...
One fitness evaluation starts...
One fitness evaluation starts...
One fitness evaluation starts...
One fitness evaluation starts...
One fitness evaluation starts...
One fitness evaluation starts...
One fitness evaluation starts...
One fitness evaluation starts...
One fitness evaluation starts...
One fitness evaluation starts...
One fitness evaluation starts...
One fitness evaluation starts...
One fitness evaluation starts...
One fitness evaluation starts...
One fitness evaluation starts...
One fitness evaluation starts...
One fitness evaluation starts...
One fitness evaluation starts...
One fitness evaluation starts...
One fitness evaluation starts...
One fitness evaluation starts...
One fitness evaluation starts...
One fitness evaluation starts...
One fitness evaluation starts...
One fitness evaluation starts...
One fitness evaluation starts...
One fitness evaluation starts...
One fitness evaluation starts...
One fitness evaluation starts...
One fitness evaluation starts...
One fitness evaluation starts...
One fitness evaluation starts...
One fitness evaluation starts...
One fitness evaluation starts...
One fitness evaluation starts...
One fitness evaluation starts...
One fitness evaluation starts...
One fitness evaluation starts...
One fitness evaluation starts...
One fitness evaluation starts...
One fitness evaluation starts...
One fitness evaluation starts...
One fitness evaluation starts...
One fitness evaluation starts...
One fitness evaluation starts...
One fitness evaluation starts...
One fitness evaluation starts...
One fitness evaluation starts...
One fitness evaluation starts...
One fitness evaluation starts...
One fitness evaluation starts...
One fitness evaluation starts...
One fitness evaluation starts...
One fitness evaluation starts...
One fitness evaluation starts...
One fitness evaluation starts...
One fitness evaluation starts...
One fitness evaluation starts...
One fitness evaluation starts...
One fitness evaluation starts...
One fitness evaluation starts...
One fitness evaluation starts...
One fitness evaluation starts...
One fitness evaluation starts...
One fitness evaluation starts...
One fitness evaluation starts...
One fitness evaluation starts...
One fitness evaluation starts...
One fitness evaluation starts...
One fitness evaluation starts...
One fitness evaluation starts...
One fitness evaluation starts...
One fitness evaluation starts...
One fitness evaluation starts...
One fitness evaluation starts...
One fitness evaluation starts...
One fitness evaluation starts...
One fitness evaluation starts...
One fitness evaluation starts...
One fitness evaluation starts...
One fitness evaluation starts...
One fitness evaluation starts...
One fitness evaluation starts...
One fitness evaluation starts...
One fitness evaluation starts...
One fitness evaluation starts...
One fitness evaluation starts...
One fitness evaluation starts...
One fitness evaluation starts...
One fitness evaluation starts...
One fitness evaluation starts...
One fitness evaluation starts...
One fitness evaluation starts...
One fitness evaluation starts...
One fitness evaluation starts...
One fitness evaluation starts...
One fitness evaluation starts...
One fitness evaluation starts...
One fitness evaluation starts...
One fitness evaluation starts...
One fitness evaluation starts...
One fitness evaluation starts...
One fitness evaluation starts...
One fitness evaluation starts...
One fitness evaluation starts...
One fitness evaluation starts...
One fitness evaluation starts...
One fitness evaluation starts...
One fitness evaluation starts...
One fitness evaluation starts...
One fitness evaluation starts...
One fitness evaluation starts...
One fitness evaluation starts...
One fitness evaluation starts...
One fitness evaluation starts...
One fitness evaluation starts...
One fitness evaluation starts...
One fitness evaluation starts...
One fitness evaluation starts...
One fitness evaluation starts...
One fitness evaluation starts...
One fitness evaluation starts...
One fitness evaluation starts...
One fitness evaluation starts...
One fitness evaluation starts...
One fitness evaluation starts...
One fitness evaluation starts...
One fitness evaluation starts...
One fitness evaluation starts...
One fitness evaluation starts...
One fitness evaluation starts...
One fitness evaluation starts...
One fitness evaluation starts...
One fitness evaluation starts...
One fitness evaluation starts...
One fitness evaluation starts...
One fitness evaluation starts...
One fitness evaluation starts...
One fitness evaluation starts...
One fitness evaluation starts...
One fitness evaluation starts...
One fitness evaluation starts...
One fitness evaluation starts...
One fitness evaluation starts...
One fitness evaluation starts...
One fitness evaluation starts...
One fitness evaluation starts...
One fitness evaluation starts...
One fitness evaluation starts...
One fitness evaluation starts...
One fitness evaluation starts...
One fitness evaluation starts...
One fitness evaluation starts...
One fitness evaluation starts...
One fitness evaluation starts...
One fitness evaluation starts...
One fitness evaluation starts...
One fitness evaluation starts...
One fitness evaluation starts...
One fitness evaluation starts...
One fitness evaluation starts...
One fitness evaluation starts...
One fitness evaluation starts...
One fitness evaluation starts...
One fitness evaluation starts...
One fitness evaluation starts...
One fitness evaluation starts...
One fitness evaluation starts...
One fitness evaluation starts...
One fitness evaluation starts...
One fitness evaluation starts...
One fitness evaluation starts...
One fitness evaluation starts...
One fitness evaluation starts...
One fitness evaluation starts...
One fitness evaluation starts...
One fitness evaluation starts...
One fitness evaluation starts...
One fitness evaluation starts...
One fitness evaluation starts...
One fitness evaluation starts...
One fitness evaluation starts...
One fitness evaluation starts...
One fitness evaluation starts...
One fitness evaluation starts...
One fitness evaluation starts...
One fitness evaluation starts...
One fitness evaluation starts...
One fitness evaluation starts...
One fitness evaluation starts...
One fitness evaluation starts...
One fitness evaluation starts...
One fitness evaluation starts...
One fitness evaluation starts...
One fitness evaluation starts...
One fitness evaluation starts...
One fitness evaluation starts...
One fitness evaluation starts...
One fitness evaluation starts...
One fitness evaluation starts...
One fitness evaluation starts...
One fitness evaluation starts...
One fitness evaluation starts...
One fitness evaluation starts...
One fitness evaluation starts...
One fitness evaluation starts...
One fitness evaluation starts...
One fitness evaluation starts...
One fitness evaluation starts...
One fitness evaluation starts...
One fitness evaluation starts...
One fitness evaluation starts...
One fitness evaluation starts...
One fitness evaluation starts...
One fitness evaluation starts...
One fitness evaluation starts...
One fitness evaluation starts...
One fitness evaluation starts...
One fitness evaluation starts...
One fitness evaluation starts...
One fitness evaluation starts...
One fitness evaluation starts...
One fitness evaluation starts...
One fitness evaluation starts...
One fitness evaluation starts...
One fitness evaluation starts...
One fitness evaluation starts...
One fitness evaluation starts...
One fitness evaluation starts...
One fitness evaluation starts...
One fitness evaluation starts...
One fitness evaluation starts...
One fitness evaluation starts...
One fitness evaluation starts...
One fitness evaluation starts...
One fitness evaluation starts...
One fitness evaluation starts...
One fitness evaluation starts...
One fitness evaluation starts...
One fitness evaluation starts...
One fitness evaluation starts...
One fitness evaluation starts...
One fitness evaluation starts...
One fitness evaluation starts...
One fitness evaluation starts...
One fitness evaluation starts...
One fitness evaluation starts...
One fitness evaluation starts...
One fitness evaluation starts...
One fitness evaluation starts...
One fitness evaluation starts...
One fitness evaluation starts...
One fitness evaluation starts...
One fitness evaluation starts...
One fitness evaluation starts...
One fitness evaluation starts...
One fitness evaluation starts...
One fitness evaluation starts...
One fitness evaluation starts...
One fitness evaluation starts...
One fitness evaluation starts...
One fitness evaluation starts...
One fitness evaluation starts...
One fitness evaluation starts...
One fitness evaluation starts...
One fitness evaluation starts...
One fitness evaluation starts...
One fitness evaluation starts...
One fitness evaluation starts...
One fitness evaluation starts...
One fitness evaluation starts...
One fitness evaluation starts...
One fitness evaluation starts...
One fitness evaluation starts...
One fitness evaluation starts...
One fitness evaluation starts...
One fitness evaluation starts...
One fitness evaluation starts...
One fitness evaluation starts...
One fitness evaluation starts...
One fitness evaluation starts...
One fitness evaluation starts...
One fitness evaluation starts...
One fitness evaluation starts...
One fitness evaluation starts...
One fitness evaluation starts...
One fitness evaluation starts...
One fitness evaluation starts...
One fitness evaluation starts...
One fitness evaluation starts...
One fitness evaluation starts...
One fitness evaluation starts...
One fitness evaluation starts...
One fitness evaluation starts...
One fitness evaluation starts...
One fitness evaluation starts...
One fitness evaluation starts...
One fitness evaluation starts...
One fitness evaluation starts...
One fitness evaluation starts...
One fitness evaluation starts...
One fitness evaluation starts...
One fitness evaluation starts...
One fitness evaluation starts...
One fitness evaluation starts...
One fitness evaluation starts...
One fitness evaluation starts...
One fitness evaluation starts...
One fitness evaluation starts...
One fitness evaluation starts...
One fitness evaluation starts...
One fitness evaluation starts...
One fitness evaluation starts...
One fitness evaluation starts...
One fitness evaluation starts...
One fitness evaluation starts...
One fitness evaluation starts...
One fitness evaluation starts...
One fitness evaluation starts...
One fitness evaluation starts...
One fitness evaluation starts...
One fitness evaluation starts...
One fitness evaluation starts...
One fitness evaluation starts...
One fitness evaluation starts...
One fitness evaluation starts...
One fitness evaluation starts...
One fitness evaluation starts...
One fitness evaluation starts...
One fitness evaluation starts...
One fitness evaluation starts...
One fitness evaluation starts...
One fitness evaluation starts...
One fitness evaluation starts...
One fitness evaluation starts...
One fitness evaluation starts...
One fitness evaluation starts...
One fitness evaluation starts...
One fitness evaluation starts...
One fitness evaluation starts...
One fitness evaluation starts...
One fitness evaluation starts...
One fitness evaluation starts...
One fitness evaluation starts...
One fitness evaluation starts...
One fitness evaluation starts...
One fitness evaluation starts...
One fitness evaluation starts...
One fitness evaluation starts...
One fitness evaluation starts...
One fitness evaluation starts...
One fitness evaluation starts...
One fitness evaluation starts...
One fitness evaluation starts...
One fitness evaluation starts...
One fitness evaluation starts...
One fitness evaluation starts...
One fitness evaluation starts...
One fitness evaluation starts...
One fitness evaluation starts...
One fitness evaluation starts...
One fitness evaluation starts...
One fitness evaluation starts...
One fitness evaluation starts...
One fitness evaluation starts...
One fitness evaluation starts...
One fitness evaluation starts...
One fitness evaluation starts...
One fitness evaluation starts...
One fitness evaluation starts...
One fitness evaluation starts...
One fitness evaluation starts...
One fitness evaluation starts...
One fitness evaluation starts...
One fitness evaluation starts...
One fitness evaluation starts...
One fitness evaluation starts...
One fitness evaluation starts...
One fitness evaluation starts...
One fitness evaluation starts...
One fitness evaluation starts...
One fitness evaluation starts...
One fitness evaluation starts...
One fitness evaluation starts...
One fitness evaluation starts...
One fitness evaluation starts...
One fitness evaluation starts...
One fitness evaluation starts...
One fitness evaluation starts...
One fitness evaluation starts...
One fitness evaluation starts...
One fitness evaluation starts...
One fitness evaluation starts...
One fitness evaluation starts...
One fitness evaluation starts...
One fitness evaluation starts...
One fitness evaluation starts...
One fitness evaluation starts...
One fitness evaluation starts...
One fitness evaluation starts...
One fitness evaluation starts...
One fitness evaluation starts...
One fitness evaluation starts...
One fitness evaluation starts...
One fitness evaluation starts...
One fitness evaluation starts...
One fitness evaluation starts...
One fitness evaluation starts...
One fitness evaluation starts...
One fitness evaluation starts...
One fitness evaluation starts...
One fitness evaluation starts...
One fitness evaluation starts...
One fitness evaluation starts...
One fitness evaluation starts...
One fitness evaluation starts...
One fitness evaluation starts...
One fitness evaluation starts...
One fitness evaluation starts...
One fitness evaluation starts...
One fitness evaluation starts...
One fitness evaluation starts...
One fitness evaluation starts...
One fitness evaluation starts...
One fitness evaluation starts...
One fitness evaluation starts...
One fitness evaluation starts...
One fitness evaluation starts...
One fitness evaluation starts...
One fitness evaluation starts...
One fitness evaluation starts...
One fitness evaluation starts...
One fitness evaluation starts...
One fitness evaluation starts...
One fitness evaluation starts...
One fitness evaluation starts...
One fitness evaluation starts...
One fitness evaluation starts...
One fitness evaluation starts...
One fitness evaluation starts...
One fitness evaluation starts...
One fitness evaluation starts...
One fitness evaluation starts...
One fitness evaluation starts...
One fitness evaluation starts...
One fitness evaluation starts...
One fitness evaluation starts...
One fitness evaluation starts...
One fitness evaluation starts...
One fitness evaluation starts...
One fitness evaluation starts...
One fitness evaluation starts...
One fitness evaluation starts...
One fitness evaluation starts...
One fitness evaluation starts...
One fitness evaluation starts...
One fitness evaluation starts...
One fitness evaluation starts...
One fitness evaluation starts...
One fitness evaluation starts...
One fitness evaluation starts...
One fitness evaluation starts...
One fitness evaluation starts...
One fitness evaluation starts...
One fitness evaluation starts...
One fitness evaluation starts...
One fitness evaluation starts...
One fitness evaluation starts...
One fitness evaluation starts...
One fitness evaluation starts...
One fitness evaluation starts...
One fitness evaluation starts...
One fitness evaluation starts...
One fitness evaluation starts...
One fitness evaluation starts...
One fitness evaluation starts...
One fitness evaluation starts...
One fitness evaluation starts...
One fitness evaluation starts...
One fitness evaluation starts...
One fitness evaluation starts...
One fitness evaluation starts...
One fitness evaluation starts...
One fitness evaluation starts...
One fitness evaluation starts...
One fitness evaluation starts...
One fitness evaluation starts...
One fitness evaluation starts...
One fitness evaluation starts...
One fitness evaluation starts...
One fitness evaluation starts...
One fitness evaluation starts...
One fitness evaluation starts...
One fitness evaluation starts...
One fitness evaluation starts...
One fitness evaluation starts...
One fitness evaluation starts...
One fitness evaluation starts...
One fitness evaluation starts...
One fitness evaluation starts...
One fitness evaluation starts...
One fitness evaluation starts...
One fitness evaluation starts...
One fitness evaluation starts...
One fitness evaluation starts...
One fitness evaluation starts...
One fitness evaluation starts...
One fitness evaluation starts...
One fitness evaluation starts...
One fitness evaluation starts...
One fitness evaluation starts...
One fitness evaluation starts...
One fitness evaluation starts...
One fitness evaluation starts...
One fitness evaluation starts...
One fitness evaluation starts...
One fitness evaluation starts...
One fitness evaluation starts...
One fitness evaluation starts...
One fitness evaluation starts...
One fitness evaluation starts...
One fitness evaluation starts...
One fitness evaluation starts...
One fitness evaluation starts...
One fitness evaluation starts...
One fitness evaluation starts...
One fitness evaluation starts...
One fitness evaluation starts...
One fitness evaluation starts...
One fitness evaluation starts...
One fitness evaluation starts...
One fitness evaluation starts...
One fitness evaluation starts...
One fitness evaluation starts...
One fitness evaluation starts...
One fitness evaluation starts...
One fitness evaluation starts...
One fitness evaluation starts...
One fitness evaluation starts...
One fitness evaluation starts...
One fitness evaluation starts...
One fitness evaluation starts...
One fitness evaluation starts...
One fitness evaluation starts...
One fitness evaluation starts...
One fitness evaluation starts...
One fitness evaluation starts...
One fitness evaluation starts...
One fitness evaluation starts...
One fitness evaluation starts...
One fitness evaluation starts...
One fitness evaluation starts...
One fitness evaluation starts...
One fitness evaluation starts...
One fitness evaluation starts...
One fitness evaluation starts...
One fitness evaluation starts...
One fitness evaluation starts...
One fitness evaluation starts...
One fitness evaluation starts...
One fitness evaluation starts...
One fitness evaluation starts...
One fitness evaluation starts...
One fitness evaluation starts...
One fitness evaluation starts...
One fitness evaluation starts...
One fitness evaluation starts...
One fitness evaluation starts...
One fitness evaluation starts...
One fitness evaluation starts...
One fitness evaluation starts...
One fitness evaluation starts...
One fitness evaluation starts...
One fitness evaluation starts...
One fitness evaluation starts...
One fitness evaluation starts...
One fitness evaluation starts...
One fitness evaluation starts...
One fitness evaluation starts...
One fitness evaluation starts...
One fitness evaluation starts...
One fitness evaluation starts...
One fitness evaluation starts...
One fitness evaluation starts...
One fitness evaluation starts...
One fitness evaluation starts...
One fitness evaluation starts...
One fitness evaluation starts...
One fitness evaluation starts...
One fitness evaluation starts...
One fitness evaluation starts...
One fitness evaluation starts...
One fitness evaluation starts...
One fitness evaluation starts...
One fitness evaluation starts...
One fitness evaluation starts...
One fitness evaluation starts...
One fitness evaluation starts...
One fitness evaluation starts...
One fitness evaluation starts...
One fitness evaluation starts...
One fitness evaluation starts...
One fitness evaluation starts...
One fitness evaluation starts...
One fitness evaluation starts...
One fitness evaluation starts...
One fitness evaluation starts...
One fitness evaluation starts...
One fitness evaluation starts...
One fitness evaluation starts...
One fitness evaluation starts...
One fitness evaluation starts...
One fitness evaluation starts...
One fitness evaluation starts...
One fitness evaluation starts...
One fitness evaluation starts...
One fitness evaluation starts...
One fitness evaluation starts...
One fitness evaluation starts...
One fitness evaluation starts...
One fitness evaluation starts...
One fitness evaluation starts...
One fitness evaluation starts...
One fitness evaluation starts...
One fitness evaluation starts...
One fitness evaluation starts...
One fitness evaluation starts...
One fitness evaluation starts...
One fitness evaluation starts...
One fitness evaluation starts...
One fitness evaluation starts...
One fitness evaluation starts...
One fitness evaluation starts...
One fitness evaluation starts...
One fitness evaluation starts...
One fitness evaluation starts...
One fitness evaluation starts...
One fitness evaluation starts...
One fitness evaluation starts...
One fitness evaluation starts...
One fitness evaluation starts...
One fitness evaluation starts...
One fitness evaluation starts...
One fitness evaluation starts...
One fitness evaluation starts...
One fitness evaluation starts...
One fitness evaluation starts...
One fitness evaluation starts...
One fitness evaluation starts...
One fitness evaluation starts...
One fitness evaluation starts...
One fitness evaluation starts...
One fitness evaluation starts...
One fitness evaluation starts...
One fitness evaluation starts...
One fitness evaluation starts...
One fitness evaluation starts...
One fitness evaluation starts...
One fitness evaluation starts...
One fitness evaluation starts...
One fitness evaluation starts...
One fitness evaluation starts...
One fitness evaluation starts...
One fitness evaluation starts...
One fitness evaluation starts...
One fitness evaluation starts...
One fitness evaluation starts...
One fitness evaluation starts...
One fitness evaluation starts...
One fitness evaluation starts...
One fitness evaluation starts...
One fitness evaluation starts...
One fitness evaluation starts...
One fitness evaluation starts...
One fitness evaluation starts...
One fitness evaluation starts...
One fitness evaluation starts...
One fitness evaluation starts...
One fitness evaluation starts...
One fitness evaluation starts...
One fitness evaluation starts...
One fitness evaluation starts...
One fitness evaluation starts...
One fitness evaluation starts...
One fitness evaluation starts...
One fitness evaluation starts...
One fitness evaluation starts...
One fitness evaluation starts...
One fitness evaluation starts...
One fitness evaluation starts...
One fitness evaluation starts...
One fitness evaluation starts...
One fitness evaluation starts...
One fitness evaluation starts...
One fitness evaluation starts...
One fitness evaluation starts...
One fitness evaluation starts...
One fitness evaluation starts...
One fitness evaluation starts...
One fitness evaluation starts...
One fitness evaluation starts...
One fitness evaluation starts...
One fitness evaluation starts...
One fitness evaluation starts...
One fitness evaluation starts...
One fitness evaluation starts...
One fitness evaluation starts...
One fitness evaluation starts...
One fitness evaluation starts...
One fitness evaluation starts...
One fitness evaluation starts...
One fitness evaluation starts...
One fitness evaluation starts...
One fitness evaluation starts...
One fitness evaluation starts...
One fitness evaluation starts...
One fitness evaluation starts...
One fitness evaluation starts...
One fitness evaluation starts...
One fitness evaluation starts...
One fitness evaluation starts...
One fitness evaluation starts...
One fitness evaluation starts...
One fitness evaluation starts...
One fitness evaluation starts...
One fitness evaluation starts...
One fitness evaluation starts...
One fitness evaluation starts...
One fitness evaluation starts...
One fitness evaluation starts...
One fitness evaluation starts...
One fitness evaluation starts...
One fitness evaluation starts...
One fitness evaluation starts...
One fitness evaluation starts...
One fitness evaluation starts...
One fitness evaluation starts...
One fitness evaluation starts...
One fitness evaluation starts...
One fitness evaluation starts...
One fitness evaluation starts...
One fitness evaluation starts...
One fitness evaluation starts...
One fitness evaluation starts...
One fitness evaluation starts...
One fitness evaluation starts...
One fitness evaluation starts...
One fitness evaluation starts...
One fitness evaluation starts...
One fitness evaluation starts...
One fitness evaluation starts...
One fitness evaluation starts...
One fitness evaluation starts...
One fitness evaluation starts...
One fitness evaluation starts...
One fitness evaluation starts...
One fitness evaluation starts...
One fitness evaluation starts...
One fitness evaluation starts...
One fitness evaluation starts...
One fitness evaluation starts...
One fitness evaluation starts...
One fitness evaluation starts...
One fitness evaluation starts...
One fitness evaluation starts...
One fitness evaluation starts...
One fitness evaluation starts...
One fitness evaluation starts...
One fitness evaluation starts...
One fitness evaluation starts...
One fitness evaluation starts...
One fitness evaluation starts...
One fitness evaluation starts...
One fitness evaluation starts...
One fitness evaluation starts...
One fitness evaluation starts...
One fitness evaluation starts...
One fitness evaluation starts...
One fitness evaluation starts...
One fitness evaluation starts...
One fitness evaluation starts...
One fitness evaluation starts...
One fitness evaluation starts...
One fitness evaluation starts...
One fitness evaluation starts...
One fitness evaluation starts...
One fitness evaluation starts...
One fitness evaluation starts...
One fitness evaluation starts...
One fitness evaluation starts...
One fitness evaluation starts...
One fitness evaluation starts...
One fitness evaluation starts...
One fitness evaluation starts...
One fitness evaluation starts...
One fitness evaluation starts...
One fitness evaluation starts...
One fitness evaluation starts...
One fitness evaluation starts...
One fitness evaluation starts...
One fitness evaluation starts...
One fitness evaluation starts...
One fitness evaluation starts...
One fitness evaluation starts...
One fitness evaluation starts...
One fitness evaluation starts...
One fitness evaluation starts...
One fitness evaluation starts...
One fitness evaluation starts...
One fitness evaluation starts...
One fitness evaluation starts...
One fitness evaluation starts...
One fitness evaluation starts...
One fitness evaluation starts...
One fitness evaluation starts...
One fitness evaluation starts...
One fitness evaluation starts...
One fitness evaluation starts...
One fitness evaluation starts...
One fitness evaluation starts...
One fitness evaluation starts...
One fitness evaluation starts...
One fitness evaluation starts...
One fitness evaluation starts...
One fitness evaluation starts...
One fitness evaluation starts...
One fitness evaluation starts...
One fitness evaluation starts...
One fitness evaluation starts...
One fitness evaluation starts...
One fitness evaluation starts...
One fitness evaluation starts...
One fitness evaluation starts...
One fitness evaluation starts...
One fitness evaluation starts...
One fitness evaluation starts...
One fitness evaluation starts...
One fitness evaluation starts...
One fitness evaluation starts...
One fitness evaluation starts...
One fitness evaluation starts...
One fitness evaluation starts...
One fitness evaluation starts...
One fitness evaluation starts...
One fitness evaluation starts...
One fitness evaluation starts...
One fitness evaluation starts...
One fitness evaluation starts...
One fitness evaluation starts...
One fitness evaluation starts...
One fitness evaluation starts...
One fitness evaluation starts...
One fitness evaluation starts...
One fitness evaluation starts...
One fitness evaluation starts...
One fitness evaluation starts...
One fitness evaluation starts...
One fitness evaluation starts...
One fitness evaluation starts...
One fitness evaluation starts...
One fitness evaluation starts...
One fitness evaluation starts...
One fitness evaluation starts...
One fitness evaluation starts...
One fitness evaluation starts...
One fitness evaluation starts...
One fitness evaluation starts...
One fitness evaluation starts...
One fitness evaluation starts...
One fitness evaluation starts...
One fitness evaluation starts...
One fitness evaluation starts...
One fitness evaluation starts...
One fitness evaluation starts...
One fitness evaluation starts...
One fitness evaluation starts...
One fitness evaluation starts...
One fitness evaluation starts...
One fitness evaluation starts...
One fitness evaluation starts...
One fitness evaluation starts...
One fitness evaluation starts...
One fitness evaluation starts...
One fitness evaluation starts...
One fitness evaluation starts...
One fitness evaluation starts...
One fitness evaluation starts...
One fitness evaluation starts...
One fitness evaluation starts...
One fitness evaluation starts...
One fitness evaluation starts...
One fitness evaluation starts...
One fitness evaluation starts...
One fitness evaluation starts...
One fitness evaluation starts...
One fitness evaluation starts...
One fitness evaluation starts...
One fitness evaluation starts...
One fitness evaluation starts...
One fitness evaluation starts...
One fitness evaluation starts...
One fitness evaluation starts...
One fitness evaluation starts...
One fitness evaluation starts...
One fitness evaluation starts...
One fitness evaluation starts...
One fitness evaluation starts...
One fitness evaluation starts...
One fitness evaluation starts...
One fitness evaluation starts...
One fitness evaluation starts...
One fitness evaluation starts...
One fitness evaluation starts...
One fitness evaluation starts...
One fitness evaluation starts...
One fitness evaluation starts...
One fitness evaluation starts...


Node: ubuntu



Date: Tue Jun 25 14:40:43 EDT 2019

