cd /tmp/Arja_Defects4J_Lang_20;
export JAVA_TOOL_OPTIONS="-Dfile.encoding=UTF8 -Duser.language=en-US -Duser.country=US -Duser.language=en";
TZ="America/New_York"; export TZ;
export PATH="/data/tool/jdk1.7.0_80/bin:$PATH";
export JAVA_HOME="/data/tool/jdk1.7.0_80/bin";
timeout 120m java -Xmx1g -Xms1g -cp /data/RepairThemAll/script/../libs/jmetal.jar:/data/RepairThemAll/script/../repair_tools/arja.jar us.msu.cse.repair.Main \
	Arja \
	-DexternalProjRoot /data/RepairThemAll/script/../libs/arja_external \
	-Dbenchmark Defects4J \
	-Dbugid Lang-20 \
	-DsrcJavaDir /tmp/Arja_Defects4J_Lang_20/src/main/java/ \
	-DbinJavaDir /tmp/Arja_Defects4J_Lang_20/target/classes/ \
	-DbinTestDir /tmp/Arja_Defects4J_Lang_20/target/tests/ \
	-DdiffFormat true \
	-Dseed 0 \
	-Ddependences /tmp/Arja_Defects4J_Lang_20/target/classes/:/tmp/Arja_Defects4J_Lang_20/target/tests/:/data/RepairThemAll/script/../benchmarks/defects4j/framework/projects/Lang/lib/asm.jar:/data/RepairThemAll/script/../benchmarks/defects4j/framework/projects/Lang/lib/commons-io.jar:/data/RepairThemAll/script/../benchmarks/defects4j/framework/projects/Lang/lib/easymock.jar:/data/RepairThemAll/script/../benchmarks/defects4j/framework/projects/Lang/lib/cglib.jar:/data/RepairThemAll/script/../benchmarks/defects4j/framework/projects/lib/junit-4.11.jar;
	echo "\n\nNode: `hostname`\n";
	echo "\n\nDate: `date`\n";
Picked up JAVA_TOOL_OPTIONS: -Dfile.encoding=UTF8 -Duser.language=en-US -Duser.country=US -Duser.language=en
Jul 22, 2019 7:13:14 PM java.util.jar.Attributes read
WARNING: Duplicate name in Manifest: SHA1-Digest.
Ensure that the manifest does not have duplicate entries, and
that blank lines separate individual sections in both your
manifest and in the META-INF/MANIFEST.MF entry in the jar file.
Jul 22, 2019 7:13:14 PM java.util.jar.Attributes read
WARNING: Duplicate name in Manifest: SHA1-Digest.
Ensure that the manifest does not have duplicate entries, and
that blank lines separate individual sections in both your
manifest and in the META-INF/MANIFEST.MF entry in the jar file.
Jul 22, 2019 7:13:14 PM java.util.jar.Attributes read
WARNING: Duplicate name in Manifest: SHA1-Digest.
Ensure that the manifest does not have duplicate entries, and
that blank lines separate individual sections in both your
manifest and in the META-INF/MANIFEST.MF entry in the jar file.
Jul 22, 2019 7:13:14 PM java.util.jar.Attributes read
WARNING: Duplicate name in Manifest: SHA1-Digest.
Ensure that the manifest does not have duplicate entries, and
that blank lines separate individual sections in both your
manifest and in the META-INF/MANIFEST.MF entry in the jar file.
Jul 22, 2019 7:13:14 PM java.util.jar.Attributes read
WARNING: Duplicate name in Manifest: SHA1-Digest.
Ensure that the manifest does not have duplicate entries, and
that blank lines separate individual sections in both your
manifest and in the META-INF/MANIFEST.MF entry in the jar file.
Jul 22, 2019 7:13:14 PM java.util.jar.Attributes read
WARNING: Duplicate name in Manifest: SHA1-Digest.
Ensure that the manifest does not have duplicate entries, and
that blank lines separate individual sections in both your
manifest and in the META-INF/MANIFEST.MF entry in the jar file.
Jul 22, 2019 7:13:14 PM java.util.jar.Attributes read
WARNING: Duplicate name in Manifest: SHA1-Digest.
Ensure that the manifest does not have duplicate entries, and
that blank lines separate individual sections in both your
manifest and in the META-INF/MANIFEST.MF entry in the jar file.
Jul 22, 2019 7:13:14 PM java.util.jar.Attributes read
WARNING: Duplicate name in Manifest: SHA1-Digest.
Ensure that the manifest does not have duplicate entries, and
that blank lines separate individual sections in both your
manifest and in the META-INF/MANIFEST.MF entry in the jar file.
Jul 22, 2019 7:13:14 PM java.util.jar.Attributes read
WARNING: Duplicate name in Manifest: SHA1-Digest.
Ensure that the manifest does not have duplicate entries, and
that blank lines separate individual sections in both your
manifest and in the META-INF/MANIFEST.MF entry in the jar file.
Jul 22, 2019 7:13:14 PM java.util.jar.Attributes read
WARNING: Duplicate name in Manifest: SHA1-Digest.
Ensure that the manifest does not have duplicate entries, and
that blank lines separate individual sections in both your
manifest and in the META-INF/MANIFEST.MF entry in the jar file.
Jul 22, 2019 7:13:14 PM java.util.jar.Attributes read
WARNING: Duplicate name in Manifest: SHA1-Digest.
Ensure that the manifest does not have duplicate entries, and
that blank lines separate individual sections in both your
manifest and in the META-INF/MANIFEST.MF entry in the jar file.
Jul 22, 2019 7:13:14 PM java.util.jar.Attributes read
WARNING: Duplicate name in Manifest: SHA1-Digest.
Ensure that the manifest does not have duplicate entries, and
that blank lines separate individual sections in both your
manifest and in the META-INF/MANIFEST.MF entry in the jar file.
Jul 22, 2019 7:13:14 PM java.util.jar.Attributes read
WARNING: Duplicate name in Manifest: SHA1-Digest.
Ensure that the manifest does not have duplicate entries, and
that blank lines separate individual sections in both your
manifest and in the META-INF/MANIFEST.MF entry in the jar file.
Jul 22, 2019 7:13:14 PM java.util.jar.Attributes read
WARNING: Duplicate name in Manifest: SHA1-Digest.
Ensure that the manifest does not have duplicate entries, and
that blank lines separate individual sections in both your
manifest and in the META-INF/MANIFEST.MF entry in the jar file.
Jul 22, 2019 7:13:14 PM java.util.jar.Attributes read
WARNING: Duplicate name in Manifest: SHA1-Digest.
Ensure that the manifest does not have duplicate entries, and
that blank lines separate individual sections in both your
manifest and in the META-INF/MANIFEST.MF entry in the jar file.
Jul 22, 2019 7:13:14 PM java.util.jar.Attributes read
WARNING: Duplicate name in Manifest: SHA1-Digest.
Ensure that the manifest does not have duplicate entries, and
that blank lines separate individual sections in both your
manifest and in the META-INF/MANIFEST.MF entry in the jar file.
Jul 22, 2019 7:13:14 PM java.util.jar.Attributes read
WARNING: Duplicate name in Manifest: SHA1-Digest.
Ensure that the manifest does not have duplicate entries, and
that blank lines separate individual sections in both your
manifest and in the META-INF/MANIFEST.MF entry in the jar file.
Jul 22, 2019 7:13:14 PM java.util.jar.Attributes read
WARNING: Duplicate name in Manifest: SHA1-Digest.
Ensure that the manifest does not have duplicate entries, and
that blank lines separate individual sections in both your
manifest and in the META-INF/MANIFEST.MF entry in the jar file.
Jul 22, 2019 7:13:14 PM java.util.jar.Attributes read
WARNING: Duplicate name in Manifest: SHA1-Digest.
Ensure that the manifest does not have duplicate entries, and
that blank lines separate individual sections in both your
manifest and in the META-INF/MANIFEST.MF entry in the jar file.
Jul 22, 2019 7:13:14 PM java.util.jar.Attributes read
WARNING: Duplicate name in Manifest: SHA1-Digest.
Ensure that the manifest does not have duplicate entries, and
that blank lines separate individual sections in both your
manifest and in the META-INF/MANIFEST.MF entry in the jar file.
Jul 22, 2019 7:13:14 PM java.util.jar.Attributes read
WARNING: Duplicate name in Manifest: SHA1-Digest.
Ensure that the manifest does not have duplicate entries, and
that blank lines separate individual sections in both your
manifest and in the META-INF/MANIFEST.MF entry in the jar file.
Jul 22, 2019 7:13:14 PM java.util.jar.Attributes read
WARNING: Duplicate name in Manifest: SHA1-Digest.
Ensure that the manifest does not have duplicate entries, and
that blank lines separate individual sections in both your
manifest and in the META-INF/MANIFEST.MF entry in the jar file.
Jul 22, 2019 7:13:14 PM java.util.jar.Attributes read
WARNING: Duplicate name in Manifest: SHA1-Digest.
Ensure that the manifest does not have duplicate entries, and
that blank lines separate individual sections in both your
manifest and in the META-INF/MANIFEST.MF entry in the jar file.
Jul 22, 2019 7:13:14 PM java.util.jar.Attributes read
WARNING: Duplicate name in Manifest: SHA1-Digest.
Ensure that the manifest does not have duplicate entries, and
that blank lines separate individual sections in both your
manifest and in the META-INF/MANIFEST.MF entry in the jar file.
Jul 22, 2019 7:13:14 PM java.util.jar.Attributes read
WARNING: Duplicate name in Manifest: SHA1-Digest.
Ensure that the manifest does not have duplicate entries, and
that blank lines separate individual sections in both your
manifest and in the META-INF/MANIFEST.MF entry in the jar file.
Jul 22, 2019 7:13:14 PM java.util.jar.Attributes read
WARNING: Duplicate name in Manifest: SHA1-Digest.
Ensure that the manifest does not have duplicate entries, and
that blank lines separate individual sections in both your
manifest and in the META-INF/MANIFEST.MF entry in the jar file.
Jul 22, 2019 7:13:14 PM java.util.jar.Attributes read
WARNING: Duplicate name in Manifest: SHA1-Digest.
Ensure that the manifest does not have duplicate entries, and
that blank lines separate individual sections in both your
manifest and in the META-INF/MANIFEST.MF entry in the jar file.
Jul 22, 2019 7:13:14 PM java.util.jar.Attributes read
WARNING: Duplicate name in Manifest: SHA1-Digest.
Ensure that the manifest does not have duplicate entries, and
that blank lines separate individual sections in both your
manifest and in the META-INF/MANIFEST.MF entry in the jar file.
Jul 22, 2019 7:13:14 PM java.util.jar.Attributes read
WARNING: Duplicate name in Manifest: SHA1-Digest.
Ensure that the manifest does not have duplicate entries, and
that blank lines separate individual sections in both your
manifest and in the META-INF/MANIFEST.MF entry in the jar file.
Jul 22, 2019 7:13:14 PM java.util.jar.Attributes read
WARNING: Duplicate name in Manifest: SHA1-Digest.
Ensure that the manifest does not have duplicate entries, and
that blank lines separate individual sections in both your
manifest and in the META-INF/MANIFEST.MF entry in the jar file.
Fault localization starts...
Jul 22, 2019 7:13:16 PM java.util.jar.Attributes read
WARNING: Duplicate name in Manifest: SHA1-Digest.
Ensure that the manifest does not have duplicate entries, and
that blank lines separate individual sections in both your
manifest and in the META-INF/MANIFEST.MF entry in the jar file.
Jul 22, 2019 7:13:16 PM java.util.jar.Attributes read
WARNING: Duplicate name in Manifest: SHA1-Digest.
Ensure that the manifest does not have duplicate entries, and
that blank lines separate individual sections in both your
manifest and in the META-INF/MANIFEST.MF entry in the jar file.
Jul 22, 2019 7:13:16 PM java.util.jar.Attributes read
WARNING: Duplicate name in Manifest: SHA1-Digest.
Ensure that the manifest does not have duplicate entries, and
that blank lines separate individual sections in both your
manifest and in the META-INF/MANIFEST.MF entry in the jar file.
Jul 22, 2019 7:13:16 PM java.util.jar.Attributes read
WARNING: Duplicate name in Manifest: SHA1-Digest.
Ensure that the manifest does not have duplicate entries, and
that blank lines separate individual sections in both your
manifest and in the META-INF/MANIFEST.MF entry in the jar file.
Jul 22, 2019 7:13:16 PM java.util.jar.Attributes read
WARNING: Duplicate name in Manifest: SHA1-Digest.
Ensure that the manifest does not have duplicate entries, and
that blank lines separate individual sections in both your
manifest and in the META-INF/MANIFEST.MF entry in the jar file.
Jul 22, 2019 7:13:16 PM java.util.jar.Attributes read
WARNING: Duplicate name in Manifest: SHA1-Digest.
Ensure that the manifest does not have duplicate entries, and
that blank lines separate individual sections in both your
manifest and in the META-INF/MANIFEST.MF entry in the jar file.
Jul 22, 2019 7:13:16 PM java.util.jar.Attributes read
WARNING: Duplicate name in Manifest: SHA1-Digest.
Ensure that the manifest does not have duplicate entries, and
that blank lines separate individual sections in both your
manifest and in the META-INF/MANIFEST.MF entry in the jar file.
Jul 22, 2019 7:13:16 PM java.util.jar.Attributes read
WARNING: Duplicate name in Manifest: SHA1-Digest.
Ensure that the manifest does not have duplicate entries, and
that blank lines separate individual sections in both your
manifest and in the META-INF/MANIFEST.MF entry in the jar file.
Jul 22, 2019 7:13:16 PM java.util.jar.Attributes read
WARNING: Duplicate name in Manifest: SHA1-Digest.
Ensure that the manifest does not have duplicate entries, and
that blank lines separate individual sections in both your
manifest and in the META-INF/MANIFEST.MF entry in the jar file.
Jul 22, 2019 7:13:16 PM java.util.jar.Attributes read
WARNING: Duplicate name in Manifest: SHA1-Digest.
Ensure that the manifest does not have duplicate entries, and
that blank lines separate individual sections in both your
manifest and in the META-INF/MANIFEST.MF entry in the jar file.
Jul 22, 2019 7:13:16 PM java.util.jar.Attributes read
WARNING: Duplicate name in Manifest: SHA1-Digest.
Ensure that the manifest does not have duplicate entries, and
that blank lines separate individual sections in both your
manifest and in the META-INF/MANIFEST.MF entry in the jar file.
Jul 22, 2019 7:13:16 PM java.util.jar.Attributes read
WARNING: Duplicate name in Manifest: SHA1-Digest.
Ensure that the manifest does not have duplicate entries, and
that blank lines separate individual sections in both your
manifest and in the META-INF/MANIFEST.MF entry in the jar file.
Jul 22, 2019 7:13:16 PM java.util.jar.Attributes read
WARNING: Duplicate name in Manifest: SHA1-Digest.
Ensure that the manifest does not have duplicate entries, and
that blank lines separate individual sections in both your
manifest and in the META-INF/MANIFEST.MF entry in the jar file.
Jul 22, 2019 7:13:16 PM java.util.jar.Attributes read
WARNING: Duplicate name in Manifest: SHA1-Digest.
Ensure that the manifest does not have duplicate entries, and
that blank lines separate individual sections in both your
manifest and in the META-INF/MANIFEST.MF entry in the jar file.
Jul 22, 2019 7:13:16 PM java.util.jar.Attributes read
WARNING: Duplicate name in Manifest: SHA1-Digest.
Ensure that the manifest does not have duplicate entries, and
that blank lines separate individual sections in both your
manifest and in the META-INF/MANIFEST.MF entry in the jar file.
Jul 22, 2019 7:13:16 PM java.util.jar.Attributes read
WARNING: Duplicate name in Manifest: SHA1-Digest.
Ensure that the manifest does not have duplicate entries, and
that blank lines separate individual sections in both your
manifest and in the META-INF/MANIFEST.MF entry in the jar file.
Jul 22, 2019 7:13:16 PM java.util.jar.Attributes read
WARNING: Duplicate name in Manifest: SHA1-Digest.
Ensure that the manifest does not have duplicate entries, and
that blank lines separate individual sections in both your
manifest and in the META-INF/MANIFEST.MF entry in the jar file.
Jul 22, 2019 7:13:16 PM java.util.jar.Attributes read
WARNING: Duplicate name in Manifest: SHA1-Digest.
Ensure that the manifest does not have duplicate entries, and
that blank lines separate individual sections in both your
manifest and in the META-INF/MANIFEST.MF entry in the jar file.
Jul 22, 2019 7:13:16 PM java.util.jar.Attributes read
WARNING: Duplicate name in Manifest: SHA1-Digest.
Ensure that the manifest does not have duplicate entries, and
that blank lines separate individual sections in both your
manifest and in the META-INF/MANIFEST.MF entry in the jar file.
Jul 22, 2019 7:13:16 PM java.util.jar.Attributes read
WARNING: Duplicate name in Manifest: SHA1-Digest.
Ensure that the manifest does not have duplicate entries, and
that blank lines separate individual sections in both your
manifest and in the META-INF/MANIFEST.MF entry in the jar file.
Jul 22, 2019 7:13:16 PM java.util.jar.Attributes read
WARNING: Duplicate name in Manifest: SHA1-Digest.
Ensure that the manifest does not have duplicate entries, and
that blank lines separate individual sections in both your
manifest and in the META-INF/MANIFEST.MF entry in the jar file.
Jul 22, 2019 7:13:16 PM java.util.jar.Attributes read
WARNING: Duplicate name in Manifest: SHA1-Digest.
Ensure that the manifest does not have duplicate entries, and
that blank lines separate individual sections in both your
manifest and in the META-INF/MANIFEST.MF entry in the jar file.
Jul 22, 2019 7:13:16 PM java.util.jar.Attributes read
WARNING: Duplicate name in Manifest: SHA1-Digest.
Ensure that the manifest does not have duplicate entries, and
that blank lines separate individual sections in both your
manifest and in the META-INF/MANIFEST.MF entry in the jar file.
Jul 22, 2019 7:13:16 PM java.util.jar.Attributes read
WARNING: Duplicate name in Manifest: SHA1-Digest.
Ensure that the manifest does not have duplicate entries, and
that blank lines separate individual sections in both your
manifest and in the META-INF/MANIFEST.MF entry in the jar file.
Jul 22, 2019 7:13:16 PM java.util.jar.Attributes read
WARNING: Duplicate name in Manifest: SHA1-Digest.
Ensure that the manifest does not have duplicate entries, and
that blank lines separate individual sections in both your
manifest and in the META-INF/MANIFEST.MF entry in the jar file.
Jul 22, 2019 7:13:16 PM java.util.jar.Attributes read
WARNING: Duplicate name in Manifest: SHA1-Digest.
Ensure that the manifest does not have duplicate entries, and
that blank lines separate individual sections in both your
manifest and in the META-INF/MANIFEST.MF entry in the jar file.
Jul 22, 2019 7:13:16 PM java.util.jar.Attributes read
WARNING: Duplicate name in Manifest: SHA1-Digest.
Ensure that the manifest does not have duplicate entries, and
that blank lines separate individual sections in both your
manifest and in the META-INF/MANIFEST.MF entry in the jar file.
Jul 22, 2019 7:13:16 PM java.util.jar.Attributes read
WARNING: Duplicate name in Manifest: SHA1-Digest.
Ensure that the manifest does not have duplicate entries, and
that blank lines separate individual sections in both your
manifest and in the META-INF/MANIFEST.MF entry in the jar file.
Jul 22, 2019 7:13:16 PM java.util.jar.Attributes read
WARNING: Duplicate name in Manifest: SHA1-Digest.
Ensure that the manifest does not have duplicate entries, and
that blank lines separate individual sections in both your
manifest and in the META-INF/MANIFEST.MF entry in the jar file.
Jul 22, 2019 7:13:16 PM java.util.jar.Attributes read
WARNING: Duplicate name in Manifest: SHA1-Digest.
Ensure that the manifest does not have duplicate entries, and
that blank lines separate individual sections in both your
manifest and in the META-INF/MANIFEST.MF entry in the jar file.
Number of positive tests: 1846
Number of negative tests: 30
faulty points number is75
Fault localization is finished!
AST parsing starts...
AST parsing is finished!
Detection of local variables starts...
Detection of local variables is finished!
Detection of fields starts...
Detection of fields is finished!
Detection of methods starts...
Detection of methods is finished!
Ingredient screener starts...
Ingredient screener is finished!
Initialization of manipulations starts...
Initialization of manipulations is finished!
Filtering of the tests starts...
Number of positive tests considered: 38
Filtering of the tests is finished!
One fitness evaluation starts...
One fitness evaluation starts...
Number of failed tests: 3
Weighted failure rate: 0.07982456140350877
One fitness evaluation is finished...
One fitness evaluation starts...
Number of failed tests: 2
Weighted failure rate: 0.06666666666666667
One fitness evaluation is finished...
One fitness evaluation starts...
One fitness evaluation starts...
Number of failed tests: 2
Weighted failure rate: 0.06666666666666667
One fitness evaluation is finished...
One fitness evaluation starts...
Number of failed tests: 2
Weighted failure rate: 0.06666666666666667
One fitness evaluation is finished...
One fitness evaluation starts...
One fitness evaluation starts...
One fitness evaluation starts...
Number of failed tests: 3
Weighted failure rate: 0.07982456140350877
One fitness evaluation is finished...
One fitness evaluation starts...
Number of failed tests: 3
Weighted failure rate: 0.07982456140350877
One fitness evaluation is finished...
One fitness evaluation starts...
One fitness evaluation starts...
One fitness evaluation starts...
Number of failed tests: 3
Weighted failure rate: 0.07982456140350877
One fitness evaluation is finished...
One fitness evaluation starts...
One fitness evaluation starts...
One fitness evaluation starts...
Number of failed tests: 2
Weighted failure rate: 0.06666666666666667
One fitness evaluation is finished...
One fitness evaluation starts...
Number of failed tests: 2
Weighted failure rate: 0.06666666666666667
One fitness evaluation is finished...
One fitness evaluation starts...
Number of failed tests: 3
Weighted failure rate: 0.07982456140350877
One fitness evaluation is finished...
One fitness evaluation starts...
One fitness evaluation starts...
One fitness evaluation starts...
Number of failed tests: 17
Weighted failure rate: 0.3043859649122807
One fitness evaluation is finished...
One fitness evaluation starts...
One fitness evaluation starts...
One fitness evaluation starts...
Number of failed tests: 3
Weighted failure rate: 0.07982456140350877
One fitness evaluation is finished...
One fitness evaluation starts...
One fitness evaluation starts...
Number of failed tests: 10
Weighted failure rate: 0.21228070175438596
One fitness evaluation is finished...
One fitness evaluation starts...
One fitness evaluation starts...
One fitness evaluation starts...
One fitness evaluation starts...
One fitness evaluation starts...
Number of failed tests: 3
Weighted failure rate: 0.07982456140350877
One fitness evaluation is finished...
One fitness evaluation starts...
Number of failed tests: 5
Weighted failure rate: 0.10614035087719298
One fitness evaluation is finished...
One fitness evaluation starts...
One fitness evaluation starts...
One fitness evaluation starts...
Number of failed tests: 2
Weighted failure rate: 0.06666666666666667
One fitness evaluation is finished...
One fitness evaluation starts...
One fitness evaluation starts...
Number of failed tests: 2
Weighted failure rate: 0.06666666666666667
One fitness evaluation is finished...
One fitness evaluation starts...
One fitness evaluation starts...
One fitness evaluation starts...
One fitness evaluation starts...
Number of failed tests: 3
Weighted failure rate: 0.07982456140350877
One fitness evaluation is finished...
One fitness evaluation starts...
Number of failed tests: 5
Weighted failure rate: 0.10614035087719298
One fitness evaluation is finished...
One fitness evaluation starts...
Number of failed tests: 5
Weighted failure rate: 0.10614035087719298
One fitness evaluation is finished...
One fitness evaluation starts...
One fitness evaluation starts...
Number of failed tests: 4
Weighted failure rate: 0.09298245614035087
One fitness evaluation is finished...
One fitness evaluation starts...
Number of failed tests: 3
Weighted failure rate: 0.07982456140350877
One fitness evaluation is finished...
One fitness evaluation starts...
Number of failed tests: 17
Weighted failure rate: 0.3043859649122807
One fitness evaluation is finished...
One fitness evaluation starts...
Number of failed tests: 3
Weighted failure rate: 0.07982456140350877
One fitness evaluation is finished...
One fitness evaluation starts...
Number of failed tests: 3
Weighted failure rate: 0.07982456140350877
One fitness evaluation is finished...
One fitness evaluation starts...
Number of failed tests: 2
Weighted failure rate: 0.06666666666666667
One fitness evaluation is finished...
One fitness evaluation starts...
Number of failed tests: 2
Weighted failure rate: 0.06666666666666667
One fitness evaluation is finished...
One fitness evaluation starts...
Number of failed tests: 5
Weighted failure rate: 0.10614035087719298
One fitness evaluation is finished...
One fitness evaluation starts...
Number of failed tests: 5
Weighted failure rate: 0.10614035087719298
One fitness evaluation is finished...
One fitness evaluation starts...
Compilation fails!
One fitness evaluation is finished...
One fitness evaluation starts...
Number of failed tests: 3
Weighted failure rate: 0.07982456140350877
One fitness evaluation is finished...
One fitness evaluation starts...
Number of failed tests: 2
Weighted failure rate: 0.06666666666666667
One fitness evaluation is finished...
One fitness evaluation starts...
Number of failed tests: 2
Weighted failure rate: 0.06666666666666667
One fitness evaluation is finished...
One fitness evaluation starts...
One fitness evaluation starts...
Number of failed tests: 4
Weighted failure rate: 0.09298245614035087
One fitness evaluation is finished...
One fitness evaluation starts...
Number of failed tests: 3
Weighted failure rate: 0.07982456140350877
One fitness evaluation is finished...
One fitness evaluation starts...
Number of failed tests: 5
Weighted failure rate: 0.10614035087719298
One fitness evaluation is finished...
One fitness evaluation starts...
One fitness evaluation starts...
Number of failed tests: 15
Weighted failure rate: 0.27807017543859647
One fitness evaluation is finished...
One fitness evaluation starts...
Number of failed tests: 5
Weighted failure rate: 0.10614035087719298
One fitness evaluation is finished...
One fitness evaluation starts...
Number of failed tests: 2
Weighted failure rate: 0.06666666666666667
One fitness evaluation is finished...
One fitness evaluation starts...
Number of failed tests: 3
Weighted failure rate: 0.07982456140350877
One fitness evaluation is finished...
One fitness evaluation starts...
Number of failed tests: 3
Weighted failure rate: 0.07982456140350877
One fitness evaluation is finished...
One fitness evaluation starts...
Number of failed tests: 5
Weighted failure rate: 0.10614035087719298
One fitness evaluation is finished...
One fitness evaluation starts...
Number of failed tests: 3
Weighted failure rate: 0.07982456140350877
One fitness evaluation is finished...
One fitness evaluation starts...
Number of failed tests: 6
Weighted failure rate: 0.11929824561403508
One fitness evaluation is finished...
One fitness evaluation starts...
Number of failed tests: 2
Weighted failure rate: 0.06666666666666667
One fitness evaluation is finished...
One fitness evaluation starts...
Number of failed tests: 3
Weighted failure rate: 0.07982456140350877
One fitness evaluation is finished...
One fitness evaluation starts...
Number of failed tests: 4
Weighted failure rate: 0.09298245614035087
One fitness evaluation is finished...
One fitness evaluation starts...
Number of failed tests: 2
Weighted failure rate: 0.06666666666666667
One fitness evaluation is finished...
One fitness evaluation starts...
Number of failed tests: 10
Weighted failure rate: 0.21228070175438596
One fitness evaluation is finished...
One fitness evaluation starts...
Number of failed tests: 22
Weighted failure rate: 0.3701754385964912
One fitness evaluation is finished...
One fitness evaluation starts...
Number of failed tests: 2
Weighted failure rate: 0.06666666666666667
One fitness evaluation is finished...
One fitness evaluation starts...
Number of failed tests: 5
Weighted failure rate: 0.10614035087719298
One fitness evaluation is finished...
One fitness evaluation starts...
One fitness evaluation starts...
Number of failed tests: 3
Weighted failure rate: 0.07982456140350877
One fitness evaluation is finished...
One fitness evaluation starts...
Number of failed tests: 15
Weighted failure rate: 0.27807017543859647
One fitness evaluation is finished...
One fitness evaluation starts...
Number of failed tests: 10
Weighted failure rate: 0.21228070175438596
One fitness evaluation is finished...
One fitness evaluation starts...
Number of failed tests: 14
Weighted failure rate: 0.24473684210526317
One fitness evaluation is finished...
One fitness evaluation starts...
Number of failed tests: 4
Weighted failure rate: 0.09298245614035087
One fitness evaluation is finished...
One fitness evaluation starts...
Number of failed tests: 6
Weighted failure rate: 0.11929824561403508
One fitness evaluation is finished...
One fitness evaluation starts...
Number of failed tests: 1
Weighted failure rate: 0.03333333333333333
One fitness evaluation is finished...
One fitness evaluation starts...
Number of failed tests: 4
Weighted failure rate: 0.09298245614035087
One fitness evaluation is finished...
One fitness evaluation starts...
One fitness evaluation starts...
Number of failed tests: 3
Weighted failure rate: 0.07982456140350877
One fitness evaluation is finished...
One fitness evaluation starts...
Number of failed tests: 3
Weighted failure rate: 0.07982456140350877
One fitness evaluation is finished...
One fitness evaluation starts...
Number of failed tests: 3
Weighted failure rate: 0.07982456140350877
One fitness evaluation is finished...
One fitness evaluation starts...
Number of failed tests: 6
Weighted failure rate: 0.11929824561403508
One fitness evaluation is finished...
One fitness evaluation starts...
Number of failed tests: 3
Weighted failure rate: 0.07982456140350877
One fitness evaluation is finished...
One fitness evaluation starts...
Number of failed tests: 4
Weighted failure rate: 0.09298245614035087
One fitness evaluation is finished...
One fitness evaluation starts...
One fitness evaluation starts...
Number of failed tests: 2
Weighted failure rate: 0.06666666666666667
One fitness evaluation is finished...
One fitness evaluation starts...
One fitness evaluation starts...
Number of failed tests: 3
Weighted failure rate: 0.07982456140350877
One fitness evaluation is finished...
One fitness evaluation starts...
Number of failed tests: 5
Weighted failure rate: 0.10614035087719298
One fitness evaluation is finished...
One fitness evaluation starts...
Number of failed tests: 6
Weighted failure rate: 0.11929824561403508
One fitness evaluation is finished...
One fitness evaluation starts...
Number of failed tests: 2
Weighted failure rate: 0.06666666666666667
One fitness evaluation is finished...
One fitness evaluation starts...
Number of failed tests: 3
Weighted failure rate: 0.07982456140350877
One fitness evaluation is finished...
One fitness evaluation starts...
Number of failed tests: 3
Weighted failure rate: 0.07982456140350877
One fitness evaluation is finished...
One fitness evaluation starts...
Number of failed tests: 11
Weighted failure rate: 0.22543859649122805
One fitness evaluation is finished...
One fitness evaluation starts...
Number of failed tests: 5
Weighted failure rate: 0.10614035087719298
One fitness evaluation is finished...
One fitness evaluation starts...
Number of failed tests: 2
Weighted failure rate: 0.06666666666666667
One fitness evaluation is finished...
One fitness evaluation starts...
Number of failed tests: 3
Weighted failure rate: 0.07982456140350877
One fitness evaluation is finished...
One fitness evaluation starts...
Number of failed tests: 4
Weighted failure rate: 0.09298245614035087
One fitness evaluation is finished...
One fitness evaluation starts...
Number of failed tests: 4
Weighted failure rate: 0.09298245614035087
One fitness evaluation is finished...
One fitness evaluation starts...
Number of failed tests: 4
Weighted failure rate: 0.09298245614035087
One fitness evaluation is finished...
One fitness evaluation starts...
Number of failed tests: 2
Weighted failure rate: 0.06666666666666667
One fitness evaluation is finished...
One fitness evaluation starts...
Number of failed tests: 5
Weighted failure rate: 0.10614035087719298
One fitness evaluation is finished...
One fitness evaluation starts...
Number of failed tests: 2
Weighted failure rate: 0.06666666666666667
One fitness evaluation is finished...
One fitness evaluation starts...
Number of failed tests: 3
Weighted failure rate: 0.07982456140350877
One fitness evaluation is finished...
One fitness evaluation starts...
Number of failed tests: 2
Weighted failure rate: 0.06666666666666667
One fitness evaluation is finished...
One fitness evaluation starts...
Number of failed tests: 6
Weighted failure rate: 0.11929824561403508
One fitness evaluation is finished...
One fitness evaluation starts...
Number of failed tests: 11
Weighted failure rate: 0.22543859649122805
One fitness evaluation is finished...
One fitness evaluation starts...
Number of failed tests: 5
Weighted failure rate: 0.10614035087719298
One fitness evaluation is finished...
One fitness evaluation starts...
Number of failed tests: 5
Weighted failure rate: 0.10614035087719298
One fitness evaluation is finished...
One fitness evaluation starts...
Number of failed tests: 5
Weighted failure rate: 0.12631578947368421
One fitness evaluation is finished...
One fitness evaluation starts...
Number of failed tests: 5
Weighted failure rate: 0.10614035087719298
One fitness evaluation is finished...
One fitness evaluation starts...
Number of failed tests: 2
Weighted failure rate: 0.06666666666666667
One fitness evaluation is finished...
One fitness evaluation starts...
Number of failed tests: 2
Weighted failure rate: 0.06666666666666667
One fitness evaluation is finished...
One fitness evaluation starts...
Number of failed tests: 2
Weighted failure rate: 0.06666666666666667
One fitness evaluation is finished...
One fitness evaluation starts...
Number of failed tests: 5
Weighted failure rate: 0.10614035087719298
One fitness evaluation is finished...
One fitness evaluation starts...
Number of failed tests: 5
Weighted failure rate: 0.10614035087719298
One fitness evaluation is finished...
One fitness evaluation starts...
Number of failed tests: 14
Weighted failure rate: 0.2649122807017544
One fitness evaluation is finished...
One fitness evaluation starts...
Number of failed tests: 3
Weighted failure rate: 0.07982456140350877
One fitness evaluation is finished...
One fitness evaluation starts...
Number of failed tests: 5
Weighted failure rate: 0.10614035087719298
One fitness evaluation is finished...
One fitness evaluation starts...
Number of failed tests: 5
Weighted failure rate: 0.10614035087719298
One fitness evaluation is finished...
One fitness evaluation starts...
Number of failed tests: 6
Weighted failure rate: 0.11929824561403508
One fitness evaluation is finished...
One fitness evaluation starts...
Number of failed tests: 5
Weighted failure rate: 0.10614035087719298
One fitness evaluation is finished...
One fitness evaluation starts...
Number of failed tests: 4
Weighted failure rate: 0.09298245614035087
One fitness evaluation is finished...
One fitness evaluation starts...
Number of failed tests: 4
Weighted failure rate: 0.11315789473684211
One fitness evaluation is finished...
One fitness evaluation starts...
Number of failed tests: 2
Weighted failure rate: 0.06666666666666667
One fitness evaluation is finished...
One fitness evaluation starts...
Number of failed tests: 4
Weighted failure rate: 0.09298245614035087
One fitness evaluation is finished...
One fitness evaluation starts...
Number of failed tests: 2
Weighted failure rate: 0.06666666666666667
One fitness evaluation is finished...
One fitness evaluation starts...
Number of failed tests: 2
Weighted failure rate: 0.06666666666666667
One fitness evaluation is finished...
One fitness evaluation starts...
Number of failed tests: 2
Weighted failure rate: 0.06666666666666667
One fitness evaluation is finished...
One fitness evaluation starts...
Number of failed tests: 4
Weighted failure rate: 0.09298245614035087
One fitness evaluation is finished...
One fitness evaluation starts...
Number of failed tests: 32
Weighted failure rate: 0.5017543859649123
One fitness evaluation is finished...
One fitness evaluation starts...
Number of failed tests: 2
Weighted failure rate: 0.06666666666666667
One fitness evaluation is finished...
One fitness evaluation starts...
Number of failed tests: 11
Weighted failure rate: 0.22543859649122805
One fitness evaluation is finished...
One fitness evaluation starts...
Number of failed tests: 5
Weighted failure rate: 0.10614035087719298
One fitness evaluation is finished...
One fitness evaluation starts...
Number of failed tests: 2
Weighted failure rate: 0.06666666666666667
One fitness evaluation is finished...
One fitness evaluation starts...
Number of failed tests: 5
Weighted failure rate: 0.10614035087719298
One fitness evaluation is finished...
One fitness evaluation starts...
Number of failed tests: 3
Weighted failure rate: 0.07982456140350877
One fitness evaluation is finished...
One fitness evaluation starts...
Number of failed tests: 2
Weighted failure rate: 0.06666666666666667
One fitness evaluation is finished...
One fitness evaluation starts...
Number of failed tests: 3
Weighted failure rate: 0.07982456140350877
One fitness evaluation is finished...
One fitness evaluation starts...
Number of failed tests: 2
Weighted failure rate: 0.06666666666666667
One fitness evaluation is finished...
One fitness evaluation starts...
Number of failed tests: 3
Weighted failure rate: 0.07982456140350877
One fitness evaluation is finished...
One fitness evaluation starts...
Number of failed tests: 2
Weighted failure rate: 0.06666666666666667
One fitness evaluation is finished...
One fitness evaluation starts...
Number of failed tests: 3
Weighted failure rate: 0.07982456140350877
One fitness evaluation is finished...
One fitness evaluation starts...
One fitness evaluation starts...
Number of failed tests: 2
Weighted failure rate: 0.06666666666666667
One fitness evaluation is finished...
One fitness evaluation starts...
Number of failed tests: 3
Weighted failure rate: 0.07982456140350877
One fitness evaluation is finished...
One fitness evaluation starts...
Number of failed tests: 15
Weighted failure rate: 0.27807017543859647
One fitness evaluation is finished...
One fitness evaluation starts...
Number of failed tests: 3
Weighted failure rate: 0.07982456140350877
One fitness evaluation is finished...
One fitness evaluation starts...
Number of failed tests: 3
Weighted failure rate: 0.07982456140350877
One fitness evaluation is finished...
One fitness evaluation starts...
Number of failed tests: 5
Weighted failure rate: 0.12631578947368421
One fitness evaluation is finished...
One fitness evaluation starts...
Number of failed tests: 4
Weighted failure rate: 0.09298245614035087
One fitness evaluation is finished...
One fitness evaluation starts...
Number of failed tests: 3
Weighted failure rate: 0.07982456140350877
One fitness evaluation is finished...
One fitness evaluation starts...
Number of failed tests: 4
Weighted failure rate: 0.11315789473684211
One fitness evaluation is finished...
One fitness evaluation starts...
Number of failed tests: 2
Weighted failure rate: 0.06666666666666667
One fitness evaluation is finished...
One fitness evaluation starts...
Number of failed tests: 2
Weighted failure rate: 0.06666666666666667
One fitness evaluation is finished...
One fitness evaluation starts...
Number of failed tests: 6
Weighted failure rate: 0.11929824561403508
One fitness evaluation is finished...
One fitness evaluation starts...
One fitness evaluation starts...
Number of failed tests: 2
Weighted failure rate: 0.06666666666666667
One fitness evaluation is finished...
One fitness evaluation starts...
Number of failed tests: 5
Weighted failure rate: 0.10614035087719298
One fitness evaluation is finished...
One fitness evaluation starts...
Number of failed tests: 2
Weighted failure rate: 0.06666666666666667
One fitness evaluation is finished...
One fitness evaluation starts...
Number of failed tests: 10
Weighted failure rate: 0.21228070175438596
One fitness evaluation is finished...
One fitness evaluation starts...
Number of failed tests: 2
Weighted failure rate: 0.06666666666666667
One fitness evaluation is finished...
One fitness evaluation starts...
Number of failed tests: 11
Weighted failure rate: 0.22543859649122805
One fitness evaluation is finished...
One fitness evaluation starts...
Number of failed tests: 2
Weighted failure rate: 0.06666666666666667
One fitness evaluation is finished...
One fitness evaluation starts...
Number of failed tests: 2
Weighted failure rate: 0.06666666666666667
One fitness evaluation is finished...
One fitness evaluation starts...
Number of failed tests: 5
Weighted failure rate: 0.10614035087719298
One fitness evaluation is finished...
One fitness evaluation starts...
Number of failed tests: 3
Weighted failure rate: 0.07982456140350877
One fitness evaluation is finished...
One fitness evaluation starts...
Number of failed tests: 2
Weighted failure rate: 0.06666666666666667
One fitness evaluation is finished...
One fitness evaluation starts...
Number of failed tests: 6
Weighted failure rate: 0.11929824561403508
One fitness evaluation is finished...
One fitness evaluation starts...
Number of failed tests: 4
Weighted failure rate: 0.11315789473684211
One fitness evaluation is finished...
One fitness evaluation starts...
Number of failed tests: 3
Weighted failure rate: 0.07982456140350877
One fitness evaluation is finished...
One fitness evaluation starts...
Number of failed tests: 10
Weighted failure rate: 0.21228070175438596
One fitness evaluation is finished...
One fitness evaluation starts...
Number of failed tests: 3
Weighted failure rate: 0.07982456140350877
One fitness evaluation is finished...
One fitness evaluation starts...
Number of failed tests: 3
Weighted failure rate: 0.07982456140350877
One fitness evaluation is finished...
One fitness evaluation starts...
Number of failed tests: 1
Weighted failure rate: 0.03333333333333333
One fitness evaluation is finished...
One fitness evaluation starts...
Number of failed tests: 5
Weighted failure rate: 0.10614035087719298
One fitness evaluation is finished...
One fitness evaluation starts...
Number of failed tests: 3
Weighted failure rate: 0.07982456140350877
One fitness evaluation is finished...
One fitness evaluation starts...
Number of failed tests: 2
Weighted failure rate: 0.06666666666666667
One fitness evaluation is finished...
One fitness evaluation starts...
Number of failed tests: 2
Weighted failure rate: 0.06666666666666667
One fitness evaluation is finished...
One fitness evaluation starts...
One fitness evaluation starts...
Number of failed tests: 5
Weighted failure rate: 0.10614035087719298
One fitness evaluation is finished...
One fitness evaluation starts...
Number of failed tests: 5
Weighted failure rate: 0.10614035087719298
One fitness evaluation is finished...
One fitness evaluation starts...
Number of failed tests: 2
Weighted failure rate: 0.06666666666666667
One fitness evaluation is finished...
One fitness evaluation starts...
One fitness evaluation starts...
Number of failed tests: 2
Weighted failure rate: 0.06666666666666667
One fitness evaluation is finished...
One fitness evaluation starts...
Number of failed tests: 16
Weighted failure rate: 0.2710526315789474
One fitness evaluation is finished...
One fitness evaluation starts...
Number of failed tests: 4
Weighted failure rate: 0.11315789473684211
One fitness evaluation is finished...
One fitness evaluation starts...
One fitness evaluation starts...
Number of failed tests: 5
Weighted failure rate: 0.10614035087719298
One fitness evaluation is finished...
One fitness evaluation starts...
Number of failed tests: 2
Weighted failure rate: 0.06666666666666667
One fitness evaluation is finished...
One fitness evaluation starts...
Number of failed tests: 4
Weighted failure rate: 0.09298245614035087
One fitness evaluation is finished...
One fitness evaluation starts...
Number of failed tests: 5
Weighted failure rate: 0.10614035087719298
One fitness evaluation is finished...
One fitness evaluation starts...
Number of failed tests: 2
Weighted failure rate: 0.06666666666666667
One fitness evaluation is finished...
One fitness evaluation starts...
Number of failed tests: 2
Weighted failure rate: 0.06666666666666667
One fitness evaluation is finished...
One fitness evaluation starts...
Number of failed tests: 2
Weighted failure rate: 0.06666666666666667
One fitness evaluation is finished...
One fitness evaluation starts...
Number of failed tests: 2
Weighted failure rate: 0.06666666666666667
One fitness evaluation is finished...
One fitness evaluation starts...
Number of failed tests: 1
Weighted failure rate: 0.03333333333333333
One fitness evaluation is finished...
One fitness evaluation starts...
Number of failed tests: 2
Weighted failure rate: 0.06666666666666667
One fitness evaluation is finished...
One fitness evaluation starts...
One fitness evaluation starts...
Number of failed tests: 2
Weighted failure rate: 0.06666666666666667
One fitness evaluation is finished...
One fitness evaluation starts...
One fitness evaluation starts...
Number of failed tests: 6
Weighted failure rate: 0.11929824561403508
One fitness evaluation is finished...
One fitness evaluation starts...
One fitness evaluation starts...
Number of failed tests: 2
Weighted failure rate: 0.06666666666666667
One fitness evaluation is finished...
One fitness evaluation starts...
Number of failed tests: 1
Weighted failure rate: 0.03333333333333333
One fitness evaluation is finished...
One fitness evaluation starts...
Number of failed tests: 3
Weighted failure rate: 0.07982456140350877
One fitness evaluation is finished...
One fitness evaluation starts...
Number of failed tests: 3
Weighted failure rate: 0.07982456140350877
One fitness evaluation is finished...
One fitness evaluation starts...
Number of failed tests: 2
Weighted failure rate: 0.06666666666666667
One fitness evaluation is finished...
One fitness evaluation starts...
Number of failed tests: 3
Weighted failure rate: 0.07982456140350877
One fitness evaluation is finished...
One fitness evaluation starts...
Number of failed tests: 2
Weighted failure rate: 0.06666666666666667
One fitness evaluation is finished...
One fitness evaluation starts...
Number of failed tests: 2
Weighted failure rate: 0.06666666666666667
One fitness evaluation is finished...
One fitness evaluation starts...
Number of failed tests: 6
Weighted failure rate: 0.11929824561403508
One fitness evaluation is finished...
One fitness evaluation starts...
Number of failed tests: 1
Weighted failure rate: 0.03333333333333333
One fitness evaluation is finished...
One fitness evaluation starts...
Number of failed tests: 4
Weighted failure rate: 0.09298245614035087
One fitness evaluation is finished...
One fitness evaluation starts...
One fitness evaluation starts...
Number of failed tests: 5
Weighted failure rate: 0.10614035087719298
One fitness evaluation is finished...
One fitness evaluation starts...
Number of failed tests: 4
Weighted failure rate: 0.11315789473684211
One fitness evaluation is finished...
One fitness evaluation starts...
Number of failed tests: 3
Weighted failure rate: 0.07982456140350877
One fitness evaluation is finished...
One fitness evaluation starts...
Number of failed tests: 3
Weighted failure rate: 0.07982456140350877
One fitness evaluation is finished...
One fitness evaluation starts...
Number of failed tests: 6
Weighted failure rate: 0.11929824561403508
One fitness evaluation is finished...
One fitness evaluation starts...
One fitness evaluation starts...
Number of failed tests: 3
Weighted failure rate: 0.07982456140350877
One fitness evaluation is finished...
One fitness evaluation starts...
Number of failed tests: 4
Weighted failure rate: 0.09298245614035087
One fitness evaluation is finished...
One fitness evaluation starts...
Number of failed tests: 5
Weighted failure rate: 0.10614035087719298
One fitness evaluation is finished...
One fitness evaluation starts...
Number of failed tests: 2
Weighted failure rate: 0.06666666666666667
One fitness evaluation is finished...
One fitness evaluation starts...
One fitness evaluation starts...
Number of failed tests: 2
Weighted failure rate: 0.06666666666666667
One fitness evaluation is finished...
One fitness evaluation starts...
Number of failed tests: 5
Weighted failure rate: 0.10614035087719298
One fitness evaluation is finished...
One fitness evaluation starts...
Number of failed tests: 14
Weighted failure rate: 0.2245614035087719
One fitness evaluation is finished...
One fitness evaluation starts...
One fitness evaluation starts...
Number of failed tests: 5
Weighted failure rate: 0.10614035087719298
One fitness evaluation is finished...
One fitness evaluation starts...
One fitness evaluation starts...
Number of failed tests: 2
Weighted failure rate: 0.06666666666666667
One fitness evaluation is finished...
One fitness evaluation starts...
Number of failed tests: 2
Weighted failure rate: 0.06666666666666667
One fitness evaluation is finished...
One fitness evaluation starts...
Number of failed tests: 2
Weighted failure rate: 0.06666666666666667
One fitness evaluation is finished...
One fitness evaluation starts...
Number of failed tests: 2
Weighted failure rate: 0.06666666666666667
One fitness evaluation is finished...
One fitness evaluation starts...
Number of failed tests: 2
Weighted failure rate: 0.06666666666666667
One fitness evaluation is finished...
One fitness evaluation starts...
Number of failed tests: 3
Weighted failure rate: 0.07982456140350877
One fitness evaluation is finished...
One fitness evaluation starts...
Number of failed tests: 1
Weighted failure rate: 0.03333333333333333
One fitness evaluation is finished...
One fitness evaluation starts...
Number of failed tests: 1
Weighted failure rate: 0.03333333333333333
One fitness evaluation is finished...
One fitness evaluation starts...
Number of failed tests: 1
Weighted failure rate: 0.03333333333333333
One fitness evaluation is finished...
One fitness evaluation starts...
Number of failed tests: 1
Weighted failure rate: 0.03333333333333333
One fitness evaluation is finished...
One fitness evaluation starts...
Number of failed tests: 5
Weighted failure rate: 0.12631578947368421
One fitness evaluation is finished...
One fitness evaluation starts...
One fitness evaluation starts...
Number of failed tests: 3
Weighted failure rate: 0.1
One fitness evaluation is finished...
One fitness evaluation starts...
Number of failed tests: 5
Weighted failure rate: 0.10614035087719298
One fitness evaluation is finished...
One fitness evaluation starts...
One fitness evaluation starts...
Number of failed tests: 2
Weighted failure rate: 0.06666666666666667
One fitness evaluation is finished...
One fitness evaluation starts...
Number of failed tests: 5
Weighted failure rate: 0.10614035087719298
One fitness evaluation is finished...
One fitness evaluation starts...
One fitness evaluation starts...
Number of failed tests: 2
Weighted failure rate: 0.06666666666666667
One fitness evaluation is finished...
One fitness evaluation starts...
Number of failed tests: 2
Weighted failure rate: 0.06666666666666667
One fitness evaluation is finished...
One fitness evaluation starts...
Number of failed tests: 2
Weighted failure rate: 0.06666666666666667
One fitness evaluation is finished...
One fitness evaluation starts...
Number of failed tests: 2
Weighted failure rate: 0.06666666666666667
One fitness evaluation is finished...
One fitness evaluation starts...
Number of failed tests: 4
Weighted failure rate: 0.07280701754385965
One fitness evaluation is finished...
One fitness evaluation starts...
Number of failed tests: 3
Weighted failure rate: 0.07982456140350877
One fitness evaluation is finished...
One fitness evaluation starts...
Number of failed tests: 4
Weighted failure rate: 0.09298245614035087
One fitness evaluation is finished...
One fitness evaluation starts...
Number of failed tests: 2
Weighted failure rate: 0.06666666666666667
One fitness evaluation is finished...
One fitness evaluation starts...
Number of failed tests: 1
Weighted failure rate: 0.03333333333333333
One fitness evaluation is finished...
One fitness evaluation starts...
Number of failed tests: 2
Weighted failure rate: 0.06666666666666667
One fitness evaluation is finished...
One fitness evaluation starts...
Number of failed tests: 3
Weighted failure rate: 0.07982456140350877
One fitness evaluation is finished...
One fitness evaluation starts...
One fitness evaluation starts...
Number of failed tests: 13
Weighted failure rate: 0.21140350877192982
One fitness evaluation is finished...
One fitness evaluation starts...
Number of failed tests: 5
Weighted failure rate: 0.10614035087719298
One fitness evaluation is finished...
One fitness evaluation starts...
One fitness evaluation starts...
Number of failed tests: 3
Weighted failure rate: 0.07982456140350877
One fitness evaluation is finished...
One fitness evaluation starts...
Number of failed tests: 2
Weighted failure rate: 0.06666666666666667
One fitness evaluation is finished...
One fitness evaluation starts...
Number of failed tests: 2
Weighted failure rate: 0.06666666666666667
One fitness evaluation is finished...
One fitness evaluation starts...
Number of failed tests: 3
Weighted failure rate: 0.05964912280701754
One fitness evaluation is finished...
One fitness evaluation starts...
Number of failed tests: 5
Weighted failure rate: 0.10614035087719298
One fitness evaluation is finished...
One fitness evaluation starts...
Number of failed tests: 4
Weighted failure rate: 0.09298245614035087
One fitness evaluation is finished...
One fitness evaluation starts...
Number of failed tests: 1
Weighted failure rate: 0.03333333333333333
One fitness evaluation is finished...
One fitness evaluation starts...
Number of failed tests: 5
Weighted failure rate: 0.10614035087719298
One fitness evaluation is finished...
One fitness evaluation starts...
Number of failed tests: 3
Weighted failure rate: 0.07982456140350877
One fitness evaluation is finished...
One fitness evaluation starts...
Number of failed tests: 1
Weighted failure rate: 0.03333333333333333
One fitness evaluation is finished...
One fitness evaluation starts...
Number of failed tests: 1
Weighted failure rate: 0.03333333333333333
One fitness evaluation is finished...
One fitness evaluation starts...
Number of failed tests: 1
Weighted failure rate: 0.03333333333333333
One fitness evaluation is finished...
One fitness evaluation starts...
Number of failed tests: 1
Weighted failure rate: 0.03333333333333333
One fitness evaluation is finished...
One fitness evaluation starts...
Number of failed tests: 7
Weighted failure rate: 0.15263157894736842
One fitness evaluation is finished...
One fitness evaluation starts...
One fitness evaluation starts...
Number of failed tests: 5
Weighted failure rate: 0.10614035087719298
One fitness evaluation is finished...
One fitness evaluation starts...
One fitness evaluation starts...
One fitness evaluation starts...
Number of failed tests: 4
Weighted failure rate: 0.11315789473684211
One fitness evaluation is finished...
One fitness evaluation starts...
Number of failed tests: 1
Weighted failure rate: 0.03333333333333333
One fitness evaluation is finished...
One fitness evaluation starts...
Number of failed tests: 11
Weighted failure rate: 0.22543859649122805
One fitness evaluation is finished...
One fitness evaluation starts...
Number of failed tests: 9
Weighted failure rate: 0.1587719298245614
One fitness evaluation is finished...
One fitness evaluation starts...
Number of failed tests: 8
Weighted failure rate: 0.1456140350877193
One fitness evaluation is finished...
One fitness evaluation starts...
Number of failed tests: 2
Weighted failure rate: 0.06666666666666667
One fitness evaluation is finished...
One fitness evaluation starts...
One fitness evaluation starts...
Number of failed tests: 3
Weighted failure rate: 0.07982456140350877
One fitness evaluation is finished...
One fitness evaluation starts...
Number of failed tests: 2
Weighted failure rate: 0.06666666666666667
One fitness evaluation is finished...
One fitness evaluation starts...
Number of failed tests: 10
Weighted failure rate: 0.21228070175438596
One fitness evaluation is finished...
One fitness evaluation starts...
Number of failed tests: 2
Weighted failure rate: 0.06666666666666667
One fitness evaluation is finished...
One fitness evaluation starts...
Number of failed tests: 5
Weighted failure rate: 0.10614035087719298
One fitness evaluation is finished...
One fitness evaluation starts...
One fitness evaluation starts...
Number of failed tests: 5
Weighted failure rate: 0.10614035087719298
One fitness evaluation is finished...
One fitness evaluation starts...
Number of failed tests: 3
Weighted failure rate: 0.07982456140350877
One fitness evaluation is finished...
One fitness evaluation starts...
Number of failed tests: 1
Weighted failure rate: 0.03333333333333333
One fitness evaluation is finished...
One fitness evaluation starts...
Number of failed tests: 2
Weighted failure rate: 0.04649122807017544
One fitness evaluation is finished...
One fitness evaluation starts...
Number of failed tests: 1
Weighted failure rate: 0.03333333333333333
One fitness evaluation is finished...
One fitness evaluation starts...
Number of failed tests: 2
Weighted failure rate: 0.06666666666666667
One fitness evaluation is finished...
One fitness evaluation starts...
Number of failed tests: 2
Weighted failure rate: 0.04649122807017544
One fitness evaluation is finished...
One fitness evaluation starts...
Number of failed tests: 1
Weighted failure rate: 0.03333333333333333
One fitness evaluation is finished...
One fitness evaluation starts...
Number of failed tests: 4
Weighted failure rate: 0.09298245614035087
One fitness evaluation is finished...
One fitness evaluation starts...
Number of failed tests: 2
Weighted failure rate: 0.06666666666666667
One fitness evaluation is finished...
One fitness evaluation starts...
Number of failed tests: 30
Weighted failure rate: 0.4754385964912281
One fitness evaluation is finished...
One fitness evaluation starts...
One fitness evaluation starts...
Number of failed tests: 5
Weighted failure rate: 0.10614035087719298
One fitness evaluation is finished...
One fitness evaluation starts...
Number of failed tests: 2
Weighted failure rate: 0.06666666666666667
One fitness evaluation is finished...
One fitness evaluation starts...
Number of failed tests: 9
Weighted failure rate: 0.13859649122807016
One fitness evaluation is finished...
One fitness evaluation starts...
Number of failed tests: 4
Weighted failure rate: 0.11315789473684211
One fitness evaluation is finished...
One fitness evaluation starts...
Number of failed tests: 3
Weighted failure rate: 0.07982456140350877
One fitness evaluation is finished...
One fitness evaluation starts...
Number of failed tests: 1
Weighted failure rate: 0.03333333333333333
One fitness evaluation is finished...
One fitness evaluation starts...
Number of failed tests: 5
Weighted failure rate: 0.10614035087719298
One fitness evaluation is finished...
One fitness evaluation starts...
Number of failed tests: 2
Weighted failure rate: 0.06666666666666667
One fitness evaluation is finished...
One fitness evaluation starts...
Number of failed tests: 12
Weighted failure rate: 0.23859649122807017
One fitness evaluation is finished...
One fitness evaluation starts...
Number of failed tests: 4
Weighted failure rate: 0.07280701754385965
One fitness evaluation is finished...
One fitness evaluation starts...
Number of failed tests: 1
Weighted failure rate: 0.03333333333333333
One fitness evaluation is finished...
One fitness evaluation starts...
Number of failed tests: 11
Weighted failure rate: 0.22543859649122805
One fitness evaluation is finished...
One fitness evaluation starts...
Number of failed tests: 3
Weighted failure rate: 0.07982456140350877
One fitness evaluation is finished...
One fitness evaluation starts...
Number of failed tests: 1
Weighted failure rate: 0.03333333333333333
One fitness evaluation is finished...
One fitness evaluation starts...
Number of failed tests: 4
Weighted failure rate: 0.09298245614035087
One fitness evaluation is finished...
One fitness evaluation starts...
Number of failed tests: 1
Weighted failure rate: 0.03333333333333333
One fitness evaluation is finished...
One fitness evaluation starts...
Number of failed tests: 11
Weighted failure rate: 0.16491228070175437
One fitness evaluation is finished...
One fitness evaluation starts...
Number of failed tests: 15
Weighted failure rate: 0.2578947368421053
One fitness evaluation is finished...
One fitness evaluation starts...
Number of failed tests: 11
Weighted failure rate: 0.1850877192982456
One fitness evaluation is finished...
One fitness evaluation starts...
Number of failed tests: 2
Weighted failure rate: 0.06666666666666667
One fitness evaluation is finished...
One fitness evaluation starts...
Number of failed tests: 19
Weighted failure rate: 0.31052631578947365
One fitness evaluation is finished...
One fitness evaluation starts...
Number of failed tests: 4
Weighted failure rate: 0.11315789473684211
One fitness evaluation is finished...
One fitness evaluation starts...
Number of failed tests: 1
Weighted failure rate: 0.03333333333333333
One fitness evaluation is finished...
One fitness evaluation starts...
Number of failed tests: 0
Weighted failure rate: 0.0
NR_RIGHT_COMPILATIONS=287
NR_FAILLING_COMPILATIONS=1
OUTPUT_STATUS=STOP_BY_PATCH_FOUND


Node: ubuntu



Date: Mon Jul 22 19:28:58 EDT 2019

