cd /tmp/Arja_Defects4J_Math_58;
export JAVA_TOOL_OPTIONS="-Dfile.encoding=UTF8 -Duser.language=en-US -Duser.country=US -Duser.language=en";
TZ="America/New_York"; export TZ;
export PATH="/data/tool/jdk1.7.0_80/bin:$PATH";
export JAVA_HOME="/data/tool/jdk1.7.0_80/bin";
timeout 120m java -Xmx1g -Xms1g -cp /data/RepairThemAll/script/../libs/jmetal.jar:/data/RepairThemAll/script/../repair_tools/arja.jar us.msu.cse.repair.Main \
	Arja \
	-DexternalProjRoot /data/RepairThemAll/script/../libs/arja_external \
	-Dbenchmark Defects4J \
	-Dbugid Math-58 \
	-DsrcJavaDir /tmp/Arja_Defects4J_Math_58/src/main/java/ \
	-DbinJavaDir /tmp/Arja_Defects4J_Math_58/target/classes/ \
	-DbinTestDir /tmp/Arja_Defects4J_Math_58/target/test-classes/ \
	-DdiffFormat true \
	-Dseed 0 \
	-Ddependences /tmp/Arja_Defects4J_Math_58/target/classes/:/tmp/Arja_Defects4J_Math_58/target/test-classes/:/data/RepairThemAll/script/../benchmarks/defects4j/framework/projects/lib/junit-4.11.jar;
	echo "\n\nNode: `hostname`\n";
	echo "\n\nDate: `date`\n";
Picked up JAVA_TOOL_OPTIONS: -Dfile.encoding=UTF8 -Duser.language=en-US -Duser.country=US -Duser.language=en
Jul 30, 2019 2:10:05 AM java.util.jar.Attributes read
WARNING: Duplicate name in Manifest: SHA1-Digest.
Ensure that the manifest does not have duplicate entries, and
that blank lines separate individual sections in both your
manifest and in the META-INF/MANIFEST.MF entry in the jar file.
Jul 30, 2019 2:10:05 AM java.util.jar.Attributes read
WARNING: Duplicate name in Manifest: SHA1-Digest.
Ensure that the manifest does not have duplicate entries, and
that blank lines separate individual sections in both your
manifest and in the META-INF/MANIFEST.MF entry in the jar file.
Jul 30, 2019 2:10:05 AM java.util.jar.Attributes read
WARNING: Duplicate name in Manifest: SHA1-Digest.
Ensure that the manifest does not have duplicate entries, and
that blank lines separate individual sections in both your
manifest and in the META-INF/MANIFEST.MF entry in the jar file.
Jul 30, 2019 2:10:05 AM java.util.jar.Attributes read
WARNING: Duplicate name in Manifest: SHA1-Digest.
Ensure that the manifest does not have duplicate entries, and
that blank lines separate individual sections in both your
manifest and in the META-INF/MANIFEST.MF entry in the jar file.
Jul 30, 2019 2:10:05 AM java.util.jar.Attributes read
WARNING: Duplicate name in Manifest: SHA1-Digest.
Ensure that the manifest does not have duplicate entries, and
that blank lines separate individual sections in both your
manifest and in the META-INF/MANIFEST.MF entry in the jar file.
Jul 30, 2019 2:10:05 AM java.util.jar.Attributes read
WARNING: Duplicate name in Manifest: SHA1-Digest.
Ensure that the manifest does not have duplicate entries, and
that blank lines separate individual sections in both your
manifest and in the META-INF/MANIFEST.MF entry in the jar file.
Jul 30, 2019 2:10:05 AM java.util.jar.Attributes read
WARNING: Duplicate name in Manifest: SHA1-Digest.
Ensure that the manifest does not have duplicate entries, and
that blank lines separate individual sections in both your
manifest and in the META-INF/MANIFEST.MF entry in the jar file.
Jul 30, 2019 2:10:05 AM java.util.jar.Attributes read
WARNING: Duplicate name in Manifest: SHA1-Digest.
Ensure that the manifest does not have duplicate entries, and
that blank lines separate individual sections in both your
manifest and in the META-INF/MANIFEST.MF entry in the jar file.
Jul 30, 2019 2:10:05 AM java.util.jar.Attributes read
WARNING: Duplicate name in Manifest: SHA1-Digest.
Ensure that the manifest does not have duplicate entries, and
that blank lines separate individual sections in both your
manifest and in the META-INF/MANIFEST.MF entry in the jar file.
Jul 30, 2019 2:10:05 AM java.util.jar.Attributes read
WARNING: Duplicate name in Manifest: SHA1-Digest.
Ensure that the manifest does not have duplicate entries, and
that blank lines separate individual sections in both your
manifest and in the META-INF/MANIFEST.MF entry in the jar file.
Jul 30, 2019 2:10:05 AM java.util.jar.Attributes read
WARNING: Duplicate name in Manifest: SHA1-Digest.
Ensure that the manifest does not have duplicate entries, and
that blank lines separate individual sections in both your
manifest and in the META-INF/MANIFEST.MF entry in the jar file.
Jul 30, 2019 2:10:05 AM java.util.jar.Attributes read
WARNING: Duplicate name in Manifest: SHA1-Digest.
Ensure that the manifest does not have duplicate entries, and
that blank lines separate individual sections in both your
manifest and in the META-INF/MANIFEST.MF entry in the jar file.
Jul 30, 2019 2:10:05 AM java.util.jar.Attributes read
WARNING: Duplicate name in Manifest: SHA1-Digest.
Ensure that the manifest does not have duplicate entries, and
that blank lines separate individual sections in both your
manifest and in the META-INF/MANIFEST.MF entry in the jar file.
Jul 30, 2019 2:10:05 AM java.util.jar.Attributes read
WARNING: Duplicate name in Manifest: SHA1-Digest.
Ensure that the manifest does not have duplicate entries, and
that blank lines separate individual sections in both your
manifest and in the META-INF/MANIFEST.MF entry in the jar file.
Jul 30, 2019 2:10:05 AM java.util.jar.Attributes read
WARNING: Duplicate name in Manifest: SHA1-Digest.
Ensure that the manifest does not have duplicate entries, and
that blank lines separate individual sections in both your
manifest and in the META-INF/MANIFEST.MF entry in the jar file.
Jul 30, 2019 2:10:05 AM java.util.jar.Attributes read
WARNING: Duplicate name in Manifest: SHA1-Digest.
Ensure that the manifest does not have duplicate entries, and
that blank lines separate individual sections in both your
manifest and in the META-INF/MANIFEST.MF entry in the jar file.
Jul 30, 2019 2:10:05 AM java.util.jar.Attributes read
WARNING: Duplicate name in Manifest: SHA1-Digest.
Ensure that the manifest does not have duplicate entries, and
that blank lines separate individual sections in both your
manifest and in the META-INF/MANIFEST.MF entry in the jar file.
Jul 30, 2019 2:10:05 AM java.util.jar.Attributes read
WARNING: Duplicate name in Manifest: SHA1-Digest.
Ensure that the manifest does not have duplicate entries, and
that blank lines separate individual sections in both your
manifest and in the META-INF/MANIFEST.MF entry in the jar file.
Jul 30, 2019 2:10:05 AM java.util.jar.Attributes read
WARNING: Duplicate name in Manifest: SHA1-Digest.
Ensure that the manifest does not have duplicate entries, and
that blank lines separate individual sections in both your
manifest and in the META-INF/MANIFEST.MF entry in the jar file.
Jul 30, 2019 2:10:05 AM java.util.jar.Attributes read
WARNING: Duplicate name in Manifest: SHA1-Digest.
Ensure that the manifest does not have duplicate entries, and
that blank lines separate individual sections in both your
manifest and in the META-INF/MANIFEST.MF entry in the jar file.
Jul 30, 2019 2:10:05 AM java.util.jar.Attributes read
WARNING: Duplicate name in Manifest: SHA1-Digest.
Ensure that the manifest does not have duplicate entries, and
that blank lines separate individual sections in both your
manifest and in the META-INF/MANIFEST.MF entry in the jar file.
Jul 30, 2019 2:10:05 AM java.util.jar.Attributes read
WARNING: Duplicate name in Manifest: SHA1-Digest.
Ensure that the manifest does not have duplicate entries, and
that blank lines separate individual sections in both your
manifest and in the META-INF/MANIFEST.MF entry in the jar file.
Jul 30, 2019 2:10:05 AM java.util.jar.Attributes read
WARNING: Duplicate name in Manifest: SHA1-Digest.
Ensure that the manifest does not have duplicate entries, and
that blank lines separate individual sections in both your
manifest and in the META-INF/MANIFEST.MF entry in the jar file.
Jul 30, 2019 2:10:05 AM java.util.jar.Attributes read
WARNING: Duplicate name in Manifest: SHA1-Digest.
Ensure that the manifest does not have duplicate entries, and
that blank lines separate individual sections in both your
manifest and in the META-INF/MANIFEST.MF entry in the jar file.
Jul 30, 2019 2:10:05 AM java.util.jar.Attributes read
WARNING: Duplicate name in Manifest: SHA1-Digest.
Ensure that the manifest does not have duplicate entries, and
that blank lines separate individual sections in both your
manifest and in the META-INF/MANIFEST.MF entry in the jar file.
Jul 30, 2019 2:10:05 AM java.util.jar.Attributes read
WARNING: Duplicate name in Manifest: SHA1-Digest.
Ensure that the manifest does not have duplicate entries, and
that blank lines separate individual sections in both your
manifest and in the META-INF/MANIFEST.MF entry in the jar file.
Jul 30, 2019 2:10:05 AM java.util.jar.Attributes read
WARNING: Duplicate name in Manifest: SHA1-Digest.
Ensure that the manifest does not have duplicate entries, and
that blank lines separate individual sections in both your
manifest and in the META-INF/MANIFEST.MF entry in the jar file.
Jul 30, 2019 2:10:05 AM java.util.jar.Attributes read
WARNING: Duplicate name in Manifest: SHA1-Digest.
Ensure that the manifest does not have duplicate entries, and
that blank lines separate individual sections in both your
manifest and in the META-INF/MANIFEST.MF entry in the jar file.
Jul 30, 2019 2:10:05 AM java.util.jar.Attributes read
WARNING: Duplicate name in Manifest: SHA1-Digest.
Ensure that the manifest does not have duplicate entries, and
that blank lines separate individual sections in both your
manifest and in the META-INF/MANIFEST.MF entry in the jar file.
Jul 30, 2019 2:10:05 AM java.util.jar.Attributes read
WARNING: Duplicate name in Manifest: SHA1-Digest.
Ensure that the manifest does not have duplicate entries, and
that blank lines separate individual sections in both your
manifest and in the META-INF/MANIFEST.MF entry in the jar file.
Fault localization starts...
Jul 30, 2019 2:10:07 AM java.util.jar.Attributes read
WARNING: Duplicate name in Manifest: SHA1-Digest.
Ensure that the manifest does not have duplicate entries, and
that blank lines separate individual sections in both your
manifest and in the META-INF/MANIFEST.MF entry in the jar file.
Jul 30, 2019 2:10:07 AM java.util.jar.Attributes read
WARNING: Duplicate name in Manifest: SHA1-Digest.
Ensure that the manifest does not have duplicate entries, and
that blank lines separate individual sections in both your
manifest and in the META-INF/MANIFEST.MF entry in the jar file.
Jul 30, 2019 2:10:07 AM java.util.jar.Attributes read
WARNING: Duplicate name in Manifest: SHA1-Digest.
Ensure that the manifest does not have duplicate entries, and
that blank lines separate individual sections in both your
manifest and in the META-INF/MANIFEST.MF entry in the jar file.
Jul 30, 2019 2:10:07 AM java.util.jar.Attributes read
WARNING: Duplicate name in Manifest: SHA1-Digest.
Ensure that the manifest does not have duplicate entries, and
that blank lines separate individual sections in both your
manifest and in the META-INF/MANIFEST.MF entry in the jar file.
Jul 30, 2019 2:10:07 AM java.util.jar.Attributes read
WARNING: Duplicate name in Manifest: SHA1-Digest.
Ensure that the manifest does not have duplicate entries, and
that blank lines separate individual sections in both your
manifest and in the META-INF/MANIFEST.MF entry in the jar file.
Jul 30, 2019 2:10:07 AM java.util.jar.Attributes read
WARNING: Duplicate name in Manifest: SHA1-Digest.
Ensure that the manifest does not have duplicate entries, and
that blank lines separate individual sections in both your
manifest and in the META-INF/MANIFEST.MF entry in the jar file.
Jul 30, 2019 2:10:07 AM java.util.jar.Attributes read
WARNING: Duplicate name in Manifest: SHA1-Digest.
Ensure that the manifest does not have duplicate entries, and
that blank lines separate individual sections in both your
manifest and in the META-INF/MANIFEST.MF entry in the jar file.
Jul 30, 2019 2:10:07 AM java.util.jar.Attributes read
WARNING: Duplicate name in Manifest: SHA1-Digest.
Ensure that the manifest does not have duplicate entries, and
that blank lines separate individual sections in both your
manifest and in the META-INF/MANIFEST.MF entry in the jar file.
Jul 30, 2019 2:10:07 AM java.util.jar.Attributes read
WARNING: Duplicate name in Manifest: SHA1-Digest.
Ensure that the manifest does not have duplicate entries, and
that blank lines separate individual sections in both your
manifest and in the META-INF/MANIFEST.MF entry in the jar file.
Jul 30, 2019 2:10:07 AM java.util.jar.Attributes read
WARNING: Duplicate name in Manifest: SHA1-Digest.
Ensure that the manifest does not have duplicate entries, and
that blank lines separate individual sections in both your
manifest and in the META-INF/MANIFEST.MF entry in the jar file.
Jul 30, 2019 2:10:07 AM java.util.jar.Attributes read
WARNING: Duplicate name in Manifest: SHA1-Digest.
Ensure that the manifest does not have duplicate entries, and
that blank lines separate individual sections in both your
manifest and in the META-INF/MANIFEST.MF entry in the jar file.
Jul 30, 2019 2:10:07 AM java.util.jar.Attributes read
WARNING: Duplicate name in Manifest: SHA1-Digest.
Ensure that the manifest does not have duplicate entries, and
that blank lines separate individual sections in both your
manifest and in the META-INF/MANIFEST.MF entry in the jar file.
Jul 30, 2019 2:10:07 AM java.util.jar.Attributes read
WARNING: Duplicate name in Manifest: SHA1-Digest.
Ensure that the manifest does not have duplicate entries, and
that blank lines separate individual sections in both your
manifest and in the META-INF/MANIFEST.MF entry in the jar file.
Jul 30, 2019 2:10:07 AM java.util.jar.Attributes read
WARNING: Duplicate name in Manifest: SHA1-Digest.
Ensure that the manifest does not have duplicate entries, and
that blank lines separate individual sections in both your
manifest and in the META-INF/MANIFEST.MF entry in the jar file.
Jul 30, 2019 2:10:07 AM java.util.jar.Attributes read
WARNING: Duplicate name in Manifest: SHA1-Digest.
Ensure that the manifest does not have duplicate entries, and
that blank lines separate individual sections in both your
manifest and in the META-INF/MANIFEST.MF entry in the jar file.
Jul 30, 2019 2:10:07 AM java.util.jar.Attributes read
WARNING: Duplicate name in Manifest: SHA1-Digest.
Ensure that the manifest does not have duplicate entries, and
that blank lines separate individual sections in both your
manifest and in the META-INF/MANIFEST.MF entry in the jar file.
Jul 30, 2019 2:10:07 AM java.util.jar.Attributes read
WARNING: Duplicate name in Manifest: SHA1-Digest.
Ensure that the manifest does not have duplicate entries, and
that blank lines separate individual sections in both your
manifest and in the META-INF/MANIFEST.MF entry in the jar file.
Jul 30, 2019 2:10:07 AM java.util.jar.Attributes read
WARNING: Duplicate name in Manifest: SHA1-Digest.
Ensure that the manifest does not have duplicate entries, and
that blank lines separate individual sections in both your
manifest and in the META-INF/MANIFEST.MF entry in the jar file.
Jul 30, 2019 2:10:07 AM java.util.jar.Attributes read
WARNING: Duplicate name in Manifest: SHA1-Digest.
Ensure that the manifest does not have duplicate entries, and
that blank lines separate individual sections in both your
manifest and in the META-INF/MANIFEST.MF entry in the jar file.
Jul 30, 2019 2:10:07 AM java.util.jar.Attributes read
WARNING: Duplicate name in Manifest: SHA1-Digest.
Ensure that the manifest does not have duplicate entries, and
that blank lines separate individual sections in both your
manifest and in the META-INF/MANIFEST.MF entry in the jar file.
Jul 30, 2019 2:10:07 AM java.util.jar.Attributes read
WARNING: Duplicate name in Manifest: SHA1-Digest.
Ensure that the manifest does not have duplicate entries, and
that blank lines separate individual sections in both your
manifest and in the META-INF/MANIFEST.MF entry in the jar file.
Jul 30, 2019 2:10:07 AM java.util.jar.Attributes read
WARNING: Duplicate name in Manifest: SHA1-Digest.
Ensure that the manifest does not have duplicate entries, and
that blank lines separate individual sections in both your
manifest and in the META-INF/MANIFEST.MF entry in the jar file.
Jul 30, 2019 2:10:07 AM java.util.jar.Attributes read
WARNING: Duplicate name in Manifest: SHA1-Digest.
Ensure that the manifest does not have duplicate entries, and
that blank lines separate individual sections in both your
manifest and in the META-INF/MANIFEST.MF entry in the jar file.
Jul 30, 2019 2:10:07 AM java.util.jar.Attributes read
WARNING: Duplicate name in Manifest: SHA1-Digest.
Ensure that the manifest does not have duplicate entries, and
that blank lines separate individual sections in both your
manifest and in the META-INF/MANIFEST.MF entry in the jar file.
Jul 30, 2019 2:10:07 AM java.util.jar.Attributes read
WARNING: Duplicate name in Manifest: SHA1-Digest.
Ensure that the manifest does not have duplicate entries, and
that blank lines separate individual sections in both your
manifest and in the META-INF/MANIFEST.MF entry in the jar file.
Jul 30, 2019 2:10:07 AM java.util.jar.Attributes read
WARNING: Duplicate name in Manifest: SHA1-Digest.
Ensure that the manifest does not have duplicate entries, and
that blank lines separate individual sections in both your
manifest and in the META-INF/MANIFEST.MF entry in the jar file.
Jul 30, 2019 2:10:07 AM java.util.jar.Attributes read
WARNING: Duplicate name in Manifest: SHA1-Digest.
Ensure that the manifest does not have duplicate entries, and
that blank lines separate individual sections in both your
manifest and in the META-INF/MANIFEST.MF entry in the jar file.
Jul 30, 2019 2:10:07 AM java.util.jar.Attributes read
WARNING: Duplicate name in Manifest: SHA1-Digest.
Ensure that the manifest does not have duplicate entries, and
that blank lines separate individual sections in both your
manifest and in the META-INF/MANIFEST.MF entry in the jar file.
Jul 30, 2019 2:10:07 AM java.util.jar.Attributes read
WARNING: Duplicate name in Manifest: SHA1-Digest.
Ensure that the manifest does not have duplicate entries, and
that blank lines separate individual sections in both your
manifest and in the META-INF/MANIFEST.MF entry in the jar file.
Jul 30, 2019 2:10:07 AM java.util.jar.Attributes read
WARNING: Duplicate name in Manifest: SHA1-Digest.
Ensure that the manifest does not have duplicate entries, and
that blank lines separate individual sections in both your
manifest and in the META-INF/MANIFEST.MF entry in the jar file.
Number of positive tests: 2353
Number of negative tests: 1
faulty points number is1101
Fault localization is finished!
AST parsing starts...
AST parsing is finished!
Detection of local variables starts...
Detection of local variables is finished!
Detection of fields starts...
Detection of fields is finished!
Detection of methods starts...
Detection of methods is finished!
Ingredient screener starts...
Ingredient screener is finished!
Initialization of manipulations starts...
Initialization of manipulations is finished!
Filtering of the tests starts...
Number of positive tests considered: 58
Filtering of the tests is finished!
One fitness evaluation starts...
One fitness evaluation starts...
Number of failed tests: 8
Weighted failure rate: 1.0603448275862069
One fitness evaluation is finished...
One fitness evaluation starts...
Number of failed tests: 4
Weighted failure rate: 0.034482758620689655
One fitness evaluation is finished...
One fitness evaluation starts...
One fitness evaluation starts...
Number of failed tests: 9
Weighted failure rate: 1.0689655172413792
One fitness evaluation is finished...
One fitness evaluation starts...
Number of failed tests: 1
Weighted failure rate: 1.0
One fitness evaluation is finished...
One fitness evaluation starts...
One fitness evaluation starts...
Number of failed tests: 4
Weighted failure rate: 1.0258620689655173
One fitness evaluation is finished...
One fitness evaluation starts...
Number of failed tests: 1
Weighted failure rate: 1.0
One fitness evaluation is finished...
One fitness evaluation starts...
One fitness evaluation starts...
One fitness evaluation starts...
One fitness evaluation starts...
Timeout occurs!
One fitness evaluation is finished...
One fitness evaluation starts...
Number of failed tests: 15
Weighted failure rate: 1.1206896551724137
One fitness evaluation is finished...
One fitness evaluation starts...
Number of failed tests: 1
Weighted failure rate: 1.0
One fitness evaluation is finished...
One fitness evaluation starts...
One fitness evaluation starts...
One fitness evaluation starts...
One fitness evaluation starts...
Number of failed tests: 9
Weighted failure rate: 0.07758620689655173
One fitness evaluation is finished...
One fitness evaluation starts...
Compilation fails!
One fitness evaluation is finished...
One fitness evaluation starts...
Number of failed tests: 3
Weighted failure rate: 1.0172413793103448
One fitness evaluation is finished...
One fitness evaluation starts...
One fitness evaluation starts...
One fitness evaluation starts...
Number of failed tests: 4
Weighted failure rate: 1.0258620689655173
One fitness evaluation is finished...
One fitness evaluation starts...
Number of failed tests: 4
Weighted failure rate: 1.0258620689655173
One fitness evaluation is finished...
One fitness evaluation starts...
One fitness evaluation starts...
One fitness evaluation starts...
Number of failed tests: 7
Weighted failure rate: 0.0603448275862069
One fitness evaluation is finished...
One fitness evaluation starts...
One fitness evaluation starts...
One fitness evaluation starts...
One fitness evaluation starts...
Number of failed tests: 1
Weighted failure rate: 1.0
One fitness evaluation is finished...
One fitness evaluation starts...
Number of failed tests: 9
Weighted failure rate: 0.07758620689655173
One fitness evaluation is finished...
One fitness evaluation starts...
Number of failed tests: 9
Weighted failure rate: 0.07758620689655173
One fitness evaluation is finished...
One fitness evaluation starts...
One fitness evaluation starts...
One fitness evaluation starts...
One fitness evaluation starts...
Number of failed tests: 3
Weighted failure rate: 1.0172413793103448
One fitness evaluation is finished...
One fitness evaluation starts...
Compilation fails!
One fitness evaluation is finished...
One fitness evaluation starts...
Timeout occurs!
One fitness evaluation is finished...
One fitness evaluation starts...
One fitness evaluation starts...
Number of failed tests: 1
Weighted failure rate: 1.0
One fitness evaluation is finished...
One fitness evaluation starts...
Timeout occurs!
One fitness evaluation is finished...
One fitness evaluation starts...
Compilation fails!
One fitness evaluation is finished...
One fitness evaluation starts...
One fitness evaluation starts...
Number of failed tests: 14
Weighted failure rate: 0.1206896551724138
One fitness evaluation is finished...
One fitness evaluation starts...
Compilation fails!
One fitness evaluation is finished...
One fitness evaluation starts...
Timeout occurs!
One fitness evaluation is finished...
One fitness evaluation starts...
Number of failed tests: 4
Weighted failure rate: 1.0258620689655173
One fitness evaluation is finished...
One fitness evaluation starts...
Number of failed tests: 7
Weighted failure rate: 0.0603448275862069
One fitness evaluation is finished...
One fitness evaluation starts...
Number of failed tests: 10
Weighted failure rate: 1.0775862068965518
One fitness evaluation is finished...
One fitness evaluation starts...
Compilation fails!
One fitness evaluation is finished...
One fitness evaluation starts...
Timeout occurs!
One fitness evaluation is finished...
One fitness evaluation starts...
Number of failed tests: 9
Weighted failure rate: 0.07758620689655173
One fitness evaluation is finished...
One fitness evaluation starts...
Compilation fails!
One fitness evaluation is finished...
One fitness evaluation starts...
Number of failed tests: 3
Weighted failure rate: 1.0172413793103448
One fitness evaluation is finished...
One fitness evaluation starts...
Number of failed tests: 13
Weighted failure rate: 1.103448275862069
One fitness evaluation is finished...
One fitness evaluation starts...
Number of failed tests: 8
Weighted failure rate: 1.0603448275862069
One fitness evaluation is finished...
One fitness evaluation starts...
Compilation fails!
One fitness evaluation is finished...
One fitness evaluation starts...
Number of failed tests: 1
Weighted failure rate: 1.0
One fitness evaluation is finished...
One fitness evaluation starts...
Number of failed tests: 10
Weighted failure rate: 1.0775862068965518
One fitness evaluation is finished...
One fitness evaluation starts...
Compilation fails!
One fitness evaluation is finished...
One fitness evaluation starts...
Compilation fails!
One fitness evaluation is finished...
One fitness evaluation starts...
Number of failed tests: 12
Weighted failure rate: 0.10344827586206896
One fitness evaluation is finished...
One fitness evaluation starts...
Number of failed tests: 11
Weighted failure rate: 1.0862068965517242
One fitness evaluation is finished...
One fitness evaluation starts...
Compilation fails!
One fitness evaluation is finished...
One fitness evaluation starts...
Number of failed tests: 21
Weighted failure rate: 1.1724137931034484
One fitness evaluation is finished...
One fitness evaluation starts...
Number of failed tests: 9
Weighted failure rate: 0.07758620689655173
One fitness evaluation is finished...
One fitness evaluation starts...
Number of failed tests: 1
Weighted failure rate: 1.0
One fitness evaluation is finished...
One fitness evaluation starts...
Number of failed tests: 9
Weighted failure rate: 0.07758620689655173
One fitness evaluation is finished...
One fitness evaluation starts...
Compilation fails!
One fitness evaluation is finished...
One fitness evaluation starts...
Number of failed tests: 9
Weighted failure rate: 0.07758620689655173
One fitness evaluation is finished...
One fitness evaluation starts...
Number of failed tests: 17
Weighted failure rate: 1.1379310344827587
One fitness evaluation is finished...
One fitness evaluation starts...
Number of failed tests: 4
Weighted failure rate: 1.0258620689655173
One fitness evaluation is finished...
One fitness evaluation starts...
Number of failed tests: 8
Weighted failure rate: 1.0603448275862069
One fitness evaluation is finished...
One fitness evaluation starts...
Number of failed tests: 6
Weighted failure rate: 0.05172413793103448
One fitness evaluation is finished...
One fitness evaluation starts...
Number of failed tests: 3
Weighted failure rate: 1.0172413793103448
One fitness evaluation is finished...
One fitness evaluation starts...
One fitness evaluation starts...
Compilation fails!
One fitness evaluation is finished...
One fitness evaluation starts...
Number of failed tests: 1
Weighted failure rate: 1.0
One fitness evaluation is finished...
One fitness evaluation starts...
One fitness evaluation starts...
Number of failed tests: 12
Weighted failure rate: 1.0948275862068966
One fitness evaluation is finished...
One fitness evaluation starts...
Compilation fails!
One fitness evaluation is finished...
One fitness evaluation starts...
Compilation fails!
One fitness evaluation is finished...
One fitness evaluation starts...
Compilation fails!
One fitness evaluation is finished...
One fitness evaluation starts...
One fitness evaluation starts...
Number of failed tests: 9
Weighted failure rate: 0.07758620689655173
One fitness evaluation is finished...
One fitness evaluation starts...
Number of failed tests: 1
Weighted failure rate: 1.0
One fitness evaluation is finished...
One fitness evaluation starts...
Number of failed tests: 9
Weighted failure rate: 0.07758620689655173
One fitness evaluation is finished...
One fitness evaluation starts...
Number of failed tests: 3
Weighted failure rate: 1.0172413793103448
One fitness evaluation is finished...
One fitness evaluation starts...
Number of failed tests: 3
Weighted failure rate: 1.0172413793103448
One fitness evaluation is finished...
One fitness evaluation starts...
Number of failed tests: 1
Weighted failure rate: 1.0
One fitness evaluation is finished...
One fitness evaluation starts...
Number of failed tests: 1
Weighted failure rate: 1.0
One fitness evaluation is finished...
One fitness evaluation starts...
Number of failed tests: 12
Weighted failure rate: 1.0948275862068966
One fitness evaluation is finished...
One fitness evaluation starts...
Number of failed tests: 12
Weighted failure rate: 1.0948275862068966
One fitness evaluation is finished...
One fitness evaluation starts...
Number of failed tests: 16
Weighted failure rate: 1.1293103448275863
One fitness evaluation is finished...
One fitness evaluation starts...
Compilation fails!
One fitness evaluation is finished...
One fitness evaluation starts...
Compilation fails!
One fitness evaluation is finished...
One fitness evaluation starts...
Number of failed tests: 17
Weighted failure rate: 1.1379310344827587
One fitness evaluation is finished...
One fitness evaluation starts...
Compilation fails!
One fitness evaluation is finished...
One fitness evaluation starts...
Number of failed tests: 14
Weighted failure rate: 1.1120689655172413
One fitness evaluation is finished...
One fitness evaluation starts...
One fitness evaluation starts...
Number of failed tests: 5
Weighted failure rate: 0.04310344827586207
One fitness evaluation is finished...
One fitness evaluation starts...
Number of failed tests: 10
Weighted failure rate: 1.0775862068965518
One fitness evaluation is finished...
One fitness evaluation starts...
Number of failed tests: 9
Weighted failure rate: 0.07758620689655173
One fitness evaluation is finished...
One fitness evaluation starts...
Number of failed tests: 18
Weighted failure rate: 1.146551724137931
One fitness evaluation is finished...
One fitness evaluation starts...
Number of failed tests: 9
Weighted failure rate: 0.07758620689655173
One fitness evaluation is finished...
One fitness evaluation starts...
Number of failed tests: 1
Weighted failure rate: 1.0
One fitness evaluation is finished...
One fitness evaluation starts...
Number of failed tests: 11
Weighted failure rate: 0.09482758620689655
One fitness evaluation is finished...
One fitness evaluation starts...
Number of failed tests: 10
Weighted failure rate: 0.08620689655172414
One fitness evaluation is finished...
One fitness evaluation starts...
Number of failed tests: 4
Weighted failure rate: 1.0258620689655173
One fitness evaluation is finished...
One fitness evaluation starts...
Compilation fails!
One fitness evaluation is finished...
One fitness evaluation starts...
Number of failed tests: 9
Weighted failure rate: 0.07758620689655173
One fitness evaluation is finished...
One fitness evaluation starts...
Number of failed tests: 4
Weighted failure rate: 1.0258620689655173
One fitness evaluation is finished...
One fitness evaluation starts...
Number of failed tests: 17
Weighted failure rate: 1.1379310344827587
One fitness evaluation is finished...
One fitness evaluation starts...
Number of failed tests: 1
Weighted failure rate: 1.0
One fitness evaluation is finished...
One fitness evaluation starts...
Compilation fails!
One fitness evaluation is finished...
One fitness evaluation starts...
One fitness evaluation starts...
Timeout occurs!
One fitness evaluation is finished...
One fitness evaluation starts...
Compilation fails!
One fitness evaluation is finished...
One fitness evaluation starts...
Number of failed tests: 6
Weighted failure rate: 0.05172413793103448
One fitness evaluation is finished...
One fitness evaluation starts...
Number of failed tests: 9
Weighted failure rate: 0.07758620689655173
One fitness evaluation is finished...
One fitness evaluation starts...
Number of failed tests: 3
Weighted failure rate: 1.0172413793103448
One fitness evaluation is finished...
One fitness evaluation starts...
Number of failed tests: 10
Weighted failure rate: 1.0775862068965518
One fitness evaluation is finished...
One fitness evaluation starts...
Number of failed tests: 9
Weighted failure rate: 0.07758620689655173
One fitness evaluation is finished...
One fitness evaluation starts...
Number of failed tests: 9
Weighted failure rate: 0.07758620689655173
One fitness evaluation is finished...
One fitness evaluation starts...
Number of failed tests: 7
Weighted failure rate: 1.0517241379310345
One fitness evaluation is finished...
One fitness evaluation starts...
Number of failed tests: 1
Weighted failure rate: 1.0
One fitness evaluation is finished...
One fitness evaluation starts...
Number of failed tests: 15
Weighted failure rate: 1.1206896551724137
One fitness evaluation is finished...
One fitness evaluation starts...
Compilation fails!
One fitness evaluation is finished...
One fitness evaluation starts...
Timeout occurs!
One fitness evaluation is finished...
One fitness evaluation starts...
Timeout occurs!
One fitness evaluation is finished...
One fitness evaluation starts...
Timeout occurs!
One fitness evaluation is finished...
One fitness evaluation starts...
Number of failed tests: 9
Weighted failure rate: 0.07758620689655173
One fitness evaluation is finished...
One fitness evaluation starts...
Number of failed tests: 8
Weighted failure rate: 1.0603448275862069
One fitness evaluation is finished...
One fitness evaluation starts...
Number of failed tests: 9
Weighted failure rate: 0.07758620689655173
One fitness evaluation is finished...
One fitness evaluation starts...
One fitness evaluation starts...
Compilation fails!
One fitness evaluation is finished...
One fitness evaluation starts...
Number of failed tests: 4
Weighted failure rate: 1.0258620689655173
One fitness evaluation is finished...
One fitness evaluation starts...
Compilation fails!
One fitness evaluation is finished...
One fitness evaluation starts...
Compilation fails!
One fitness evaluation is finished...
One fitness evaluation starts...
Number of failed tests: 1
Weighted failure rate: 1.0
One fitness evaluation is finished...
One fitness evaluation starts...
Number of failed tests: 1
Weighted failure rate: 1.0
One fitness evaluation is finished...
One fitness evaluation starts...
Number of failed tests: 8
Weighted failure rate: 1.0603448275862069
One fitness evaluation is finished...
One fitness evaluation starts...
One fitness evaluation starts...
Number of failed tests: 9
Weighted failure rate: 1.0689655172413792
One fitness evaluation is finished...
One fitness evaluation starts...
Number of failed tests: 26
Weighted failure rate: 1.2155172413793103
One fitness evaluation is finished...
One fitness evaluation starts...
Number of failed tests: 9
Weighted failure rate: 0.07758620689655173
One fitness evaluation is finished...
One fitness evaluation starts...
Compilation fails!
One fitness evaluation is finished...
One fitness evaluation starts...
Timeout occurs!
One fitness evaluation is finished...
One fitness evaluation starts...
Number of failed tests: 9
Weighted failure rate: 0.07758620689655173
One fitness evaluation is finished...
One fitness evaluation starts...
Number of failed tests: 1
Weighted failure rate: 1.0
One fitness evaluation is finished...
One fitness evaluation starts...
Number of failed tests: 3
Weighted failure rate: 1.0172413793103448
One fitness evaluation is finished...
One fitness evaluation starts...
Number of failed tests: 8
Weighted failure rate: 1.0603448275862069
One fitness evaluation is finished...
One fitness evaluation starts...
Timeout occurs!
One fitness evaluation is finished...
One fitness evaluation starts...
Number of failed tests: 3
Weighted failure rate: 1.0172413793103448
One fitness evaluation is finished...
One fitness evaluation starts...
One fitness evaluation starts...
Number of failed tests: 21
Weighted failure rate: 1.1724137931034484
One fitness evaluation is finished...
One fitness evaluation starts...
Compilation fails!
One fitness evaluation is finished...
One fitness evaluation starts...
Number of failed tests: 9
Weighted failure rate: 0.07758620689655173
One fitness evaluation is finished...
One fitness evaluation starts...
Number of failed tests: 16
Weighted failure rate: 1.1293103448275863
One fitness evaluation is finished...
One fitness evaluation starts...
Compilation fails!
One fitness evaluation is finished...
One fitness evaluation starts...
Number of failed tests: 7
Weighted failure rate: 0.0603448275862069
One fitness evaluation is finished...
One fitness evaluation starts...
Number of failed tests: 4
Weighted failure rate: 1.0258620689655173
One fitness evaluation is finished...
One fitness evaluation starts...
Number of failed tests: 1
Weighted failure rate: 1.0
One fitness evaluation is finished...
One fitness evaluation starts...
Number of failed tests: 9
Weighted failure rate: 0.07758620689655173
One fitness evaluation is finished...
One fitness evaluation starts...
Number of failed tests: 9
Weighted failure rate: 0.07758620689655173
One fitness evaluation is finished...
One fitness evaluation starts...
Compilation fails!
One fitness evaluation is finished...
One fitness evaluation starts...
Number of failed tests: 1
Weighted failure rate: 1.0
One fitness evaluation is finished...
One fitness evaluation starts...
Number of failed tests: 9
Weighted failure rate: 0.07758620689655173
One fitness evaluation is finished...
One fitness evaluation starts...
Number of failed tests: 1
Weighted failure rate: 1.0
One fitness evaluation is finished...
One fitness evaluation starts...
Number of failed tests: 6
Weighted failure rate: 0.05172413793103448
One fitness evaluation is finished...
One fitness evaluation starts...
Number of failed tests: 3
Weighted failure rate: 1.0172413793103448
One fitness evaluation is finished...
One fitness evaluation starts...
Timeout occurs!
One fitness evaluation is finished...
One fitness evaluation starts...
Number of failed tests: 9
Weighted failure rate: 0.07758620689655173
One fitness evaluation is finished...
One fitness evaluation starts...
Number of failed tests: 4
Weighted failure rate: 0.034482758620689655
One fitness evaluation is finished...
One fitness evaluation starts...
Number of failed tests: 8
Weighted failure rate: 1.0603448275862069
One fitness evaluation is finished...
One fitness evaluation starts...
Compilation fails!
One fitness evaluation is finished...
One fitness evaluation starts...
One fitness evaluation starts...
Number of failed tests: 11
Weighted failure rate: 1.0862068965517242
One fitness evaluation is finished...
One fitness evaluation starts...
Number of failed tests: 1
Weighted failure rate: 1.0
One fitness evaluation is finished...
One fitness evaluation starts...
Compilation fails!
One fitness evaluation is finished...
One fitness evaluation starts...
Timeout occurs!
One fitness evaluation is finished...
One fitness evaluation starts...
Number of failed tests: 7
Weighted failure rate: 0.0603448275862069
One fitness evaluation is finished...
One fitness evaluation starts...
Number of failed tests: 9
Weighted failure rate: 0.07758620689655173
One fitness evaluation is finished...
One fitness evaluation starts...
Compilation fails!
One fitness evaluation is finished...
One fitness evaluation starts...
Number of failed tests: 9
Weighted failure rate: 0.07758620689655173
One fitness evaluation is finished...
One fitness evaluation starts...
Compilation fails!
One fitness evaluation is finished...
One fitness evaluation starts...
Number of failed tests: 1
Weighted failure rate: 1.0
One fitness evaluation is finished...
One fitness evaluation starts...
Number of failed tests: 1
Weighted failure rate: 1.0
One fitness evaluation is finished...
One fitness evaluation starts...
Number of failed tests: 1
Weighted failure rate: 1.0
One fitness evaluation is finished...
One fitness evaluation starts...
Number of failed tests: 1
Weighted failure rate: 1.0
One fitness evaluation is finished...
One fitness evaluation starts...
Number of failed tests: 9
Weighted failure rate: 1.0689655172413792
One fitness evaluation is finished...
One fitness evaluation starts...
Compilation fails!
One fitness evaluation is finished...
One fitness evaluation starts...
Number of failed tests: 9
Weighted failure rate: 0.07758620689655173
One fitness evaluation is finished...
One fitness evaluation starts...
Number of failed tests: 18
Weighted failure rate: 1.146551724137931
One fitness evaluation is finished...
One fitness evaluation starts...
Number of failed tests: 4
Weighted failure rate: 0.034482758620689655
One fitness evaluation is finished...
One fitness evaluation starts...
Number of failed tests: 1
Weighted failure rate: 1.0
One fitness evaluation is finished...
One fitness evaluation starts...
Number of failed tests: 13
Weighted failure rate: 1.103448275862069
One fitness evaluation is finished...
One fitness evaluation starts...
Compilation fails!
One fitness evaluation is finished...
One fitness evaluation starts...
Timeout occurs!
One fitness evaluation is finished...
One fitness evaluation starts...
Number of failed tests: 9
Weighted failure rate: 0.07758620689655173
One fitness evaluation is finished...
One fitness evaluation starts...
Number of failed tests: 9
Weighted failure rate: 0.07758620689655173
One fitness evaluation is finished...
One fitness evaluation starts...
Number of failed tests: 17
Weighted failure rate: 1.1379310344827587
One fitness evaluation is finished...
One fitness evaluation starts...
Timeout occurs!
One fitness evaluation is finished...
One fitness evaluation starts...
Number of failed tests: 1
Weighted failure rate: 1.0
One fitness evaluation is finished...
One fitness evaluation starts...
Timeout occurs!
One fitness evaluation is finished...
One fitness evaluation starts...
Number of failed tests: 19
Weighted failure rate: 1.1551724137931034
One fitness evaluation is finished...
One fitness evaluation starts...
Number of failed tests: 4
Weighted failure rate: 0.034482758620689655
One fitness evaluation is finished...
One fitness evaluation starts...
Number of failed tests: 18
Weighted failure rate: 1.146551724137931
One fitness evaluation is finished...
One fitness evaluation starts...
Number of failed tests: 9
Weighted failure rate: 0.07758620689655173
One fitness evaluation is finished...
One fitness evaluation starts...
One fitness evaluation starts...
Number of failed tests: 9
Weighted failure rate: 0.07758620689655173
One fitness evaluation is finished...
One fitness evaluation starts...
Timeout occurs!
One fitness evaluation is finished...
One fitness evaluation starts...
Number of failed tests: 0
Weighted failure rate: 0.0
NR_RIGHT_COMPILATIONS=149
NR_FAILLING_COMPILATIONS=35
OUTPUT_STATUS=STOP_BY_PATCH_FOUND


Node: ubuntu



Date: Tue Jul 30 02:39:02 EDT 2019

