cd /tmp/jMutRepair_Defects4J_Lang_51;
export JAVA_TOOL_OPTIONS="-Dfile.encoding=UTF8 -Duser.language=en-US -Duser.country=US -Duser.language=en";
TZ="America/New_York"; export TZ;
export PATH="/home/wp/tool/jdk1.8.0_71/bin/:$PATH";
export JAVA_HOME="/home/wp/tool/jdk1.8.0_71/bin/";
time java -Xmx1g -Xms1g -cp /home/wp/RepairThemAll/script/../libs/jtestex7.jar:/home/wp/RepairThemAll/script/../repair_tools/astor.jar fr.inria.main.evolution.AstorMain \
	-mode jMutRepair \
        -benchmark Defects4J \
	-location . \
	-id Lang-51 \
	-failing org.apache.commons.lang.BooleanUtilsTest \
	-jvm4testexecution /home/wp/tool/jdk1.7.0_80/bin/ \
	-jvm4evosuitetestexecution /home/wp/tool/jdk1.7.0_80/bin/ \
	-maxgen 1000000 \
	-maxtime 120 \
	-stopfirst true \
	-seed 0 \
	-scope local \
	-population 1 \
	-javacompliancelevel 7 \
	-srcjavafolder src/java/ \
	-srctestfolder src/test/ \
	-binjavafolder target/classes/ \
	-bintestfolder target/tests/ \
	-parameters x:x \
	-dependencies /tmp/jMutRepair_Defects4J_Lang_51/target/classes/:/tmp/jMutRepair_Defects4J_Lang_51/target/tests/:/home/wp/RepairThemAll/script/../benchmarks/defects4j/framework/projects/Lang/lib/asm.jar:/home/wp/RepairThemAll/script/../benchmarks/defects4j/framework/projects/Lang/lib/easymock.jar:/home/wp/RepairThemAll/script/../benchmarks/defects4j/framework/projects/Lang/lib/commons-io.jar:/home/wp/RepairThemAll/script/../benchmarks/defects4j/framework/projects/Lang/lib/cglib.jar:/home/wp/RepairThemAll/script/../benchmarks/defects4j/framework/projects/lib/junit-4.11.jar;
	echo "\n\nNode: `hostname`\n";
	echo "\n\nDate: `date`\n";
Picked up JAVA_TOOL_OPTIONS: -Dfile.encoding=UTF8 -Duser.language=en-US -Duser.country=US -Duser.language=en
Java HotSpot(TM) 64-Bit Server VM warning: INFO: os::commit_memory(0x00000000d5550000, 715849728, 0) failed; error='Cannot allocate memory' (errno=12)
#
# There is insufficient memory for the Java Runtime Environment to continue.
# Native memory allocation (mmap) failed to map 715849728 bytes for committing reserved memory.
# An error report file with more information is saved as:
# /tmp/jMutRepair_Defects4J_Lang_51/hs_err_pid106518.log
Command exited with non-zero status 1
0.00user 0.02system 0:02.23elapsed 1%CPU (0avgtext+0avgdata 15344maxresident)k
27656inputs+104outputs (76major+1403minor)pagefaults 0swaps


Node: ubuntu



Date: Tue Jul 16 08:57:50 EDT 2019

