cd /tmp/Cardumen_Defects4J_Chart_9;
export JAVA_TOOL_OPTIONS="-Dfile.encoding=UTF8 -Duser.language=en-US -Duser.country=US -Duser.language=en";
TZ="America/New_York"; export TZ;
export PATH="/home/kaka/tool/jdk1.8.0_71/bin:$PATH";
export JAVA_HOME="/home/kaka/tool/jdk1.8.0_71/bin";
time java -Xmx1g -Xms1g -cp /home/kaka/Desktop/RepairThemAll/script/../libs/jtestex7.jar:/home/kaka/Desktop/RepairThemAll/script/../repair_tools/astor.jar fr.inria.main.evolution.AstorMain \
	-mode cardumen \
	-benchmark Defects4J \
	-location . \
	-id Chart-9 \
	-failing org.jfree.data.time.junit.TimeSeriesTests \
	-jvm4testexecution /home/kaka/tool/jdk1.7.0_80/bin \
	-jvm4evosuitetestexecution /home/kaka/tool/jdk1.7.0_80/bin \
	-maxgen 1000000 \
	-maxtime 120 \
	-stopfirst true \
	-seed 0 \
	-scope local \
	-population 1 \
	-javacompliancelevel 4 \
	-srcjavafolder source/ \
	-srctestfolder tests/ \
	-binjavafolder build/ \
	-bintestfolder build-tests/ \
	-parameters x:x:maxCombinationVariableLimit:true:maxVarCombination:1000 \
	-dependencies /tmp/Cardumen_Defects4J_Chart_9/build/:/tmp/Cardumen_Defects4J_Chart_9/build-tests/:/tmp/Cardumen_Defects4J_Chart_9/lib/junit.jar:/tmp/Cardumen_Defects4J_Chart_9/lib/servlet.jar:/tmp/Cardumen_Defects4J_Chart_9/lib/itext-2.0.6.jar:/home/kaka/Desktop/RepairThemAll/script/../benchmarks/defects4j/framework/projects/lib/junit-4.11.jar;
	echo "\n\nNode: `hostname`\n";
	echo "\n\nDate: `date`\n";
Picked up JAVA_TOOL_OPTIONS: -Dfile.encoding=UTF8 -Duser.language=en-US -Duser.country=US -Duser.language=en
Jun 16, 2019 12:00:49 PM java.util.jar.Attributes read
WARNING: Duplicate name in Manifest: SHA-256-Digest.
Ensure that the manifest does not have duplicate entries, and
that blank lines separate individual sections in both your
manifest and in the META-INF/MANIFEST.MF entry in the jar file.
Jun 16, 2019 12:00:49 PM java.util.jar.Attributes read
WARNING: Duplicate name in Manifest: SHA-256-Digest.
Ensure that the manifest does not have duplicate entries, and
that blank lines separate individual sections in both your
manifest and in the META-INF/MANIFEST.MF entry in the jar file.
Jun 16, 2019 12:00:49 PM java.util.jar.Attributes read
WARNING: Duplicate name in Manifest: SHA-256-Digest.
Ensure that the manifest does not have duplicate entries, and
that blank lines separate individual sections in both your
manifest and in the META-INF/MANIFEST.MF entry in the jar file.
Jun 16, 2019 12:00:49 PM java.util.jar.Attributes read
WARNING: Duplicate name in Manifest: SHA-256-Digest.
Ensure that the manifest does not have duplicate entries, and
that blank lines separate individual sections in both your
manifest and in the META-INF/MANIFEST.MF entry in the jar file.
Jun 16, 2019 12:00:49 PM java.util.jar.Attributes read
WARNING: Duplicate name in Manifest: SHA-256-Digest.
Ensure that the manifest does not have duplicate entries, and
that blank lines separate individual sections in both your
manifest and in the META-INF/MANIFEST.MF entry in the jar file.
Jun 16, 2019 12:00:49 PM java.util.jar.Attributes read
WARNING: Duplicate name in Manifest: SHA-256-Digest.
Ensure that the manifest does not have duplicate entries, and
that blank lines separate individual sections in both your
manifest and in the META-INF/MANIFEST.MF entry in the jar file.
Jun 16, 2019 12:00:49 PM java.util.jar.Attributes read
WARNING: Duplicate name in Manifest: SHA-256-Digest.
Ensure that the manifest does not have duplicate entries, and
that blank lines separate individual sections in both your
manifest and in the META-INF/MANIFEST.MF entry in the jar file.
Jun 16, 2019 12:00:49 PM java.util.jar.Attributes read
WARNING: Duplicate name in Manifest: SHA-256-Digest.
Ensure that the manifest does not have duplicate entries, and
that blank lines separate individual sections in both your
manifest and in the META-INF/MANIFEST.MF entry in the jar file.
Jun 16, 2019 12:00:49 PM java.util.jar.Attributes read
WARNING: Duplicate name in Manifest: SHA-256-Digest.
Ensure that the manifest does not have duplicate entries, and
that blank lines separate individual sections in both your
manifest and in the META-INF/MANIFEST.MF entry in the jar file.
Jun 16, 2019 12:00:49 PM java.util.jar.Attributes read
WARNING: Duplicate name in Manifest: SHA-256-Digest.
Ensure that the manifest does not have duplicate entries, and
that blank lines separate individual sections in both your
manifest and in the META-INF/MANIFEST.MF entry in the jar file.
Jun 16, 2019 12:00:49 PM java.util.jar.Attributes read
WARNING: Duplicate name in Manifest: SHA-256-Digest.
Ensure that the manifest does not have duplicate entries, and
that blank lines separate individual sections in both your
manifest and in the META-INF/MANIFEST.MF entry in the jar file.
Jun 16, 2019 12:00:49 PM java.util.jar.Attributes read
WARNING: Duplicate name in Manifest: SHA-256-Digest.
Ensure that the manifest does not have duplicate entries, and
that blank lines separate individual sections in both your
manifest and in the META-INF/MANIFEST.MF entry in the jar file.
Jun 16, 2019 12:00:49 PM java.util.jar.Attributes read
WARNING: Duplicate name in Manifest: SHA-256-Digest.
Ensure that the manifest does not have duplicate entries, and
that blank lines separate individual sections in both your
manifest and in the META-INF/MANIFEST.MF entry in the jar file.
Jun 16, 2019 12:00:49 PM java.util.jar.Attributes read
WARNING: Duplicate name in Manifest: SHA-256-Digest.
Ensure that the manifest does not have duplicate entries, and
that blank lines separate individual sections in both your
manifest and in the META-INF/MANIFEST.MF entry in the jar file.
Jun 16, 2019 12:00:49 PM java.util.jar.Attributes read
WARNING: Duplicate name in Manifest: SHA-256-Digest.
Ensure that the manifest does not have duplicate entries, and
that blank lines separate individual sections in both your
manifest and in the META-INF/MANIFEST.MF entry in the jar file.
Jun 16, 2019 12:00:49 PM java.util.jar.Attributes read
WARNING: Duplicate name in Manifest: SHA-256-Digest.
Ensure that the manifest does not have duplicate entries, and
that blank lines separate individual sections in both your
manifest and in the META-INF/MANIFEST.MF entry in the jar file.
Jun 16, 2019 12:00:49 PM java.util.jar.Attributes read
WARNING: Duplicate name in Manifest: SHA-256-Digest.
Ensure that the manifest does not have duplicate entries, and
that blank lines separate individual sections in both your
manifest and in the META-INF/MANIFEST.MF entry in the jar file.
Jun 16, 2019 12:00:49 PM java.util.jar.Attributes read
WARNING: Duplicate name in Manifest: SHA-256-Digest.
Ensure that the manifest does not have duplicate entries, and
that blank lines separate individual sections in both your
manifest and in the META-INF/MANIFEST.MF entry in the jar file.
Jun 16, 2019 12:00:49 PM java.util.jar.Attributes read
WARNING: Duplicate name in Manifest: SHA-256-Digest.
Ensure that the manifest does not have duplicate entries, and
that blank lines separate individual sections in both your
manifest and in the META-INF/MANIFEST.MF entry in the jar file.
Jun 16, 2019 12:00:49 PM java.util.jar.Attributes read
WARNING: Duplicate name in Manifest: SHA-256-Digest.
Ensure that the manifest does not have duplicate entries, and
that blank lines separate individual sections in both your
manifest and in the META-INF/MANIFEST.MF entry in the jar file.
Jun 16, 2019 12:00:49 PM java.util.jar.Attributes read
WARNING: Duplicate name in Manifest: SHA-256-Digest.
Ensure that the manifest does not have duplicate entries, and
that blank lines separate individual sections in both your
manifest and in the META-INF/MANIFEST.MF entry in the jar file.
Jun 16, 2019 12:00:49 PM java.util.jar.Attributes read
WARNING: Duplicate name in Manifest: SHA-256-Digest.
Ensure that the manifest does not have duplicate entries, and
that blank lines separate individual sections in both your
manifest and in the META-INF/MANIFEST.MF entry in the jar file.
Jun 16, 2019 12:00:49 PM java.util.jar.Attributes read
WARNING: Duplicate name in Manifest: SHA-256-Digest.
Ensure that the manifest does not have duplicate entries, and
that blank lines separate individual sections in both your
manifest and in the META-INF/MANIFEST.MF entry in the jar file.
Jun 16, 2019 12:00:49 PM java.util.jar.Attributes read
WARNING: Duplicate name in Manifest: SHA-256-Digest.
Ensure that the manifest does not have duplicate entries, and
that blank lines separate individual sections in both your
manifest and in the META-INF/MANIFEST.MF entry in the jar file.
Jun 16, 2019 12:00:49 PM java.util.jar.Attributes read
WARNING: Duplicate name in Manifest: SHA-256-Digest.
Ensure that the manifest does not have duplicate entries, and
that blank lines separate individual sections in both your
manifest and in the META-INF/MANIFEST.MF entry in the jar file.
Jun 16, 2019 12:00:49 PM java.util.jar.Attributes read
WARNING: Duplicate name in Manifest: SHA-256-Digest.
Ensure that the manifest does not have duplicate entries, and
that blank lines separate individual sections in both your
manifest and in the META-INF/MANIFEST.MF entry in the jar file.
Jun 16, 2019 12:00:49 PM java.util.jar.Attributes read
WARNING: Duplicate name in Manifest: SHA-256-Digest.
Ensure that the manifest does not have duplicate entries, and
that blank lines separate individual sections in both your
manifest and in the META-INF/MANIFEST.MF entry in the jar file.
Jun 16, 2019 12:00:49 PM java.util.jar.Attributes read
WARNING: Duplicate name in Manifest: SHA-256-Digest.
Ensure that the manifest does not have duplicate entries, and
that blank lines separate individual sections in both your
manifest and in the META-INF/MANIFEST.MF entry in the jar file.
Jun 16, 2019 12:00:49 PM java.util.jar.Attributes read
WARNING: Duplicate name in Manifest: SHA-256-Digest.
Ensure that the manifest does not have duplicate entries, and
that blank lines separate individual sections in both your
manifest and in the META-INF/MANIFEST.MF entry in the jar file.
Jun 16, 2019 12:00:49 PM java.util.jar.Attributes read
WARNING: Duplicate name in Manifest: SHA-256-Digest.
Ensure that the manifest does not have duplicate entries, and
that blank lines separate individual sections in both your
manifest and in the META-INF/MANIFEST.MF entry in the jar file.
Jun 16, 2019 12:00:49 PM java.util.jar.Attributes read
WARNING: Duplicate name in Manifest: SHA-256-Digest.
Ensure that the manifest does not have duplicate entries, and
that blank lines separate individual sections in both your
manifest and in the META-INF/MANIFEST.MF entry in the jar file.
Jun 16, 2019 12:00:49 PM java.util.jar.Attributes read
WARNING: Duplicate name in Manifest: SHA-256-Digest.
Ensure that the manifest does not have duplicate entries, and
that blank lines separate individual sections in both your
manifest and in the META-INF/MANIFEST.MF entry in the jar file.
Jun 16, 2019 12:00:49 PM java.util.jar.Attributes read
WARNING: Duplicate name in Manifest: SHA-256-Digest.
Ensure that the manifest does not have duplicate entries, and
that blank lines separate individual sections in both your
manifest and in the META-INF/MANIFEST.MF entry in the jar file.
Jun 16, 2019 12:00:49 PM java.util.jar.Attributes read
WARNING: Duplicate name in Manifest: SHA-256-Digest.
Ensure that the manifest does not have duplicate entries, and
that blank lines separate individual sections in both your
manifest and in the META-INF/MANIFEST.MF entry in the jar file.
Jun 16, 2019 12:00:49 PM java.util.jar.Attributes read
WARNING: Duplicate name in Manifest: SHA-256-Digest.
Ensure that the manifest does not have duplicate entries, and
that blank lines separate individual sections in both your
manifest and in the META-INF/MANIFEST.MF entry in the jar file.
Jun 16, 2019 12:00:49 PM java.util.jar.Attributes read
WARNING: Duplicate name in Manifest: SHA-256-Digest.
Ensure that the manifest does not have duplicate entries, and
that blank lines separate individual sections in both your
manifest and in the META-INF/MANIFEST.MF entry in the jar file.
Jun 16, 2019 12:00:49 PM java.util.jar.Attributes read
WARNING: Duplicate name in Manifest: SHA-256-Digest.
Ensure that the manifest does not have duplicate entries, and
that blank lines separate individual sections in both your
manifest and in the META-INF/MANIFEST.MF entry in the jar file.
Jun 16, 2019 12:00:49 PM java.util.jar.Attributes read
WARNING: Duplicate name in Manifest: SHA-256-Digest.
Ensure that the manifest does not have duplicate entries, and
that blank lines separate individual sections in both your
manifest and in the META-INF/MANIFEST.MF entry in the jar file.
Jun 16, 2019 12:00:49 PM java.util.jar.Attributes read
WARNING: Duplicate name in Manifest: SHA-256-Digest.
Ensure that the manifest does not have duplicate entries, and
that blank lines separate individual sections in both your
manifest and in the META-INF/MANIFEST.MF entry in the jar file.
Jun 16, 2019 12:00:49 PM java.util.jar.Attributes read
WARNING: Duplicate name in Manifest: SHA-256-Digest.
Ensure that the manifest does not have duplicate entries, and
that blank lines separate individual sections in both your
manifest and in the META-INF/MANIFEST.MF entry in the jar file.
Jun 16, 2019 12:00:49 PM java.util.jar.Attributes read
WARNING: Duplicate name in Manifest: SHA-256-Digest.
Ensure that the manifest does not have duplicate entries, and
that blank lines separate individual sections in both your
manifest and in the META-INF/MANIFEST.MF entry in the jar file.
Jun 16, 2019 12:00:49 PM java.util.jar.Attributes read
WARNING: Duplicate name in Manifest: SHA-256-Digest.
Ensure that the manifest does not have duplicate entries, and
that blank lines separate individual sections in both your
manifest and in the META-INF/MANIFEST.MF entry in the jar file.
Jun 16, 2019 12:00:49 PM java.util.jar.Attributes read
WARNING: Duplicate name in Manifest: SHA-256-Digest.
Ensure that the manifest does not have duplicate entries, and
that blank lines separate individual sections in both your
manifest and in the META-INF/MANIFEST.MF entry in the jar file.
Jun 16, 2019 12:00:49 PM java.util.jar.Attributes read
WARNING: Duplicate name in Manifest: SHA-256-Digest.
Ensure that the manifest does not have duplicate entries, and
that blank lines separate individual sections in both your
manifest and in the META-INF/MANIFEST.MF entry in the jar file.
Jun 16, 2019 12:00:49 PM java.util.jar.Attributes read
WARNING: Duplicate name in Manifest: SHA-256-Digest.
Ensure that the manifest does not have duplicate entries, and
that blank lines separate individual sections in both your
manifest and in the META-INF/MANIFEST.MF entry in the jar file.
Jun 16, 2019 12:00:49 PM java.util.jar.Attributes read
WARNING: Duplicate name in Manifest: SHA-256-Digest.
Ensure that the manifest does not have duplicate entries, and
that blank lines separate individual sections in both your
manifest and in the META-INF/MANIFEST.MF entry in the jar file.
Jun 16, 2019 12:00:49 PM java.util.jar.Attributes read
WARNING: Duplicate name in Manifest: SHA-256-Digest.
Ensure that the manifest does not have duplicate entries, and
that blank lines separate individual sections in both your
manifest and in the META-INF/MANIFEST.MF entry in the jar file.
Jun 16, 2019 12:00:49 PM java.util.jar.Attributes read
WARNING: Duplicate name in Manifest: SHA-256-Digest.
Ensure that the manifest does not have duplicate entries, and
that blank lines separate individual sections in both your
manifest and in the META-INF/MANIFEST.MF entry in the jar file.
Jun 16, 2019 12:00:49 PM java.util.jar.Attributes read
WARNING: Duplicate name in Manifest: SHA-256-Digest.
Ensure that the manifest does not have duplicate entries, and
that blank lines separate individual sections in both your
manifest and in the META-INF/MANIFEST.MF entry in the jar file.
Jun 16, 2019 12:00:49 PM java.util.jar.Attributes read
WARNING: Duplicate name in Manifest: SHA-256-Digest.
Ensure that the manifest does not have duplicate entries, and
that blank lines separate individual sections in both your
manifest and in the META-INF/MANIFEST.MF entry in the jar file.
Jun 16, 2019 12:00:49 PM java.util.jar.Attributes read
WARNING: Duplicate name in Manifest: SHA-256-Digest.
Ensure that the manifest does not have duplicate entries, and
that blank lines separate individual sections in both your
manifest and in the META-INF/MANIFEST.MF entry in the jar file.
Jun 16, 2019 12:00:49 PM java.util.jar.Attributes read
WARNING: Duplicate name in Manifest: SHA-256-Digest.
Ensure that the manifest does not have duplicate entries, and
that blank lines separate individual sections in both your
manifest and in the META-INF/MANIFEST.MF entry in the jar file.
Jun 16, 2019 12:00:49 PM java.util.jar.Attributes read
WARNING: Duplicate name in Manifest: SHA-256-Digest.
Ensure that the manifest does not have duplicate entries, and
that blank lines separate individual sections in both your
manifest and in the META-INF/MANIFEST.MF entry in the jar file.
Jun 16, 2019 12:00:49 PM java.util.jar.Attributes read
WARNING: Duplicate name in Manifest: SHA-256-Digest.
Ensure that the manifest does not have duplicate entries, and
that blank lines separate individual sections in both your
manifest and in the META-INF/MANIFEST.MF entry in the jar file.
Jun 16, 2019 12:00:49 PM java.util.jar.Attributes read
WARNING: Duplicate name in Manifest: SHA-256-Digest.
Ensure that the manifest does not have duplicate entries, and
that blank lines separate individual sections in both your
manifest and in the META-INF/MANIFEST.MF entry in the jar file.
Jun 16, 2019 12:00:49 PM java.util.jar.Attributes read
WARNING: Duplicate name in Manifest: SHA-256-Digest.
Ensure that the manifest does not have duplicate entries, and
that blank lines separate individual sections in both your
manifest and in the META-INF/MANIFEST.MF entry in the jar file.
Jun 16, 2019 12:00:49 PM java.util.jar.Attributes read
WARNING: Duplicate name in Manifest: SHA-256-Digest.
Ensure that the manifest does not have duplicate entries, and
that blank lines separate individual sections in both your
manifest and in the META-INF/MANIFEST.MF entry in the jar file.
Jun 16, 2019 12:00:49 PM java.util.jar.Attributes read
WARNING: Duplicate name in Manifest: SHA-256-Digest.
Ensure that the manifest does not have duplicate entries, and
that blank lines separate individual sections in both your
manifest and in the META-INF/MANIFEST.MF entry in the jar file.
Jun 16, 2019 12:00:49 PM java.util.jar.Attributes read
WARNING: Duplicate name in Manifest: SHA-256-Digest.
Ensure that the manifest does not have duplicate entries, and
that blank lines separate individual sections in both your
manifest and in the META-INF/MANIFEST.MF entry in the jar file.
Jun 16, 2019 12:00:49 PM java.util.jar.Attributes read
WARNING: Duplicate name in Manifest: SHA-256-Digest.
Ensure that the manifest does not have duplicate entries, and
that blank lines separate individual sections in both your
manifest and in the META-INF/MANIFEST.MF entry in the jar file.
Jun 16, 2019 12:00:49 PM java.util.jar.Attributes read
WARNING: Duplicate name in Manifest: SHA-256-Digest.
Ensure that the manifest does not have duplicate entries, and
that blank lines separate individual sections in both your
manifest and in the META-INF/MANIFEST.MF entry in the jar file.
Jun 16, 2019 12:00:49 PM java.util.jar.Attributes read
WARNING: Duplicate name in Manifest: SHA-256-Digest.
Ensure that the manifest does not have duplicate entries, and
that blank lines separate individual sections in both your
manifest and in the META-INF/MANIFEST.MF entry in the jar file.
Jun 16, 2019 12:00:49 PM java.util.jar.Attributes read
WARNING: Duplicate name in Manifest: SHA-256-Digest.
Ensure that the manifest does not have duplicate entries, and
that blank lines separate individual sections in both your
manifest and in the META-INF/MANIFEST.MF entry in the jar file.
Jun 16, 2019 12:00:49 PM java.util.jar.Attributes read
WARNING: Duplicate name in Manifest: SHA-256-Digest.
Ensure that the manifest does not have duplicate entries, and
that blank lines separate individual sections in both your
manifest and in the META-INF/MANIFEST.MF entry in the jar file.
Jun 16, 2019 12:00:49 PM java.util.jar.Attributes read
WARNING: Duplicate name in Manifest: SHA-256-Digest.
Ensure that the manifest does not have duplicate entries, and
that blank lines separate individual sections in both your
manifest and in the META-INF/MANIFEST.MF entry in the jar file.
Jun 16, 2019 12:00:49 PM java.util.jar.Attributes read
WARNING: Duplicate name in Manifest: SHA-256-Digest.
Ensure that the manifest does not have duplicate entries, and
that blank lines separate individual sections in both your
manifest and in the META-INF/MANIFEST.MF entry in the jar file.
Jun 16, 2019 12:00:49 PM java.util.jar.Attributes read
WARNING: Duplicate name in Manifest: SHA-256-Digest.
Ensure that the manifest does not have duplicate entries, and
that blank lines separate individual sections in both your
manifest and in the META-INF/MANIFEST.MF entry in the jar file.
Jun 16, 2019 12:00:49 PM java.util.jar.Attributes read
WARNING: Duplicate name in Manifest: SHA-256-Digest.
Ensure that the manifest does not have duplicate entries, and
that blank lines separate individual sections in both your
manifest and in the META-INF/MANIFEST.MF entry in the jar file.
Jun 16, 2019 12:00:49 PM java.util.jar.Attributes read
WARNING: Duplicate name in Manifest: SHA-256-Digest.
Ensure that the manifest does not have duplicate entries, and
that blank lines separate individual sections in both your
manifest and in the META-INF/MANIFEST.MF entry in the jar file.
Jun 16, 2019 12:00:49 PM java.util.jar.Attributes read
WARNING: Duplicate name in Manifest: SHA-256-Digest.
Ensure that the manifest does not have duplicate entries, and
that blank lines separate individual sections in both your
manifest and in the META-INF/MANIFEST.MF entry in the jar file.
Jun 16, 2019 12:00:49 PM java.util.jar.Attributes read
WARNING: Duplicate name in Manifest: SHA-256-Digest.
Ensure that the manifest does not have duplicate entries, and
that blank lines separate individual sections in both your
manifest and in the META-INF/MANIFEST.MF entry in the jar file.
Jun 16, 2019 12:00:49 PM java.util.jar.Attributes read
WARNING: Duplicate name in Manifest: SHA-256-Digest.
Ensure that the manifest does not have duplicate entries, and
that blank lines separate individual sections in both your
manifest and in the META-INF/MANIFEST.MF entry in the jar file.
Jun 16, 2019 12:00:49 PM java.util.jar.Attributes read
WARNING: Duplicate name in Manifest: SHA-256-Digest.
Ensure that the manifest does not have duplicate entries, and
that blank lines separate individual sections in both your
manifest and in the META-INF/MANIFEST.MF entry in the jar file.
Jun 16, 2019 12:00:49 PM java.util.jar.Attributes read
WARNING: Duplicate name in Manifest: SHA-256-Digest.
Ensure that the manifest does not have duplicate entries, and
that blank lines separate individual sections in both your
manifest and in the META-INF/MANIFEST.MF entry in the jar file.
Jun 16, 2019 12:00:49 PM java.util.jar.Attributes read
WARNING: Duplicate name in Manifest: SHA-256-Digest.
Ensure that the manifest does not have duplicate entries, and
that blank lines separate individual sections in both your
manifest and in the META-INF/MANIFEST.MF entry in the jar file.
Jun 16, 2019 12:00:49 PM java.util.jar.Attributes read
WARNING: Duplicate name in Manifest: SHA-256-Digest.
Ensure that the manifest does not have duplicate entries, and
that blank lines separate individual sections in both your
manifest and in the META-INF/MANIFEST.MF entry in the jar file.
Jun 16, 2019 12:00:49 PM java.util.jar.Attributes read
WARNING: Duplicate name in Manifest: SHA-256-Digest.
Ensure that the manifest does not have duplicate entries, and
that blank lines separate individual sections in both your
manifest and in the META-INF/MANIFEST.MF entry in the jar file.
Jun 16, 2019 12:00:49 PM java.util.jar.Attributes read
WARNING: Duplicate name in Manifest: SHA-256-Digest.
Ensure that the manifest does not have duplicate entries, and
that blank lines separate individual sections in both your
manifest and in the META-INF/MANIFEST.MF entry in the jar file.
Jun 16, 2019 12:00:49 PM java.util.jar.Attributes read
WARNING: Duplicate name in Manifest: SHA-256-Digest.
Ensure that the manifest does not have duplicate entries, and
that blank lines separate individual sections in both your
manifest and in the META-INF/MANIFEST.MF entry in the jar file.
Jun 16, 2019 12:00:49 PM java.util.jar.Attributes read
WARNING: Duplicate name in Manifest: SHA-256-Digest.
Ensure that the manifest does not have duplicate entries, and
that blank lines separate individual sections in both your
manifest and in the META-INF/MANIFEST.MF entry in the jar file.
Jun 16, 2019 12:00:49 PM java.util.jar.Attributes read
WARNING: Duplicate name in Manifest: SHA-256-Digest.
Ensure that the manifest does not have duplicate entries, and
that blank lines separate individual sections in both your
manifest and in the META-INF/MANIFEST.MF entry in the jar file.
Jun 16, 2019 12:00:49 PM java.util.jar.Attributes read
WARNING: Duplicate name in Manifest: SHA-256-Digest.
Ensure that the manifest does not have duplicate entries, and
that blank lines separate individual sections in both your
manifest and in the META-INF/MANIFEST.MF entry in the jar file.
Jun 16, 2019 12:00:49 PM java.util.jar.Attributes read
WARNING: Duplicate name in Manifest: SHA-256-Digest.
Ensure that the manifest does not have duplicate entries, and
that blank lines separate individual sections in both your
manifest and in the META-INF/MANIFEST.MF entry in the jar file.
Jun 16, 2019 12:00:49 PM java.util.jar.Attributes read
WARNING: Duplicate name in Manifest: SHA-256-Digest.
Ensure that the manifest does not have duplicate entries, and
that blank lines separate individual sections in both your
manifest and in the META-INF/MANIFEST.MF entry in the jar file.
Jun 16, 2019 12:00:49 PM java.util.jar.Attributes read
WARNING: Duplicate name in Manifest: SHA-256-Digest.
Ensure that the manifest does not have duplicate entries, and
that blank lines separate individual sections in both your
manifest and in the META-INF/MANIFEST.MF entry in the jar file.
Jun 16, 2019 12:00:49 PM java.util.jar.Attributes read
WARNING: Duplicate name in Manifest: SHA-256-Digest.
Ensure that the manifest does not have duplicate entries, and
that blank lines separate individual sections in both your
manifest and in the META-INF/MANIFEST.MF entry in the jar file.
Jun 16, 2019 12:00:49 PM java.util.jar.Attributes read
WARNING: Duplicate name in Manifest: SHA-256-Digest.
Ensure that the manifest does not have duplicate entries, and
that blank lines separate individual sections in both your
manifest and in the META-INF/MANIFEST.MF entry in the jar file.
Jun 16, 2019 12:00:49 PM java.util.jar.Attributes read
WARNING: Duplicate name in Manifest: SHA-256-Digest.
Ensure that the manifest does not have duplicate entries, and
that blank lines separate individual sections in both your
manifest and in the META-INF/MANIFEST.MF entry in the jar file.
Jun 16, 2019 12:00:49 PM java.util.jar.Attributes read
WARNING: Duplicate name in Manifest: SHA-256-Digest.
Ensure that the manifest does not have duplicate entries, and
that blank lines separate individual sections in both your
manifest and in the META-INF/MANIFEST.MF entry in the jar file.
Jun 16, 2019 12:00:49 PM java.util.jar.Attributes read
WARNING: Duplicate name in Manifest: SHA-256-Digest.
Ensure that the manifest does not have duplicate entries, and
that blank lines separate individual sections in both your
manifest and in the META-INF/MANIFEST.MF entry in the jar file.
Jun 16, 2019 12:00:49 PM java.util.jar.Attributes read
WARNING: Duplicate name in Manifest: SHA-256-Digest.
Ensure that the manifest does not have duplicate entries, and
that blank lines separate individual sections in both your
manifest and in the META-INF/MANIFEST.MF entry in the jar file.
Jun 16, 2019 12:00:49 PM java.util.jar.Attributes read
WARNING: Duplicate name in Manifest: SHA-256-Digest.
Ensure that the manifest does not have duplicate entries, and
that blank lines separate individual sections in both your
manifest and in the META-INF/MANIFEST.MF entry in the jar file.
Jun 16, 2019 12:00:49 PM java.util.jar.Attributes read
WARNING: Duplicate name in Manifest: SHA-256-Digest.
Ensure that the manifest does not have duplicate entries, and
that blank lines separate individual sections in both your
manifest and in the META-INF/MANIFEST.MF entry in the jar file.
Jun 16, 2019 12:00:49 PM java.util.jar.Attributes read
WARNING: Duplicate name in Manifest: SHA-256-Digest.
Ensure that the manifest does not have duplicate entries, and
that blank lines separate individual sections in both your
manifest and in the META-INF/MANIFEST.MF entry in the jar file.
Jun 16, 2019 12:00:49 PM java.util.jar.Attributes read
WARNING: Duplicate name in Manifest: SHA-256-Digest.
Ensure that the manifest does not have duplicate entries, and
that blank lines separate individual sections in both your
manifest and in the META-INF/MANIFEST.MF entry in the jar file.
Jun 16, 2019 12:00:49 PM java.util.jar.Attributes read
WARNING: Duplicate name in Manifest: SHA-256-Digest.
Ensure that the manifest does not have duplicate entries, and
that blank lines separate individual sections in both your
manifest and in the META-INF/MANIFEST.MF entry in the jar file.
Jun 16, 2019 12:00:49 PM java.util.jar.Attributes read
WARNING: Duplicate name in Manifest: SHA-256-Digest.
Ensure that the manifest does not have duplicate entries, and
that blank lines separate individual sections in both your
manifest and in the META-INF/MANIFEST.MF entry in the jar file.
Jun 16, 2019 12:00:49 PM java.util.jar.Attributes read
WARNING: Duplicate name in Manifest: SHA-256-Digest.
Ensure that the manifest does not have duplicate entries, and
that blank lines separate individual sections in both your
manifest and in the META-INF/MANIFEST.MF entry in the jar file.
Jun 16, 2019 12:00:49 PM java.util.jar.Attributes read
WARNING: Duplicate name in Manifest: SHA-256-Digest.
Ensure that the manifest does not have duplicate entries, and
that blank lines separate individual sections in both your
manifest and in the META-INF/MANIFEST.MF entry in the jar file.
Jun 16, 2019 12:00:49 PM java.util.jar.Attributes read
WARNING: Duplicate name in Manifest: SHA-256-Digest.
Ensure that the manifest does not have duplicate entries, and
that blank lines separate individual sections in both your
manifest and in the META-INF/MANIFEST.MF entry in the jar file.
Jun 16, 2019 12:00:49 PM java.util.jar.Attributes read
WARNING: Duplicate name in Manifest: SHA-256-Digest.
Ensure that the manifest does not have duplicate entries, and
that blank lines separate individual sections in both your
manifest and in the META-INF/MANIFEST.MF entry in the jar file.
Jun 16, 2019 12:00:49 PM java.util.jar.Attributes read
WARNING: Duplicate name in Manifest: SHA-256-Digest.
Ensure that the manifest does not have duplicate entries, and
that blank lines separate individual sections in both your
manifest and in the META-INF/MANIFEST.MF entry in the jar file.
Jun 16, 2019 12:00:49 PM java.util.jar.Attributes read
WARNING: Duplicate name in Manifest: SHA-256-Digest.
Ensure that the manifest does not have duplicate entries, and
that blank lines separate individual sections in both your
manifest and in the META-INF/MANIFEST.MF entry in the jar file.
Jun 16, 2019 12:00:49 PM java.util.jar.Attributes read
WARNING: Duplicate name in Manifest: SHA-256-Digest.
Ensure that the manifest does not have duplicate entries, and
that blank lines separate individual sections in both your
manifest and in the META-INF/MANIFEST.MF entry in the jar file.
Jun 16, 2019 12:00:49 PM java.util.jar.Attributes read
WARNING: Duplicate name in Manifest: SHA-256-Digest.
Ensure that the manifest does not have duplicate entries, and
that blank lines separate individual sections in both your
manifest and in the META-INF/MANIFEST.MF entry in the jar file.
Jun 16, 2019 12:00:49 PM java.util.jar.Attributes read
WARNING: Duplicate name in Manifest: SHA-256-Digest.
Ensure that the manifest does not have duplicate entries, and
that blank lines separate individual sections in both your
manifest and in the META-INF/MANIFEST.MF entry in the jar file.
Jun 16, 2019 12:00:49 PM java.util.jar.Attributes read
WARNING: Duplicate name in Manifest: SHA-256-Digest.
Ensure that the manifest does not have duplicate entries, and
that blank lines separate individual sections in both your
manifest and in the META-INF/MANIFEST.MF entry in the jar file.
Jun 16, 2019 12:00:49 PM java.util.jar.Attributes read
WARNING: Duplicate name in Manifest: SHA-256-Digest.
Ensure that the manifest does not have duplicate entries, and
that blank lines separate individual sections in both your
manifest and in the META-INF/MANIFEST.MF entry in the jar file.
Jun 16, 2019 12:00:49 PM java.util.jar.Attributes read
WARNING: Duplicate name in Manifest: SHA-256-Digest.
Ensure that the manifest does not have duplicate entries, and
that blank lines separate individual sections in both your
manifest and in the META-INF/MANIFEST.MF entry in the jar file.
Jun 16, 2019 12:00:49 PM java.util.jar.Attributes read
WARNING: Duplicate name in Manifest: SHA-256-Digest.
Ensure that the manifest does not have duplicate entries, and
that blank lines separate individual sections in both your
manifest and in the META-INF/MANIFEST.MF entry in the jar file.
Jun 16, 2019 12:00:49 PM java.util.jar.Attributes read
WARNING: Duplicate name in Manifest: SHA-256-Digest.
Ensure that the manifest does not have duplicate entries, and
that blank lines separate individual sections in both your
manifest and in the META-INF/MANIFEST.MF entry in the jar file.
Jun 16, 2019 12:00:49 PM java.util.jar.Attributes read
WARNING: Duplicate name in Manifest: SHA-256-Digest.
Ensure that the manifest does not have duplicate entries, and
that blank lines separate individual sections in both your
manifest and in the META-INF/MANIFEST.MF entry in the jar file.
Jun 16, 2019 12:00:49 PM java.util.jar.Attributes read
WARNING: Duplicate name in Manifest: SHA-256-Digest.
Ensure that the manifest does not have duplicate entries, and
that blank lines separate individual sections in both your
manifest and in the META-INF/MANIFEST.MF entry in the jar file.
Jun 16, 2019 12:00:49 PM java.util.jar.Attributes read
WARNING: Duplicate name in Manifest: SHA-256-Digest.
Ensure that the manifest does not have duplicate entries, and
that blank lines separate individual sections in both your
manifest and in the META-INF/MANIFEST.MF entry in the jar file.
Jun 16, 2019 12:00:49 PM java.util.jar.Attributes read
WARNING: Duplicate name in Manifest: SHA-256-Digest.
Ensure that the manifest does not have duplicate entries, and
that blank lines separate individual sections in both your
manifest and in the META-INF/MANIFEST.MF entry in the jar file.
Jun 16, 2019 12:00:49 PM java.util.jar.Attributes read
WARNING: Duplicate name in Manifest: SHA-256-Digest.
Ensure that the manifest does not have duplicate entries, and
that blank lines separate individual sections in both your
manifest and in the META-INF/MANIFEST.MF entry in the jar file.
Jun 16, 2019 12:00:49 PM java.util.jar.Attributes read
WARNING: Duplicate name in Manifest: SHA-256-Digest.
Ensure that the manifest does not have duplicate entries, and
that blank lines separate individual sections in both your
manifest and in the META-INF/MANIFEST.MF entry in the jar file.
Jun 16, 2019 12:00:49 PM java.util.jar.Attributes read
WARNING: Duplicate name in Manifest: SHA-256-Digest.
Ensure that the manifest does not have duplicate entries, and
that blank lines separate individual sections in both your
manifest and in the META-INF/MANIFEST.MF entry in the jar file.
Jun 16, 2019 12:00:49 PM java.util.jar.Attributes read
WARNING: Duplicate name in Manifest: SHA-256-Digest.
Ensure that the manifest does not have duplicate entries, and
that blank lines separate individual sections in both your
manifest and in the META-INF/MANIFEST.MF entry in the jar file.
Jun 16, 2019 12:00:49 PM java.util.jar.Attributes read
WARNING: Duplicate name in Manifest: SHA-256-Digest.
Ensure that the manifest does not have duplicate entries, and
that blank lines separate individual sections in both your
manifest and in the META-INF/MANIFEST.MF entry in the jar file.
Jun 16, 2019 12:00:49 PM java.util.jar.Attributes read
WARNING: Duplicate name in Manifest: SHA-256-Digest.
Ensure that the manifest does not have duplicate entries, and
that blank lines separate individual sections in both your
manifest and in the META-INF/MANIFEST.MF entry in the jar file.
Jun 16, 2019 12:00:49 PM java.util.jar.Attributes read
WARNING: Duplicate name in Manifest: SHA-256-Digest.
Ensure that the manifest does not have duplicate entries, and
that blank lines separate individual sections in both your
manifest and in the META-INF/MANIFEST.MF entry in the jar file.
Jun 16, 2019 12:00:49 PM java.util.jar.Attributes read
WARNING: Duplicate name in Manifest: SHA-256-Digest.
Ensure that the manifest does not have duplicate entries, and
that blank lines separate individual sections in both your
manifest and in the META-INF/MANIFEST.MF entry in the jar file.
Jun 16, 2019 12:00:49 PM java.util.jar.Attributes read
WARNING: Duplicate name in Manifest: SHA-256-Digest.
Ensure that the manifest does not have duplicate entries, and
that blank lines separate individual sections in both your
manifest and in the META-INF/MANIFEST.MF entry in the jar file.
Jun 16, 2019 12:00:49 PM java.util.jar.Attributes read
WARNING: Duplicate name in Manifest: SHA-256-Digest.
Ensure that the manifest does not have duplicate entries, and
that blank lines separate individual sections in both your
manifest and in the META-INF/MANIFEST.MF entry in the jar file.
Jun 16, 2019 12:00:49 PM java.util.jar.Attributes read
WARNING: Duplicate name in Manifest: SHA-256-Digest.
Ensure that the manifest does not have duplicate entries, and
that blank lines separate individual sections in both your
manifest and in the META-INF/MANIFEST.MF entry in the jar file.
Jun 16, 2019 12:00:49 PM java.util.jar.Attributes read
WARNING: Duplicate name in Manifest: SHA-256-Digest.
Ensure that the manifest does not have duplicate entries, and
that blank lines separate individual sections in both your
manifest and in the META-INF/MANIFEST.MF entry in the jar file.
Jun 16, 2019 12:00:49 PM java.util.jar.Attributes read
WARNING: Duplicate name in Manifest: SHA-256-Digest.
Ensure that the manifest does not have duplicate entries, and
that blank lines separate individual sections in both your
manifest and in the META-INF/MANIFEST.MF entry in the jar file.
Jun 16, 2019 12:00:49 PM java.util.jar.Attributes read
WARNING: Duplicate name in Manifest: SHA-256-Digest.
Ensure that the manifest does not have duplicate entries, and
that blank lines separate individual sections in both your
manifest and in the META-INF/MANIFEST.MF entry in the jar file.
Jun 16, 2019 12:00:49 PM java.util.jar.Attributes read
WARNING: Duplicate name in Manifest: SHA-256-Digest.
Ensure that the manifest does not have duplicate entries, and
that blank lines separate individual sections in both your
manifest and in the META-INF/MANIFEST.MF entry in the jar file.
Jun 16, 2019 12:00:49 PM java.util.jar.Attributes read
WARNING: Duplicate name in Manifest: SHA-256-Digest.
Ensure that the manifest does not have duplicate entries, and
that blank lines separate individual sections in both your
manifest and in the META-INF/MANIFEST.MF entry in the jar file.
Jun 16, 2019 12:00:49 PM java.util.jar.Attributes read
WARNING: Duplicate name in Manifest: SHA-256-Digest.
Ensure that the manifest does not have duplicate entries, and
that blank lines separate individual sections in both your
manifest and in the META-INF/MANIFEST.MF entry in the jar file.
Jun 16, 2019 12:00:49 PM java.util.jar.Attributes read
WARNING: Duplicate name in Manifest: SHA-256-Digest.
Ensure that the manifest does not have duplicate entries, and
that blank lines separate individual sections in both your
manifest and in the META-INF/MANIFEST.MF entry in the jar file.
Jun 16, 2019 12:00:49 PM java.util.jar.Attributes read
WARNING: Duplicate name in Manifest: SHA-256-Digest.
Ensure that the manifest does not have duplicate entries, and
that blank lines separate individual sections in both your
manifest and in the META-INF/MANIFEST.MF entry in the jar file.
Jun 16, 2019 12:00:49 PM java.util.jar.Attributes read
WARNING: Duplicate name in Manifest: SHA-256-Digest.
Ensure that the manifest does not have duplicate entries, and
that blank lines separate individual sections in both your
manifest and in the META-INF/MANIFEST.MF entry in the jar file.
Jun 16, 2019 12:00:49 PM java.util.jar.Attributes read
WARNING: Duplicate name in Manifest: SHA-256-Digest.
Ensure that the manifest does not have duplicate entries, and
that blank lines separate individual sections in both your
manifest and in the META-INF/MANIFEST.MF entry in the jar file.
Jun 16, 2019 12:00:49 PM java.util.jar.Attributes read
WARNING: Duplicate name in Manifest: SHA-256-Digest.
Ensure that the manifest does not have duplicate entries, and
that blank lines separate individual sections in both your
manifest and in the META-INF/MANIFEST.MF entry in the jar file.
Jun 16, 2019 12:00:49 PM java.util.jar.Attributes read
WARNING: Duplicate name in Manifest: SHA-256-Digest.
Ensure that the manifest does not have duplicate entries, and
that blank lines separate individual sections in both your
manifest and in the META-INF/MANIFEST.MF entry in the jar file.
Jun 16, 2019 12:00:49 PM java.util.jar.Attributes read
WARNING: Duplicate name in Manifest: SHA-256-Digest.
Ensure that the manifest does not have duplicate entries, and
that blank lines separate individual sections in both your
manifest and in the META-INF/MANIFEST.MF entry in the jar file.
Jun 16, 2019 12:00:49 PM java.util.jar.Attributes read
WARNING: Duplicate name in Manifest: SHA-256-Digest.
Ensure that the manifest does not have duplicate entries, and
that blank lines separate individual sections in both your
manifest and in the META-INF/MANIFEST.MF entry in the jar file.
Jun 16, 2019 12:00:49 PM java.util.jar.Attributes read
WARNING: Duplicate name in Manifest: SHA-256-Digest.
Ensure that the manifest does not have duplicate entries, and
that blank lines separate individual sections in both your
manifest and in the META-INF/MANIFEST.MF entry in the jar file.
Jun 16, 2019 12:00:49 PM java.util.jar.Attributes read
WARNING: Duplicate name in Manifest: SHA-256-Digest.
Ensure that the manifest does not have duplicate entries, and
that blank lines separate individual sections in both your
manifest and in the META-INF/MANIFEST.MF entry in the jar file.
Jun 16, 2019 12:00:49 PM java.util.jar.Attributes read
WARNING: Duplicate name in Manifest: SHA-256-Digest.
Ensure that the manifest does not have duplicate entries, and
that blank lines separate individual sections in both your
manifest and in the META-INF/MANIFEST.MF entry in the jar file.
Jun 16, 2019 12:00:49 PM java.util.jar.Attributes read
WARNING: Duplicate name in Manifest: SHA-256-Digest.
Ensure that the manifest does not have duplicate entries, and
that blank lines separate individual sections in both your
manifest and in the META-INF/MANIFEST.MF entry in the jar file.
Jun 16, 2019 12:00:49 PM java.util.jar.Attributes read
WARNING: Duplicate name in Manifest: SHA-256-Digest.
Ensure that the manifest does not have duplicate entries, and
that blank lines separate individual sections in both your
manifest and in the META-INF/MANIFEST.MF entry in the jar file.
Jun 16, 2019 12:00:49 PM java.util.jar.Attributes read
WARNING: Duplicate name in Manifest: SHA-256-Digest.
Ensure that the manifest does not have duplicate entries, and
that blank lines separate individual sections in both your
manifest and in the META-INF/MANIFEST.MF entry in the jar file.
Jun 16, 2019 12:00:49 PM java.util.jar.Attributes read
WARNING: Duplicate name in Manifest: SHA-256-Digest.
Ensure that the manifest does not have duplicate entries, and
that blank lines separate individual sections in both your
manifest and in the META-INF/MANIFEST.MF entry in the jar file.
Jun 16, 2019 12:00:49 PM java.util.jar.Attributes read
WARNING: Duplicate name in Manifest: SHA-256-Digest.
Ensure that the manifest does not have duplicate entries, and
that blank lines separate individual sections in both your
manifest and in the META-INF/MANIFEST.MF entry in the jar file.
Jun 16, 2019 12:00:49 PM java.util.jar.Attributes read
WARNING: Duplicate name in Manifest: SHA-256-Digest.
Ensure that the manifest does not have duplicate entries, and
that blank lines separate individual sections in both your
manifest and in the META-INF/MANIFEST.MF entry in the jar file.
Jun 16, 2019 12:00:49 PM java.util.jar.Attributes read
WARNING: Duplicate name in Manifest: SHA-256-Digest.
Ensure that the manifest does not have duplicate entries, and
that blank lines separate individual sections in both your
manifest and in the META-INF/MANIFEST.MF entry in the jar file.
Jun 16, 2019 12:00:49 PM java.util.jar.Attributes read
WARNING: Duplicate name in Manifest: SHA-256-Digest.
Ensure that the manifest does not have duplicate entries, and
that blank lines separate individual sections in both your
manifest and in the META-INF/MANIFEST.MF entry in the jar file.
Jun 16, 2019 12:00:49 PM java.util.jar.Attributes read
WARNING: Duplicate name in Manifest: SHA-256-Digest.
Ensure that the manifest does not have duplicate entries, and
that blank lines separate individual sections in both your
manifest and in the META-INF/MANIFEST.MF entry in the jar file.
Jun 16, 2019 12:00:49 PM java.util.jar.Attributes read
WARNING: Duplicate name in Manifest: SHA-256-Digest.
Ensure that the manifest does not have duplicate entries, and
that blank lines separate individual sections in both your
manifest and in the META-INF/MANIFEST.MF entry in the jar file.
Jun 16, 2019 12:00:49 PM java.util.jar.Attributes read
WARNING: Duplicate name in Manifest: SHA-256-Digest.
Ensure that the manifest does not have duplicate entries, and
that blank lines separate individual sections in both your
manifest and in the META-INF/MANIFEST.MF entry in the jar file.
Jun 16, 2019 12:00:49 PM java.util.jar.Attributes read
WARNING: Duplicate name in Manifest: SHA-256-Digest.
Ensure that the manifest does not have duplicate entries, and
that blank lines separate individual sections in both your
manifest and in the META-INF/MANIFEST.MF entry in the jar file.
Jun 16, 2019 12:00:49 PM java.util.jar.Attributes read
WARNING: Duplicate name in Manifest: SHA-256-Digest.
Ensure that the manifest does not have duplicate entries, and
that blank lines separate individual sections in both your
manifest and in the META-INF/MANIFEST.MF entry in the jar file.
Jun 16, 2019 12:00:49 PM java.util.jar.Attributes read
WARNING: Duplicate name in Manifest: SHA-256-Digest.
Ensure that the manifest does not have duplicate entries, and
that blank lines separate individual sections in both your
manifest and in the META-INF/MANIFEST.MF entry in the jar file.
Jun 16, 2019 12:00:49 PM java.util.jar.Attributes read
WARNING: Duplicate name in Manifest: SHA-256-Digest.
Ensure that the manifest does not have duplicate entries, and
that blank lines separate individual sections in both your
manifest and in the META-INF/MANIFEST.MF entry in the jar file.
Jun 16, 2019 12:00:49 PM java.util.jar.Attributes read
WARNING: Duplicate name in Manifest: SHA-256-Digest.
Ensure that the manifest does not have duplicate entries, and
that blank lines separate individual sections in both your
manifest and in the META-INF/MANIFEST.MF entry in the jar file.
Jun 16, 2019 12:00:49 PM java.util.jar.Attributes read
WARNING: Duplicate name in Manifest: SHA-256-Digest.
Ensure that the manifest does not have duplicate entries, and
that blank lines separate individual sections in both your
manifest and in the META-INF/MANIFEST.MF entry in the jar file.
Jun 16, 2019 12:00:49 PM java.util.jar.Attributes read
WARNING: Duplicate name in Manifest: SHA-256-Digest.
Ensure that the manifest does not have duplicate entries, and
that blank lines separate individual sections in both your
manifest and in the META-INF/MANIFEST.MF entry in the jar file.
Jun 16, 2019 12:00:49 PM java.util.jar.Attributes read
WARNING: Duplicate name in Manifest: SHA-256-Digest.
Ensure that the manifest does not have duplicate entries, and
that blank lines separate individual sections in both your
manifest and in the META-INF/MANIFEST.MF entry in the jar file.
Jun 16, 2019 12:00:49 PM java.util.jar.Attributes read
WARNING: Duplicate name in Manifest: SHA-256-Digest.
Ensure that the manifest does not have duplicate entries, and
that blank lines separate individual sections in both your
manifest and in the META-INF/MANIFEST.MF entry in the jar file.
Jun 16, 2019 12:00:49 PM java.util.jar.Attributes read
WARNING: Duplicate name in Manifest: SHA-256-Digest.
Ensure that the manifest does not have duplicate entries, and
that blank lines separate individual sections in both your
manifest and in the META-INF/MANIFEST.MF entry in the jar file.
Jun 16, 2019 12:00:49 PM java.util.jar.Attributes read
WARNING: Duplicate name in Manifest: SHA-256-Digest.
Ensure that the manifest does not have duplicate entries, and
that blank lines separate individual sections in both your
manifest and in the META-INF/MANIFEST.MF entry in the jar file.
Jun 16, 2019 12:00:49 PM java.util.jar.Attributes read
WARNING: Duplicate name in Manifest: SHA-256-Digest.
Ensure that the manifest does not have duplicate entries, and
that blank lines separate individual sections in both your
manifest and in the META-INF/MANIFEST.MF entry in the jar file.
Jun 16, 2019 12:00:49 PM java.util.jar.Attributes read
WARNING: Duplicate name in Manifest: SHA-256-Digest.
Ensure that the manifest does not have duplicate entries, and
that blank lines separate individual sections in both your
manifest and in the META-INF/MANIFEST.MF entry in the jar file.
Jun 16, 2019 12:00:49 PM java.util.jar.Attributes read
WARNING: Duplicate name in Manifest: SHA-256-Digest.
Ensure that the manifest does not have duplicate entries, and
that blank lines separate individual sections in both your
manifest and in the META-INF/MANIFEST.MF entry in the jar file.
Jun 16, 2019 12:00:49 PM java.util.jar.Attributes read
WARNING: Duplicate name in Manifest: SHA-256-Digest.
Ensure that the manifest does not have duplicate entries, and
that blank lines separate individual sections in both your
manifest and in the META-INF/MANIFEST.MF entry in the jar file.
Jun 16, 2019 12:00:49 PM java.util.jar.Attributes read
WARNING: Duplicate name in Manifest: SHA-256-Digest.
Ensure that the manifest does not have duplicate entries, and
that blank lines separate individual sections in both your
manifest and in the META-INF/MANIFEST.MF entry in the jar file.
Jun 16, 2019 12:00:49 PM java.util.jar.Attributes read
WARNING: Duplicate name in Manifest: SHA-256-Digest.
Ensure that the manifest does not have duplicate entries, and
that blank lines separate individual sections in both your
manifest and in the META-INF/MANIFEST.MF entry in the jar file.
Jun 16, 2019 12:00:49 PM java.util.jar.Attributes read
WARNING: Duplicate name in Manifest: SHA-256-Digest.
Ensure that the manifest does not have duplicate entries, and
that blank lines separate individual sections in both your
manifest and in the META-INF/MANIFEST.MF entry in the jar file.
Jun 16, 2019 12:00:49 PM java.util.jar.Attributes read
WARNING: Duplicate name in Manifest: SHA-256-Digest.
Ensure that the manifest does not have duplicate entries, and
that blank lines separate individual sections in both your
manifest and in the META-INF/MANIFEST.MF entry in the jar file.
Jun 16, 2019 12:00:49 PM java.util.jar.Attributes read
WARNING: Duplicate name in Manifest: SHA-256-Digest.
Ensure that the manifest does not have duplicate entries, and
that blank lines separate individual sections in both your
manifest and in the META-INF/MANIFEST.MF entry in the jar file.
Jun 16, 2019 12:00:49 PM java.util.jar.Attributes read
WARNING: Duplicate name in Manifest: SHA-256-Digest.
Ensure that the manifest does not have duplicate entries, and
that blank lines separate individual sections in both your
manifest and in the META-INF/MANIFEST.MF entry in the jar file.
Jun 16, 2019 12:00:49 PM java.util.jar.Attributes read
WARNING: Duplicate name in Manifest: SHA-256-Digest.
Ensure that the manifest does not have duplicate entries, and
that blank lines separate individual sections in both your
manifest and in the META-INF/MANIFEST.MF entry in the jar file.
Jun 16, 2019 12:00:49 PM java.util.jar.Attributes read
WARNING: Duplicate name in Manifest: SHA-256-Digest.
Ensure that the manifest does not have duplicate entries, and
that blank lines separate individual sections in both your
manifest and in the META-INF/MANIFEST.MF entry in the jar file.
Jun 16, 2019 12:00:49 PM java.util.jar.Attributes read
WARNING: Duplicate name in Manifest: SHA-256-Digest.
Ensure that the manifest does not have duplicate entries, and
that blank lines separate individual sections in both your
manifest and in the META-INF/MANIFEST.MF entry in the jar file.
Jun 16, 2019 12:00:49 PM java.util.jar.Attributes read
WARNING: Duplicate name in Manifest: SHA-256-Digest.
Ensure that the manifest does not have duplicate entries, and
that blank lines separate individual sections in both your
manifest and in the META-INF/MANIFEST.MF entry in the jar file.
Jun 16, 2019 12:00:49 PM java.util.jar.Attributes read
WARNING: Duplicate name in Manifest: SHA-256-Digest.
Ensure that the manifest does not have duplicate entries, and
that blank lines separate individual sections in both your
manifest and in the META-INF/MANIFEST.MF entry in the jar file.
Jun 16, 2019 12:00:49 PM java.util.jar.Attributes read
WARNING: Duplicate name in Manifest: SHA-256-Digest.
Ensure that the manifest does not have duplicate entries, and
that blank lines separate individual sections in both your
manifest and in the META-INF/MANIFEST.MF entry in the jar file.
Jun 16, 2019 12:00:49 PM java.util.jar.Attributes read
WARNING: Duplicate name in Manifest: SHA-256-Digest.
Ensure that the manifest does not have duplicate entries, and
that blank lines separate individual sections in both your
manifest and in the META-INF/MANIFEST.MF entry in the jar file.
Jun 16, 2019 12:00:49 PM java.util.jar.Attributes read
WARNING: Duplicate name in Manifest: SHA-256-Digest.
Ensure that the manifest does not have duplicate entries, and
that blank lines separate individual sections in both your
manifest and in the META-INF/MANIFEST.MF entry in the jar file.
[INFO ] fr.inria.astor.core.setup.ProjectConfiguration.getVersionJDK(ProjectConfiguration.java:282) - Version of the JVM used: 1.7.0_80
[INFO ] fr.inria.main.AbstractMain.processArguments(AbstractMain.java:388) - Java version of the JDK used to run tests: 1.7.0_80
[INFO ] fr.inria.main.AbstractMain.processArguments(AbstractMain.java:389) - The compliance of the JVM is:  7
[INFO ] fr.inria.main.AbstractMain.processArguments(AbstractMain.java:667) - command line arguments: [-mode  cardumen  -benchmark  Defects4J  -location  .  -id  Chart-9  -failing  org.jfree.data.time.junit.TimeSeriesTests  -jvm4testexecution  /home/kaka/tool/jdk1.7.0_80/bin  -jvm4evosuitetestexecution  /home/kaka/tool/jdk1.7.0_80/bin  -maxgen  1000000  -maxtime  120  -stopfirst  true  -seed  0  -scope  local  -population  1  -javacompliancelevel  4  -srcjavafolder  source/  -srctestfolder  tests/  -binjavafolder  build/  -bintestfolder  build-tests/  -parameters  x:x:maxCombinationVariableLimit:true:maxVarCombination:1000  -dependencies  /tmp/Cardumen_Defects4J_Chart_9/build/:/tmp/Cardumen_Defects4J_Chart_9/build-tests/:/tmp/Cardumen_Defects4J_Chart_9/lib/junit.jar:/tmp/Cardumen_Defects4J_Chart_9/lib/servlet.jar:/tmp/Cardumen_Defects4J_Chart_9/lib/itext-2.0.6.jar:/home/kaka/Desktop/RepairThemAll/script/../benchmarks/defects4j/framework/projects/lib/junit-4.11.jar]
[INFO ] fr.inria.main.evolution.AstorMain.execute(AstorMain.java:287) - Running Astor on a JDK at /home/kaka/tool/jdk1.8.0_71/jre
[INFO ] fr.inria.main.AbstractMain.determineSourceFolders(AbstractMain.java:967) - Source folders: [/tmp/Cardumen_Defects4J_Chart_9/./source]
[INFO ] fr.inria.main.AbstractMain.determineSourceFolders(AbstractMain.java:986) - Source Test folders: [/tmp/Cardumen_Defects4J_Chart_9/./tests]
[INFO ] fr.inria.main.evolution.AstorMain.createEngine(AstorMain.java:187) - [Candidate [className=org.jfree.data.time.TimeSeries, methodName=null, lineNumber=944, susp=1.0]]
[INFO ] fr.inria.astor.core.solutionsearch.AstorCoreEngine.initPopulation(AstorCoreEngine.java:707) - 
---- Creating spoon model
[INFO ] fr.inria.astor.core.solutionsearch.AstorCoreEngine.initModel(AstorCoreEngine.java:806) - Creating model,  Code location from working folder: /tmp/Cardumen_Defects4J_Chart_9/./source
[INFO ] fr.inria.astor.core.manipulation.MutationSupporter.buildModel(MutationSupporter.java:66) - building model: /tmp/Cardumen_Defects4J_Chart_9/./source, compliance level: 4
[INFO ] fr.inria.astor.core.manipulation.MutationSupporter.buildModel(MutationSupporter.java:79) - Classpath (Dependencies) for building SpoonModel: [/tmp/Cardumen_Defects4J_Chart_9/build/, /tmp/Cardumen_Defects4J_Chart_9/build-tests/, /tmp/Cardumen_Defects4J_Chart_9/lib/junit.jar, /tmp/Cardumen_Defects4J_Chart_9/lib/servlet.jar, /tmp/Cardumen_Defects4J_Chart_9/lib/itext-2.0.6.jar, /home/kaka/Desktop/RepairThemAll/script/../benchmarks/defects4j/framework/projects/lib/junit-4.11.jar]
[INFO ] fr.inria.astor.core.solutionsearch.AstorCoreEngine.initPopulation(AstorCoreEngine.java:711) - 
---- Initial suspicious size: 1
[INFO ] fr.inria.astor.core.solutionsearch.population.ProgramVariantFactory.createProgramInstance(ProgramVariantFactory.java:127) - Total suspicious from FL: 1,  1
[INFO ] fr.inria.astor.core.solutionsearch.population.ProgramVariantFactory.createProgramInstance(ProgramVariantFactory.java:136) - Total ModPoint created: 1
[INFO ] fr.inria.astor.core.solutionsearch.population.ProgramVariantFactory.createInitialPopulation(ProgramVariantFactory.java:82) - Creating program variant #1, [Variant id: 1, #gens: 1, #ops: 0, parent:-]
[INFO ] fr.inria.astor.core.solutionsearch.spaces.ingredients.scopes.ExpressionTypeIngredientSpace.defineSpace(ExpressionTypeIngredientSpace.java:121) - Ingredient search space info : number keys 23 , number values 179 
[INFO ] fr.inria.astor.core.setup.ConfigurationProperties.print(ConfigurationProperties.java:66) - ----------------------------
[INFO ] fr.inria.astor.core.setup.ConfigurationProperties.print(ConfigurationProperties.java:67) - ---Configuration properties:---Execution values
[INFO ] fr.inria.astor.core.setup.ConfigurationProperties.print(ConfigurationProperties.java:69) - p:benchmark= Defects4J
[INFO ] fr.inria.astor.core.setup.ConfigurationProperties.print(ConfigurationProperties.java:69) - p:lastJUnitVersion= ./examples/libs/junit-4.11.jar
[INFO ] fr.inria.astor.core.setup.ConfigurationProperties.print(ConfigurationProperties.java:69) - p:alternativecompliancelevel= 4
[INFO ] fr.inria.astor.core.setup.ConfigurationProperties.print(ConfigurationProperties.java:69) - p:ignoredTestCases= 
[INFO ] fr.inria.astor.core.setup.ConfigurationProperties.print(ConfigurationProperties.java:69) - p:workingDirectory= /tmp/Cardumen_Defects4J_Chart_9/./output_astor
[INFO ] fr.inria.astor.core.setup.ConfigurationProperties.print(ConfigurationProperties.java:69) - p:manipulatesuper= false
[INFO ] fr.inria.astor.core.setup.ConfigurationProperties.print(ConfigurationProperties.java:69) - p:validation= process
[INFO ] fr.inria.astor.core.setup.ConfigurationProperties.print(ConfigurationProperties.java:69) - p:jvm4testexecution= /home/kaka/tool/jdk1.7.0_80/bin
[INFO ] fr.inria.astor.core.setup.ConfigurationProperties.print(ConfigurationProperties.java:69) - p:operatorspace= r-expression
[INFO ] fr.inria.astor.core.setup.ConfigurationProperties.print(ConfigurationProperties.java:69) - p:disablelog= false
[INFO ] fr.inria.astor.core.setup.ConfigurationProperties.print(ConfigurationProperties.java:69) - p:binjavafolder= build/
[INFO ] fr.inria.astor.core.setup.ConfigurationProperties.print(ConfigurationProperties.java:69) - p:synthesis_depth= 3
[INFO ] fr.inria.astor.core.setup.ConfigurationProperties.print(ConfigurationProperties.java:69) - p:gzoltartestpackagetoexclude= junit.framework
[INFO ] fr.inria.astor.core.setup.ConfigurationProperties.print(ConfigurationProperties.java:69) - p:skipfitnessinitialpopulation= false
[INFO ] fr.inria.astor.core.setup.ConfigurationProperties.print(ConfigurationProperties.java:69) - p:evosuiteresultfolder= evosuite
[INFO ] fr.inria.astor.core.setup.ConfigurationProperties.print(ConfigurationProperties.java:69) - p:flthreshold= 0.1
[INFO ] fr.inria.astor.core.setup.ConfigurationProperties.print(ConfigurationProperties.java:69) - p:regressionforfaultlocalization= true
[INFO ] fr.inria.astor.core.setup.ConfigurationProperties.print(ConfigurationProperties.java:69) - p:collectonlyusedmethod= false
[INFO ] fr.inria.astor.core.setup.ConfigurationProperties.print(ConfigurationProperties.java:69) - p:preservelinenumbers= true
[INFO ] fr.inria.astor.core.setup.ConfigurationProperties.print(ConfigurationProperties.java:69) - p:tmax2= 21936
[INFO ] fr.inria.astor.core.setup.ConfigurationProperties.print(ConfigurationProperties.java:69) - p:ingredienttransformstrategy= name-probability-based
[INFO ] fr.inria.astor.core.setup.ConfigurationProperties.print(ConfigurationProperties.java:69) - p:tmax1= 10000
[INFO ] fr.inria.astor.core.setup.ConfigurationProperties.print(ConfigurationProperties.java:69) - p:probagenmutation= false
[INFO ] fr.inria.astor.core.setup.ConfigurationProperties.print(ConfigurationProperties.java:69) - p:nomodificationconvergence= 100
[INFO ] fr.inria.astor.core.setup.ConfigurationProperties.print(ConfigurationProperties.java:69) - p:diff_type= relative
[INFO ] fr.inria.astor.core.setup.ConfigurationProperties.print(ConfigurationProperties.java:69) - p:targetelementprocessor= expression
[INFO ] fr.inria.astor.core.setup.ConfigurationProperties.print(ConfigurationProperties.java:69) - p:srctestfolder= tests/
[INFO ] fr.inria.astor.core.setup.ConfigurationProperties.print(ConfigurationProperties.java:69) - p:forceExecuteRegression= false
[INFO ] fr.inria.astor.core.setup.ConfigurationProperties.print(ConfigurationProperties.java:69) - p:clusteringfilename= clustering.csv
[INFO ] fr.inria.astor.core.setup.ConfigurationProperties.print(ConfigurationProperties.java:69) - p:failing= org.jfree.data.time.junit.TimeSeriesTests
[INFO ] fr.inria.astor.core.setup.ConfigurationProperties.print(ConfigurationProperties.java:69) - p:logtestexecution= false
[INFO ] fr.inria.astor.core.setup.ConfigurationProperties.print(ConfigurationProperties.java:69) - p:evo_buggy_class= true
[INFO ] fr.inria.astor.core.setup.ConfigurationProperties.print(ConfigurationProperties.java:69) - p:numberExecutions= 1
[INFO ] fr.inria.astor.core.setup.ConfigurationProperties.print(ConfigurationProperties.java:69) - p:maxnumbersolutions= 1000000
[INFO ] fr.inria.astor.core.setup.ConfigurationProperties.print(ConfigurationProperties.java:69) - p:evo_affected_by_op= true
[INFO ] fr.inria.astor.core.setup.ConfigurationProperties.print(ConfigurationProperties.java:69) - p:population= 1
[INFO ] fr.inria.astor.core.setup.ConfigurationProperties.print(ConfigurationProperties.java:69) - p:considerzerovaluesusp= false
[INFO ] fr.inria.astor.core.setup.ConfigurationProperties.print(ConfigurationProperties.java:69) - p:maxCombinationVariableLimit= true
[INFO ] fr.inria.astor.core.setup.ConfigurationProperties.print(ConfigurationProperties.java:69) - p:loglevel= INFO
[INFO ] fr.inria.astor.core.setup.ConfigurationProperties.print(ConfigurationProperties.java:69) - p:savesolution= true
[INFO ] fr.inria.astor.core.setup.ConfigurationProperties.print(ConfigurationProperties.java:69) - p:javacompliancelevel= 4
[INFO ] fr.inria.astor.core.setup.ConfigurationProperties.print(ConfigurationProperties.java:69) - p:x= x
[INFO ] fr.inria.astor.core.setup.ConfigurationProperties.print(ConfigurationProperties.java:69) - p:uniqueoptogen= false
[INFO ] fr.inria.astor.core.setup.ConfigurationProperties.print(ConfigurationProperties.java:69) - p:gzoltarpackagetonotinstrument= junit.framework
[INFO ] fr.inria.astor.core.setup.ConfigurationProperties.print(ConfigurationProperties.java:69) - p:projectIdentifier= Chart-9
[INFO ] fr.inria.astor.core.setup.ConfigurationProperties.print(ConfigurationProperties.java:69) - p:modificationpointnavigation= weight
[INFO ] fr.inria.astor.core.setup.ConfigurationProperties.print(ConfigurationProperties.java:69) - p:stopfirst= true
[INFO ] fr.inria.astor.core.setup.ConfigurationProperties.print(ConfigurationProperties.java:69) - p:multipointmodification= false
[INFO ] fr.inria.astor.core.setup.ConfigurationProperties.print(ConfigurationProperties.java:69) - p:elementsToMutate= 10
[INFO ] fr.inria.astor.core.setup.ConfigurationProperties.print(ConfigurationProperties.java:69) - p:jsonoutputname= astor_output
[INFO ] fr.inria.astor.core.setup.ConfigurationProperties.print(ConfigurationProperties.java:69) - p:evoDSE= false
[INFO ] fr.inria.astor.core.setup.ConfigurationProperties.print(ConfigurationProperties.java:69) - p:bintestfolder= build-tests/
[INFO ] fr.inria.astor.core.setup.ConfigurationProperties.print(ConfigurationProperties.java:69) - p:testbystep= false
[INFO ] fr.inria.astor.core.setup.ConfigurationProperties.print(ConfigurationProperties.java:69) - p:version-location= ./math-version/
[INFO ] fr.inria.astor.core.setup.ConfigurationProperties.print(ConfigurationProperties.java:69) - p:reintroduce= PARENTS:ORIGINAL
[INFO ] fr.inria.astor.core.setup.ConfigurationProperties.print(ConfigurationProperties.java:69) - p:executorjar= ./lib/jtestex7.jar
[INFO ] fr.inria.astor.core.setup.ConfigurationProperties.print(ConfigurationProperties.java:69) - p:maxGeneration= 1000000
[INFO ] fr.inria.astor.core.setup.ConfigurationProperties.print(ConfigurationProperties.java:69) - p:max_synthesis_step= 10000
[INFO ] fr.inria.astor.core.setup.ConfigurationProperties.print(ConfigurationProperties.java:69) - p:maxVarCombination= 1000
[INFO ] fr.inria.astor.core.setup.ConfigurationProperties.print(ConfigurationProperties.java:69) - p:maxtime= 120
[INFO ] fr.inria.astor.core.setup.ConfigurationProperties.print(ConfigurationProperties.java:69) - p:evosuitejar= ./lib/evosuite-master-1.0.4-SNAPSHOT.jar
[INFO ] fr.inria.astor.core.setup.ConfigurationProperties.print(ConfigurationProperties.java:69) - p:jvmversion= 1.7.0_80
[INFO ] fr.inria.astor.core.setup.ConfigurationProperties.print(ConfigurationProperties.java:69) - p:commandTrunk= 50000
[INFO ] fr.inria.astor.core.setup.ConfigurationProperties.print(ConfigurationProperties.java:69) - p:faultlocalization= gzoltar
[INFO ] fr.inria.astor.core.setup.ConfigurationProperties.print(ConfigurationProperties.java:69) - p:resetmodel= true
[INFO ] fr.inria.astor.core.setup.ConfigurationProperties.print(ConfigurationProperties.java:69) - p:maxsuspcandidates= 1000
[INFO ] fr.inria.astor.core.setup.ConfigurationProperties.print(ConfigurationProperties.java:69) - p:mode= cardumen
[INFO ] fr.inria.astor.core.setup.ConfigurationProperties.print(ConfigurationProperties.java:69) - p:learningdir= 
[INFO ] fr.inria.astor.core.setup.ConfigurationProperties.print(ConfigurationProperties.java:69) - p:jvm4evosuitetestexecution= /home/kaka/tool/jdk1.7.0_80/bin
[INFO ] fr.inria.astor.core.setup.ConfigurationProperties.print(ConfigurationProperties.java:69) - p:filterfaultlocalization= true
[INFO ] fr.inria.astor.core.setup.ConfigurationProperties.print(ConfigurationProperties.java:69) - p:mutationrate= 1 
[INFO ] fr.inria.astor.core.setup.ConfigurationProperties.print(ConfigurationProperties.java:69) - p:pathToMVNRepository= 
[INFO ] fr.inria.astor.core.setup.ConfigurationProperties.print(ConfigurationProperties.java:69) - p:resourcesfolder= /src/main/resources:/src/test/resources:
[INFO ] fr.inria.astor.core.setup.ConfigurationProperties.print(ConfigurationProperties.java:69) - p:timezone= America/Los_Angeles
[INFO ] fr.inria.astor.core.setup.ConfigurationProperties.print(ConfigurationProperties.java:69) - p:runjava7code= false
[INFO ] fr.inria.astor.core.setup.ConfigurationProperties.print(ConfigurationProperties.java:69) - p:evoRunOnBuggyClass= true
[INFO ] fr.inria.astor.core.setup.ConfigurationProperties.print(ConfigurationProperties.java:69) - p:compiler= fr.inria.astor.core.manipulation.bytecode.compiler.SpoonClassCompiler
[INFO ] fr.inria.astor.core.setup.ConfigurationProperties.print(ConfigurationProperties.java:69) - p:limitbysuspicious= true
[INFO ] fr.inria.astor.core.setup.ConfigurationProperties.print(ConfigurationProperties.java:69) - p:logsattemps= true
[INFO ] fr.inria.astor.core.setup.ConfigurationProperties.print(ConfigurationProperties.java:69) - p:dependenciespath= /tmp/Cardumen_Defects4J_Chart_9/build/:/tmp/Cardumen_Defects4J_Chart_9/build-tests/:/tmp/Cardumen_Defects4J_Chart_9/lib/junit.jar:/tmp/Cardumen_Defects4J_Chart_9/lib/servlet.jar:/tmp/Cardumen_Defects4J_Chart_9/lib/itext-2.0.6.jar:/home/kaka/Desktop/RepairThemAll/script/../benchmarks/defects4j/framework/projects/lib/junit-4.11.jar
[INFO ] fr.inria.astor.core.setup.ConfigurationProperties.print(ConfigurationProperties.java:69) - p:logpatternlayout= [%-5p] %l - %m%n
[INFO ] fr.inria.astor.core.setup.ConfigurationProperties.print(ConfigurationProperties.java:69) - p:packageToInstrument= 
[INFO ] fr.inria.astor.core.setup.ConfigurationProperties.print(ConfigurationProperties.java:69) - p:skipfaultlocalization= false
[INFO ] fr.inria.astor.core.setup.ConfigurationProperties.print(ConfigurationProperties.java:69) - p:scope= local
[INFO ] fr.inria.astor.core.setup.ConfigurationProperties.print(ConfigurationProperties.java:69) - p:transformingredient= false
[INFO ] fr.inria.astor.core.setup.ConfigurationProperties.print(ConfigurationProperties.java:69) - p:fitnessfunction= fr.inria.astor.core.solutionsearch.population.TestCaseFitnessFunction
[INFO ] fr.inria.astor.core.setup.ConfigurationProperties.print(ConfigurationProperties.java:69) - p:maxnumvariablesperingredient= 10
[INFO ] fr.inria.astor.core.setup.ConfigurationProperties.print(ConfigurationProperties.java:69) - p:parsesourcefromoriginal= true
[INFO ] fr.inria.astor.core.setup.ConfigurationProperties.print(ConfigurationProperties.java:69) - p:pvariantfoldername= variant-
[INFO ] fr.inria.astor.core.setup.ConfigurationProperties.print(ConfigurationProperties.java:69) - p:savespoonmodelondisk= false
[INFO ] fr.inria.astor.core.setup.ConfigurationProperties.print(ConfigurationProperties.java:69) - p:srcjavafolder= source/
[INFO ] fr.inria.astor.core.setup.ConfigurationProperties.print(ConfigurationProperties.java:69) - p:populationcontroller= fr.inria.astor.core.solutionsearch.population.TestCaseBasedFitnessPopulationController
[INFO ] fr.inria.astor.core.setup.ConfigurationProperties.print(ConfigurationProperties.java:69) - p:ignoreflakyinfl= false
[INFO ] fr.inria.astor.core.setup.ConfigurationProperties.print(ConfigurationProperties.java:69) - p:cleantemplates= true
[INFO ] fr.inria.astor.core.setup.ConfigurationProperties.print(ConfigurationProperties.java:69) - p:applyCrossover= false
[INFO ] fr.inria.astor.core.setup.ConfigurationProperties.print(ConfigurationProperties.java:69) - p:maxmodificationpoints= 1000
[INFO ] fr.inria.astor.core.setup.ConfigurationProperties.print(ConfigurationProperties.java:69) - p:duplicateingredientsinspace= false
[INFO ] fr.inria.astor.core.setup.ConfigurationProperties.print(ConfigurationProperties.java:69) - p:metid= 0
[INFO ] fr.inria.astor.core.setup.ConfigurationProperties.print(ConfigurationProperties.java:69) - p:saveall= false
[INFO ] fr.inria.astor.core.setup.ConfigurationProperties.print(ConfigurationProperties.java:69) - p:seed= 0
[INFO ] fr.inria.astor.core.setup.ConfigurationProperties.print(ConfigurationProperties.java:69) - p:savecompletepatched= true
[INFO ] fr.inria.astor.core.setup.ConfigurationProperties.print(ConfigurationProperties.java:69) - p:resetoperations= false
[INFO ] fr.inria.astor.core.setup.ConfigurationProperties.print(ConfigurationProperties.java:69) - p:processoutputinfile= false
[INFO ] fr.inria.astor.core.setup.ConfigurationProperties.print(ConfigurationProperties.java:69) - p:location= .
[INFO ] fr.inria.astor.core.setup.ConfigurationProperties.print(ConfigurationProperties.java:69) - p:probabilistictransformation= true
[INFO ] fr.inria.astor.core.setup.ConfigurationProperties.print(ConfigurationProperties.java:69) - p:overridemaxtime= true
[INFO ] fr.inria.astor.core.setup.ConfigurationProperties.print(ConfigurationProperties.java:69) - p:ingredientstrategy= name-probability-based
[INFO ] fr.inria.astor.core.setup.ConfigurationProperties.print(ConfigurationProperties.java:69) - p:outputjsonresult= false
[INFO ] fr.inria.astor.core.setup.ConfigurationProperties.print(ConfigurationProperties.java:69) - p:allpoints= false
[INFO ] fr.inria.astor.core.setup.ConfigurationProperties.print(ConfigurationProperties.java:69) - p:bugId= 280
[INFO ] fr.inria.astor.core.setup.ConfigurationProperties.print(ConfigurationProperties.java:69) - p:evosuitetimeout= 120
[INFO ] fr.inria.astor.core.setup.ConfigurationProperties.print(ConfigurationProperties.java:69) - p:nrPlaceholders= 1
[INFO ] fr.inria.astor.core.setup.ConfigurationProperties.print(ConfigurationProperties.java:69) - p:forcesubprocesskilling= true
[INFO ] fr.inria.astor.core.setup.ConfigurationProperties.print(ConfigurationProperties.java:71) - ----------------------------
[INFO ] fr.inria.astor.core.solutionsearch.EvolutionarySearchEngine.startEvolution(EvolutionarySearchEngine.java:40) - 
----Starting Solution Search
[INFO ] fr.inria.astor.core.solutionsearch.AstorCoreEngine.processCreatedVariant(AstorCoreEngine.java:448) - -Found Solution, child variant #168
[ERROR] fr.inria.astor.core.solutionsearch.AstorCoreEngine.validateReversedOriginalVariant(AstorCoreEngine.java:356) - Error variant :168 the model was not the same from the original after this generation (see Diff in debug level)
[INFO ] fr.inria.astor.core.solutionsearch.AstorCoreEngine.atEnd(AstorCoreEngine.java:173) - Time Repair Loop (s): 46.582
[INFO ] fr.inria.astor.core.solutionsearch.AstorCoreEngine.atEnd(AstorCoreEngine.java:175) - generationsexecuted: 84
[INFO ] fr.inria.astor.core.solutionsearch.AstorCoreEngine.printFinalStatus(AstorCoreEngine.java:244) - 
----SUMMARY_EXECUTION---
[INFO ] fr.inria.astor.core.ingredientbased.IngredientBasedEvolutionaryRepairApproachImpl.printFinalStatus(IngredientBasedEvolutionaryRepairApproachImpl.java:123) - Total mod points: 1
[INFO ] fr.inria.astor.core.solutionsearch.spaces.ingredients.scopes.ExpressionTypeIngredientSpace.toJSON(ExpressionTypeIngredientSpace.java:233) - Storing ing JSON at /tmp/Cardumen_Defects4J_Chart_9/./output_astor/AstorMain-Chart-9//src/ingredients.json
[INFO ] fr.inria.astor.core.stats.IngredientStats.toJSON(IngredientStats.java:253) - Storing ing JSON at /tmp/Cardumen_Defects4J_Chart_9/./output_astor/AstorMain-Chart-9//ingredientSpaceSize.json
[INFO ] fr.inria.astor.core.stats.IngredientStats.toJSON(IngredientStats.java:254) - ingredientSpaceSize:{"allAttempts":84,"space":[{"a":15,"v":1},{"a":30,"v":2},{"a":23,"v":1},{"a":40,"v":2},{"a":43,"v":4},{"a":16,"v":3},{"a":31,"v":1},{"a":48,"v":2},{"a":35,"v":6},{"a":49,"v":1},{"a":34,"v":1},{"a":32,"v":6},{"a":41,"v":1},{"a":21,"v":1},{"a":33,"v":3},{"a":29,"v":1},{"a":14,"v":6},{"a":42,"v":1},{"a":24,"v":1},{"a":47,"v":2},{"a":19,"v":1},{"a":26,"v":1},{"a":50,"v":2},{"a":18,"v":6},{"a":39,"v":2},{"a":44,"v":1},{"a":45,"v":3},{"a":13,"v":9},{"a":28,"v":6},{"a":20,"v":3},{"a":46,"v":1},{"a":37,"v":2},{"a":25,"v":1}]}
[INFO ] fr.inria.astor.core.stats.IngredientStats.toJSON(IngredientStats.java:253) - Storing ing JSON at /tmp/Cardumen_Defects4J_Chart_9/./output_astor/AstorMain-Chart-9//combinationsTemplatesingredientSpaceSize.json
[INFO ] fr.inria.astor.core.stats.IngredientStats.toJSON(IngredientStats.java:254) - combinationsTemplatesingredientSpaceSize:{"allAttempts":235,"space":[{"a":4,"v":6},{"a":8,"v":15},{"a":26,"v":1},{"a":3,"v":23},{"a":7,"v":8},{"a":27,"v":2},{"a":2,"v":16},{"a":9,"v":6},{"a":6,"v":7},{"a":1,"v":109},{"a":24,"v":1},{"a":25,"v":1},{"a":5,"v":4},{"a":0,"v":36}]}
[INFO ] fr.inria.astor.core.solutionsearch.AstorCoreEngine.atEnd(AstorCoreEngine.java:191) - number of variants that pass the compile is 64

[INFO ] fr.inria.astor.core.solutionsearch.AstorCoreEngine.atEnd(AstorCoreEngine.java:192) - number of variants that fail the compile is 14

[INFO ] fr.inria.astor.core.solutionsearch.AstorCoreEngine.atEnd(AstorCoreEngine.java:194) - 
 --SOLUTIONS DESCRIPTION--

 ----
ProgramVariant 168
 
time(sec)= 46
operation: ExpressionReplaceOperator
location= org.jfree.data.time.TimeSeries
line= 944
lineSuspiciousness= 1
lineSuspiciousness= 0
original statement= endIndex < 0
buggy kind= CtBinaryOperatorImpl|CtIfImpl
fixed statement= endIndex < startIndex
Patch kind= CtBinaryOperatorImpl|CtIfImpl
generation= 84
ingredientScope= -
ingredientParent= _int_0 < _int_1
validation=|true|0|3641|[]|
diffpatch=--- /tmp/Cardumen_Defects4J_Chart_9/source/org/jfree/data/time/TimeSeriesjava
+++ /tmp/Cardumen_Defects4J_Chart_9/source/org/jfree/data/time/TimeSeriesjava
@@ -406,7 +406,7 @@
 			endIndex = -(endIndex + 1);
 			endIndex = endIndex - 1;
 		}
-		if (endIndex < 0) {
+		if (endIndex < startIndex) {
 			emptyRange = true;
 		}
 		if (emptyRange) {


diffpatchoriginal=--- /tmp/Cardumen_Defects4J_Chart_9/source/org/jfree/data/time/TimeSeriesjava
+++ /tmp/Cardumen_Defects4J_Chart_9/source/org/jfree/data/time/TimeSeriesjava
@@ -941,7 +941,7 @@
 			endIndex = -(endIndex + 1);
 			endIndex = endIndex - 1;
 		}
-		if (endIndex < 0) {
+		if (endIndex < startIndex) {
 			emptyRange = true;
 		}
 		if (emptyRange) {



Astor Output:

General stats:
EXECUTION_IDENTIFIER=Chart-9
TOTAL_TIME=46.582
NR_GENERATIONS=84
NR_RIGHT_COMPILATIONS=65
NR_FAILLING_COMPILATIONS=14
NR_ERRONEOUS_VARIANCES=null
NR_FAILING_VALIDATION_PROCESS=null
OUTPUT_STATUS=STOP_BY_PATCH_FOUND

Patch stats:

Patch 1
VARIANT_ID=168
TIME=46
VALIDATION=|true|0|3641|[]|
GENERATION=84
FOLDER_SOLUTION_CODE=/tmp/Cardumen_Defects4J_Chart_9/./output_astor/AstorMain-Chart-9//src//variant-168
--Patch Hunk #1
OPERATOR=ExpressionReplaceOperator

LOCATION=org.jfree.data.time.TimeSeries

PATH=/tmp/Cardumen_Defects4J_Chart_9/source/org/jfree/data/time/TimeSeries.java

MODIFIED_FILE_PATH=/tmp/Cardumen_Defects4J_Chart_9/./output_astor/AstorMain-Chart-9//src//variant-168/org/jfree/data/time/TimeSeries.java

LINE=944

SUSPICIOUNESS=1

MP_RANKING=0

ORIGINAL_CODE=endIndex < 0

BUGGY_CODE_TYPE=CtBinaryOperatorImpl|CtIfImpl

PATCH_HUNK_CODE=endIndex < startIndex

PATCH_HUNK_TYPE=CtBinaryOperatorImpl|CtIfImpl

INGREDIENT_SCOPE=-

INGREDIENT_PARENT=_int_0 < _int_1

PATCH_DIFF_ORIG=--- /tmp/Cardumen_Defects4J_Chart_9/source/org/jfree/data/time/TimeSeriesjava
+++ /tmp/Cardumen_Defects4J_Chart_9/source/org/jfree/data/time/TimeSeriesjava
@@ -941,7 +941,7 @@
 			endIndex = -(endIndex + 1);
 			endIndex = endIndex - 1;
 		}
-		if (endIndex < 0) {
+		if (endIndex < startIndex) {
 			emptyRange = true;
 		}
 		if (emptyRange) {



[INFO ] fr.inria.main.evolution.AstorMain.run(AstorMain.java:271) - Time Total(s): 72.64
70.25user 1.14system 1:13.43elapsed 97%CPU (0avgtext+0avgdata 717628maxresident)k
608inputs+36488outputs (8major+463292minor)pagefaults 0swaps


Node: ubuntu



Date: Sun Jun 16 12:02:02 EDT 2019

