cd /tmp/GenProg_Defects4J_Math_50;
export JAVA_TOOL_OPTIONS="-Dfile.encoding=UTF8 -Duser.language=en-US -Duser.country=US -Duser.language=en";
TZ="America/New_York"; export TZ;
export PATH="/home/wp/tool/jdk1.7.0_80/bin/:$PATH";
export JAVA_HOME="/home/wp/tool/jdk1.7.0_80/bin/";
timeout 120m java -Xmx1g -Xms1g -cp /home/wp/RepairThemAll/script/../libs/jmetal.jar:/home/wp/RepairThemAll/script/../repair_tools/arja.jar us.msu.cse.repair.Main \
	GenProg \
	-DexternalProjRoot /home/wp/RepairThemAll/script/../libs/arja_external \
	-Dbenchmark Defects4J \
	-Dbugid Math-50 \
	-DsrcJavaDir /tmp/GenProg_Defects4J_Math_50/src/main/java/ \
	-DbinJavaDir /tmp/GenProg_Defects4J_Math_50/target/classes/ \
	-DbinTestDir /tmp/GenProg_Defects4J_Math_50/target/test-classes/ \
	-DdiffFormat true \
	-Dseed 0 \
	-Ddependences /tmp/GenProg_Defects4J_Math_50/target/classes/:/tmp/GenProg_Defects4J_Math_50/target/test-classes/:/home/wp/RepairThemAll/script/../benchmarks/defects4j/framework/projects/lib/junit-4.11.jar;
	echo "\n\nNode: `hostname`\n";
	echo "\n\nDate: `date`\n";
Picked up JAVA_TOOL_OPTIONS: -Dfile.encoding=UTF8 -Duser.language=en-US -Duser.country=US -Duser.language=en
Aug 04, 2019 2:08:08 AM java.util.jar.Attributes read
WARNING: Duplicate name in Manifest: SHA1-Digest.
Ensure that the manifest does not have duplicate entries, and
that blank lines separate individual sections in both your
manifest and in the META-INF/MANIFEST.MF entry in the jar file.
Aug 04, 2019 2:08:08 AM java.util.jar.Attributes read
WARNING: Duplicate name in Manifest: SHA1-Digest.
Ensure that the manifest does not have duplicate entries, and
that blank lines separate individual sections in both your
manifest and in the META-INF/MANIFEST.MF entry in the jar file.
Aug 04, 2019 2:08:08 AM java.util.jar.Attributes read
WARNING: Duplicate name in Manifest: SHA1-Digest.
Ensure that the manifest does not have duplicate entries, and
that blank lines separate individual sections in both your
manifest and in the META-INF/MANIFEST.MF entry in the jar file.
Aug 04, 2019 2:08:08 AM java.util.jar.Attributes read
WARNING: Duplicate name in Manifest: SHA1-Digest.
Ensure that the manifest does not have duplicate entries, and
that blank lines separate individual sections in both your
manifest and in the META-INF/MANIFEST.MF entry in the jar file.
Aug 04, 2019 2:08:08 AM java.util.jar.Attributes read
WARNING: Duplicate name in Manifest: SHA1-Digest.
Ensure that the manifest does not have duplicate entries, and
that blank lines separate individual sections in both your
manifest and in the META-INF/MANIFEST.MF entry in the jar file.
Aug 04, 2019 2:08:08 AM java.util.jar.Attributes read
WARNING: Duplicate name in Manifest: SHA1-Digest.
Ensure that the manifest does not have duplicate entries, and
that blank lines separate individual sections in both your
manifest and in the META-INF/MANIFEST.MF entry in the jar file.
Aug 04, 2019 2:08:08 AM java.util.jar.Attributes read
WARNING: Duplicate name in Manifest: SHA1-Digest.
Ensure that the manifest does not have duplicate entries, and
that blank lines separate individual sections in both your
manifest and in the META-INF/MANIFEST.MF entry in the jar file.
Aug 04, 2019 2:08:08 AM java.util.jar.Attributes read
WARNING: Duplicate name in Manifest: SHA1-Digest.
Ensure that the manifest does not have duplicate entries, and
that blank lines separate individual sections in both your
manifest and in the META-INF/MANIFEST.MF entry in the jar file.
Aug 04, 2019 2:08:08 AM java.util.jar.Attributes read
WARNING: Duplicate name in Manifest: SHA1-Digest.
Ensure that the manifest does not have duplicate entries, and
that blank lines separate individual sections in both your
manifest and in the META-INF/MANIFEST.MF entry in the jar file.
Aug 04, 2019 2:08:08 AM java.util.jar.Attributes read
WARNING: Duplicate name in Manifest: SHA1-Digest.
Ensure that the manifest does not have duplicate entries, and
that blank lines separate individual sections in both your
manifest and in the META-INF/MANIFEST.MF entry in the jar file.
Aug 04, 2019 2:08:08 AM java.util.jar.Attributes read
WARNING: Duplicate name in Manifest: SHA1-Digest.
Ensure that the manifest does not have duplicate entries, and
that blank lines separate individual sections in both your
manifest and in the META-INF/MANIFEST.MF entry in the jar file.
Aug 04, 2019 2:08:08 AM java.util.jar.Attributes read
WARNING: Duplicate name in Manifest: SHA1-Digest.
Ensure that the manifest does not have duplicate entries, and
that blank lines separate individual sections in both your
manifest and in the META-INF/MANIFEST.MF entry in the jar file.
Aug 04, 2019 2:08:08 AM java.util.jar.Attributes read
WARNING: Duplicate name in Manifest: SHA1-Digest.
Ensure that the manifest does not have duplicate entries, and
that blank lines separate individual sections in both your
manifest and in the META-INF/MANIFEST.MF entry in the jar file.
Aug 04, 2019 2:08:08 AM java.util.jar.Attributes read
WARNING: Duplicate name in Manifest: SHA1-Digest.
Ensure that the manifest does not have duplicate entries, and
that blank lines separate individual sections in both your
manifest and in the META-INF/MANIFEST.MF entry in the jar file.
Aug 04, 2019 2:08:08 AM java.util.jar.Attributes read
WARNING: Duplicate name in Manifest: SHA1-Digest.
Ensure that the manifest does not have duplicate entries, and
that blank lines separate individual sections in both your
manifest and in the META-INF/MANIFEST.MF entry in the jar file.
Aug 04, 2019 2:08:08 AM java.util.jar.Attributes read
WARNING: Duplicate name in Manifest: SHA1-Digest.
Ensure that the manifest does not have duplicate entries, and
that blank lines separate individual sections in both your
manifest and in the META-INF/MANIFEST.MF entry in the jar file.
Aug 04, 2019 2:08:08 AM java.util.jar.Attributes read
WARNING: Duplicate name in Manifest: SHA1-Digest.
Ensure that the manifest does not have duplicate entries, and
that blank lines separate individual sections in both your
manifest and in the META-INF/MANIFEST.MF entry in the jar file.
Aug 04, 2019 2:08:08 AM java.util.jar.Attributes read
WARNING: Duplicate name in Manifest: SHA1-Digest.
Ensure that the manifest does not have duplicate entries, and
that blank lines separate individual sections in both your
manifest and in the META-INF/MANIFEST.MF entry in the jar file.
Aug 04, 2019 2:08:08 AM java.util.jar.Attributes read
WARNING: Duplicate name in Manifest: SHA1-Digest.
Ensure that the manifest does not have duplicate entries, and
that blank lines separate individual sections in both your
manifest and in the META-INF/MANIFEST.MF entry in the jar file.
Aug 04, 2019 2:08:08 AM java.util.jar.Attributes read
WARNING: Duplicate name in Manifest: SHA1-Digest.
Ensure that the manifest does not have duplicate entries, and
that blank lines separate individual sections in both your
manifest and in the META-INF/MANIFEST.MF entry in the jar file.
Aug 04, 2019 2:08:08 AM java.util.jar.Attributes read
WARNING: Duplicate name in Manifest: SHA1-Digest.
Ensure that the manifest does not have duplicate entries, and
that blank lines separate individual sections in both your
manifest and in the META-INF/MANIFEST.MF entry in the jar file.
Aug 04, 2019 2:08:08 AM java.util.jar.Attributes read
WARNING: Duplicate name in Manifest: SHA1-Digest.
Ensure that the manifest does not have duplicate entries, and
that blank lines separate individual sections in both your
manifest and in the META-INF/MANIFEST.MF entry in the jar file.
Aug 04, 2019 2:08:08 AM java.util.jar.Attributes read
WARNING: Duplicate name in Manifest: SHA1-Digest.
Ensure that the manifest does not have duplicate entries, and
that blank lines separate individual sections in both your
manifest and in the META-INF/MANIFEST.MF entry in the jar file.
Aug 04, 2019 2:08:08 AM java.util.jar.Attributes read
WARNING: Duplicate name in Manifest: SHA1-Digest.
Ensure that the manifest does not have duplicate entries, and
that blank lines separate individual sections in both your
manifest and in the META-INF/MANIFEST.MF entry in the jar file.
Aug 04, 2019 2:08:08 AM java.util.jar.Attributes read
WARNING: Duplicate name in Manifest: SHA1-Digest.
Ensure that the manifest does not have duplicate entries, and
that blank lines separate individual sections in both your
manifest and in the META-INF/MANIFEST.MF entry in the jar file.
Aug 04, 2019 2:08:08 AM java.util.jar.Attributes read
WARNING: Duplicate name in Manifest: SHA1-Digest.
Ensure that the manifest does not have duplicate entries, and
that blank lines separate individual sections in both your
manifest and in the META-INF/MANIFEST.MF entry in the jar file.
Aug 04, 2019 2:08:08 AM java.util.jar.Attributes read
WARNING: Duplicate name in Manifest: SHA1-Digest.
Ensure that the manifest does not have duplicate entries, and
that blank lines separate individual sections in both your
manifest and in the META-INF/MANIFEST.MF entry in the jar file.
Aug 04, 2019 2:08:08 AM java.util.jar.Attributes read
WARNING: Duplicate name in Manifest: SHA1-Digest.
Ensure that the manifest does not have duplicate entries, and
that blank lines separate individual sections in both your
manifest and in the META-INF/MANIFEST.MF entry in the jar file.
Aug 04, 2019 2:08:08 AM java.util.jar.Attributes read
WARNING: Duplicate name in Manifest: SHA1-Digest.
Ensure that the manifest does not have duplicate entries, and
that blank lines separate individual sections in both your
manifest and in the META-INF/MANIFEST.MF entry in the jar file.
Aug 04, 2019 2:08:08 AM java.util.jar.Attributes read
WARNING: Duplicate name in Manifest: SHA1-Digest.
Ensure that the manifest does not have duplicate entries, and
that blank lines separate individual sections in both your
manifest and in the META-INF/MANIFEST.MF entry in the jar file.
Fault localization starts...
Aug 04, 2019 2:08:11 AM java.util.jar.Attributes read
WARNING: Duplicate name in Manifest: SHA1-Digest.
Ensure that the manifest does not have duplicate entries, and
that blank lines separate individual sections in both your
manifest and in the META-INF/MANIFEST.MF entry in the jar file.
Aug 04, 2019 2:08:11 AM java.util.jar.Attributes read
WARNING: Duplicate name in Manifest: SHA1-Digest.
Ensure that the manifest does not have duplicate entries, and
that blank lines separate individual sections in both your
manifest and in the META-INF/MANIFEST.MF entry in the jar file.
Aug 04, 2019 2:08:11 AM java.util.jar.Attributes read
WARNING: Duplicate name in Manifest: SHA1-Digest.
Ensure that the manifest does not have duplicate entries, and
that blank lines separate individual sections in both your
manifest and in the META-INF/MANIFEST.MF entry in the jar file.
Aug 04, 2019 2:08:11 AM java.util.jar.Attributes read
WARNING: Duplicate name in Manifest: SHA1-Digest.
Ensure that the manifest does not have duplicate entries, and
that blank lines separate individual sections in both your
manifest and in the META-INF/MANIFEST.MF entry in the jar file.
Aug 04, 2019 2:08:11 AM java.util.jar.Attributes read
WARNING: Duplicate name in Manifest: SHA1-Digest.
Ensure that the manifest does not have duplicate entries, and
that blank lines separate individual sections in both your
manifest and in the META-INF/MANIFEST.MF entry in the jar file.
Aug 04, 2019 2:08:11 AM java.util.jar.Attributes read
WARNING: Duplicate name in Manifest: SHA1-Digest.
Ensure that the manifest does not have duplicate entries, and
that blank lines separate individual sections in both your
manifest and in the META-INF/MANIFEST.MF entry in the jar file.
Aug 04, 2019 2:08:11 AM java.util.jar.Attributes read
WARNING: Duplicate name in Manifest: SHA1-Digest.
Ensure that the manifest does not have duplicate entries, and
that blank lines separate individual sections in both your
manifest and in the META-INF/MANIFEST.MF entry in the jar file.
Aug 04, 2019 2:08:11 AM java.util.jar.Attributes read
WARNING: Duplicate name in Manifest: SHA1-Digest.
Ensure that the manifest does not have duplicate entries, and
that blank lines separate individual sections in both your
manifest and in the META-INF/MANIFEST.MF entry in the jar file.
Aug 04, 2019 2:08:11 AM java.util.jar.Attributes read
WARNING: Duplicate name in Manifest: SHA1-Digest.
Ensure that the manifest does not have duplicate entries, and
that blank lines separate individual sections in both your
manifest and in the META-INF/MANIFEST.MF entry in the jar file.
Aug 04, 2019 2:08:11 AM java.util.jar.Attributes read
WARNING: Duplicate name in Manifest: SHA1-Digest.
Ensure that the manifest does not have duplicate entries, and
that blank lines separate individual sections in both your
manifest and in the META-INF/MANIFEST.MF entry in the jar file.
Aug 04, 2019 2:08:11 AM java.util.jar.Attributes read
WARNING: Duplicate name in Manifest: SHA1-Digest.
Ensure that the manifest does not have duplicate entries, and
that blank lines separate individual sections in both your
manifest and in the META-INF/MANIFEST.MF entry in the jar file.
Aug 04, 2019 2:08:11 AM java.util.jar.Attributes read
WARNING: Duplicate name in Manifest: SHA1-Digest.
Ensure that the manifest does not have duplicate entries, and
that blank lines separate individual sections in both your
manifest and in the META-INF/MANIFEST.MF entry in the jar file.
Aug 04, 2019 2:08:11 AM java.util.jar.Attributes read
WARNING: Duplicate name in Manifest: SHA1-Digest.
Ensure that the manifest does not have duplicate entries, and
that blank lines separate individual sections in both your
manifest and in the META-INF/MANIFEST.MF entry in the jar file.
Aug 04, 2019 2:08:11 AM java.util.jar.Attributes read
WARNING: Duplicate name in Manifest: SHA1-Digest.
Ensure that the manifest does not have duplicate entries, and
that blank lines separate individual sections in both your
manifest and in the META-INF/MANIFEST.MF entry in the jar file.
Aug 04, 2019 2:08:11 AM java.util.jar.Attributes read
WARNING: Duplicate name in Manifest: SHA1-Digest.
Ensure that the manifest does not have duplicate entries, and
that blank lines separate individual sections in both your
manifest and in the META-INF/MANIFEST.MF entry in the jar file.
Aug 04, 2019 2:08:11 AM java.util.jar.Attributes read
WARNING: Duplicate name in Manifest: SHA1-Digest.
Ensure that the manifest does not have duplicate entries, and
that blank lines separate individual sections in both your
manifest and in the META-INF/MANIFEST.MF entry in the jar file.
Aug 04, 2019 2:08:11 AM java.util.jar.Attributes read
WARNING: Duplicate name in Manifest: SHA1-Digest.
Ensure that the manifest does not have duplicate entries, and
that blank lines separate individual sections in both your
manifest and in the META-INF/MANIFEST.MF entry in the jar file.
Aug 04, 2019 2:08:11 AM java.util.jar.Attributes read
WARNING: Duplicate name in Manifest: SHA1-Digest.
Ensure that the manifest does not have duplicate entries, and
that blank lines separate individual sections in both your
manifest and in the META-INF/MANIFEST.MF entry in the jar file.
Aug 04, 2019 2:08:11 AM java.util.jar.Attributes read
WARNING: Duplicate name in Manifest: SHA1-Digest.
Ensure that the manifest does not have duplicate entries, and
that blank lines separate individual sections in both your
manifest and in the META-INF/MANIFEST.MF entry in the jar file.
Aug 04, 2019 2:08:11 AM java.util.jar.Attributes read
WARNING: Duplicate name in Manifest: SHA1-Digest.
Ensure that the manifest does not have duplicate entries, and
that blank lines separate individual sections in both your
manifest and in the META-INF/MANIFEST.MF entry in the jar file.
Aug 04, 2019 2:08:11 AM java.util.jar.Attributes read
WARNING: Duplicate name in Manifest: SHA1-Digest.
Ensure that the manifest does not have duplicate entries, and
that blank lines separate individual sections in both your
manifest and in the META-INF/MANIFEST.MF entry in the jar file.
Aug 04, 2019 2:08:11 AM java.util.jar.Attributes read
WARNING: Duplicate name in Manifest: SHA1-Digest.
Ensure that the manifest does not have duplicate entries, and
that blank lines separate individual sections in both your
manifest and in the META-INF/MANIFEST.MF entry in the jar file.
Aug 04, 2019 2:08:11 AM java.util.jar.Attributes read
WARNING: Duplicate name in Manifest: SHA1-Digest.
Ensure that the manifest does not have duplicate entries, and
that blank lines separate individual sections in both your
manifest and in the META-INF/MANIFEST.MF entry in the jar file.
Aug 04, 2019 2:08:11 AM java.util.jar.Attributes read
WARNING: Duplicate name in Manifest: SHA1-Digest.
Ensure that the manifest does not have duplicate entries, and
that blank lines separate individual sections in both your
manifest and in the META-INF/MANIFEST.MF entry in the jar file.
Aug 04, 2019 2:08:11 AM java.util.jar.Attributes read
WARNING: Duplicate name in Manifest: SHA1-Digest.
Ensure that the manifest does not have duplicate entries, and
that blank lines separate individual sections in both your
manifest and in the META-INF/MANIFEST.MF entry in the jar file.
Aug 04, 2019 2:08:11 AM java.util.jar.Attributes read
WARNING: Duplicate name in Manifest: SHA1-Digest.
Ensure that the manifest does not have duplicate entries, and
that blank lines separate individual sections in both your
manifest and in the META-INF/MANIFEST.MF entry in the jar file.
Aug 04, 2019 2:08:11 AM java.util.jar.Attributes read
WARNING: Duplicate name in Manifest: SHA1-Digest.
Ensure that the manifest does not have duplicate entries, and
that blank lines separate individual sections in both your
manifest and in the META-INF/MANIFEST.MF entry in the jar file.
Aug 04, 2019 2:08:11 AM java.util.jar.Attributes read
WARNING: Duplicate name in Manifest: SHA1-Digest.
Ensure that the manifest does not have duplicate entries, and
that blank lines separate individual sections in both your
manifest and in the META-INF/MANIFEST.MF entry in the jar file.
Aug 04, 2019 2:08:11 AM java.util.jar.Attributes read
WARNING: Duplicate name in Manifest: SHA1-Digest.
Ensure that the manifest does not have duplicate entries, and
that blank lines separate individual sections in both your
manifest and in the META-INF/MANIFEST.MF entry in the jar file.
Aug 04, 2019 2:08:11 AM java.util.jar.Attributes read
WARNING: Duplicate name in Manifest: SHA1-Digest.
Ensure that the manifest does not have duplicate entries, and
that blank lines separate individual sections in both your
manifest and in the META-INF/MANIFEST.MF entry in the jar file.
Number of positive tests: 2951
Number of negative tests: 1
faulty points number is4
Fault localization is finished!
AST parsing starts...
AST parsing is finished!
Detection of local variables starts...
Detection of local variables is finished!
Detection of fields starts...
Detection of fields is finished!
Detection of methods starts...
Detection of methods is finished!
Ingredient screener starts...
Ingredient screener is finished!
Initialization of manipulations starts...
Initialization of manipulations is finished!
Filtering of the tests starts...
Number of positive tests considered: 6
Filtering of the tests is finished!
One fitness evaluation starts...
Number of failed tests: 1
Fitness: 2.0
One fitness evaluation is finished...
One fitness evaluation starts...
Number of failed tests: 0
Fitness: 0.0
NR_RIGHT_COMPILATIONS=2
NR_FAILLING_COMPILATIONS=0
OUTPUT_STATUS=STOP_BY_PATCH_FOUND


Node: ubuntu



Date: Sun Aug  4 02:50:28 EDT 2019

