cd /tmp/GenProg_Defects4J_Chart_12;
export JAVA_TOOL_OPTIONS="-Dfile.encoding=UTF8 -Duser.language=en-US -Duser.country=US -Duser.language=en";
TZ="America/New_York"; export TZ;
export PATH="/data/tool/jdk1.7.0_80/bin:$PATH";
export JAVA_HOME="/data/tool/jdk1.7.0_80/bin";
timeout 120m java -Xmx1g -Xms1g -cp /data/RepairThemAll/script/../libs/jmetal.jar:/data/RepairThemAll/script/../repair_tools/arja.jar us.msu.cse.repair.Main \
	GenProg \
	-DexternalProjRoot /data/RepairThemAll/script/../libs/arja_external \
	-Dbenchmark Defects4J \
	-Dbugid Chart-12 \
	-DsrcJavaDir /tmp/GenProg_Defects4J_Chart_12/source/ \
	-DbinJavaDir /tmp/GenProg_Defects4J_Chart_12/build/ \
	-DbinTestDir /tmp/GenProg_Defects4J_Chart_12/build-tests/ \
	-DdiffFormat true \
	-Dseed 0 \
	-Ddependences /tmp/GenProg_Defects4J_Chart_12/build/:/tmp/GenProg_Defects4J_Chart_12/build-tests/:/tmp/GenProg_Defects4J_Chart_12/lib/junit.jar:/tmp/GenProg_Defects4J_Chart_12/lib/servlet.jar:/tmp/GenProg_Defects4J_Chart_12/lib/itext-2.0.6.jar:/data/RepairThemAll/script/../benchmarks/defects4j/framework/projects/lib/junit-4.11.jar;
	echo "\n\nNode: `hostname`\n";
	echo "\n\nDate: `date`\n";
Picked up JAVA_TOOL_OPTIONS: -Dfile.encoding=UTF8 -Duser.language=en-US -Duser.country=US -Duser.language=en
Jul 23, 2019 6:37:55 PM java.util.jar.Attributes read
WARNING: Duplicate name in Manifest: SHA1-Digest.
Ensure that the manifest does not have duplicate entries, and
that blank lines separate individual sections in both your
manifest and in the META-INF/MANIFEST.MF entry in the jar file.
Jul 23, 2019 6:37:55 PM java.util.jar.Attributes read
WARNING: Duplicate name in Manifest: SHA1-Digest.
Ensure that the manifest does not have duplicate entries, and
that blank lines separate individual sections in both your
manifest and in the META-INF/MANIFEST.MF entry in the jar file.
Jul 23, 2019 6:37:55 PM java.util.jar.Attributes read
WARNING: Duplicate name in Manifest: SHA1-Digest.
Ensure that the manifest does not have duplicate entries, and
that blank lines separate individual sections in both your
manifest and in the META-INF/MANIFEST.MF entry in the jar file.
Jul 23, 2019 6:37:55 PM java.util.jar.Attributes read
WARNING: Duplicate name in Manifest: SHA1-Digest.
Ensure that the manifest does not have duplicate entries, and
that blank lines separate individual sections in both your
manifest and in the META-INF/MANIFEST.MF entry in the jar file.
Jul 23, 2019 6:37:55 PM java.util.jar.Attributes read
WARNING: Duplicate name in Manifest: SHA1-Digest.
Ensure that the manifest does not have duplicate entries, and
that blank lines separate individual sections in both your
manifest and in the META-INF/MANIFEST.MF entry in the jar file.
Jul 23, 2019 6:37:55 PM java.util.jar.Attributes read
WARNING: Duplicate name in Manifest: SHA1-Digest.
Ensure that the manifest does not have duplicate entries, and
that blank lines separate individual sections in both your
manifest and in the META-INF/MANIFEST.MF entry in the jar file.
Jul 23, 2019 6:37:55 PM java.util.jar.Attributes read
WARNING: Duplicate name in Manifest: SHA1-Digest.
Ensure that the manifest does not have duplicate entries, and
that blank lines separate individual sections in both your
manifest and in the META-INF/MANIFEST.MF entry in the jar file.
Jul 23, 2019 6:37:55 PM java.util.jar.Attributes read
WARNING: Duplicate name in Manifest: SHA1-Digest.
Ensure that the manifest does not have duplicate entries, and
that blank lines separate individual sections in both your
manifest and in the META-INF/MANIFEST.MF entry in the jar file.
Jul 23, 2019 6:37:55 PM java.util.jar.Attributes read
WARNING: Duplicate name in Manifest: SHA1-Digest.
Ensure that the manifest does not have duplicate entries, and
that blank lines separate individual sections in both your
manifest and in the META-INF/MANIFEST.MF entry in the jar file.
Jul 23, 2019 6:37:55 PM java.util.jar.Attributes read
WARNING: Duplicate name in Manifest: SHA1-Digest.
Ensure that the manifest does not have duplicate entries, and
that blank lines separate individual sections in both your
manifest and in the META-INF/MANIFEST.MF entry in the jar file.
Jul 23, 2019 6:37:55 PM java.util.jar.Attributes read
WARNING: Duplicate name in Manifest: SHA1-Digest.
Ensure that the manifest does not have duplicate entries, and
that blank lines separate individual sections in both your
manifest and in the META-INF/MANIFEST.MF entry in the jar file.
Jul 23, 2019 6:37:55 PM java.util.jar.Attributes read
WARNING: Duplicate name in Manifest: SHA1-Digest.
Ensure that the manifest does not have duplicate entries, and
that blank lines separate individual sections in both your
manifest and in the META-INF/MANIFEST.MF entry in the jar file.
Jul 23, 2019 6:37:55 PM java.util.jar.Attributes read
WARNING: Duplicate name in Manifest: SHA1-Digest.
Ensure that the manifest does not have duplicate entries, and
that blank lines separate individual sections in both your
manifest and in the META-INF/MANIFEST.MF entry in the jar file.
Jul 23, 2019 6:37:55 PM java.util.jar.Attributes read
WARNING: Duplicate name in Manifest: SHA1-Digest.
Ensure that the manifest does not have duplicate entries, and
that blank lines separate individual sections in both your
manifest and in the META-INF/MANIFEST.MF entry in the jar file.
Jul 23, 2019 6:37:55 PM java.util.jar.Attributes read
WARNING: Duplicate name in Manifest: SHA1-Digest.
Ensure that the manifest does not have duplicate entries, and
that blank lines separate individual sections in both your
manifest and in the META-INF/MANIFEST.MF entry in the jar file.
Jul 23, 2019 6:37:55 PM java.util.jar.Attributes read
WARNING: Duplicate name in Manifest: SHA1-Digest.
Ensure that the manifest does not have duplicate entries, and
that blank lines separate individual sections in both your
manifest and in the META-INF/MANIFEST.MF entry in the jar file.
Jul 23, 2019 6:37:55 PM java.util.jar.Attributes read
WARNING: Duplicate name in Manifest: SHA1-Digest.
Ensure that the manifest does not have duplicate entries, and
that blank lines separate individual sections in both your
manifest and in the META-INF/MANIFEST.MF entry in the jar file.
Jul 23, 2019 6:37:55 PM java.util.jar.Attributes read
WARNING: Duplicate name in Manifest: SHA1-Digest.
Ensure that the manifest does not have duplicate entries, and
that blank lines separate individual sections in both your
manifest and in the META-INF/MANIFEST.MF entry in the jar file.
Jul 23, 2019 6:37:55 PM java.util.jar.Attributes read
WARNING: Duplicate name in Manifest: SHA1-Digest.
Ensure that the manifest does not have duplicate entries, and
that blank lines separate individual sections in both your
manifest and in the META-INF/MANIFEST.MF entry in the jar file.
Jul 23, 2019 6:37:55 PM java.util.jar.Attributes read
WARNING: Duplicate name in Manifest: SHA1-Digest.
Ensure that the manifest does not have duplicate entries, and
that blank lines separate individual sections in both your
manifest and in the META-INF/MANIFEST.MF entry in the jar file.
Jul 23, 2019 6:37:55 PM java.util.jar.Attributes read
WARNING: Duplicate name in Manifest: SHA1-Digest.
Ensure that the manifest does not have duplicate entries, and
that blank lines separate individual sections in both your
manifest and in the META-INF/MANIFEST.MF entry in the jar file.
Jul 23, 2019 6:37:55 PM java.util.jar.Attributes read
WARNING: Duplicate name in Manifest: SHA1-Digest.
Ensure that the manifest does not have duplicate entries, and
that blank lines separate individual sections in both your
manifest and in the META-INF/MANIFEST.MF entry in the jar file.
Jul 23, 2019 6:37:55 PM java.util.jar.Attributes read
WARNING: Duplicate name in Manifest: SHA1-Digest.
Ensure that the manifest does not have duplicate entries, and
that blank lines separate individual sections in both your
manifest and in the META-INF/MANIFEST.MF entry in the jar file.
Jul 23, 2019 6:37:55 PM java.util.jar.Attributes read
WARNING: Duplicate name in Manifest: SHA1-Digest.
Ensure that the manifest does not have duplicate entries, and
that blank lines separate individual sections in both your
manifest and in the META-INF/MANIFEST.MF entry in the jar file.
Jul 23, 2019 6:37:55 PM java.util.jar.Attributes read
WARNING: Duplicate name in Manifest: SHA1-Digest.
Ensure that the manifest does not have duplicate entries, and
that blank lines separate individual sections in both your
manifest and in the META-INF/MANIFEST.MF entry in the jar file.
Jul 23, 2019 6:37:55 PM java.util.jar.Attributes read
WARNING: Duplicate name in Manifest: SHA1-Digest.
Ensure that the manifest does not have duplicate entries, and
that blank lines separate individual sections in both your
manifest and in the META-INF/MANIFEST.MF entry in the jar file.
Jul 23, 2019 6:37:55 PM java.util.jar.Attributes read
WARNING: Duplicate name in Manifest: SHA1-Digest.
Ensure that the manifest does not have duplicate entries, and
that blank lines separate individual sections in both your
manifest and in the META-INF/MANIFEST.MF entry in the jar file.
Jul 23, 2019 6:37:55 PM java.util.jar.Attributes read
WARNING: Duplicate name in Manifest: SHA1-Digest.
Ensure that the manifest does not have duplicate entries, and
that blank lines separate individual sections in both your
manifest and in the META-INF/MANIFEST.MF entry in the jar file.
Jul 23, 2019 6:37:55 PM java.util.jar.Attributes read
WARNING: Duplicate name in Manifest: SHA1-Digest.
Ensure that the manifest does not have duplicate entries, and
that blank lines separate individual sections in both your
manifest and in the META-INF/MANIFEST.MF entry in the jar file.
Jul 23, 2019 6:37:55 PM java.util.jar.Attributes read
WARNING: Duplicate name in Manifest: SHA1-Digest.
Ensure that the manifest does not have duplicate entries, and
that blank lines separate individual sections in both your
manifest and in the META-INF/MANIFEST.MF entry in the jar file.
Fault localization starts...
Jul 23, 2019 6:37:57 PM java.util.jar.Attributes read
WARNING: Duplicate name in Manifest: SHA1-Digest.
Ensure that the manifest does not have duplicate entries, and
that blank lines separate individual sections in both your
manifest and in the META-INF/MANIFEST.MF entry in the jar file.
Jul 23, 2019 6:37:57 PM java.util.jar.Attributes read
WARNING: Duplicate name in Manifest: SHA1-Digest.
Ensure that the manifest does not have duplicate entries, and
that blank lines separate individual sections in both your
manifest and in the META-INF/MANIFEST.MF entry in the jar file.
Jul 23, 2019 6:37:57 PM java.util.jar.Attributes read
WARNING: Duplicate name in Manifest: SHA1-Digest.
Ensure that the manifest does not have duplicate entries, and
that blank lines separate individual sections in both your
manifest and in the META-INF/MANIFEST.MF entry in the jar file.
Jul 23, 2019 6:37:57 PM java.util.jar.Attributes read
WARNING: Duplicate name in Manifest: SHA1-Digest.
Ensure that the manifest does not have duplicate entries, and
that blank lines separate individual sections in both your
manifest and in the META-INF/MANIFEST.MF entry in the jar file.
Jul 23, 2019 6:37:57 PM java.util.jar.Attributes read
WARNING: Duplicate name in Manifest: SHA1-Digest.
Ensure that the manifest does not have duplicate entries, and
that blank lines separate individual sections in both your
manifest and in the META-INF/MANIFEST.MF entry in the jar file.
Jul 23, 2019 6:37:57 PM java.util.jar.Attributes read
WARNING: Duplicate name in Manifest: SHA1-Digest.
Ensure that the manifest does not have duplicate entries, and
that blank lines separate individual sections in both your
manifest and in the META-INF/MANIFEST.MF entry in the jar file.
Jul 23, 2019 6:37:57 PM java.util.jar.Attributes read
WARNING: Duplicate name in Manifest: SHA1-Digest.
Ensure that the manifest does not have duplicate entries, and
that blank lines separate individual sections in both your
manifest and in the META-INF/MANIFEST.MF entry in the jar file.
Jul 23, 2019 6:37:57 PM java.util.jar.Attributes read
WARNING: Duplicate name in Manifest: SHA1-Digest.
Ensure that the manifest does not have duplicate entries, and
that blank lines separate individual sections in both your
manifest and in the META-INF/MANIFEST.MF entry in the jar file.
Jul 23, 2019 6:37:57 PM java.util.jar.Attributes read
WARNING: Duplicate name in Manifest: SHA1-Digest.
Ensure that the manifest does not have duplicate entries, and
that blank lines separate individual sections in both your
manifest and in the META-INF/MANIFEST.MF entry in the jar file.
Jul 23, 2019 6:37:57 PM java.util.jar.Attributes read
WARNING: Duplicate name in Manifest: SHA1-Digest.
Ensure that the manifest does not have duplicate entries, and
that blank lines separate individual sections in both your
manifest and in the META-INF/MANIFEST.MF entry in the jar file.
Jul 23, 2019 6:37:57 PM java.util.jar.Attributes read
WARNING: Duplicate name in Manifest: SHA1-Digest.
Ensure that the manifest does not have duplicate entries, and
that blank lines separate individual sections in both your
manifest and in the META-INF/MANIFEST.MF entry in the jar file.
Jul 23, 2019 6:37:57 PM java.util.jar.Attributes read
WARNING: Duplicate name in Manifest: SHA1-Digest.
Ensure that the manifest does not have duplicate entries, and
that blank lines separate individual sections in both your
manifest and in the META-INF/MANIFEST.MF entry in the jar file.
Jul 23, 2019 6:37:57 PM java.util.jar.Attributes read
WARNING: Duplicate name in Manifest: SHA1-Digest.
Ensure that the manifest does not have duplicate entries, and
that blank lines separate individual sections in both your
manifest and in the META-INF/MANIFEST.MF entry in the jar file.
Jul 23, 2019 6:37:57 PM java.util.jar.Attributes read
WARNING: Duplicate name in Manifest: SHA1-Digest.
Ensure that the manifest does not have duplicate entries, and
that blank lines separate individual sections in both your
manifest and in the META-INF/MANIFEST.MF entry in the jar file.
Jul 23, 2019 6:37:57 PM java.util.jar.Attributes read
WARNING: Duplicate name in Manifest: SHA1-Digest.
Ensure that the manifest does not have duplicate entries, and
that blank lines separate individual sections in both your
manifest and in the META-INF/MANIFEST.MF entry in the jar file.
Jul 23, 2019 6:37:57 PM java.util.jar.Attributes read
WARNING: Duplicate name in Manifest: SHA1-Digest.
Ensure that the manifest does not have duplicate entries, and
that blank lines separate individual sections in both your
manifest and in the META-INF/MANIFEST.MF entry in the jar file.
Jul 23, 2019 6:37:57 PM java.util.jar.Attributes read
WARNING: Duplicate name in Manifest: SHA1-Digest.
Ensure that the manifest does not have duplicate entries, and
that blank lines separate individual sections in both your
manifest and in the META-INF/MANIFEST.MF entry in the jar file.
Jul 23, 2019 6:37:57 PM java.util.jar.Attributes read
WARNING: Duplicate name in Manifest: SHA1-Digest.
Ensure that the manifest does not have duplicate entries, and
that blank lines separate individual sections in both your
manifest and in the META-INF/MANIFEST.MF entry in the jar file.
Jul 23, 2019 6:37:57 PM java.util.jar.Attributes read
WARNING: Duplicate name in Manifest: SHA1-Digest.
Ensure that the manifest does not have duplicate entries, and
that blank lines separate individual sections in both your
manifest and in the META-INF/MANIFEST.MF entry in the jar file.
Jul 23, 2019 6:37:57 PM java.util.jar.Attributes read
WARNING: Duplicate name in Manifest: SHA1-Digest.
Ensure that the manifest does not have duplicate entries, and
that blank lines separate individual sections in both your
manifest and in the META-INF/MANIFEST.MF entry in the jar file.
Jul 23, 2019 6:37:57 PM java.util.jar.Attributes read
WARNING: Duplicate name in Manifest: SHA1-Digest.
Ensure that the manifest does not have duplicate entries, and
that blank lines separate individual sections in both your
manifest and in the META-INF/MANIFEST.MF entry in the jar file.
Jul 23, 2019 6:37:57 PM java.util.jar.Attributes read
WARNING: Duplicate name in Manifest: SHA1-Digest.
Ensure that the manifest does not have duplicate entries, and
that blank lines separate individual sections in both your
manifest and in the META-INF/MANIFEST.MF entry in the jar file.
Jul 23, 2019 6:37:57 PM java.util.jar.Attributes read
WARNING: Duplicate name in Manifest: SHA1-Digest.
Ensure that the manifest does not have duplicate entries, and
that blank lines separate individual sections in both your
manifest and in the META-INF/MANIFEST.MF entry in the jar file.
Jul 23, 2019 6:37:57 PM java.util.jar.Attributes read
WARNING: Duplicate name in Manifest: SHA1-Digest.
Ensure that the manifest does not have duplicate entries, and
that blank lines separate individual sections in both your
manifest and in the META-INF/MANIFEST.MF entry in the jar file.
Jul 23, 2019 6:37:57 PM java.util.jar.Attributes read
WARNING: Duplicate name in Manifest: SHA1-Digest.
Ensure that the manifest does not have duplicate entries, and
that blank lines separate individual sections in both your
manifest and in the META-INF/MANIFEST.MF entry in the jar file.
Jul 23, 2019 6:37:57 PM java.util.jar.Attributes read
WARNING: Duplicate name in Manifest: SHA1-Digest.
Ensure that the manifest does not have duplicate entries, and
that blank lines separate individual sections in both your
manifest and in the META-INF/MANIFEST.MF entry in the jar file.
Jul 23, 2019 6:37:57 PM java.util.jar.Attributes read
WARNING: Duplicate name in Manifest: SHA1-Digest.
Ensure that the manifest does not have duplicate entries, and
that blank lines separate individual sections in both your
manifest and in the META-INF/MANIFEST.MF entry in the jar file.
Jul 23, 2019 6:37:57 PM java.util.jar.Attributes read
WARNING: Duplicate name in Manifest: SHA1-Digest.
Ensure that the manifest does not have duplicate entries, and
that blank lines separate individual sections in both your
manifest and in the META-INF/MANIFEST.MF entry in the jar file.
Jul 23, 2019 6:37:57 PM java.util.jar.Attributes read
WARNING: Duplicate name in Manifest: SHA1-Digest.
Ensure that the manifest does not have duplicate entries, and
that blank lines separate individual sections in both your
manifest and in the META-INF/MANIFEST.MF entry in the jar file.
Jul 23, 2019 6:37:57 PM java.util.jar.Attributes read
WARNING: Duplicate name in Manifest: SHA1-Digest.
Ensure that the manifest does not have duplicate entries, and
that blank lines separate individual sections in both your
manifest and in the META-INF/MANIFEST.MF entry in the jar file.
Number of positive tests: 1805
Number of negative tests: 1
faulty points number is555
Fault localization is finished!
AST parsing starts...
AST parsing is finished!
Detection of local variables starts...
Detection of local variables is finished!
Detection of fields starts...
Detection of fields is finished!
Detection of methods starts...
Detection of methods is finished!
Ingredient screener starts...
Ingredient screener is finished!
Initialization of manipulations starts...
Initialization of manipulations is finished!
Filtering of the tests starts...
Number of positive tests considered: 29
Filtering of the tests is finished!
One fitness evaluation starts...
Compilation fails!
One fitness evaluation is finished...
One fitness evaluation starts...
Compilation fails!
One fitness evaluation is finished...
One fitness evaluation starts...
Number of failed tests: 1
Fitness: 2.0
One fitness evaluation is finished...
One fitness evaluation starts...
Compilation fails!
One fitness evaluation is finished...
One fitness evaluation starts...
Compilation fails!
One fitness evaluation is finished...
One fitness evaluation starts...
Compilation fails!
One fitness evaluation is finished...
One fitness evaluation starts...
Compilation fails!
One fitness evaluation is finished...
One fitness evaluation starts...
Number of failed tests: 4
Fitness: 5.0
One fitness evaluation is finished...
One fitness evaluation starts...
Number of failed tests: 2
Fitness: 3.0
One fitness evaluation is finished...
One fitness evaluation starts...
Number of failed tests: 1
Fitness: 2.0
One fitness evaluation is finished...
One fitness evaluation starts...
Compilation fails!
One fitness evaluation is finished...
One fitness evaluation starts...
Number of failed tests: 1
Fitness: 2.0
One fitness evaluation is finished...
One fitness evaluation starts...
Compilation fails!
One fitness evaluation is finished...
One fitness evaluation starts...
Number of failed tests: 2
Fitness: 3.0
One fitness evaluation is finished...
One fitness evaluation starts...
Number of failed tests: 1
Fitness: 2.0
One fitness evaluation is finished...
One fitness evaluation starts...
Number of failed tests: 3
Fitness: 4.0
One fitness evaluation is finished...
One fitness evaluation starts...
Number of failed tests: 1
Fitness: 2.0
One fitness evaluation is finished...
One fitness evaluation starts...
Compilation fails!
One fitness evaluation is finished...
One fitness evaluation starts...
Compilation fails!
One fitness evaluation is finished...
One fitness evaluation starts...
Compilation fails!
One fitness evaluation is finished...
One fitness evaluation starts...
Number of failed tests: 1
Fitness: 2.0
One fitness evaluation is finished...
One fitness evaluation starts...
Compilation fails!
One fitness evaluation is finished...
One fitness evaluation starts...
Compilation fails!
One fitness evaluation is finished...
One fitness evaluation starts...
Compilation fails!
One fitness evaluation is finished...
One fitness evaluation starts...
Compilation fails!
One fitness evaluation is finished...
One fitness evaluation starts...
Compilation fails!
One fitness evaluation is finished...
One fitness evaluation starts...
Number of failed tests: 1
Fitness: 2.0
One fitness evaluation is finished...
One fitness evaluation starts...
Compilation fails!
One fitness evaluation is finished...
One fitness evaluation starts...
Compilation fails!
One fitness evaluation is finished...
One fitness evaluation starts...
Compilation fails!
One fitness evaluation is finished...
One fitness evaluation starts...
Compilation fails!
One fitness evaluation is finished...
One fitness evaluation starts...
Compilation fails!
One fitness evaluation is finished...
One fitness evaluation starts...
Compilation fails!
One fitness evaluation is finished...
One fitness evaluation starts...
Number of failed tests: 1
Fitness: 2.0
One fitness evaluation is finished...
One fitness evaluation starts...
Number of failed tests: 1
Fitness: 2.0
One fitness evaluation is finished...
One fitness evaluation starts...
Number of failed tests: 1
Fitness: 2.0
One fitness evaluation is finished...
One fitness evaluation starts...
Number of failed tests: 2
Fitness: 3.0
One fitness evaluation is finished...
One fitness evaluation starts...
Number of failed tests: 2
Fitness: 3.0
One fitness evaluation is finished...
One fitness evaluation starts...
Number of failed tests: 1
Fitness: 2.0
One fitness evaluation is finished...
One fitness evaluation starts...
Number of failed tests: 2
Fitness: 3.0
One fitness evaluation is finished...
One fitness evaluation starts...
Number of failed tests: 1
Fitness: 2.0
One fitness evaluation is finished...
One fitness evaluation starts...
Number of failed tests: 1
Fitness: 2.0
One fitness evaluation is finished...
One fitness evaluation starts...
Number of failed tests: 3
Fitness: 4.0
One fitness evaluation is finished...
One fitness evaluation starts...
Compilation fails!
One fitness evaluation is finished...
One fitness evaluation starts...
Number of failed tests: 1
Fitness: 2.0
One fitness evaluation is finished...
One fitness evaluation starts...
Number of failed tests: 2
Fitness: 3.0
One fitness evaluation is finished...
One fitness evaluation starts...
Compilation fails!
One fitness evaluation is finished...
One fitness evaluation starts...
Compilation fails!
One fitness evaluation is finished...
One fitness evaluation starts...
Compilation fails!
One fitness evaluation is finished...
One fitness evaluation starts...
Number of failed tests: 1
Fitness: 2.0
One fitness evaluation is finished...
One fitness evaluation starts...
Number of failed tests: 1
Fitness: 2.0
One fitness evaluation is finished...
One fitness evaluation starts...
Number of failed tests: 2
Fitness: 3.0
One fitness evaluation is finished...
One fitness evaluation starts...
Compilation fails!
One fitness evaluation is finished...
One fitness evaluation starts...
Number of failed tests: 2
Fitness: 3.0
One fitness evaluation is finished...
One fitness evaluation starts...
Compilation fails!
One fitness evaluation is finished...
One fitness evaluation starts...
Compilation fails!
One fitness evaluation is finished...
One fitness evaluation starts...
Number of failed tests: 1
Fitness: 2.0
One fitness evaluation is finished...
One fitness evaluation starts...
Compilation fails!
One fitness evaluation is finished...
One fitness evaluation starts...
Compilation fails!
One fitness evaluation is finished...
One fitness evaluation starts...
Number of failed tests: 1
Fitness: 2.0
One fitness evaluation is finished...
One fitness evaluation starts...
Compilation fails!
One fitness evaluation is finished...
One fitness evaluation starts...
Compilation fails!
One fitness evaluation is finished...
One fitness evaluation starts...
Number of failed tests: 2
Fitness: 3.0
One fitness evaluation is finished...
One fitness evaluation starts...
Number of failed tests: 2
Fitness: 3.0
One fitness evaluation is finished...
One fitness evaluation starts...
Compilation fails!
One fitness evaluation is finished...
One fitness evaluation starts...
Compilation fails!
One fitness evaluation is finished...
One fitness evaluation starts...
Compilation fails!
One fitness evaluation is finished...
One fitness evaluation starts...
Compilation fails!
One fitness evaluation is finished...
One fitness evaluation starts...
Compilation fails!
One fitness evaluation is finished...
One fitness evaluation starts...
Number of failed tests: 1
Fitness: 2.0
One fitness evaluation is finished...
One fitness evaluation starts...
Number of failed tests: 3
Fitness: 4.0
One fitness evaluation is finished...
One fitness evaluation starts...
Number of failed tests: 1
Fitness: 2.0
One fitness evaluation is finished...
One fitness evaluation starts...
Compilation fails!
One fitness evaluation is finished...
One fitness evaluation starts...
Compilation fails!
One fitness evaluation is finished...
One fitness evaluation starts...
Compilation fails!
One fitness evaluation is finished...
One fitness evaluation starts...
Number of failed tests: 1
Fitness: 2.0
One fitness evaluation is finished...
One fitness evaluation starts...
Compilation fails!
One fitness evaluation is finished...
One fitness evaluation starts...
Compilation fails!
One fitness evaluation is finished...
One fitness evaluation starts...
Number of failed tests: 1
Fitness: 2.0
One fitness evaluation is finished...
One fitness evaluation starts...
Number of failed tests: 2
Fitness: 3.0
One fitness evaluation is finished...
One fitness evaluation starts...
Number of failed tests: 1
Fitness: 2.0
One fitness evaluation is finished...
One fitness evaluation starts...
Compilation fails!
One fitness evaluation is finished...
One fitness evaluation starts...
Number of failed tests: 1
Fitness: 2.0
One fitness evaluation is finished...
One fitness evaluation starts...
Compilation fails!
One fitness evaluation is finished...
One fitness evaluation starts...
Compilation fails!
One fitness evaluation is finished...
One fitness evaluation starts...
Number of failed tests: 1
Fitness: 2.0
One fitness evaluation is finished...
One fitness evaluation starts...
Number of failed tests: 1
Fitness: 2.0
One fitness evaluation is finished...
One fitness evaluation starts...
Compilation fails!
One fitness evaluation is finished...
One fitness evaluation starts...
Number of failed tests: 2
Fitness: 3.0
One fitness evaluation is finished...
One fitness evaluation starts...
Number of failed tests: 2
Fitness: 3.0
One fitness evaluation is finished...
One fitness evaluation starts...
Compilation fails!
One fitness evaluation is finished...
One fitness evaluation starts...
Number of failed tests: 1
Fitness: 2.0
One fitness evaluation is finished...
One fitness evaluation starts...
Compilation fails!
One fitness evaluation is finished...
One fitness evaluation starts...
Compilation fails!
One fitness evaluation is finished...
One fitness evaluation starts...
Number of failed tests: 5
Fitness: 6.0
One fitness evaluation is finished...
One fitness evaluation starts...
Number of failed tests: 1
Fitness: 2.0
One fitness evaluation is finished...
One fitness evaluation starts...
Number of failed tests: 1
Fitness: 2.0
One fitness evaluation is finished...
One fitness evaluation starts...
Compilation fails!
One fitness evaluation is finished...
One fitness evaluation starts...
Number of failed tests: 1
Fitness: 2.0
One fitness evaluation is finished...
One fitness evaluation starts...
Number of failed tests: 1
Fitness: 2.0
One fitness evaluation is finished...
One fitness evaluation starts...
Number of failed tests: 2
Fitness: 3.0
One fitness evaluation is finished...
One fitness evaluation starts...
Compilation fails!
One fitness evaluation is finished...
One fitness evaluation starts...
Compilation fails!
One fitness evaluation is finished...
One fitness evaluation starts...
Number of failed tests: 2
Fitness: 3.0
One fitness evaluation is finished...
One fitness evaluation starts...
Compilation fails!
One fitness evaluation is finished...
One fitness evaluation starts...
Number of failed tests: 2
Fitness: 3.0
One fitness evaluation is finished...
One fitness evaluation starts...
Number of failed tests: 1
Fitness: 2.0
One fitness evaluation is finished...
One fitness evaluation starts...
Number of failed tests: 1
Fitness: 2.0
One fitness evaluation is finished...
One fitness evaluation starts...
Compilation fails!
One fitness evaluation is finished...
One fitness evaluation starts...
Compilation fails!
One fitness evaluation is finished...
One fitness evaluation starts...
Number of failed tests: 1
Fitness: 2.0
One fitness evaluation is finished...
One fitness evaluation starts...
Compilation fails!
One fitness evaluation is finished...
One fitness evaluation starts...
Number of failed tests: 2
Fitness: 3.0
One fitness evaluation is finished...
One fitness evaluation starts...
Compilation fails!
One fitness evaluation is finished...
One fitness evaluation starts...
Number of failed tests: 1
Fitness: 2.0
One fitness evaluation is finished...
One fitness evaluation starts...
Number of failed tests: 1
Fitness: 2.0
One fitness evaluation is finished...
One fitness evaluation starts...
Number of failed tests: 2
Fitness: 3.0
One fitness evaluation is finished...
One fitness evaluation starts...
Compilation fails!
One fitness evaluation is finished...
One fitness evaluation starts...
Compilation fails!
One fitness evaluation is finished...
One fitness evaluation starts...
Compilation fails!
One fitness evaluation is finished...
One fitness evaluation starts...
Number of failed tests: 1
Fitness: 2.0
One fitness evaluation is finished...
One fitness evaluation starts...
Compilation fails!
One fitness evaluation is finished...
One fitness evaluation starts...
Number of failed tests: 3
Fitness: 4.0
One fitness evaluation is finished...
One fitness evaluation starts...
Compilation fails!
One fitness evaluation is finished...
One fitness evaluation starts...
Number of failed tests: 1
Fitness: 2.0
One fitness evaluation is finished...
One fitness evaluation starts...
Compilation fails!
One fitness evaluation is finished...
One fitness evaluation starts...
Number of failed tests: 1
Fitness: 2.0
One fitness evaluation is finished...
One fitness evaluation starts...
Number of failed tests: 1
Fitness: 2.0
One fitness evaluation is finished...
One fitness evaluation starts...
Compilation fails!
One fitness evaluation is finished...
One fitness evaluation starts...
Number of failed tests: 0
Fitness: 0.0
NR_RIGHT_COMPILATIONS=65
NR_FAILLING_COMPILATIONS=65
OUTPUT_STATUS=STOP_BY_PATCH_FOUND


Node: ubuntu



Date: Tue Jul 23 18:48:10 EDT 2019

