cd /tmp/jMutRepair_Defects4J_Closure_72;
export JAVA_TOOL_OPTIONS="-Dfile.encoding=UTF8 -Duser.language=en-US -Duser.country=US -Duser.language=en";
TZ="America/New_York"; export TZ;
export PATH="/home/wp/tool/jdk1.8.0_71/bin/:$PATH";
export JAVA_HOME="/home/wp/tool/jdk1.8.0_71/bin/";
time java -Xmx1g -Xms1g -cp /home/wp/RepairThemAll/script/../libs/jtestex7.jar:/home/wp/RepairThemAll/script/../repair_tools/astor.jar fr.inria.main.evolution.AstorMain \
	-mode jMutRepair \
        -benchmark Defects4J \
	-location . \
	-id Closure-72 \
	-failing com.google.javascript.jscomp.InlineFunctionsTest \
	-jvm4testexecution /home/wp/tool/jdk1.7.0_80/bin/ \
	-jvm4evosuitetestexecution /home/wp/tool/jdk1.7.0_80/bin/ \
	-maxgen 1000000 \
	-maxtime 120 \
	-stopfirst true \
	-seed 0 \
	-scope local \
	-population 1 \
	-javacompliancelevel 6 \
	-srcjavafolder src/ \
	-srctestfolder test \
	-binjavafolder build/classes/ \
	-bintestfolder build/test/ \
	-parameters x:x \
	-dependencies /tmp/jMutRepair_Defects4J_Closure_72/build/classes:/tmp/jMutRepair_Defects4J_Closure_72/build/test:/tmp/jMutRepair_Defects4J_Closure_72/lib/libtrunk_rhino_parser_jarjared.jar:/tmp/jMutRepair_Defects4J_Closure_72/lib/json.jar:/tmp/jMutRepair_Defects4J_Closure_72/lib/junit.jar:/tmp/jMutRepair_Defects4J_Closure_72/lib/args4j.jar:/tmp/jMutRepair_Defects4J_Closure_72/lib/caja-r4314.jar:/tmp/jMutRepair_Defects4J_Closure_72/lib/jsr305.jar:/tmp/jMutRepair_Defects4J_Closure_72/lib/protobuf-java.jar:/tmp/jMutRepair_Defects4J_Closure_72/lib/guava.jar:/tmp/jMutRepair_Defects4J_Closure_72/lib/ant-launcher.jar:/tmp/jMutRepair_Defects4J_Closure_72/lib/ant.jar;
	echo "\n\nNode: `hostname`\n";
	echo "\n\nDate: `date`\n";
Picked up JAVA_TOOL_OPTIONS: -Dfile.encoding=UTF8 -Duser.language=en-US -Duser.country=US -Duser.language=en
Java HotSpot(TM) 64-Bit Server VM warning: INFO: os::commit_memory(0x00000000d5550000, 715849728, 0) failed; error='Cannot allocate memory' (errno=12)
#
# There is insufficient memory for the Java Runtime Environment to continue.
# Native memory allocation (mmap) failed to map 715849728 bytes for committing reserved memory.
# An error report file with more information is saved as:
# /tmp/jMutRepair_Defects4J_Closure_72/hs_err_pid96251.log
Command exited with non-zero status 1
0.01user 0.00system 0:00.89elapsed 2%CPU (0avgtext+0avgdata 17164maxresident)k
15384inputs+104outputs (28major+1439minor)pagefaults 0swaps


Node: ubuntu



Date: Fri Jul 19 23:00:23 EDT 2019

