cd /tmp/GenProg_Defects4J_Math_6;
export JAVA_TOOL_OPTIONS="-Dfile.encoding=UTF8 -Duser.language=en-US -Duser.country=US -Duser.language=en";
TZ="America/New_York"; export TZ;
export PATH="/data/tool/jdk1.7.0_80/bin:$PATH";
export JAVA_HOME="/data/tool/jdk1.7.0_80/bin";
timeout 120m java -Xmx1g -Xms1g -cp /data/RepairThemAll/script/../libs/jmetal.jar:/data/RepairThemAll/script/../repair_tools/arja.jar us.msu.cse.repair.Main \
	GenProg \
	-DexternalProjRoot /data/RepairThemAll/script/../libs/arja_external \
	-Dbenchmark Defects4J \
	-Dbugid Math-6 \
	-DsrcJavaDir /tmp/GenProg_Defects4J_Math_6/src/main/java/ \
	-DbinJavaDir /tmp/GenProg_Defects4J_Math_6/target/classes/ \
	-DbinTestDir /tmp/GenProg_Defects4J_Math_6/target/test-classes/ \
	-DdiffFormat true \
	-Dseed 0 \
	-Ddependences /tmp/GenProg_Defects4J_Math_6/target/classes/:/tmp/GenProg_Defects4J_Math_6/target/test-classes/:/data/RepairThemAll/script/../benchmarks/defects4j/framework/projects/lib/junit-4.11.jar;
	echo "\n\nNode: `hostname`\n";
	echo "\n\nDate: `date`\n";
Picked up JAVA_TOOL_OPTIONS: -Dfile.encoding=UTF8 -Duser.language=en-US -Duser.country=US -Duser.language=en
Jul 02, 2019 11:14:16 AM java.util.jar.Attributes read
WARNING: Duplicate name in Manifest: SHA1-Digest.
Ensure that the manifest does not have duplicate entries, and
that blank lines separate individual sections in both your
manifest and in the META-INF/MANIFEST.MF entry in the jar file.
Jul 02, 2019 11:14:16 AM java.util.jar.Attributes read
WARNING: Duplicate name in Manifest: SHA1-Digest.
Ensure that the manifest does not have duplicate entries, and
that blank lines separate individual sections in both your
manifest and in the META-INF/MANIFEST.MF entry in the jar file.
Jul 02, 2019 11:14:16 AM java.util.jar.Attributes read
WARNING: Duplicate name in Manifest: SHA1-Digest.
Ensure that the manifest does not have duplicate entries, and
that blank lines separate individual sections in both your
manifest and in the META-INF/MANIFEST.MF entry in the jar file.
Jul 02, 2019 11:14:16 AM java.util.jar.Attributes read
WARNING: Duplicate name in Manifest: SHA1-Digest.
Ensure that the manifest does not have duplicate entries, and
that blank lines separate individual sections in both your
manifest and in the META-INF/MANIFEST.MF entry in the jar file.
Jul 02, 2019 11:14:16 AM java.util.jar.Attributes read
WARNING: Duplicate name in Manifest: SHA1-Digest.
Ensure that the manifest does not have duplicate entries, and
that blank lines separate individual sections in both your
manifest and in the META-INF/MANIFEST.MF entry in the jar file.
Jul 02, 2019 11:14:16 AM java.util.jar.Attributes read
WARNING: Duplicate name in Manifest: SHA1-Digest.
Ensure that the manifest does not have duplicate entries, and
that blank lines separate individual sections in both your
manifest and in the META-INF/MANIFEST.MF entry in the jar file.
Jul 02, 2019 11:14:16 AM java.util.jar.Attributes read
WARNING: Duplicate name in Manifest: SHA1-Digest.
Ensure that the manifest does not have duplicate entries, and
that blank lines separate individual sections in both your
manifest and in the META-INF/MANIFEST.MF entry in the jar file.
Jul 02, 2019 11:14:16 AM java.util.jar.Attributes read
WARNING: Duplicate name in Manifest: SHA1-Digest.
Ensure that the manifest does not have duplicate entries, and
that blank lines separate individual sections in both your
manifest and in the META-INF/MANIFEST.MF entry in the jar file.
Jul 02, 2019 11:14:16 AM java.util.jar.Attributes read
WARNING: Duplicate name in Manifest: SHA1-Digest.
Ensure that the manifest does not have duplicate entries, and
that blank lines separate individual sections in both your
manifest and in the META-INF/MANIFEST.MF entry in the jar file.
Jul 02, 2019 11:14:16 AM java.util.jar.Attributes read
WARNING: Duplicate name in Manifest: SHA1-Digest.
Ensure that the manifest does not have duplicate entries, and
that blank lines separate individual sections in both your
manifest and in the META-INF/MANIFEST.MF entry in the jar file.
Jul 02, 2019 11:14:16 AM java.util.jar.Attributes read
WARNING: Duplicate name in Manifest: SHA1-Digest.
Ensure that the manifest does not have duplicate entries, and
that blank lines separate individual sections in both your
manifest and in the META-INF/MANIFEST.MF entry in the jar file.
Jul 02, 2019 11:14:16 AM java.util.jar.Attributes read
WARNING: Duplicate name in Manifest: SHA1-Digest.
Ensure that the manifest does not have duplicate entries, and
that blank lines separate individual sections in both your
manifest and in the META-INF/MANIFEST.MF entry in the jar file.
Jul 02, 2019 11:14:16 AM java.util.jar.Attributes read
WARNING: Duplicate name in Manifest: SHA1-Digest.
Ensure that the manifest does not have duplicate entries, and
that blank lines separate individual sections in both your
manifest and in the META-INF/MANIFEST.MF entry in the jar file.
Jul 02, 2019 11:14:16 AM java.util.jar.Attributes read
WARNING: Duplicate name in Manifest: SHA1-Digest.
Ensure that the manifest does not have duplicate entries, and
that blank lines separate individual sections in both your
manifest and in the META-INF/MANIFEST.MF entry in the jar file.
Jul 02, 2019 11:14:16 AM java.util.jar.Attributes read
WARNING: Duplicate name in Manifest: SHA1-Digest.
Ensure that the manifest does not have duplicate entries, and
that blank lines separate individual sections in both your
manifest and in the META-INF/MANIFEST.MF entry in the jar file.
Jul 02, 2019 11:14:16 AM java.util.jar.Attributes read
WARNING: Duplicate name in Manifest: SHA1-Digest.
Ensure that the manifest does not have duplicate entries, and
that blank lines separate individual sections in both your
manifest and in the META-INF/MANIFEST.MF entry in the jar file.
Jul 02, 2019 11:14:16 AM java.util.jar.Attributes read
WARNING: Duplicate name in Manifest: SHA1-Digest.
Ensure that the manifest does not have duplicate entries, and
that blank lines separate individual sections in both your
manifest and in the META-INF/MANIFEST.MF entry in the jar file.
Jul 02, 2019 11:14:16 AM java.util.jar.Attributes read
WARNING: Duplicate name in Manifest: SHA1-Digest.
Ensure that the manifest does not have duplicate entries, and
that blank lines separate individual sections in both your
manifest and in the META-INF/MANIFEST.MF entry in the jar file.
Jul 02, 2019 11:14:16 AM java.util.jar.Attributes read
WARNING: Duplicate name in Manifest: SHA1-Digest.
Ensure that the manifest does not have duplicate entries, and
that blank lines separate individual sections in both your
manifest and in the META-INF/MANIFEST.MF entry in the jar file.
Jul 02, 2019 11:14:16 AM java.util.jar.Attributes read
WARNING: Duplicate name in Manifest: SHA1-Digest.
Ensure that the manifest does not have duplicate entries, and
that blank lines separate individual sections in both your
manifest and in the META-INF/MANIFEST.MF entry in the jar file.
Jul 02, 2019 11:14:16 AM java.util.jar.Attributes read
WARNING: Duplicate name in Manifest: SHA1-Digest.
Ensure that the manifest does not have duplicate entries, and
that blank lines separate individual sections in both your
manifest and in the META-INF/MANIFEST.MF entry in the jar file.
Jul 02, 2019 11:14:16 AM java.util.jar.Attributes read
WARNING: Duplicate name in Manifest: SHA1-Digest.
Ensure that the manifest does not have duplicate entries, and
that blank lines separate individual sections in both your
manifest and in the META-INF/MANIFEST.MF entry in the jar file.
Jul 02, 2019 11:14:17 AM java.util.jar.Attributes read
WARNING: Duplicate name in Manifest: SHA1-Digest.
Ensure that the manifest does not have duplicate entries, and
that blank lines separate individual sections in both your
manifest and in the META-INF/MANIFEST.MF entry in the jar file.
Jul 02, 2019 11:14:17 AM java.util.jar.Attributes read
WARNING: Duplicate name in Manifest: SHA1-Digest.
Ensure that the manifest does not have duplicate entries, and
that blank lines separate individual sections in both your
manifest and in the META-INF/MANIFEST.MF entry in the jar file.
Jul 02, 2019 11:14:17 AM java.util.jar.Attributes read
WARNING: Duplicate name in Manifest: SHA1-Digest.
Ensure that the manifest does not have duplicate entries, and
that blank lines separate individual sections in both your
manifest and in the META-INF/MANIFEST.MF entry in the jar file.
Jul 02, 2019 11:14:17 AM java.util.jar.Attributes read
WARNING: Duplicate name in Manifest: SHA1-Digest.
Ensure that the manifest does not have duplicate entries, and
that blank lines separate individual sections in both your
manifest and in the META-INF/MANIFEST.MF entry in the jar file.
Jul 02, 2019 11:14:17 AM java.util.jar.Attributes read
WARNING: Duplicate name in Manifest: SHA1-Digest.
Ensure that the manifest does not have duplicate entries, and
that blank lines separate individual sections in both your
manifest and in the META-INF/MANIFEST.MF entry in the jar file.
Jul 02, 2019 11:14:17 AM java.util.jar.Attributes read
WARNING: Duplicate name in Manifest: SHA1-Digest.
Ensure that the manifest does not have duplicate entries, and
that blank lines separate individual sections in both your
manifest and in the META-INF/MANIFEST.MF entry in the jar file.
Jul 02, 2019 11:14:17 AM java.util.jar.Attributes read
WARNING: Duplicate name in Manifest: SHA1-Digest.
Ensure that the manifest does not have duplicate entries, and
that blank lines separate individual sections in both your
manifest and in the META-INF/MANIFEST.MF entry in the jar file.
Jul 02, 2019 11:14:17 AM java.util.jar.Attributes read
WARNING: Duplicate name in Manifest: SHA1-Digest.
Ensure that the manifest does not have duplicate entries, and
that blank lines separate individual sections in both your
manifest and in the META-INF/MANIFEST.MF entry in the jar file.
Fault localization starts...
Jul 02, 2019 11:14:19 AM java.util.jar.Attributes read
WARNING: Duplicate name in Manifest: SHA1-Digest.
Ensure that the manifest does not have duplicate entries, and
that blank lines separate individual sections in both your
manifest and in the META-INF/MANIFEST.MF entry in the jar file.
Jul 02, 2019 11:14:19 AM java.util.jar.Attributes read
WARNING: Duplicate name in Manifest: SHA1-Digest.
Ensure that the manifest does not have duplicate entries, and
that blank lines separate individual sections in both your
manifest and in the META-INF/MANIFEST.MF entry in the jar file.
Jul 02, 2019 11:14:19 AM java.util.jar.Attributes read
WARNING: Duplicate name in Manifest: SHA1-Digest.
Ensure that the manifest does not have duplicate entries, and
that blank lines separate individual sections in both your
manifest and in the META-INF/MANIFEST.MF entry in the jar file.
Jul 02, 2019 11:14:19 AM java.util.jar.Attributes read
WARNING: Duplicate name in Manifest: SHA1-Digest.
Ensure that the manifest does not have duplicate entries, and
that blank lines separate individual sections in both your
manifest and in the META-INF/MANIFEST.MF entry in the jar file.
Jul 02, 2019 11:14:19 AM java.util.jar.Attributes read
WARNING: Duplicate name in Manifest: SHA1-Digest.
Ensure that the manifest does not have duplicate entries, and
that blank lines separate individual sections in both your
manifest and in the META-INF/MANIFEST.MF entry in the jar file.
Jul 02, 2019 11:14:19 AM java.util.jar.Attributes read
WARNING: Duplicate name in Manifest: SHA1-Digest.
Ensure that the manifest does not have duplicate entries, and
that blank lines separate individual sections in both your
manifest and in the META-INF/MANIFEST.MF entry in the jar file.
Jul 02, 2019 11:14:19 AM java.util.jar.Attributes read
WARNING: Duplicate name in Manifest: SHA1-Digest.
Ensure that the manifest does not have duplicate entries, and
that blank lines separate individual sections in both your
manifest and in the META-INF/MANIFEST.MF entry in the jar file.
Jul 02, 2019 11:14:19 AM java.util.jar.Attributes read
WARNING: Duplicate name in Manifest: SHA1-Digest.
Ensure that the manifest does not have duplicate entries, and
that blank lines separate individual sections in both your
manifest and in the META-INF/MANIFEST.MF entry in the jar file.
Jul 02, 2019 11:14:19 AM java.util.jar.Attributes read
WARNING: Duplicate name in Manifest: SHA1-Digest.
Ensure that the manifest does not have duplicate entries, and
that blank lines separate individual sections in both your
manifest and in the META-INF/MANIFEST.MF entry in the jar file.
Jul 02, 2019 11:14:19 AM java.util.jar.Attributes read
WARNING: Duplicate name in Manifest: SHA1-Digest.
Ensure that the manifest does not have duplicate entries, and
that blank lines separate individual sections in both your
manifest and in the META-INF/MANIFEST.MF entry in the jar file.
Jul 02, 2019 11:14:19 AM java.util.jar.Attributes read
WARNING: Duplicate name in Manifest: SHA1-Digest.
Ensure that the manifest does not have duplicate entries, and
that blank lines separate individual sections in both your
manifest and in the META-INF/MANIFEST.MF entry in the jar file.
Jul 02, 2019 11:14:19 AM java.util.jar.Attributes read
WARNING: Duplicate name in Manifest: SHA1-Digest.
Ensure that the manifest does not have duplicate entries, and
that blank lines separate individual sections in both your
manifest and in the META-INF/MANIFEST.MF entry in the jar file.
Jul 02, 2019 11:14:19 AM java.util.jar.Attributes read
WARNING: Duplicate name in Manifest: SHA1-Digest.
Ensure that the manifest does not have duplicate entries, and
that blank lines separate individual sections in both your
manifest and in the META-INF/MANIFEST.MF entry in the jar file.
Jul 02, 2019 11:14:19 AM java.util.jar.Attributes read
WARNING: Duplicate name in Manifest: SHA1-Digest.
Ensure that the manifest does not have duplicate entries, and
that blank lines separate individual sections in both your
manifest and in the META-INF/MANIFEST.MF entry in the jar file.
Jul 02, 2019 11:14:19 AM java.util.jar.Attributes read
WARNING: Duplicate name in Manifest: SHA1-Digest.
Ensure that the manifest does not have duplicate entries, and
that blank lines separate individual sections in both your
manifest and in the META-INF/MANIFEST.MF entry in the jar file.
Jul 02, 2019 11:14:19 AM java.util.jar.Attributes read
WARNING: Duplicate name in Manifest: SHA1-Digest.
Ensure that the manifest does not have duplicate entries, and
that blank lines separate individual sections in both your
manifest and in the META-INF/MANIFEST.MF entry in the jar file.
Jul 02, 2019 11:14:19 AM java.util.jar.Attributes read
WARNING: Duplicate name in Manifest: SHA1-Digest.
Ensure that the manifest does not have duplicate entries, and
that blank lines separate individual sections in both your
manifest and in the META-INF/MANIFEST.MF entry in the jar file.
Jul 02, 2019 11:14:19 AM java.util.jar.Attributes read
WARNING: Duplicate name in Manifest: SHA1-Digest.
Ensure that the manifest does not have duplicate entries, and
that blank lines separate individual sections in both your
manifest and in the META-INF/MANIFEST.MF entry in the jar file.
Jul 02, 2019 11:14:19 AM java.util.jar.Attributes read
WARNING: Duplicate name in Manifest: SHA1-Digest.
Ensure that the manifest does not have duplicate entries, and
that blank lines separate individual sections in both your
manifest and in the META-INF/MANIFEST.MF entry in the jar file.
Jul 02, 2019 11:14:19 AM java.util.jar.Attributes read
WARNING: Duplicate name in Manifest: SHA1-Digest.
Ensure that the manifest does not have duplicate entries, and
that blank lines separate individual sections in both your
manifest and in the META-INF/MANIFEST.MF entry in the jar file.
Jul 02, 2019 11:14:19 AM java.util.jar.Attributes read
WARNING: Duplicate name in Manifest: SHA1-Digest.
Ensure that the manifest does not have duplicate entries, and
that blank lines separate individual sections in both your
manifest and in the META-INF/MANIFEST.MF entry in the jar file.
Jul 02, 2019 11:14:19 AM java.util.jar.Attributes read
WARNING: Duplicate name in Manifest: SHA1-Digest.
Ensure that the manifest does not have duplicate entries, and
that blank lines separate individual sections in both your
manifest and in the META-INF/MANIFEST.MF entry in the jar file.
Jul 02, 2019 11:14:19 AM java.util.jar.Attributes read
WARNING: Duplicate name in Manifest: SHA1-Digest.
Ensure that the manifest does not have duplicate entries, and
that blank lines separate individual sections in both your
manifest and in the META-INF/MANIFEST.MF entry in the jar file.
Jul 02, 2019 11:14:19 AM java.util.jar.Attributes read
WARNING: Duplicate name in Manifest: SHA1-Digest.
Ensure that the manifest does not have duplicate entries, and
that blank lines separate individual sections in both your
manifest and in the META-INF/MANIFEST.MF entry in the jar file.
Jul 02, 2019 11:14:19 AM java.util.jar.Attributes read
WARNING: Duplicate name in Manifest: SHA1-Digest.
Ensure that the manifest does not have duplicate entries, and
that blank lines separate individual sections in both your
manifest and in the META-INF/MANIFEST.MF entry in the jar file.
Jul 02, 2019 11:14:19 AM java.util.jar.Attributes read
WARNING: Duplicate name in Manifest: SHA1-Digest.
Ensure that the manifest does not have duplicate entries, and
that blank lines separate individual sections in both your
manifest and in the META-INF/MANIFEST.MF entry in the jar file.
Jul 02, 2019 11:14:19 AM java.util.jar.Attributes read
WARNING: Duplicate name in Manifest: SHA1-Digest.
Ensure that the manifest does not have duplicate entries, and
that blank lines separate individual sections in both your
manifest and in the META-INF/MANIFEST.MF entry in the jar file.
Jul 02, 2019 11:14:19 AM java.util.jar.Attributes read
WARNING: Duplicate name in Manifest: SHA1-Digest.
Ensure that the manifest does not have duplicate entries, and
that blank lines separate individual sections in both your
manifest and in the META-INF/MANIFEST.MF entry in the jar file.
Jul 02, 2019 11:14:19 AM java.util.jar.Attributes read
WARNING: Duplicate name in Manifest: SHA1-Digest.
Ensure that the manifest does not have duplicate entries, and
that blank lines separate individual sections in both your
manifest and in the META-INF/MANIFEST.MF entry in the jar file.
Jul 02, 2019 11:14:19 AM java.util.jar.Attributes read
WARNING: Duplicate name in Manifest: SHA1-Digest.
Ensure that the manifest does not have duplicate entries, and
that blank lines separate individual sections in both your
manifest and in the META-INF/MANIFEST.MF entry in the jar file.
Defects4J
Math-6
/tmp/GenProg_Defects4J_Math_6/src/main/java/
Number of positive tests: 4914
Number of negative tests: 28
faulty points number is13
Fault localization is finished!
AST parsing starts...
AST parsing is finished!
Detection of local variables starts...
Detection of local variables is finished!
Detection of fields starts...
Detection of fields is finished!
Detection of methods starts...
Detection of methods is finished!
Ingredient screener starts...
Ingredient screener is finished!
Initialization of manipulations starts...
Initialization of manipulations is finished!
Filtering of the tests starts...
Number of positive tests considered: 0
Filtering of the tests is finished!


Node: ubuntu



Date: Tue Jul  2 13:14:17 EDT 2019

