cd /tmp/jKali_Defects4J_Math_103;
export JAVA_TOOL_OPTIONS="-Dfile.encoding=UTF8 -Duser.language=en-US -Duser.country=US -Duser.language=en";
TZ="America/New_York"; export TZ;
export PATH="/home/kaka/tool/jdk1.8.0_71/bin:$PATH";
export JAVA_HOME="/home/kaka/tool/jdk1.8.0_71/bin";
time java -Xmx4g -Xms1g -cp /home/kaka/Desktop/RepairThemAll/script/../libs/jtestex7.jar:/home/kaka/Desktop/RepairThemAll/script/../repair_tools/astor.jar fr.inria.main.evolution.AstorMain \
	-mode jkali \
	-benchmark Defects4J \
	-location . \
	-id Math-103 \
	-failing org.apache.commons.math.distribution.NormalDistributionTest \
	-jvm4testexecution /home/kaka/tool/jdk1.7.0_80/bin \
	-jvm4evosuitetestexecution /home/kaka/tool/jdk1.7.0_80/bin \
	-maxgen 1000000 \
	-maxtime 120 \
	-stopfirst "true" if self.stopfirst else "false",false \
	-seed 0 \
	-scope local \
	-population 1 \
	-javacompliancelevel 7 \
	-srcjavafolder src/java/ \
	-srctestfolder src/test/ \
	-binjavafolder target/classes/ \
	-bintestfolder target/test-classes/ \
	-parameters x:x \
	-dependencies /tmp/jKali_Defects4J_Math_103/target/classes/:/tmp/jKali_Defects4J_Math_103/target/test-classes/:/home/kaka/Desktop/RepairThemAll/script/../benchmarks/defects4j/framework/projects/lib/junit-4.11.jar;
	echo "\n\nNode: `hostname`\n";
	echo "\n\nDate: `date`\n";
Picked up JAVA_TOOL_OPTIONS: -Dfile.encoding=UTF8 -Duser.language=en-US -Duser.country=US -Duser.language=en
Jun 11, 2019 1:00:42 PM java.util.jar.Attributes read
WARNING: Duplicate name in Manifest: SHA-256-Digest.
Ensure that the manifest does not have duplicate entries, and
that blank lines separate individual sections in both your
manifest and in the META-INF/MANIFEST.MF entry in the jar file.
Jun 11, 2019 1:00:42 PM java.util.jar.Attributes read
WARNING: Duplicate name in Manifest: SHA-256-Digest.
Ensure that the manifest does not have duplicate entries, and
that blank lines separate individual sections in both your
manifest and in the META-INF/MANIFEST.MF entry in the jar file.
Jun 11, 2019 1:00:42 PM java.util.jar.Attributes read
WARNING: Duplicate name in Manifest: SHA-256-Digest.
Ensure that the manifest does not have duplicate entries, and
that blank lines separate individual sections in both your
manifest and in the META-INF/MANIFEST.MF entry in the jar file.
Jun 11, 2019 1:00:42 PM java.util.jar.Attributes read
WARNING: Duplicate name in Manifest: SHA-256-Digest.
Ensure that the manifest does not have duplicate entries, and
that blank lines separate individual sections in both your
manifest and in the META-INF/MANIFEST.MF entry in the jar file.
Jun 11, 2019 1:00:42 PM java.util.jar.Attributes read
WARNING: Duplicate name in Manifest: SHA-256-Digest.
Ensure that the manifest does not have duplicate entries, and
that blank lines separate individual sections in both your
manifest and in the META-INF/MANIFEST.MF entry in the jar file.
Jun 11, 2019 1:00:42 PM java.util.jar.Attributes read
WARNING: Duplicate name in Manifest: SHA-256-Digest.
Ensure that the manifest does not have duplicate entries, and
that blank lines separate individual sections in both your
manifest and in the META-INF/MANIFEST.MF entry in the jar file.
Jun 11, 2019 1:00:42 PM java.util.jar.Attributes read
WARNING: Duplicate name in Manifest: SHA-256-Digest.
Ensure that the manifest does not have duplicate entries, and
that blank lines separate individual sections in both your
manifest and in the META-INF/MANIFEST.MF entry in the jar file.
Jun 11, 2019 1:00:42 PM java.util.jar.Attributes read
WARNING: Duplicate name in Manifest: SHA-256-Digest.
Ensure that the manifest does not have duplicate entries, and
that blank lines separate individual sections in both your
manifest and in the META-INF/MANIFEST.MF entry in the jar file.
Jun 11, 2019 1:00:42 PM java.util.jar.Attributes read
WARNING: Duplicate name in Manifest: SHA-256-Digest.
Ensure that the manifest does not have duplicate entries, and
that blank lines separate individual sections in both your
manifest and in the META-INF/MANIFEST.MF entry in the jar file.
Jun 11, 2019 1:00:42 PM java.util.jar.Attributes read
WARNING: Duplicate name in Manifest: SHA-256-Digest.
Ensure that the manifest does not have duplicate entries, and
that blank lines separate individual sections in both your
manifest and in the META-INF/MANIFEST.MF entry in the jar file.
Jun 11, 2019 1:00:42 PM java.util.jar.Attributes read
WARNING: Duplicate name in Manifest: SHA-256-Digest.
Ensure that the manifest does not have duplicate entries, and
that blank lines separate individual sections in both your
manifest and in the META-INF/MANIFEST.MF entry in the jar file.
Jun 11, 2019 1:00:42 PM java.util.jar.Attributes read
WARNING: Duplicate name in Manifest: SHA-256-Digest.
Ensure that the manifest does not have duplicate entries, and
that blank lines separate individual sections in both your
manifest and in the META-INF/MANIFEST.MF entry in the jar file.
Jun 11, 2019 1:00:42 PM java.util.jar.Attributes read
WARNING: Duplicate name in Manifest: SHA-256-Digest.
Ensure that the manifest does not have duplicate entries, and
that blank lines separate individual sections in both your
manifest and in the META-INF/MANIFEST.MF entry in the jar file.
Jun 11, 2019 1:00:42 PM java.util.jar.Attributes read
WARNING: Duplicate name in Manifest: SHA-256-Digest.
Ensure that the manifest does not have duplicate entries, and
that blank lines separate individual sections in both your
manifest and in the META-INF/MANIFEST.MF entry in the jar file.
Jun 11, 2019 1:00:42 PM java.util.jar.Attributes read
WARNING: Duplicate name in Manifest: SHA-256-Digest.
Ensure that the manifest does not have duplicate entries, and
that blank lines separate individual sections in both your
manifest and in the META-INF/MANIFEST.MF entry in the jar file.
Jun 11, 2019 1:00:42 PM java.util.jar.Attributes read
WARNING: Duplicate name in Manifest: SHA-256-Digest.
Ensure that the manifest does not have duplicate entries, and
that blank lines separate individual sections in both your
manifest and in the META-INF/MANIFEST.MF entry in the jar file.
Jun 11, 2019 1:00:42 PM java.util.jar.Attributes read
WARNING: Duplicate name in Manifest: SHA-256-Digest.
Ensure that the manifest does not have duplicate entries, and
that blank lines separate individual sections in both your
manifest and in the META-INF/MANIFEST.MF entry in the jar file.
Jun 11, 2019 1:00:42 PM java.util.jar.Attributes read
WARNING: Duplicate name in Manifest: SHA-256-Digest.
Ensure that the manifest does not have duplicate entries, and
that blank lines separate individual sections in both your
manifest and in the META-INF/MANIFEST.MF entry in the jar file.
Jun 11, 2019 1:00:42 PM java.util.jar.Attributes read
WARNING: Duplicate name in Manifest: SHA-256-Digest.
Ensure that the manifest does not have duplicate entries, and
that blank lines separate individual sections in both your
manifest and in the META-INF/MANIFEST.MF entry in the jar file.
Jun 11, 2019 1:00:42 PM java.util.jar.Attributes read
WARNING: Duplicate name in Manifest: SHA-256-Digest.
Ensure that the manifest does not have duplicate entries, and
that blank lines separate individual sections in both your
manifest and in the META-INF/MANIFEST.MF entry in the jar file.
Jun 11, 2019 1:00:42 PM java.util.jar.Attributes read
WARNING: Duplicate name in Manifest: SHA-256-Digest.
Ensure that the manifest does not have duplicate entries, and
that blank lines separate individual sections in both your
manifest and in the META-INF/MANIFEST.MF entry in the jar file.
Jun 11, 2019 1:00:42 PM java.util.jar.Attributes read
WARNING: Duplicate name in Manifest: SHA-256-Digest.
Ensure that the manifest does not have duplicate entries, and
that blank lines separate individual sections in both your
manifest and in the META-INF/MANIFEST.MF entry in the jar file.
Jun 11, 2019 1:00:42 PM java.util.jar.Attributes read
WARNING: Duplicate name in Manifest: SHA-256-Digest.
Ensure that the manifest does not have duplicate entries, and
that blank lines separate individual sections in both your
manifest and in the META-INF/MANIFEST.MF entry in the jar file.
Jun 11, 2019 1:00:42 PM java.util.jar.Attributes read
WARNING: Duplicate name in Manifest: SHA-256-Digest.
Ensure that the manifest does not have duplicate entries, and
that blank lines separate individual sections in both your
manifest and in the META-INF/MANIFEST.MF entry in the jar file.
Jun 11, 2019 1:00:42 PM java.util.jar.Attributes read
WARNING: Duplicate name in Manifest: SHA-256-Digest.
Ensure that the manifest does not have duplicate entries, and
that blank lines separate individual sections in both your
manifest and in the META-INF/MANIFEST.MF entry in the jar file.
Jun 11, 2019 1:00:42 PM java.util.jar.Attributes read
WARNING: Duplicate name in Manifest: SHA-256-Digest.
Ensure that the manifest does not have duplicate entries, and
that blank lines separate individual sections in both your
manifest and in the META-INF/MANIFEST.MF entry in the jar file.
Jun 11, 2019 1:00:42 PM java.util.jar.Attributes read
WARNING: Duplicate name in Manifest: SHA-256-Digest.
Ensure that the manifest does not have duplicate entries, and
that blank lines separate individual sections in both your
manifest and in the META-INF/MANIFEST.MF entry in the jar file.
Jun 11, 2019 1:00:42 PM java.util.jar.Attributes read
WARNING: Duplicate name in Manifest: SHA-256-Digest.
Ensure that the manifest does not have duplicate entries, and
that blank lines separate individual sections in both your
manifest and in the META-INF/MANIFEST.MF entry in the jar file.
Jun 11, 2019 1:00:42 PM java.util.jar.Attributes read
WARNING: Duplicate name in Manifest: SHA-256-Digest.
Ensure that the manifest does not have duplicate entries, and
that blank lines separate individual sections in both your
manifest and in the META-INF/MANIFEST.MF entry in the jar file.
Jun 11, 2019 1:00:42 PM java.util.jar.Attributes read
WARNING: Duplicate name in Manifest: SHA-256-Digest.
Ensure that the manifest does not have duplicate entries, and
that blank lines separate individual sections in both your
manifest and in the META-INF/MANIFEST.MF entry in the jar file.
Jun 11, 2019 1:00:42 PM java.util.jar.Attributes read
WARNING: Duplicate name in Manifest: SHA-256-Digest.
Ensure that the manifest does not have duplicate entries, and
that blank lines separate individual sections in both your
manifest and in the META-INF/MANIFEST.MF entry in the jar file.
Jun 11, 2019 1:00:42 PM java.util.jar.Attributes read
WARNING: Duplicate name in Manifest: SHA-256-Digest.
Ensure that the manifest does not have duplicate entries, and
that blank lines separate individual sections in both your
manifest and in the META-INF/MANIFEST.MF entry in the jar file.
Jun 11, 2019 1:00:42 PM java.util.jar.Attributes read
WARNING: Duplicate name in Manifest: SHA-256-Digest.
Ensure that the manifest does not have duplicate entries, and
that blank lines separate individual sections in both your
manifest and in the META-INF/MANIFEST.MF entry in the jar file.
Jun 11, 2019 1:00:42 PM java.util.jar.Attributes read
WARNING: Duplicate name in Manifest: SHA-256-Digest.
Ensure that the manifest does not have duplicate entries, and
that blank lines separate individual sections in both your
manifest and in the META-INF/MANIFEST.MF entry in the jar file.
Jun 11, 2019 1:00:42 PM java.util.jar.Attributes read
WARNING: Duplicate name in Manifest: SHA-256-Digest.
Ensure that the manifest does not have duplicate entries, and
that blank lines separate individual sections in both your
manifest and in the META-INF/MANIFEST.MF entry in the jar file.
Jun 11, 2019 1:00:42 PM java.util.jar.Attributes read
WARNING: Duplicate name in Manifest: SHA-256-Digest.
Ensure that the manifest does not have duplicate entries, and
that blank lines separate individual sections in both your
manifest and in the META-INF/MANIFEST.MF entry in the jar file.
Jun 11, 2019 1:00:42 PM java.util.jar.Attributes read
WARNING: Duplicate name in Manifest: SHA-256-Digest.
Ensure that the manifest does not have duplicate entries, and
that blank lines separate individual sections in both your
manifest and in the META-INF/MANIFEST.MF entry in the jar file.
Jun 11, 2019 1:00:42 PM java.util.jar.Attributes read
WARNING: Duplicate name in Manifest: SHA-256-Digest.
Ensure that the manifest does not have duplicate entries, and
that blank lines separate individual sections in both your
manifest and in the META-INF/MANIFEST.MF entry in the jar file.
Jun 11, 2019 1:00:42 PM java.util.jar.Attributes read
WARNING: Duplicate name in Manifest: SHA-256-Digest.
Ensure that the manifest does not have duplicate entries, and
that blank lines separate individual sections in both your
manifest and in the META-INF/MANIFEST.MF entry in the jar file.
Jun 11, 2019 1:00:42 PM java.util.jar.Attributes read
WARNING: Duplicate name in Manifest: SHA-256-Digest.
Ensure that the manifest does not have duplicate entries, and
that blank lines separate individual sections in both your
manifest and in the META-INF/MANIFEST.MF entry in the jar file.
Jun 11, 2019 1:00:42 PM java.util.jar.Attributes read
WARNING: Duplicate name in Manifest: SHA-256-Digest.
Ensure that the manifest does not have duplicate entries, and
that blank lines separate individual sections in both your
manifest and in the META-INF/MANIFEST.MF entry in the jar file.
Jun 11, 2019 1:00:42 PM java.util.jar.Attributes read
WARNING: Duplicate name in Manifest: SHA-256-Digest.
Ensure that the manifest does not have duplicate entries, and
that blank lines separate individual sections in both your
manifest and in the META-INF/MANIFEST.MF entry in the jar file.
Jun 11, 2019 1:00:42 PM java.util.jar.Attributes read
WARNING: Duplicate name in Manifest: SHA-256-Digest.
Ensure that the manifest does not have duplicate entries, and
that blank lines separate individual sections in both your
manifest and in the META-INF/MANIFEST.MF entry in the jar file.
Jun 11, 2019 1:00:42 PM java.util.jar.Attributes read
WARNING: Duplicate name in Manifest: SHA-256-Digest.
Ensure that the manifest does not have duplicate entries, and
that blank lines separate individual sections in both your
manifest and in the META-INF/MANIFEST.MF entry in the jar file.
Jun 11, 2019 1:00:42 PM java.util.jar.Attributes read
WARNING: Duplicate name in Manifest: SHA-256-Digest.
Ensure that the manifest does not have duplicate entries, and
that blank lines separate individual sections in both your
manifest and in the META-INF/MANIFEST.MF entry in the jar file.
Jun 11, 2019 1:00:42 PM java.util.jar.Attributes read
WARNING: Duplicate name in Manifest: SHA-256-Digest.
Ensure that the manifest does not have duplicate entries, and
that blank lines separate individual sections in both your
manifest and in the META-INF/MANIFEST.MF entry in the jar file.
Jun 11, 2019 1:00:42 PM java.util.jar.Attributes read
WARNING: Duplicate name in Manifest: SHA-256-Digest.
Ensure that the manifest does not have duplicate entries, and
that blank lines separate individual sections in both your
manifest and in the META-INF/MANIFEST.MF entry in the jar file.
Jun 11, 2019 1:00:42 PM java.util.jar.Attributes read
WARNING: Duplicate name in Manifest: SHA-256-Digest.
Ensure that the manifest does not have duplicate entries, and
that blank lines separate individual sections in both your
manifest and in the META-INF/MANIFEST.MF entry in the jar file.
Jun 11, 2019 1:00:42 PM java.util.jar.Attributes read
WARNING: Duplicate name in Manifest: SHA-256-Digest.
Ensure that the manifest does not have duplicate entries, and
that blank lines separate individual sections in both your
manifest and in the META-INF/MANIFEST.MF entry in the jar file.
Jun 11, 2019 1:00:42 PM java.util.jar.Attributes read
WARNING: Duplicate name in Manifest: SHA-256-Digest.
Ensure that the manifest does not have duplicate entries, and
that blank lines separate individual sections in both your
manifest and in the META-INF/MANIFEST.MF entry in the jar file.
Jun 11, 2019 1:00:42 PM java.util.jar.Attributes read
WARNING: Duplicate name in Manifest: SHA-256-Digest.
Ensure that the manifest does not have duplicate entries, and
that blank lines separate individual sections in both your
manifest and in the META-INF/MANIFEST.MF entry in the jar file.
Jun 11, 2019 1:00:42 PM java.util.jar.Attributes read
WARNING: Duplicate name in Manifest: SHA-256-Digest.
Ensure that the manifest does not have duplicate entries, and
that blank lines separate individual sections in both your
manifest and in the META-INF/MANIFEST.MF entry in the jar file.
Jun 11, 2019 1:00:42 PM java.util.jar.Attributes read
WARNING: Duplicate name in Manifest: SHA-256-Digest.
Ensure that the manifest does not have duplicate entries, and
that blank lines separate individual sections in both your
manifest and in the META-INF/MANIFEST.MF entry in the jar file.
Jun 11, 2019 1:00:42 PM java.util.jar.Attributes read
WARNING: Duplicate name in Manifest: SHA-256-Digest.
Ensure that the manifest does not have duplicate entries, and
that blank lines separate individual sections in both your
manifest and in the META-INF/MANIFEST.MF entry in the jar file.
Jun 11, 2019 1:00:42 PM java.util.jar.Attributes read
WARNING: Duplicate name in Manifest: SHA-256-Digest.
Ensure that the manifest does not have duplicate entries, and
that blank lines separate individual sections in both your
manifest and in the META-INF/MANIFEST.MF entry in the jar file.
Jun 11, 2019 1:00:42 PM java.util.jar.Attributes read
WARNING: Duplicate name in Manifest: SHA-256-Digest.
Ensure that the manifest does not have duplicate entries, and
that blank lines separate individual sections in both your
manifest and in the META-INF/MANIFEST.MF entry in the jar file.
Jun 11, 2019 1:00:42 PM java.util.jar.Attributes read
WARNING: Duplicate name in Manifest: SHA-256-Digest.
Ensure that the manifest does not have duplicate entries, and
that blank lines separate individual sections in both your
manifest and in the META-INF/MANIFEST.MF entry in the jar file.
Jun 11, 2019 1:00:42 PM java.util.jar.Attributes read
WARNING: Duplicate name in Manifest: SHA-256-Digest.
Ensure that the manifest does not have duplicate entries, and
that blank lines separate individual sections in both your
manifest and in the META-INF/MANIFEST.MF entry in the jar file.
Jun 11, 2019 1:00:42 PM java.util.jar.Attributes read
WARNING: Duplicate name in Manifest: SHA-256-Digest.
Ensure that the manifest does not have duplicate entries, and
that blank lines separate individual sections in both your
manifest and in the META-INF/MANIFEST.MF entry in the jar file.
Jun 11, 2019 1:00:42 PM java.util.jar.Attributes read
WARNING: Duplicate name in Manifest: SHA-256-Digest.
Ensure that the manifest does not have duplicate entries, and
that blank lines separate individual sections in both your
manifest and in the META-INF/MANIFEST.MF entry in the jar file.
Jun 11, 2019 1:00:42 PM java.util.jar.Attributes read
WARNING: Duplicate name in Manifest: SHA-256-Digest.
Ensure that the manifest does not have duplicate entries, and
that blank lines separate individual sections in both your
manifest and in the META-INF/MANIFEST.MF entry in the jar file.
Jun 11, 2019 1:00:43 PM java.util.jar.Attributes read
WARNING: Duplicate name in Manifest: SHA-256-Digest.
Ensure that the manifest does not have duplicate entries, and
that blank lines separate individual sections in both your
manifest and in the META-INF/MANIFEST.MF entry in the jar file.
Jun 11, 2019 1:00:43 PM java.util.jar.Attributes read
WARNING: Duplicate name in Manifest: SHA-256-Digest.
Ensure that the manifest does not have duplicate entries, and
that blank lines separate individual sections in both your
manifest and in the META-INF/MANIFEST.MF entry in the jar file.
Jun 11, 2019 1:00:43 PM java.util.jar.Attributes read
WARNING: Duplicate name in Manifest: SHA-256-Digest.
Ensure that the manifest does not have duplicate entries, and
that blank lines separate individual sections in both your
manifest and in the META-INF/MANIFEST.MF entry in the jar file.
Jun 11, 2019 1:00:43 PM java.util.jar.Attributes read
WARNING: Duplicate name in Manifest: SHA-256-Digest.
Ensure that the manifest does not have duplicate entries, and
that blank lines separate individual sections in both your
manifest and in the META-INF/MANIFEST.MF entry in the jar file.
Jun 11, 2019 1:00:43 PM java.util.jar.Attributes read
WARNING: Duplicate name in Manifest: SHA-256-Digest.
Ensure that the manifest does not have duplicate entries, and
that blank lines separate individual sections in both your
manifest and in the META-INF/MANIFEST.MF entry in the jar file.
Jun 11, 2019 1:00:43 PM java.util.jar.Attributes read
WARNING: Duplicate name in Manifest: SHA-256-Digest.
Ensure that the manifest does not have duplicate entries, and
that blank lines separate individual sections in both your
manifest and in the META-INF/MANIFEST.MF entry in the jar file.
Jun 11, 2019 1:00:43 PM java.util.jar.Attributes read
WARNING: Duplicate name in Manifest: SHA-256-Digest.
Ensure that the manifest does not have duplicate entries, and
that blank lines separate individual sections in both your
manifest and in the META-INF/MANIFEST.MF entry in the jar file.
Jun 11, 2019 1:00:43 PM java.util.jar.Attributes read
WARNING: Duplicate name in Manifest: SHA-256-Digest.
Ensure that the manifest does not have duplicate entries, and
that blank lines separate individual sections in both your
manifest and in the META-INF/MANIFEST.MF entry in the jar file.
Jun 11, 2019 1:00:43 PM java.util.jar.Attributes read
WARNING: Duplicate name in Manifest: SHA-256-Digest.
Ensure that the manifest does not have duplicate entries, and
that blank lines separate individual sections in both your
manifest and in the META-INF/MANIFEST.MF entry in the jar file.
Jun 11, 2019 1:00:43 PM java.util.jar.Attributes read
WARNING: Duplicate name in Manifest: SHA-256-Digest.
Ensure that the manifest does not have duplicate entries, and
that blank lines separate individual sections in both your
manifest and in the META-INF/MANIFEST.MF entry in the jar file.
Jun 11, 2019 1:00:43 PM java.util.jar.Attributes read
WARNING: Duplicate name in Manifest: SHA-256-Digest.
Ensure that the manifest does not have duplicate entries, and
that blank lines separate individual sections in both your
manifest and in the META-INF/MANIFEST.MF entry in the jar file.
Jun 11, 2019 1:00:43 PM java.util.jar.Attributes read
WARNING: Duplicate name in Manifest: SHA-256-Digest.
Ensure that the manifest does not have duplicate entries, and
that blank lines separate individual sections in both your
manifest and in the META-INF/MANIFEST.MF entry in the jar file.
Jun 11, 2019 1:00:43 PM java.util.jar.Attributes read
WARNING: Duplicate name in Manifest: SHA-256-Digest.
Ensure that the manifest does not have duplicate entries, and
that blank lines separate individual sections in both your
manifest and in the META-INF/MANIFEST.MF entry in the jar file.
Jun 11, 2019 1:00:43 PM java.util.jar.Attributes read
WARNING: Duplicate name in Manifest: SHA-256-Digest.
Ensure that the manifest does not have duplicate entries, and
that blank lines separate individual sections in both your
manifest and in the META-INF/MANIFEST.MF entry in the jar file.
Jun 11, 2019 1:00:43 PM java.util.jar.Attributes read
WARNING: Duplicate name in Manifest: SHA-256-Digest.
Ensure that the manifest does not have duplicate entries, and
that blank lines separate individual sections in both your
manifest and in the META-INF/MANIFEST.MF entry in the jar file.
Jun 11, 2019 1:00:43 PM java.util.jar.Attributes read
WARNING: Duplicate name in Manifest: SHA-256-Digest.
Ensure that the manifest does not have duplicate entries, and
that blank lines separate individual sections in both your
manifest and in the META-INF/MANIFEST.MF entry in the jar file.
Jun 11, 2019 1:00:43 PM java.util.jar.Attributes read
WARNING: Duplicate name in Manifest: SHA-256-Digest.
Ensure that the manifest does not have duplicate entries, and
that blank lines separate individual sections in both your
manifest and in the META-INF/MANIFEST.MF entry in the jar file.
Jun 11, 2019 1:00:43 PM java.util.jar.Attributes read
WARNING: Duplicate name in Manifest: SHA-256-Digest.
Ensure that the manifest does not have duplicate entries, and
that blank lines separate individual sections in both your
manifest and in the META-INF/MANIFEST.MF entry in the jar file.
Jun 11, 2019 1:00:43 PM java.util.jar.Attributes read
WARNING: Duplicate name in Manifest: SHA-256-Digest.
Ensure that the manifest does not have duplicate entries, and
that blank lines separate individual sections in both your
manifest and in the META-INF/MANIFEST.MF entry in the jar file.
Jun 11, 2019 1:00:43 PM java.util.jar.Attributes read
WARNING: Duplicate name in Manifest: SHA-256-Digest.
Ensure that the manifest does not have duplicate entries, and
that blank lines separate individual sections in both your
manifest and in the META-INF/MANIFEST.MF entry in the jar file.
Jun 11, 2019 1:00:43 PM java.util.jar.Attributes read
WARNING: Duplicate name in Manifest: SHA-256-Digest.
Ensure that the manifest does not have duplicate entries, and
that blank lines separate individual sections in both your
manifest and in the META-INF/MANIFEST.MF entry in the jar file.
Jun 11, 2019 1:00:43 PM java.util.jar.Attributes read
WARNING: Duplicate name in Manifest: SHA-256-Digest.
Ensure that the manifest does not have duplicate entries, and
that blank lines separate individual sections in both your
manifest and in the META-INF/MANIFEST.MF entry in the jar file.
Jun 11, 2019 1:00:43 PM java.util.jar.Attributes read
WARNING: Duplicate name in Manifest: SHA-256-Digest.
Ensure that the manifest does not have duplicate entries, and
that blank lines separate individual sections in both your
manifest and in the META-INF/MANIFEST.MF entry in the jar file.
Jun 11, 2019 1:00:43 PM java.util.jar.Attributes read
WARNING: Duplicate name in Manifest: SHA-256-Digest.
Ensure that the manifest does not have duplicate entries, and
that blank lines separate individual sections in both your
manifest and in the META-INF/MANIFEST.MF entry in the jar file.
Jun 11, 2019 1:00:43 PM java.util.jar.Attributes read
WARNING: Duplicate name in Manifest: SHA-256-Digest.
Ensure that the manifest does not have duplicate entries, and
that blank lines separate individual sections in both your
manifest and in the META-INF/MANIFEST.MF entry in the jar file.
Jun 11, 2019 1:00:43 PM java.util.jar.Attributes read
WARNING: Duplicate name in Manifest: SHA-256-Digest.
Ensure that the manifest does not have duplicate entries, and
that blank lines separate individual sections in both your
manifest and in the META-INF/MANIFEST.MF entry in the jar file.
Jun 11, 2019 1:00:43 PM java.util.jar.Attributes read
WARNING: Duplicate name in Manifest: SHA-256-Digest.
Ensure that the manifest does not have duplicate entries, and
that blank lines separate individual sections in both your
manifest and in the META-INF/MANIFEST.MF entry in the jar file.
Jun 11, 2019 1:00:43 PM java.util.jar.Attributes read
WARNING: Duplicate name in Manifest: SHA-256-Digest.
Ensure that the manifest does not have duplicate entries, and
that blank lines separate individual sections in both your
manifest and in the META-INF/MANIFEST.MF entry in the jar file.
Jun 11, 2019 1:00:43 PM java.util.jar.Attributes read
WARNING: Duplicate name in Manifest: SHA-256-Digest.
Ensure that the manifest does not have duplicate entries, and
that blank lines separate individual sections in both your
manifest and in the META-INF/MANIFEST.MF entry in the jar file.
Jun 11, 2019 1:00:43 PM java.util.jar.Attributes read
WARNING: Duplicate name in Manifest: SHA-256-Digest.
Ensure that the manifest does not have duplicate entries, and
that blank lines separate individual sections in both your
manifest and in the META-INF/MANIFEST.MF entry in the jar file.
Jun 11, 2019 1:00:43 PM java.util.jar.Attributes read
WARNING: Duplicate name in Manifest: SHA-256-Digest.
Ensure that the manifest does not have duplicate entries, and
that blank lines separate individual sections in both your
manifest and in the META-INF/MANIFEST.MF entry in the jar file.
Jun 11, 2019 1:00:43 PM java.util.jar.Attributes read
WARNING: Duplicate name in Manifest: SHA-256-Digest.
Ensure that the manifest does not have duplicate entries, and
that blank lines separate individual sections in both your
manifest and in the META-INF/MANIFEST.MF entry in the jar file.
Jun 11, 2019 1:00:43 PM java.util.jar.Attributes read
WARNING: Duplicate name in Manifest: SHA-256-Digest.
Ensure that the manifest does not have duplicate entries, and
that blank lines separate individual sections in both your
manifest and in the META-INF/MANIFEST.MF entry in the jar file.
Jun 11, 2019 1:00:43 PM java.util.jar.Attributes read
WARNING: Duplicate name in Manifest: SHA-256-Digest.
Ensure that the manifest does not have duplicate entries, and
that blank lines separate individual sections in both your
manifest and in the META-INF/MANIFEST.MF entry in the jar file.
Jun 11, 2019 1:00:43 PM java.util.jar.Attributes read
WARNING: Duplicate name in Manifest: SHA-256-Digest.
Ensure that the manifest does not have duplicate entries, and
that blank lines separate individual sections in both your
manifest and in the META-INF/MANIFEST.MF entry in the jar file.
Jun 11, 2019 1:00:43 PM java.util.jar.Attributes read
WARNING: Duplicate name in Manifest: SHA-256-Digest.
Ensure that the manifest does not have duplicate entries, and
that blank lines separate individual sections in both your
manifest and in the META-INF/MANIFEST.MF entry in the jar file.
Jun 11, 2019 1:00:43 PM java.util.jar.Attributes read
WARNING: Duplicate name in Manifest: SHA-256-Digest.
Ensure that the manifest does not have duplicate entries, and
that blank lines separate individual sections in both your
manifest and in the META-INF/MANIFEST.MF entry in the jar file.
Jun 11, 2019 1:00:43 PM java.util.jar.Attributes read
WARNING: Duplicate name in Manifest: SHA-256-Digest.
Ensure that the manifest does not have duplicate entries, and
that blank lines separate individual sections in both your
manifest and in the META-INF/MANIFEST.MF entry in the jar file.
Jun 11, 2019 1:00:43 PM java.util.jar.Attributes read
WARNING: Duplicate name in Manifest: SHA-256-Digest.
Ensure that the manifest does not have duplicate entries, and
that blank lines separate individual sections in both your
manifest and in the META-INF/MANIFEST.MF entry in the jar file.
Jun 11, 2019 1:00:43 PM java.util.jar.Attributes read
WARNING: Duplicate name in Manifest: SHA-256-Digest.
Ensure that the manifest does not have duplicate entries, and
that blank lines separate individual sections in both your
manifest and in the META-INF/MANIFEST.MF entry in the jar file.
Jun 11, 2019 1:00:43 PM java.util.jar.Attributes read
WARNING: Duplicate name in Manifest: SHA-256-Digest.
Ensure that the manifest does not have duplicate entries, and
that blank lines separate individual sections in both your
manifest and in the META-INF/MANIFEST.MF entry in the jar file.
Jun 11, 2019 1:00:43 PM java.util.jar.Attributes read
WARNING: Duplicate name in Manifest: SHA-256-Digest.
Ensure that the manifest does not have duplicate entries, and
that blank lines separate individual sections in both your
manifest and in the META-INF/MANIFEST.MF entry in the jar file.
Jun 11, 2019 1:00:43 PM java.util.jar.Attributes read
WARNING: Duplicate name in Manifest: SHA-256-Digest.
Ensure that the manifest does not have duplicate entries, and
that blank lines separate individual sections in both your
manifest and in the META-INF/MANIFEST.MF entry in the jar file.
Jun 11, 2019 1:00:43 PM java.util.jar.Attributes read
WARNING: Duplicate name in Manifest: SHA-256-Digest.
Ensure that the manifest does not have duplicate entries, and
that blank lines separate individual sections in both your
manifest and in the META-INF/MANIFEST.MF entry in the jar file.
Jun 11, 2019 1:00:43 PM java.util.jar.Attributes read
WARNING: Duplicate name in Manifest: SHA-256-Digest.
Ensure that the manifest does not have duplicate entries, and
that blank lines separate individual sections in both your
manifest and in the META-INF/MANIFEST.MF entry in the jar file.
Jun 11, 2019 1:00:43 PM java.util.jar.Attributes read
WARNING: Duplicate name in Manifest: SHA-256-Digest.
Ensure that the manifest does not have duplicate entries, and
that blank lines separate individual sections in both your
manifest and in the META-INF/MANIFEST.MF entry in the jar file.
Jun 11, 2019 1:00:43 PM java.util.jar.Attributes read
WARNING: Duplicate name in Manifest: SHA-256-Digest.
Ensure that the manifest does not have duplicate entries, and
that blank lines separate individual sections in both your
manifest and in the META-INF/MANIFEST.MF entry in the jar file.
Jun 11, 2019 1:00:43 PM java.util.jar.Attributes read
WARNING: Duplicate name in Manifest: SHA-256-Digest.
Ensure that the manifest does not have duplicate entries, and
that blank lines separate individual sections in both your
manifest and in the META-INF/MANIFEST.MF entry in the jar file.
Jun 11, 2019 1:00:43 PM java.util.jar.Attributes read
WARNING: Duplicate name in Manifest: SHA-256-Digest.
Ensure that the manifest does not have duplicate entries, and
that blank lines separate individual sections in both your
manifest and in the META-INF/MANIFEST.MF entry in the jar file.
Jun 11, 2019 1:00:43 PM java.util.jar.Attributes read
WARNING: Duplicate name in Manifest: SHA-256-Digest.
Ensure that the manifest does not have duplicate entries, and
that blank lines separate individual sections in both your
manifest and in the META-INF/MANIFEST.MF entry in the jar file.
Jun 11, 2019 1:00:43 PM java.util.jar.Attributes read
WARNING: Duplicate name in Manifest: SHA-256-Digest.
Ensure that the manifest does not have duplicate entries, and
that blank lines separate individual sections in both your
manifest and in the META-INF/MANIFEST.MF entry in the jar file.
Jun 11, 2019 1:00:43 PM java.util.jar.Attributes read
WARNING: Duplicate name in Manifest: SHA-256-Digest.
Ensure that the manifest does not have duplicate entries, and
that blank lines separate individual sections in both your
manifest and in the META-INF/MANIFEST.MF entry in the jar file.
Jun 11, 2019 1:00:43 PM java.util.jar.Attributes read
WARNING: Duplicate name in Manifest: SHA-256-Digest.
Ensure that the manifest does not have duplicate entries, and
that blank lines separate individual sections in both your
manifest and in the META-INF/MANIFEST.MF entry in the jar file.
Jun 11, 2019 1:00:43 PM java.util.jar.Attributes read
WARNING: Duplicate name in Manifest: SHA-256-Digest.
Ensure that the manifest does not have duplicate entries, and
that blank lines separate individual sections in both your
manifest and in the META-INF/MANIFEST.MF entry in the jar file.
Jun 11, 2019 1:00:43 PM java.util.jar.Attributes read
WARNING: Duplicate name in Manifest: SHA-256-Digest.
Ensure that the manifest does not have duplicate entries, and
that blank lines separate individual sections in both your
manifest and in the META-INF/MANIFEST.MF entry in the jar file.
Jun 11, 2019 1:00:43 PM java.util.jar.Attributes read
WARNING: Duplicate name in Manifest: SHA-256-Digest.
Ensure that the manifest does not have duplicate entries, and
that blank lines separate individual sections in both your
manifest and in the META-INF/MANIFEST.MF entry in the jar file.
Jun 11, 2019 1:00:43 PM java.util.jar.Attributes read
WARNING: Duplicate name in Manifest: SHA-256-Digest.
Ensure that the manifest does not have duplicate entries, and
that blank lines separate individual sections in both your
manifest and in the META-INF/MANIFEST.MF entry in the jar file.
Jun 11, 2019 1:00:43 PM java.util.jar.Attributes read
WARNING: Duplicate name in Manifest: SHA-256-Digest.
Ensure that the manifest does not have duplicate entries, and
that blank lines separate individual sections in both your
manifest and in the META-INF/MANIFEST.MF entry in the jar file.
Jun 11, 2019 1:00:43 PM java.util.jar.Attributes read
WARNING: Duplicate name in Manifest: SHA-256-Digest.
Ensure that the manifest does not have duplicate entries, and
that blank lines separate individual sections in both your
manifest and in the META-INF/MANIFEST.MF entry in the jar file.
Jun 11, 2019 1:00:43 PM java.util.jar.Attributes read
WARNING: Duplicate name in Manifest: SHA-256-Digest.
Ensure that the manifest does not have duplicate entries, and
that blank lines separate individual sections in both your
manifest and in the META-INF/MANIFEST.MF entry in the jar file.
Jun 11, 2019 1:00:43 PM java.util.jar.Attributes read
WARNING: Duplicate name in Manifest: SHA-256-Digest.
Ensure that the manifest does not have duplicate entries, and
that blank lines separate individual sections in both your
manifest and in the META-INF/MANIFEST.MF entry in the jar file.
Jun 11, 2019 1:00:43 PM java.util.jar.Attributes read
WARNING: Duplicate name in Manifest: SHA-256-Digest.
Ensure that the manifest does not have duplicate entries, and
that blank lines separate individual sections in both your
manifest and in the META-INF/MANIFEST.MF entry in the jar file.
Jun 11, 2019 1:00:43 PM java.util.jar.Attributes read
WARNING: Duplicate name in Manifest: SHA-256-Digest.
Ensure that the manifest does not have duplicate entries, and
that blank lines separate individual sections in both your
manifest and in the META-INF/MANIFEST.MF entry in the jar file.
Jun 11, 2019 1:00:43 PM java.util.jar.Attributes read
WARNING: Duplicate name in Manifest: SHA-256-Digest.
Ensure that the manifest does not have duplicate entries, and
that blank lines separate individual sections in both your
manifest and in the META-INF/MANIFEST.MF entry in the jar file.
Jun 11, 2019 1:00:43 PM java.util.jar.Attributes read
WARNING: Duplicate name in Manifest: SHA-256-Digest.
Ensure that the manifest does not have duplicate entries, and
that blank lines separate individual sections in both your
manifest and in the META-INF/MANIFEST.MF entry in the jar file.
Jun 11, 2019 1:00:43 PM java.util.jar.Attributes read
WARNING: Duplicate name in Manifest: SHA-256-Digest.
Ensure that the manifest does not have duplicate entries, and
that blank lines separate individual sections in both your
manifest and in the META-INF/MANIFEST.MF entry in the jar file.
Jun 11, 2019 1:00:43 PM java.util.jar.Attributes read
WARNING: Duplicate name in Manifest: SHA-256-Digest.
Ensure that the manifest does not have duplicate entries, and
that blank lines separate individual sections in both your
manifest and in the META-INF/MANIFEST.MF entry in the jar file.
Jun 11, 2019 1:00:43 PM java.util.jar.Attributes read
WARNING: Duplicate name in Manifest: SHA-256-Digest.
Ensure that the manifest does not have duplicate entries, and
that blank lines separate individual sections in both your
manifest and in the META-INF/MANIFEST.MF entry in the jar file.
Jun 11, 2019 1:00:43 PM java.util.jar.Attributes read
WARNING: Duplicate name in Manifest: SHA-256-Digest.
Ensure that the manifest does not have duplicate entries, and
that blank lines separate individual sections in both your
manifest and in the META-INF/MANIFEST.MF entry in the jar file.
Jun 11, 2019 1:00:43 PM java.util.jar.Attributes read
WARNING: Duplicate name in Manifest: SHA-256-Digest.
Ensure that the manifest does not have duplicate entries, and
that blank lines separate individual sections in both your
manifest and in the META-INF/MANIFEST.MF entry in the jar file.
Jun 11, 2019 1:00:43 PM java.util.jar.Attributes read
WARNING: Duplicate name in Manifest: SHA-256-Digest.
Ensure that the manifest does not have duplicate entries, and
that blank lines separate individual sections in both your
manifest and in the META-INF/MANIFEST.MF entry in the jar file.
Jun 11, 2019 1:00:43 PM java.util.jar.Attributes read
WARNING: Duplicate name in Manifest: SHA-256-Digest.
Ensure that the manifest does not have duplicate entries, and
that blank lines separate individual sections in both your
manifest and in the META-INF/MANIFEST.MF entry in the jar file.
Jun 11, 2019 1:00:43 PM java.util.jar.Attributes read
WARNING: Duplicate name in Manifest: SHA-256-Digest.
Ensure that the manifest does not have duplicate entries, and
that blank lines separate individual sections in both your
manifest and in the META-INF/MANIFEST.MF entry in the jar file.
Jun 11, 2019 1:00:43 PM java.util.jar.Attributes read
WARNING: Duplicate name in Manifest: SHA-256-Digest.
Ensure that the manifest does not have duplicate entries, and
that blank lines separate individual sections in both your
manifest and in the META-INF/MANIFEST.MF entry in the jar file.
Jun 11, 2019 1:00:43 PM java.util.jar.Attributes read
WARNING: Duplicate name in Manifest: SHA-256-Digest.
Ensure that the manifest does not have duplicate entries, and
that blank lines separate individual sections in both your
manifest and in the META-INF/MANIFEST.MF entry in the jar file.
Jun 11, 2019 1:00:43 PM java.util.jar.Attributes read
WARNING: Duplicate name in Manifest: SHA-256-Digest.
Ensure that the manifest does not have duplicate entries, and
that blank lines separate individual sections in both your
manifest and in the META-INF/MANIFEST.MF entry in the jar file.
Jun 11, 2019 1:00:43 PM java.util.jar.Attributes read
WARNING: Duplicate name in Manifest: SHA-256-Digest.
Ensure that the manifest does not have duplicate entries, and
that blank lines separate individual sections in both your
manifest and in the META-INF/MANIFEST.MF entry in the jar file.
Jun 11, 2019 1:00:43 PM java.util.jar.Attributes read
WARNING: Duplicate name in Manifest: SHA-256-Digest.
Ensure that the manifest does not have duplicate entries, and
that blank lines separate individual sections in both your
manifest and in the META-INF/MANIFEST.MF entry in the jar file.
Jun 11, 2019 1:00:43 PM java.util.jar.Attributes read
WARNING: Duplicate name in Manifest: SHA-256-Digest.
Ensure that the manifest does not have duplicate entries, and
that blank lines separate individual sections in both your
manifest and in the META-INF/MANIFEST.MF entry in the jar file.
Jun 11, 2019 1:00:43 PM java.util.jar.Attributes read
WARNING: Duplicate name in Manifest: SHA-256-Digest.
Ensure that the manifest does not have duplicate entries, and
that blank lines separate individual sections in both your
manifest and in the META-INF/MANIFEST.MF entry in the jar file.
Jun 11, 2019 1:00:43 PM java.util.jar.Attributes read
WARNING: Duplicate name in Manifest: SHA-256-Digest.
Ensure that the manifest does not have duplicate entries, and
that blank lines separate individual sections in both your
manifest and in the META-INF/MANIFEST.MF entry in the jar file.
Jun 11, 2019 1:00:43 PM java.util.jar.Attributes read
WARNING: Duplicate name in Manifest: SHA-256-Digest.
Ensure that the manifest does not have duplicate entries, and
that blank lines separate individual sections in both your
manifest and in the META-INF/MANIFEST.MF entry in the jar file.
Jun 11, 2019 1:00:43 PM java.util.jar.Attributes read
WARNING: Duplicate name in Manifest: SHA-256-Digest.
Ensure that the manifest does not have duplicate entries, and
that blank lines separate individual sections in both your
manifest and in the META-INF/MANIFEST.MF entry in the jar file.
Jun 11, 2019 1:00:43 PM java.util.jar.Attributes read
WARNING: Duplicate name in Manifest: SHA-256-Digest.
Ensure that the manifest does not have duplicate entries, and
that blank lines separate individual sections in both your
manifest and in the META-INF/MANIFEST.MF entry in the jar file.
Jun 11, 2019 1:00:43 PM java.util.jar.Attributes read
WARNING: Duplicate name in Manifest: SHA-256-Digest.
Ensure that the manifest does not have duplicate entries, and
that blank lines separate individual sections in both your
manifest and in the META-INF/MANIFEST.MF entry in the jar file.
Jun 11, 2019 1:00:43 PM java.util.jar.Attributes read
WARNING: Duplicate name in Manifest: SHA-256-Digest.
Ensure that the manifest does not have duplicate entries, and
that blank lines separate individual sections in both your
manifest and in the META-INF/MANIFEST.MF entry in the jar file.
Jun 11, 2019 1:00:43 PM java.util.jar.Attributes read
WARNING: Duplicate name in Manifest: SHA-256-Digest.
Ensure that the manifest does not have duplicate entries, and
that blank lines separate individual sections in both your
manifest and in the META-INF/MANIFEST.MF entry in the jar file.
Jun 11, 2019 1:00:43 PM java.util.jar.Attributes read
WARNING: Duplicate name in Manifest: SHA-256-Digest.
Ensure that the manifest does not have duplicate entries, and
that blank lines separate individual sections in both your
manifest and in the META-INF/MANIFEST.MF entry in the jar file.
Jun 11, 2019 1:00:43 PM java.util.jar.Attributes read
WARNING: Duplicate name in Manifest: SHA-256-Digest.
Ensure that the manifest does not have duplicate entries, and
that blank lines separate individual sections in both your
manifest and in the META-INF/MANIFEST.MF entry in the jar file.
Jun 11, 2019 1:00:43 PM java.util.jar.Attributes read
WARNING: Duplicate name in Manifest: SHA-256-Digest.
Ensure that the manifest does not have duplicate entries, and
that blank lines separate individual sections in both your
manifest and in the META-INF/MANIFEST.MF entry in the jar file.
Jun 11, 2019 1:00:43 PM java.util.jar.Attributes read
WARNING: Duplicate name in Manifest: SHA-256-Digest.
Ensure that the manifest does not have duplicate entries, and
that blank lines separate individual sections in both your
manifest and in the META-INF/MANIFEST.MF entry in the jar file.
Jun 11, 2019 1:00:43 PM java.util.jar.Attributes read
WARNING: Duplicate name in Manifest: SHA-256-Digest.
Ensure that the manifest does not have duplicate entries, and
that blank lines separate individual sections in both your
manifest and in the META-INF/MANIFEST.MF entry in the jar file.
Jun 11, 2019 1:00:43 PM java.util.jar.Attributes read
WARNING: Duplicate name in Manifest: SHA-256-Digest.
Ensure that the manifest does not have duplicate entries, and
that blank lines separate individual sections in both your
manifest and in the META-INF/MANIFEST.MF entry in the jar file.
Jun 11, 2019 1:00:43 PM java.util.jar.Attributes read
WARNING: Duplicate name in Manifest: SHA-256-Digest.
Ensure that the manifest does not have duplicate entries, and
that blank lines separate individual sections in both your
manifest and in the META-INF/MANIFEST.MF entry in the jar file.
Jun 11, 2019 1:00:43 PM java.util.jar.Attributes read
WARNING: Duplicate name in Manifest: SHA-256-Digest.
Ensure that the manifest does not have duplicate entries, and
that blank lines separate individual sections in both your
manifest and in the META-INF/MANIFEST.MF entry in the jar file.
Jun 11, 2019 1:00:43 PM java.util.jar.Attributes read
WARNING: Duplicate name in Manifest: SHA-256-Digest.
Ensure that the manifest does not have duplicate entries, and
that blank lines separate individual sections in both your
manifest and in the META-INF/MANIFEST.MF entry in the jar file.
Jun 11, 2019 1:00:43 PM java.util.jar.Attributes read
WARNING: Duplicate name in Manifest: SHA-256-Digest.
Ensure that the manifest does not have duplicate entries, and
that blank lines separate individual sections in both your
manifest and in the META-INF/MANIFEST.MF entry in the jar file.
Jun 11, 2019 1:00:43 PM java.util.jar.Attributes read
WARNING: Duplicate name in Manifest: SHA-256-Digest.
Ensure that the manifest does not have duplicate entries, and
that blank lines separate individual sections in both your
manifest and in the META-INF/MANIFEST.MF entry in the jar file.
Jun 11, 2019 1:00:43 PM java.util.jar.Attributes read
WARNING: Duplicate name in Manifest: SHA-256-Digest.
Ensure that the manifest does not have duplicate entries, and
that blank lines separate individual sections in both your
manifest and in the META-INF/MANIFEST.MF entry in the jar file.
Jun 11, 2019 1:00:43 PM java.util.jar.Attributes read
WARNING: Duplicate name in Manifest: SHA-256-Digest.
Ensure that the manifest does not have duplicate entries, and
that blank lines separate individual sections in both your
manifest and in the META-INF/MANIFEST.MF entry in the jar file.
Jun 11, 2019 1:00:43 PM java.util.jar.Attributes read
WARNING: Duplicate name in Manifest: SHA-256-Digest.
Ensure that the manifest does not have duplicate entries, and
that blank lines separate individual sections in both your
manifest and in the META-INF/MANIFEST.MF entry in the jar file.
Jun 11, 2019 1:00:43 PM java.util.jar.Attributes read
WARNING: Duplicate name in Manifest: SHA-256-Digest.
Ensure that the manifest does not have duplicate entries, and
that blank lines separate individual sections in both your
manifest and in the META-INF/MANIFEST.MF entry in the jar file.
Jun 11, 2019 1:00:43 PM java.util.jar.Attributes read
WARNING: Duplicate name in Manifest: SHA-256-Digest.
Ensure that the manifest does not have duplicate entries, and
that blank lines separate individual sections in both your
manifest and in the META-INF/MANIFEST.MF entry in the jar file.
Jun 11, 2019 1:00:43 PM java.util.jar.Attributes read
WARNING: Duplicate name in Manifest: SHA-256-Digest.
Ensure that the manifest does not have duplicate entries, and
that blank lines separate individual sections in both your
manifest and in the META-INF/MANIFEST.MF entry in the jar file.
Jun 11, 2019 1:00:43 PM java.util.jar.Attributes read
WARNING: Duplicate name in Manifest: SHA-256-Digest.
Ensure that the manifest does not have duplicate entries, and
that blank lines separate individual sections in both your
manifest and in the META-INF/MANIFEST.MF entry in the jar file.
Jun 11, 2019 1:00:43 PM java.util.jar.Attributes read
WARNING: Duplicate name in Manifest: SHA-256-Digest.
Ensure that the manifest does not have duplicate entries, and
that blank lines separate individual sections in both your
manifest and in the META-INF/MANIFEST.MF entry in the jar file.
Jun 11, 2019 1:00:43 PM java.util.jar.Attributes read
WARNING: Duplicate name in Manifest: SHA-256-Digest.
Ensure that the manifest does not have duplicate entries, and
that blank lines separate individual sections in both your
manifest and in the META-INF/MANIFEST.MF entry in the jar file.
Jun 11, 2019 1:00:43 PM java.util.jar.Attributes read
WARNING: Duplicate name in Manifest: SHA-256-Digest.
Ensure that the manifest does not have duplicate entries, and
that blank lines separate individual sections in both your
manifest and in the META-INF/MANIFEST.MF entry in the jar file.
Jun 11, 2019 1:00:43 PM java.util.jar.Attributes read
WARNING: Duplicate name in Manifest: SHA-256-Digest.
Ensure that the manifest does not have duplicate entries, and
that blank lines separate individual sections in both your
manifest and in the META-INF/MANIFEST.MF entry in the jar file.
Jun 11, 2019 1:00:43 PM java.util.jar.Attributes read
WARNING: Duplicate name in Manifest: SHA-256-Digest.
Ensure that the manifest does not have duplicate entries, and
that blank lines separate individual sections in both your
manifest and in the META-INF/MANIFEST.MF entry in the jar file.
Jun 11, 2019 1:00:43 PM java.util.jar.Attributes read
WARNING: Duplicate name in Manifest: SHA-256-Digest.
Ensure that the manifest does not have duplicate entries, and
that blank lines separate individual sections in both your
manifest and in the META-INF/MANIFEST.MF entry in the jar file.
Jun 11, 2019 1:00:43 PM java.util.jar.Attributes read
WARNING: Duplicate name in Manifest: SHA-256-Digest.
Ensure that the manifest does not have duplicate entries, and
that blank lines separate individual sections in both your
manifest and in the META-INF/MANIFEST.MF entry in the jar file.
Jun 11, 2019 1:00:43 PM java.util.jar.Attributes read
WARNING: Duplicate name in Manifest: SHA-256-Digest.
Ensure that the manifest does not have duplicate entries, and
that blank lines separate individual sections in both your
manifest and in the META-INF/MANIFEST.MF entry in the jar file.
Jun 11, 2019 1:00:43 PM java.util.jar.Attributes read
WARNING: Duplicate name in Manifest: SHA-256-Digest.
Ensure that the manifest does not have duplicate entries, and
that blank lines separate individual sections in both your
manifest and in the META-INF/MANIFEST.MF entry in the jar file.
Jun 11, 2019 1:00:43 PM java.util.jar.Attributes read
WARNING: Duplicate name in Manifest: SHA-256-Digest.
Ensure that the manifest does not have duplicate entries, and
that blank lines separate individual sections in both your
manifest and in the META-INF/MANIFEST.MF entry in the jar file.
Jun 11, 2019 1:00:43 PM java.util.jar.Attributes read
WARNING: Duplicate name in Manifest: SHA-256-Digest.
Ensure that the manifest does not have duplicate entries, and
that blank lines separate individual sections in both your
manifest and in the META-INF/MANIFEST.MF entry in the jar file.
Jun 11, 2019 1:00:43 PM java.util.jar.Attributes read
WARNING: Duplicate name in Manifest: SHA-256-Digest.
Ensure that the manifest does not have duplicate entries, and
that blank lines separate individual sections in both your
manifest and in the META-INF/MANIFEST.MF entry in the jar file.
Jun 11, 2019 1:00:43 PM java.util.jar.Attributes read
WARNING: Duplicate name in Manifest: SHA-256-Digest.
Ensure that the manifest does not have duplicate entries, and
that blank lines separate individual sections in both your
manifest and in the META-INF/MANIFEST.MF entry in the jar file.
Jun 11, 2019 1:00:43 PM java.util.jar.Attributes read
WARNING: Duplicate name in Manifest: SHA-256-Digest.
Ensure that the manifest does not have duplicate entries, and
that blank lines separate individual sections in both your
manifest and in the META-INF/MANIFEST.MF entry in the jar file.
Jun 11, 2019 1:00:43 PM java.util.jar.Attributes read
WARNING: Duplicate name in Manifest: SHA-256-Digest.
Ensure that the manifest does not have duplicate entries, and
that blank lines separate individual sections in both your
manifest and in the META-INF/MANIFEST.MF entry in the jar file.
Jun 11, 2019 1:00:43 PM java.util.jar.Attributes read
WARNING: Duplicate name in Manifest: SHA-256-Digest.
Ensure that the manifest does not have duplicate entries, and
that blank lines separate individual sections in both your
manifest and in the META-INF/MANIFEST.MF entry in the jar file.
Jun 11, 2019 1:00:43 PM java.util.jar.Attributes read
WARNING: Duplicate name in Manifest: SHA-256-Digest.
Ensure that the manifest does not have duplicate entries, and
that blank lines separate individual sections in both your
manifest and in the META-INF/MANIFEST.MF entry in the jar file.
[INFO ] fr.inria.astor.core.setup.ProjectConfiguration.getVersionJDK(ProjectConfiguration.java:282) - Version of the JVM used: 1.7.0_80
[INFO ] fr.inria.main.AbstractMain.processArguments(AbstractMain.java:388) - Java version of the JDK used to run tests: 1.7.0_80
[INFO ] fr.inria.main.AbstractMain.processArguments(AbstractMain.java:389) - The compliance of the JVM is:  7
[INFO ] fr.inria.main.AbstractMain.processArguments(AbstractMain.java:667) - command line arguments: [-mode  jkali  -benchmark  Defects4J  -location  .  -id  Math-103  -failing  org.apache.commons.math.distribution.NormalDistributionTest  -jvm4testexecution  /home/kaka/tool/jdk1.7.0_80/bin  -jvm4evosuitetestexecution  /home/kaka/tool/jdk1.7.0_80/bin  -maxgen  1000000  -maxtime  120  -stopfirst  true  if  self.stopfirst  else  false false  -seed  0  -scope  local  -population  1  -javacompliancelevel  7  -srcjavafolder  src/java/  -srctestfolder  src/test/  -binjavafolder  target/classes/  -bintestfolder  target/test-classes/  -parameters  x:x  -dependencies  /tmp/jKali_Defects4J_Math_103/target/classes/:/tmp/jKali_Defects4J_Math_103/target/test-classes/:/home/kaka/Desktop/RepairThemAll/script/../benchmarks/defects4j/framework/projects/lib/junit-4.11.jar]
[INFO ] fr.inria.main.evolution.AstorMain.execute(AstorMain.java:287) - Running Astor on a JDK at /home/kaka/tool/jdk1.8.0_71/jre
[INFO ] fr.inria.main.AbstractMain.determineSourceFolders(AbstractMain.java:967) - Source folders: [/tmp/jKali_Defects4J_Math_103/./src/java]
[INFO ] fr.inria.main.AbstractMain.determineSourceFolders(AbstractMain.java:986) - Source Test folders: [/tmp/jKali_Defects4J_Math_103/./src/test]
[INFO ] fr.inria.main.evolution.AstorMain.createEngine(AstorMain.java:187) - [Candidate [className=org.apache.commons.math.distribution.NormalDistributionImpl, methodName=null, lineNumber=109, susp=1.0], Candidate [className=org.apache.commons.math.distribution.NormalDistributionImpl, methodName=null, lineNumber=110, susp=1.0]]
[INFO ] fr.inria.astor.core.solutionsearch.AstorCoreEngine.initPopulation(AstorCoreEngine.java:707) - 
---- Creating spoon model
[INFO ] fr.inria.astor.core.solutionsearch.AstorCoreEngine.initModel(AstorCoreEngine.java:806) - Creating model,  Code location from working folder: /tmp/jKali_Defects4J_Math_103/./src/java
[INFO ] fr.inria.astor.core.manipulation.MutationSupporter.buildModel(MutationSupporter.java:66) - building model: /tmp/jKali_Defects4J_Math_103/./src/java, compliance level: 7
[INFO ] fr.inria.astor.core.manipulation.MutationSupporter.buildModel(MutationSupporter.java:79) - Classpath (Dependencies) for building SpoonModel: [/tmp/jKali_Defects4J_Math_103/target/classes/, /tmp/jKali_Defects4J_Math_103/target/test-classes/, /home/kaka/Desktop/RepairThemAll/script/../benchmarks/defects4j/framework/projects/lib/junit-4.11.jar]
[ERROR] fr.inria.astor.core.solutionsearch.AstorCoreEngine.initModel(AstorCoreEngine.java:813) - Problem compiling the model with compliance level 7
[ERROR] fr.inria.astor.core.solutionsearch.AstorCoreEngine.initModel(AstorCoreEngine.java:815) - The import org.apache.commons.discovery cannot be resolved at /tmp/jKali_Defects4J_Math_103/src/java/org/apache/commons/math/stat/inference/TestFactory.java:18
Exception in thread "main" spoon.compiler.ModelBuildingException: The import org.apache.commons.discovery cannot be resolved at /tmp/jKali_Defects4J_Math_103/src/java/org/apache/commons/math/stat/inference/TestFactory.java:18
	at spoon.support.compiler.jdt.JDTBasedSpoonCompiler.report(JDTBasedSpoonCompiler.java:641)
	at spoon.support.compiler.jdt.JDTBasedSpoonCompiler.reportProblems(JDTBasedSpoonCompiler.java:622)
	at spoon.support.compiler.jdt.JDTBasedSpoonCompiler.build(JDTBasedSpoonCompiler.java:131)
	at spoon.support.compiler.jdt.JDTBasedSpoonCompiler.build(JDTBasedSpoonCompiler.java:113)
	at fr.inria.astor.core.manipulation.MutationSupporter.buildModel(MutationSupporter.java:83)
	at fr.inria.astor.core.solutionsearch.AstorCoreEngine.initModel(AstorCoreEngine.java:810)
	at fr.inria.astor.core.solutionsearch.AstorCoreEngine.initPopulation(AstorCoreEngine.java:709)
	at fr.inria.main.evolution.AstorMain.createEngine(AstorMain.java:188)
	at fr.inria.main.evolution.AstorMain.run(AstorMain.java:250)
	at fr.inria.main.evolution.AstorMain.execute(AstorMain.java:307)
	at fr.inria.main.evolution.AstorMain.main(AstorMain.java:281)
Command exited with non-zero status 1
4.90user 0.16system 0:05.17elapsed 97%CPU (0avgtext+0avgdata 326016maxresident)k
0inputs+9272outputs (0major+46632minor)pagefaults 0swaps


Node: ubuntu



Date: Tue Jun 11 13:00:47 EDT 2019

