cd /tmp/DynaMoth_Defects4J_Mockito_37;
export JAVA_TOOL_OPTIONS="-Dfile.encoding=UTF8 -Duser.language=en-US -Duser.country=US -Duser.language=en";
TZ="America/New_York"; export TZ;
export PATH="/home/wp/tool/jdk1.8.0_71/bin/:$PATH";
export JAVA_HOME="/home/wp/tool/jdk1.8.0_71/bin/";
time java -Xmx1g -Xms1g -cp /home/wp/RepairThemAll/script/../repair_tools/nopol.jar:/home/wp/tool/jdk1.8.0_71/bin//../lib/tools.jar fr.inria.lille.repair.Main \
	--mode repair \
	--type pre_then_cond \
	--bugid Mockito-37 \
	--oracle angelic \
	--synthesis dynamoth \
	--flocal gzoltar \
	--json \
	--solver z3 \
	--solver-path /home/wp/RepairThemAll/script/../libs/z3/build/z3 \
	--complianceLevel 5 \
	--source src \
	--classpath "target/classes:target/test-classes:/tmp/DynaMoth_Defects4J_Mockito_37/target/classes:/tmp/DynaMoth_Defects4J_Mockito_37/target/test-classes:/tmp/DynaMoth_Defects4J_Mockito_37/lib/compile/com.springsource.org.junit-4.5.0.jar:/tmp/DynaMoth_Defects4J_Mockito_37/lib/build/jarjar-1.0.jar:/tmp/DynaMoth_Defects4J_Mockito_37/lib/build/sorcerer.jar:/tmp/DynaMoth_Defects4J_Mockito_37/lib/build/jaxen-1.1.1.jar:/tmp/DynaMoth_Defects4J_Mockito_37/lib/build/maven-ant-tasks-2.0.9.jar:/tmp/DynaMoth_Defects4J_Mockito_37/lib/build/asm-3.1.jar:/tmp/DynaMoth_Defects4J_Mockito_37/lib/build/bnd-0.0.313.jar:/tmp/DynaMoth_Defects4J_Mockito_37/lib/build/pmd-4.1.jar:/tmp/DynaMoth_Defects4J_Mockito_37/lib/repackaged/cglib-and-asm-1.0.jar:/tmp/DynaMoth_Defects4J_Mockito_37/lib/run/com.springsource.org.hamcrest.core-1.1.0.jar:/tmp/DynaMoth_Defects4J_Mockito_37/lib/run/com.springsource.org.objenesis-1.0.0.jar:/tmp/DynaMoth_Defects4J_Mockito_37/lib/sources/com.springsource.org.objenesis-1.0.0-sources.jar:/tmp/DynaMoth_Defects4J_Mockito_37/lib/sources/com.springsource.org.hamcrest.core-1.1.0-sources.jar:/tmp/DynaMoth_Defects4J_Mockito_37/lib/sources/cglib-and-asm-1.0-sources.jar:/tmp/DynaMoth_Defects4J_Mockito_37/lib/test/fest-util-1.1.jar:/tmp/DynaMoth_Defects4J_Mockito_37/lib/test/fest-assert-1.1.jar:/tmp/DynaMoth_Defects4J_Mockito_37/lib/test/powermock-reflect-1.2.5.jar:/home/wp/RepairThemAll/script/../benchmarks/defects4j/framework/projects/Mockito/lib/cobertura-2.0.3.jar:/home/wp/RepairThemAll/script/../benchmarks/defects4j/framework/projects/Mockito/lib/objenesis-2.2.jar:/home/wp/RepairThemAll/script/../benchmarks/defects4j/framework/projects/Mockito/lib/objenesis-2.1.jar:/home/wp/RepairThemAll/script/../benchmarks/defects4j/framework/projects/Mockito/lib/fest-assert-1.3.jar:/home/wp/RepairThemAll/script/../benchmarks/defects4j/framework/projects/Mockito/lib/cglib-and-asm-1.0.jar:/home/wp/RepairThemAll/script/../benchmarks/defects4j/framework/projects/Mockito/lib/asm-all-5.0.4.jar:/home/wp/RepairThemAll/script/../benchmarks/defects4j/framework/projects/Mockito/lib/hamcrest-core-1.1.jar:/home/wp/RepairThemAll/script/../benchmarks/defects4j/framework/projects/Mockito/lib/hamcrest-all-1.3.jar:/home/wp/RepairThemAll/script/../benchmarks/defects4j/framework/projects/Mockito/lib/fest-util-1.1.4.jar:/home/wp/RepairThemAll/script/../benchmarks/defects4j/framework/projects/Mockito/lib/assertj-core-2.1.0.jar:/home/wp/RepairThemAll/script/../benchmarks/defects4j/framework/projects/Mockito/lib/powermock-reflect-1.2.5.jar:/home/wp/RepairThemAll/script/../benchmarks/defects4j/framework/projects/lib/junit-4.11.jar:/home/wp/RepairThemAll/script/../benchmarks/defects4j/framework/projects/lib/cobertura-2.0.3.jar:/home/wp/RepairThemAll/script/../repair_tools/nopol.jar";
	echo "\n\nNode: `hostname`\n";
	echo "\n\nDate: `date`\n";
Picked up JAVA_TOOL_OPTIONS: -Dfile.encoding=UTF8 -Duser.language=en-US -Duser.country=US -Duser.language=en
09:38:39.901 [main] INFO  fr.inria.lille.repair.nopol.NoPol - Source files: [src]
09:38:39.910 [main] INFO  fr.inria.lille.repair.nopol.NoPol - Classpath: [file:/tmp/DynaMoth_Defects4J_Mockito_37/target/classes/, file:/tmp/DynaMoth_Defects4J_Mockito_37/target/test-classes/, file:/tmp/DynaMoth_Defects4J_Mockito_37/target/classes/, file:/tmp/DynaMoth_Defects4J_Mockito_37/target/test-classes/, file:/tmp/DynaMoth_Defects4J_Mockito_37/lib/compile/com.springsource.org.junit-4.5.0.jar, file:/tmp/DynaMoth_Defects4J_Mockito_37/lib/build/jarjar-1.0.jar, file:/tmp/DynaMoth_Defects4J_Mockito_37/lib/build/sorcerer.jar, file:/tmp/DynaMoth_Defects4J_Mockito_37/lib/build/jaxen-1.1.1.jar, file:/tmp/DynaMoth_Defects4J_Mockito_37/lib/build/maven-ant-tasks-2.0.9.jar, file:/tmp/DynaMoth_Defects4J_Mockito_37/lib/build/asm-3.1.jar, file:/tmp/DynaMoth_Defects4J_Mockito_37/lib/build/bnd-0.0.313.jar, file:/tmp/DynaMoth_Defects4J_Mockito_37/lib/build/pmd-4.1.jar, file:/tmp/DynaMoth_Defects4J_Mockito_37/lib/repackaged/cglib-and-asm-1.0.jar, file:/tmp/DynaMoth_Defects4J_Mockito_37/lib/run/com.springsource.org.hamcrest.core-1.1.0.jar, file:/tmp/DynaMoth_Defects4J_Mockito_37/lib/run/com.springsource.org.objenesis-1.0.0.jar, file:/tmp/DynaMoth_Defects4J_Mockito_37/lib/sources/com.springsource.org.objenesis-1.0.0-sources.jar, file:/tmp/DynaMoth_Defects4J_Mockito_37/lib/sources/com.springsource.org.hamcrest.core-1.1.0-sources.jar, file:/tmp/DynaMoth_Defects4J_Mockito_37/lib/sources/cglib-and-asm-1.0-sources.jar, file:/tmp/DynaMoth_Defects4J_Mockito_37/lib/test/fest-util-1.1.jar, file:/tmp/DynaMoth_Defects4J_Mockito_37/lib/test/fest-assert-1.1.jar, file:/tmp/DynaMoth_Defects4J_Mockito_37/lib/test/powermock-reflect-1.2.5.jar, file:/home/wp/RepairThemAll/script/../benchmarks/defects4j/framework/projects/Mockito/lib/cobertura-2.0.3.jar, file:/home/wp/RepairThemAll/script/../benchmarks/defects4j/framework/projects/Mockito/lib/objenesis-2.2.jar, file:/home/wp/RepairThemAll/script/../benchmarks/defects4j/framework/projects/Mockito/lib/objenesis-2.1.jar, file:/home/wp/RepairThemAll/script/../benchmarks/defects4j/framework/projects/Mockito/lib/fest-assert-1.3.jar, file:/home/wp/RepairThemAll/script/../benchmarks/defects4j/framework/projects/Mockito/lib/cglib-and-asm-1.0.jar, file:/home/wp/RepairThemAll/script/../benchmarks/defects4j/framework/projects/Mockito/lib/asm-all-5.0.4.jar, file:/home/wp/RepairThemAll/script/../benchmarks/defects4j/framework/projects/Mockito/lib/hamcrest-core-1.1.jar, file:/home/wp/RepairThemAll/script/../benchmarks/defects4j/framework/projects/Mockito/lib/hamcrest-all-1.3.jar, file:/home/wp/RepairThemAll/script/../benchmarks/defects4j/framework/projects/Mockito/lib/fest-util-1.1.4.jar, file:/home/wp/RepairThemAll/script/../benchmarks/defects4j/framework/projects/Mockito/lib/assertj-core-2.1.0.jar, file:/home/wp/RepairThemAll/script/../benchmarks/defects4j/framework/projects/Mockito/lib/powermock-reflect-1.2.5.jar, file:/home/wp/RepairThemAll/script/../benchmarks/defects4j/framework/projects/lib/junit-4.11.jar, file:/home/wp/RepairThemAll/script/../benchmarks/defects4j/framework/projects/lib/cobertura-2.0.3.jar, file:/home/wp/RepairThemAll/script/../repair_tools/nopol.jar]
09:38:39.910 [main] INFO  fr.inria.lille.repair.nopol.NoPol - Statement type: PRE_THEN_COND
09:38:39.913 [main] INFO  fr.inria.lille.repair.nopol.NoPol - Args: []
09:38:39.917 [main] INFO  fr.inria.lille.repair.nopol.NoPol - Config: Config{synthesisDepth=3, collectStaticMethods=true, collectStaticFields=false, collectLiterals=false, onlyOneSynthesisResult=true, sortExpressions=true, maxLineInvocationPerTest=250, timeoutMethodInvocation=2000, dataCollectionTimeoutInSecondForSynthesis=900, addWeight=0.19478, subWeight=0.04554, mulWeight=0.0102, divWeight=0.00613, andWeight=0.10597, orWeight=0.05708, eqWeight=0.22798, nEqWeight=0.0, lessEqWeight=0.0255, lessWeight=0.0947, methodCallWeight=0.1, fieldAccessWeight=0.08099, constantWeight=0.14232, variableWeight=0.05195, mode=REPAIR, type=PRE_THEN_COND, synthesis=DYNAMOTH, oracle=ANGELIC, solver=Z3, solverPath='/home/wp/RepairThemAll/script/../libs/z3/build/z3', projectSources=[src], projectClasspath='[Ljava.net.URL;@23223dd8', projectTests=[], complianceLevel=5, outputFolder=., json=true}
09:38:39.923 [main] INFO  fr.inria.lille.repair.nopol.NoPol - Available processors (cores): 1
09:38:39.941 [main] INFO  fr.inria.lille.repair.nopol.NoPol - Free memory: 957 MB
09:38:39.941 [main] INFO  fr.inria.lille.repair.nopol.NoPol - Maximum memory: 989 MB
09:38:39.941 [main] INFO  fr.inria.lille.repair.nopol.NoPol - Total memory available to JVM: 989 MB
09:38:39.942 [main] INFO  fr.inria.lille.repair.nopol.NoPol - Java version: 1.8.0_71
09:38:39.953 [main] INFO  fr.inria.lille.repair.nopol.NoPol - JAVA_HOME: /home/wp/tool/jdk1.8.0_71/bin/
09:38:39.953 [main] INFO  fr.inria.lille.repair.nopol.NoPol - PATH: /home/wp/tool/jdk1.8.0_71/bin/:/home/wp/RepairThemAll/benchmarks/defects4j/framework/bin:/home/wp/tool/gradle-5.4.1/bin:/home/wp/tool/apache-maven-3.5.2/bin:/home/wp/tool/jdk1.8.0_71//bin:/home/wp/tool/apache-ant-1.9.14/bin:/home/wp/tool/jdk1.8.0_71//bin:/home/wp/tool/jdk1.8.0_71/jre/bin:/usr/local/sbin:/usr/local/bin:/usr/sbin:/usr/bin:/sbin:/bin:/usr/games:/usr/local/games
09:38:57.431 [pool-2-thread-1] DEBUG fr.inria.lille.repair.nopol.NoPol - OOPS, no statement at all, no test results
09:38:57.454 [pool-2-thread-1] INFO  fr.inria.lille.repair.nopol.NoPol - ----INFORMATION----
09:38:57.810 [pool-2-thread-1] INFO  fr.inria.lille.repair.nopol.NoPol - Nb classes : 190
09:38:57.810 [pool-2-thread-1] INFO  fr.inria.lille.repair.nopol.NoPol - Nb methods : 676
09:38:57.811 [pool-2-thread-1] INFO  fr.inria.lille.repair.nopol.NoPol - Nb Statements Analyzed : 0
09:38:57.811 [pool-2-thread-1] INFO  fr.inria.lille.repair.nopol.NoPol - Nb Statements with Angelic Value Found : 0
09:38:57.811 [pool-2-thread-1] INFO  fr.inria.lille.repair.nopol.NoPol - NoPol Execution time : 17567ms
09:38:57.811 [pool-2-thread-1] INFO  fr.inria.lille.repair.nopol.NoPol - 
NO_ANGELIC_VALUE
Command exited with non-zero status 255
6.50user 0.70system 0:20.13elapsed 35%CPU (0avgtext+0avgdata 274480maxresident)k
568inputs+7576outputs (0major+88875minor)pagefaults 0swaps


Node: ubuntu



Date: Sun Jul 28 09:38:58 EDT 2019

