cd /tmp/Arja_Defects4J_Math_9;
export JAVA_TOOL_OPTIONS="-Dfile.encoding=UTF8 -Duser.language=en-US -Duser.country=US -Duser.language=en";
TZ="America/New_York"; export TZ;
export PATH="/data/tool/jdk1.7.0_80/bin:$PATH";
export JAVA_HOME="/data/tool/jdk1.7.0_80/bin";
timeout 120m java -Xmx1g -Xms1g -cp /data/RepairThemAll/script/../libs/jmetal.jar:/data/RepairThemAll/script/../repair_tools/arja.jar us.msu.cse.repair.Main \
	Arja \
	-DexternalProjRoot /data/RepairThemAll/script/../libs/arja_external \
	-Dbenchmark Defects4J \
	-Dbugid Math-9 \
	-DsrcJavaDir /tmp/Arja_Defects4J_Math_9/src/main/java/ \
	-DbinJavaDir /tmp/Arja_Defects4J_Math_9/target/classes/ \
	-DbinTestDir /tmp/Arja_Defects4J_Math_9/target/test-classes/ \
	-DdiffFormat true \
	-Dseed 0 \
	-Ddependences /tmp/Arja_Defects4J_Math_9/target/classes/:/tmp/Arja_Defects4J_Math_9/target/test-classes/:/data/RepairThemAll/script/../benchmarks/defects4j/framework/projects/lib/junit-4.11.jar;
	echo "\n\nNode: `hostname`\n";
	echo "\n\nDate: `date`\n";
Picked up JAVA_TOOL_OPTIONS: -Dfile.encoding=UTF8 -Duser.language=en-US -Duser.country=US -Duser.language=en
Jul 26, 2019 4:32:15 AM java.util.jar.Attributes read
WARNING: Duplicate name in Manifest: SHA1-Digest.
Ensure that the manifest does not have duplicate entries, and
that blank lines separate individual sections in both your
manifest and in the META-INF/MANIFEST.MF entry in the jar file.
Jul 26, 2019 4:32:15 AM java.util.jar.Attributes read
WARNING: Duplicate name in Manifest: SHA1-Digest.
Ensure that the manifest does not have duplicate entries, and
that blank lines separate individual sections in both your
manifest and in the META-INF/MANIFEST.MF entry in the jar file.
Jul 26, 2019 4:32:15 AM java.util.jar.Attributes read
WARNING: Duplicate name in Manifest: SHA1-Digest.
Ensure that the manifest does not have duplicate entries, and
that blank lines separate individual sections in both your
manifest and in the META-INF/MANIFEST.MF entry in the jar file.
Jul 26, 2019 4:32:15 AM java.util.jar.Attributes read
WARNING: Duplicate name in Manifest: SHA1-Digest.
Ensure that the manifest does not have duplicate entries, and
that blank lines separate individual sections in both your
manifest and in the META-INF/MANIFEST.MF entry in the jar file.
Jul 26, 2019 4:32:15 AM java.util.jar.Attributes read
WARNING: Duplicate name in Manifest: SHA1-Digest.
Ensure that the manifest does not have duplicate entries, and
that blank lines separate individual sections in both your
manifest and in the META-INF/MANIFEST.MF entry in the jar file.
Jul 26, 2019 4:32:15 AM java.util.jar.Attributes read
WARNING: Duplicate name in Manifest: SHA1-Digest.
Ensure that the manifest does not have duplicate entries, and
that blank lines separate individual sections in both your
manifest and in the META-INF/MANIFEST.MF entry in the jar file.
Jul 26, 2019 4:32:15 AM java.util.jar.Attributes read
WARNING: Duplicate name in Manifest: SHA1-Digest.
Ensure that the manifest does not have duplicate entries, and
that blank lines separate individual sections in both your
manifest and in the META-INF/MANIFEST.MF entry in the jar file.
Jul 26, 2019 4:32:15 AM java.util.jar.Attributes read
WARNING: Duplicate name in Manifest: SHA1-Digest.
Ensure that the manifest does not have duplicate entries, and
that blank lines separate individual sections in both your
manifest and in the META-INF/MANIFEST.MF entry in the jar file.
Jul 26, 2019 4:32:15 AM java.util.jar.Attributes read
WARNING: Duplicate name in Manifest: SHA1-Digest.
Ensure that the manifest does not have duplicate entries, and
that blank lines separate individual sections in both your
manifest and in the META-INF/MANIFEST.MF entry in the jar file.
Jul 26, 2019 4:32:15 AM java.util.jar.Attributes read
WARNING: Duplicate name in Manifest: SHA1-Digest.
Ensure that the manifest does not have duplicate entries, and
that blank lines separate individual sections in both your
manifest and in the META-INF/MANIFEST.MF entry in the jar file.
Jul 26, 2019 4:32:15 AM java.util.jar.Attributes read
WARNING: Duplicate name in Manifest: SHA1-Digest.
Ensure that the manifest does not have duplicate entries, and
that blank lines separate individual sections in both your
manifest and in the META-INF/MANIFEST.MF entry in the jar file.
Jul 26, 2019 4:32:15 AM java.util.jar.Attributes read
WARNING: Duplicate name in Manifest: SHA1-Digest.
Ensure that the manifest does not have duplicate entries, and
that blank lines separate individual sections in both your
manifest and in the META-INF/MANIFEST.MF entry in the jar file.
Jul 26, 2019 4:32:15 AM java.util.jar.Attributes read
WARNING: Duplicate name in Manifest: SHA1-Digest.
Ensure that the manifest does not have duplicate entries, and
that blank lines separate individual sections in both your
manifest and in the META-INF/MANIFEST.MF entry in the jar file.
Jul 26, 2019 4:32:15 AM java.util.jar.Attributes read
WARNING: Duplicate name in Manifest: SHA1-Digest.
Ensure that the manifest does not have duplicate entries, and
that blank lines separate individual sections in both your
manifest and in the META-INF/MANIFEST.MF entry in the jar file.
Jul 26, 2019 4:32:15 AM java.util.jar.Attributes read
WARNING: Duplicate name in Manifest: SHA1-Digest.
Ensure that the manifest does not have duplicate entries, and
that blank lines separate individual sections in both your
manifest and in the META-INF/MANIFEST.MF entry in the jar file.
Jul 26, 2019 4:32:15 AM java.util.jar.Attributes read
WARNING: Duplicate name in Manifest: SHA1-Digest.
Ensure that the manifest does not have duplicate entries, and
that blank lines separate individual sections in both your
manifest and in the META-INF/MANIFEST.MF entry in the jar file.
Jul 26, 2019 4:32:15 AM java.util.jar.Attributes read
WARNING: Duplicate name in Manifest: SHA1-Digest.
Ensure that the manifest does not have duplicate entries, and
that blank lines separate individual sections in both your
manifest and in the META-INF/MANIFEST.MF entry in the jar file.
Jul 26, 2019 4:32:15 AM java.util.jar.Attributes read
WARNING: Duplicate name in Manifest: SHA1-Digest.
Ensure that the manifest does not have duplicate entries, and
that blank lines separate individual sections in both your
manifest and in the META-INF/MANIFEST.MF entry in the jar file.
Jul 26, 2019 4:32:15 AM java.util.jar.Attributes read
WARNING: Duplicate name in Manifest: SHA1-Digest.
Ensure that the manifest does not have duplicate entries, and
that blank lines separate individual sections in both your
manifest and in the META-INF/MANIFEST.MF entry in the jar file.
Jul 26, 2019 4:32:15 AM java.util.jar.Attributes read
WARNING: Duplicate name in Manifest: SHA1-Digest.
Ensure that the manifest does not have duplicate entries, and
that blank lines separate individual sections in both your
manifest and in the META-INF/MANIFEST.MF entry in the jar file.
Jul 26, 2019 4:32:15 AM java.util.jar.Attributes read
WARNING: Duplicate name in Manifest: SHA1-Digest.
Ensure that the manifest does not have duplicate entries, and
that blank lines separate individual sections in both your
manifest and in the META-INF/MANIFEST.MF entry in the jar file.
Jul 26, 2019 4:32:15 AM java.util.jar.Attributes read
WARNING: Duplicate name in Manifest: SHA1-Digest.
Ensure that the manifest does not have duplicate entries, and
that blank lines separate individual sections in both your
manifest and in the META-INF/MANIFEST.MF entry in the jar file.
Jul 26, 2019 4:32:15 AM java.util.jar.Attributes read
WARNING: Duplicate name in Manifest: SHA1-Digest.
Ensure that the manifest does not have duplicate entries, and
that blank lines separate individual sections in both your
manifest and in the META-INF/MANIFEST.MF entry in the jar file.
Jul 26, 2019 4:32:15 AM java.util.jar.Attributes read
WARNING: Duplicate name in Manifest: SHA1-Digest.
Ensure that the manifest does not have duplicate entries, and
that blank lines separate individual sections in both your
manifest and in the META-INF/MANIFEST.MF entry in the jar file.
Jul 26, 2019 4:32:15 AM java.util.jar.Attributes read
WARNING: Duplicate name in Manifest: SHA1-Digest.
Ensure that the manifest does not have duplicate entries, and
that blank lines separate individual sections in both your
manifest and in the META-INF/MANIFEST.MF entry in the jar file.
Jul 26, 2019 4:32:15 AM java.util.jar.Attributes read
WARNING: Duplicate name in Manifest: SHA1-Digest.
Ensure that the manifest does not have duplicate entries, and
that blank lines separate individual sections in both your
manifest and in the META-INF/MANIFEST.MF entry in the jar file.
Jul 26, 2019 4:32:15 AM java.util.jar.Attributes read
WARNING: Duplicate name in Manifest: SHA1-Digest.
Ensure that the manifest does not have duplicate entries, and
that blank lines separate individual sections in both your
manifest and in the META-INF/MANIFEST.MF entry in the jar file.
Jul 26, 2019 4:32:15 AM java.util.jar.Attributes read
WARNING: Duplicate name in Manifest: SHA1-Digest.
Ensure that the manifest does not have duplicate entries, and
that blank lines separate individual sections in both your
manifest and in the META-INF/MANIFEST.MF entry in the jar file.
Jul 26, 2019 4:32:15 AM java.util.jar.Attributes read
WARNING: Duplicate name in Manifest: SHA1-Digest.
Ensure that the manifest does not have duplicate entries, and
that blank lines separate individual sections in both your
manifest and in the META-INF/MANIFEST.MF entry in the jar file.
Jul 26, 2019 4:32:15 AM java.util.jar.Attributes read
WARNING: Duplicate name in Manifest: SHA1-Digest.
Ensure that the manifest does not have duplicate entries, and
that blank lines separate individual sections in both your
manifest and in the META-INF/MANIFEST.MF entry in the jar file.
Fault localization starts...
Jul 26, 2019 4:32:18 AM java.util.jar.Attributes read
WARNING: Duplicate name in Manifest: SHA1-Digest.
Ensure that the manifest does not have duplicate entries, and
that blank lines separate individual sections in both your
manifest and in the META-INF/MANIFEST.MF entry in the jar file.
Jul 26, 2019 4:32:18 AM java.util.jar.Attributes read
WARNING: Duplicate name in Manifest: SHA1-Digest.
Ensure that the manifest does not have duplicate entries, and
that blank lines separate individual sections in both your
manifest and in the META-INF/MANIFEST.MF entry in the jar file.
Jul 26, 2019 4:32:18 AM java.util.jar.Attributes read
WARNING: Duplicate name in Manifest: SHA1-Digest.
Ensure that the manifest does not have duplicate entries, and
that blank lines separate individual sections in both your
manifest and in the META-INF/MANIFEST.MF entry in the jar file.
Jul 26, 2019 4:32:18 AM java.util.jar.Attributes read
WARNING: Duplicate name in Manifest: SHA1-Digest.
Ensure that the manifest does not have duplicate entries, and
that blank lines separate individual sections in both your
manifest and in the META-INF/MANIFEST.MF entry in the jar file.
Jul 26, 2019 4:32:18 AM java.util.jar.Attributes read
WARNING: Duplicate name in Manifest: SHA1-Digest.
Ensure that the manifest does not have duplicate entries, and
that blank lines separate individual sections in both your
manifest and in the META-INF/MANIFEST.MF entry in the jar file.
Jul 26, 2019 4:32:18 AM java.util.jar.Attributes read
WARNING: Duplicate name in Manifest: SHA1-Digest.
Ensure that the manifest does not have duplicate entries, and
that blank lines separate individual sections in both your
manifest and in the META-INF/MANIFEST.MF entry in the jar file.
Jul 26, 2019 4:32:18 AM java.util.jar.Attributes read
WARNING: Duplicate name in Manifest: SHA1-Digest.
Ensure that the manifest does not have duplicate entries, and
that blank lines separate individual sections in both your
manifest and in the META-INF/MANIFEST.MF entry in the jar file.
Jul 26, 2019 4:32:18 AM java.util.jar.Attributes read
WARNING: Duplicate name in Manifest: SHA1-Digest.
Ensure that the manifest does not have duplicate entries, and
that blank lines separate individual sections in both your
manifest and in the META-INF/MANIFEST.MF entry in the jar file.
Jul 26, 2019 4:32:18 AM java.util.jar.Attributes read
WARNING: Duplicate name in Manifest: SHA1-Digest.
Ensure that the manifest does not have duplicate entries, and
that blank lines separate individual sections in both your
manifest and in the META-INF/MANIFEST.MF entry in the jar file.
Jul 26, 2019 4:32:18 AM java.util.jar.Attributes read
WARNING: Duplicate name in Manifest: SHA1-Digest.
Ensure that the manifest does not have duplicate entries, and
that blank lines separate individual sections in both your
manifest and in the META-INF/MANIFEST.MF entry in the jar file.
Jul 26, 2019 4:32:18 AM java.util.jar.Attributes read
WARNING: Duplicate name in Manifest: SHA1-Digest.
Ensure that the manifest does not have duplicate entries, and
that blank lines separate individual sections in both your
manifest and in the META-INF/MANIFEST.MF entry in the jar file.
Jul 26, 2019 4:32:18 AM java.util.jar.Attributes read
WARNING: Duplicate name in Manifest: SHA1-Digest.
Ensure that the manifest does not have duplicate entries, and
that blank lines separate individual sections in both your
manifest and in the META-INF/MANIFEST.MF entry in the jar file.
Jul 26, 2019 4:32:18 AM java.util.jar.Attributes read
WARNING: Duplicate name in Manifest: SHA1-Digest.
Ensure that the manifest does not have duplicate entries, and
that blank lines separate individual sections in both your
manifest and in the META-INF/MANIFEST.MF entry in the jar file.
Jul 26, 2019 4:32:18 AM java.util.jar.Attributes read
WARNING: Duplicate name in Manifest: SHA1-Digest.
Ensure that the manifest does not have duplicate entries, and
that blank lines separate individual sections in both your
manifest and in the META-INF/MANIFEST.MF entry in the jar file.
Jul 26, 2019 4:32:18 AM java.util.jar.Attributes read
WARNING: Duplicate name in Manifest: SHA1-Digest.
Ensure that the manifest does not have duplicate entries, and
that blank lines separate individual sections in both your
manifest and in the META-INF/MANIFEST.MF entry in the jar file.
Jul 26, 2019 4:32:18 AM java.util.jar.Attributes read
WARNING: Duplicate name in Manifest: SHA1-Digest.
Ensure that the manifest does not have duplicate entries, and
that blank lines separate individual sections in both your
manifest and in the META-INF/MANIFEST.MF entry in the jar file.
Jul 26, 2019 4:32:18 AM java.util.jar.Attributes read
WARNING: Duplicate name in Manifest: SHA1-Digest.
Ensure that the manifest does not have duplicate entries, and
that blank lines separate individual sections in both your
manifest and in the META-INF/MANIFEST.MF entry in the jar file.
Jul 26, 2019 4:32:18 AM java.util.jar.Attributes read
WARNING: Duplicate name in Manifest: SHA1-Digest.
Ensure that the manifest does not have duplicate entries, and
that blank lines separate individual sections in both your
manifest and in the META-INF/MANIFEST.MF entry in the jar file.
Jul 26, 2019 4:32:18 AM java.util.jar.Attributes read
WARNING: Duplicate name in Manifest: SHA1-Digest.
Ensure that the manifest does not have duplicate entries, and
that blank lines separate individual sections in both your
manifest and in the META-INF/MANIFEST.MF entry in the jar file.
Jul 26, 2019 4:32:18 AM java.util.jar.Attributes read
WARNING: Duplicate name in Manifest: SHA1-Digest.
Ensure that the manifest does not have duplicate entries, and
that blank lines separate individual sections in both your
manifest and in the META-INF/MANIFEST.MF entry in the jar file.
Jul 26, 2019 4:32:18 AM java.util.jar.Attributes read
WARNING: Duplicate name in Manifest: SHA1-Digest.
Ensure that the manifest does not have duplicate entries, and
that blank lines separate individual sections in both your
manifest and in the META-INF/MANIFEST.MF entry in the jar file.
Jul 26, 2019 4:32:18 AM java.util.jar.Attributes read
WARNING: Duplicate name in Manifest: SHA1-Digest.
Ensure that the manifest does not have duplicate entries, and
that blank lines separate individual sections in both your
manifest and in the META-INF/MANIFEST.MF entry in the jar file.
Jul 26, 2019 4:32:18 AM java.util.jar.Attributes read
WARNING: Duplicate name in Manifest: SHA1-Digest.
Ensure that the manifest does not have duplicate entries, and
that blank lines separate individual sections in both your
manifest and in the META-INF/MANIFEST.MF entry in the jar file.
Jul 26, 2019 4:32:18 AM java.util.jar.Attributes read
WARNING: Duplicate name in Manifest: SHA1-Digest.
Ensure that the manifest does not have duplicate entries, and
that blank lines separate individual sections in both your
manifest and in the META-INF/MANIFEST.MF entry in the jar file.
Jul 26, 2019 4:32:18 AM java.util.jar.Attributes read
WARNING: Duplicate name in Manifest: SHA1-Digest.
Ensure that the manifest does not have duplicate entries, and
that blank lines separate individual sections in both your
manifest and in the META-INF/MANIFEST.MF entry in the jar file.
Jul 26, 2019 4:32:18 AM java.util.jar.Attributes read
WARNING: Duplicate name in Manifest: SHA1-Digest.
Ensure that the manifest does not have duplicate entries, and
that blank lines separate individual sections in both your
manifest and in the META-INF/MANIFEST.MF entry in the jar file.
Jul 26, 2019 4:32:18 AM java.util.jar.Attributes read
WARNING: Duplicate name in Manifest: SHA1-Digest.
Ensure that the manifest does not have duplicate entries, and
that blank lines separate individual sections in both your
manifest and in the META-INF/MANIFEST.MF entry in the jar file.
Jul 26, 2019 4:32:18 AM java.util.jar.Attributes read
WARNING: Duplicate name in Manifest: SHA1-Digest.
Ensure that the manifest does not have duplicate entries, and
that blank lines separate individual sections in both your
manifest and in the META-INF/MANIFEST.MF entry in the jar file.
Jul 26, 2019 4:32:18 AM java.util.jar.Attributes read
WARNING: Duplicate name in Manifest: SHA1-Digest.
Ensure that the manifest does not have duplicate entries, and
that blank lines separate individual sections in both your
manifest and in the META-INF/MANIFEST.MF entry in the jar file.
Jul 26, 2019 4:32:18 AM java.util.jar.Attributes read
WARNING: Duplicate name in Manifest: SHA1-Digest.
Ensure that the manifest does not have duplicate entries, and
that blank lines separate individual sections in both your
manifest and in the META-INF/MANIFEST.MF entry in the jar file.
Number of positive tests: 4825
Number of negative tests: 1
faulty points number is113
Fault localization is finished!
AST parsing starts...
AST parsing is finished!
Detection of local variables starts...
Detection of local variables is finished!
Detection of fields starts...
Detection of fields is finished!
Detection of methods starts...
Detection of methods is finished!
Ingredient screener starts...
Ingredient screener is finished!
Initialization of manipulations starts...
Initialization of manipulations is finished!
Filtering of the tests starts...
Number of positive tests considered: 64
Filtering of the tests is finished!
One fitness evaluation starts...
One fitness evaluation starts...
One fitness evaluation starts...
One fitness evaluation starts...
Number of failed tests: 1
Weighted failure rate: 1.0
One fitness evaluation is finished...
One fitness evaluation starts...
One fitness evaluation starts...
Number of failed tests: 1
Weighted failure rate: 1.0
One fitness evaluation is finished...
One fitness evaluation starts...
One fitness evaluation starts...
Number of failed tests: 1
Weighted failure rate: 1.0
One fitness evaluation is finished...
One fitness evaluation starts...
Compilation fails!
One fitness evaluation is finished...
One fitness evaluation starts...
One fitness evaluation starts...
One fitness evaluation starts...
One fitness evaluation starts...
Number of failed tests: 1
Weighted failure rate: 1.0
One fitness evaluation is finished...
One fitness evaluation starts...
One fitness evaluation starts...
Number of failed tests: 1
Weighted failure rate: 1.0
One fitness evaluation is finished...
One fitness evaluation starts...
One fitness evaluation starts...
One fitness evaluation starts...
One fitness evaluation starts...
Compilation fails!
One fitness evaluation is finished...
One fitness evaluation starts...
One fitness evaluation starts...
One fitness evaluation starts...
One fitness evaluation starts...
One fitness evaluation starts...
One fitness evaluation starts...
One fitness evaluation starts...
One fitness evaluation starts...
Number of failed tests: 19
Weighted failure rate: 1.140625
One fitness evaluation is finished...
One fitness evaluation starts...
Compilation fails!
One fitness evaluation is finished...
One fitness evaluation starts...
One fitness evaluation starts...
One fitness evaluation starts...
One fitness evaluation starts...
Compilation fails!
One fitness evaluation is finished...
One fitness evaluation starts...
Number of failed tests: 1
Weighted failure rate: 1.0
One fitness evaluation is finished...
One fitness evaluation starts...
One fitness evaluation starts...
One fitness evaluation starts...
One fitness evaluation starts...
One fitness evaluation starts...
One fitness evaluation starts...
One fitness evaluation starts...
One fitness evaluation starts...
One fitness evaluation starts...
Compilation fails!
One fitness evaluation is finished...
One fitness evaluation starts...
Number of failed tests: 10
Weighted failure rate: 1.0703125
One fitness evaluation is finished...
One fitness evaluation starts...
One fitness evaluation starts...
Compilation fails!
One fitness evaluation is finished...
One fitness evaluation starts...
Number of failed tests: 26
Weighted failure rate: 1.1953125
One fitness evaluation is finished...
One fitness evaluation starts...
One fitness evaluation starts...
One fitness evaluation starts...
One fitness evaluation starts...
Compilation fails!
One fitness evaluation is finished...
One fitness evaluation starts...
Number of failed tests: 46
Weighted failure rate: 1.3515625
One fitness evaluation is finished...
One fitness evaluation starts...
One fitness evaluation starts...
Number of failed tests: 41
Weighted failure rate: 1.3125
One fitness evaluation is finished...
One fitness evaluation starts...
One fitness evaluation starts...
Compilation fails!
One fitness evaluation is finished...
One fitness evaluation starts...
Number of failed tests: 17
Weighted failure rate: 1.125
One fitness evaluation is finished...
One fitness evaluation starts...
Compilation fails!
One fitness evaluation is finished...
One fitness evaluation starts...
One fitness evaluation starts...
Compilation fails!
One fitness evaluation is finished...
One fitness evaluation starts...
One fitness evaluation starts...
Compilation fails!
One fitness evaluation is finished...
One fitness evaluation starts...
One fitness evaluation starts...
Compilation fails!
One fitness evaluation is finished...
One fitness evaluation starts...
Compilation fails!
One fitness evaluation is finished...
One fitness evaluation starts...
One fitness evaluation starts...
One fitness evaluation starts...
Compilation fails!
One fitness evaluation is finished...
One fitness evaluation starts...
One fitness evaluation starts...
Compilation fails!
One fitness evaluation is finished...
One fitness evaluation starts...
One fitness evaluation starts...
One fitness evaluation starts...
Number of failed tests: 1
Weighted failure rate: 1.0
One fitness evaluation is finished...
One fitness evaluation starts...
Compilation fails!
One fitness evaluation is finished...
One fitness evaluation starts...
One fitness evaluation starts...
Number of failed tests: 26
Weighted failure rate: 1.1953125
One fitness evaluation is finished...
One fitness evaluation starts...
Number of failed tests: 1
Weighted failure rate: 1.0
One fitness evaluation is finished...
One fitness evaluation starts...
One fitness evaluation starts...
Compilation fails!
One fitness evaluation is finished...
One fitness evaluation starts...
Compilation fails!
One fitness evaluation is finished...
One fitness evaluation starts...
Number of failed tests: 1
Weighted failure rate: 1.0
One fitness evaluation is finished...
One fitness evaluation starts...
One fitness evaluation starts...
One fitness evaluation starts...
One fitness evaluation starts...
One fitness evaluation starts...
Compilation fails!
One fitness evaluation is finished...
One fitness evaluation starts...
Number of failed tests: 19
Weighted failure rate: 1.140625
One fitness evaluation is finished...
One fitness evaluation starts...
Compilation fails!
One fitness evaluation is finished...
One fitness evaluation starts...
One fitness evaluation starts...
Compilation fails!
One fitness evaluation is finished...
One fitness evaluation starts...
Compilation fails!
One fitness evaluation is finished...
One fitness evaluation starts...
One fitness evaluation starts...
One fitness evaluation starts...
Compilation fails!
One fitness evaluation is finished...
One fitness evaluation starts...
One fitness evaluation starts...
Number of failed tests: 1
Weighted failure rate: 1.0
One fitness evaluation is finished...
One fitness evaluation starts...
Number of failed tests: 26
Weighted failure rate: 1.1953125
One fitness evaluation is finished...
One fitness evaluation starts...
One fitness evaluation starts...
Compilation fails!
One fitness evaluation is finished...
One fitness evaluation starts...
Compilation fails!
One fitness evaluation is finished...
One fitness evaluation starts...
Compilation fails!
One fitness evaluation is finished...
One fitness evaluation starts...
Compilation fails!
One fitness evaluation is finished...
One fitness evaluation starts...
Compilation fails!
One fitness evaluation is finished...
One fitness evaluation starts...
Number of failed tests: 26
Weighted failure rate: 1.1953125
One fitness evaluation is finished...
One fitness evaluation starts...
Number of failed tests: 1
Weighted failure rate: 1.0
One fitness evaluation is finished...
One fitness evaluation starts...
Number of failed tests: 1
Weighted failure rate: 1.0
One fitness evaluation is finished...
One fitness evaluation starts...
Number of failed tests: 27
Weighted failure rate: 1.203125
One fitness evaluation is finished...
One fitness evaluation starts...
Number of failed tests: 10
Weighted failure rate: 1.0703125
One fitness evaluation is finished...
One fitness evaluation starts...
Number of failed tests: 1
Weighted failure rate: 1.0
One fitness evaluation is finished...
One fitness evaluation starts...
Number of failed tests: 1
Weighted failure rate: 1.0
One fitness evaluation is finished...
One fitness evaluation starts...
Compilation fails!
One fitness evaluation is finished...
One fitness evaluation starts...
Number of failed tests: 1
Weighted failure rate: 1.0
One fitness evaluation is finished...
One fitness evaluation starts...
Number of failed tests: 1
Weighted failure rate: 1.0
One fitness evaluation is finished...
One fitness evaluation starts...
Number of failed tests: 1
Weighted failure rate: 1.0
One fitness evaluation is finished...
One fitness evaluation starts...
Number of failed tests: 1
Weighted failure rate: 1.0
One fitness evaluation is finished...
One fitness evaluation starts...
Number of failed tests: 41
Weighted failure rate: 1.3125
One fitness evaluation is finished...
One fitness evaluation starts...
Compilation fails!
One fitness evaluation is finished...
One fitness evaluation starts...
Number of failed tests: 1
Weighted failure rate: 1.0
One fitness evaluation is finished...
One fitness evaluation starts...
Compilation fails!
One fitness evaluation is finished...
One fitness evaluation starts...
Compilation fails!
One fitness evaluation is finished...
One fitness evaluation starts...
One fitness evaluation starts...
Number of failed tests: 1
Weighted failure rate: 1.0
One fitness evaluation is finished...
One fitness evaluation starts...
Compilation fails!
One fitness evaluation is finished...
One fitness evaluation starts...
Compilation fails!
One fitness evaluation is finished...
One fitness evaluation starts...
Number of failed tests: 44
Weighted failure rate: 1.3359375
One fitness evaluation is finished...
One fitness evaluation starts...
Number of failed tests: 19
Weighted failure rate: 1.140625
One fitness evaluation is finished...
One fitness evaluation starts...
Compilation fails!
One fitness evaluation is finished...
One fitness evaluation starts...
Compilation fails!
One fitness evaluation is finished...
One fitness evaluation starts...
Number of failed tests: 1
Weighted failure rate: 1.0
One fitness evaluation is finished...
One fitness evaluation starts...
Number of failed tests: 1
Weighted failure rate: 1.0
One fitness evaluation is finished...
One fitness evaluation starts...
One fitness evaluation starts...
Compilation fails!
One fitness evaluation is finished...
One fitness evaluation starts...
Number of failed tests: 26
Weighted failure rate: 1.1953125
One fitness evaluation is finished...
One fitness evaluation starts...
One fitness evaluation starts...
Number of failed tests: 27
Weighted failure rate: 1.203125
One fitness evaluation is finished...
One fitness evaluation starts...
Compilation fails!
One fitness evaluation is finished...
One fitness evaluation starts...
One fitness evaluation starts...
Number of failed tests: 1
Weighted failure rate: 1.0
One fitness evaluation is finished...
One fitness evaluation starts...
Number of failed tests: 26
Weighted failure rate: 1.1953125
One fitness evaluation is finished...
One fitness evaluation starts...
Number of failed tests: 26
Weighted failure rate: 1.1953125
One fitness evaluation is finished...
One fitness evaluation starts...
Compilation fails!
One fitness evaluation is finished...
One fitness evaluation starts...
Number of failed tests: 1
Weighted failure rate: 1.0
One fitness evaluation is finished...
One fitness evaluation starts...
Number of failed tests: 26
Weighted failure rate: 1.1953125
One fitness evaluation is finished...
One fitness evaluation starts...
Number of failed tests: 26
Weighted failure rate: 1.1953125
One fitness evaluation is finished...
One fitness evaluation starts...
One fitness evaluation starts...
Number of failed tests: 1
Weighted failure rate: 1.0
One fitness evaluation is finished...
One fitness evaluation starts...
Number of failed tests: 1
Weighted failure rate: 1.0
One fitness evaluation is finished...
One fitness evaluation starts...
Number of failed tests: 26
Weighted failure rate: 1.1953125
One fitness evaluation is finished...
One fitness evaluation starts...
Number of failed tests: 1
Weighted failure rate: 1.0
One fitness evaluation is finished...
One fitness evaluation starts...
Compilation fails!
One fitness evaluation is finished...
One fitness evaluation starts...
Number of failed tests: 1
Weighted failure rate: 1.0
One fitness evaluation is finished...
One fitness evaluation starts...
Number of failed tests: 1
Weighted failure rate: 1.0
One fitness evaluation is finished...
One fitness evaluation starts...
Number of failed tests: 44
Weighted failure rate: 1.3359375
One fitness evaluation is finished...
One fitness evaluation starts...
One fitness evaluation starts...
Compilation fails!
One fitness evaluation is finished...
One fitness evaluation starts...
One fitness evaluation starts...
Compilation fails!
One fitness evaluation is finished...
One fitness evaluation starts...
One fitness evaluation starts...
Compilation fails!
One fitness evaluation is finished...
One fitness evaluation starts...
One fitness evaluation starts...
One fitness evaluation starts...
Number of failed tests: 1
Weighted failure rate: 1.0
One fitness evaluation is finished...
One fitness evaluation starts...
Number of failed tests: 12
Weighted failure rate: 1.0859375
One fitness evaluation is finished...
One fitness evaluation starts...
Compilation fails!
One fitness evaluation is finished...
One fitness evaluation starts...
One fitness evaluation starts...
Compilation fails!
One fitness evaluation is finished...
One fitness evaluation starts...
Number of failed tests: 1
Weighted failure rate: 1.0
One fitness evaluation is finished...
One fitness evaluation starts...
Number of failed tests: 26
Weighted failure rate: 1.1953125
One fitness evaluation is finished...
One fitness evaluation starts...
One fitness evaluation starts...
Number of failed tests: 1
Weighted failure rate: 1.0
One fitness evaluation is finished...
One fitness evaluation starts...
Compilation fails!
One fitness evaluation is finished...
One fitness evaluation starts...
Number of failed tests: 1
Weighted failure rate: 1.0
One fitness evaluation is finished...
One fitness evaluation starts...
Compilation fails!
One fitness evaluation is finished...
One fitness evaluation starts...
Compilation fails!
One fitness evaluation is finished...
One fitness evaluation starts...
Number of failed tests: 1
Weighted failure rate: 1.0
One fitness evaluation is finished...
One fitness evaluation starts...
Number of failed tests: 9
Weighted failure rate: 1.0625
One fitness evaluation is finished...
One fitness evaluation starts...
Number of failed tests: 1
Weighted failure rate: 1.0
One fitness evaluation is finished...
One fitness evaluation starts...
One fitness evaluation starts...
Number of failed tests: 1
Weighted failure rate: 1.0
One fitness evaluation is finished...
One fitness evaluation starts...
Number of failed tests: 1
Weighted failure rate: 1.0
One fitness evaluation is finished...
One fitness evaluation starts...
Number of failed tests: 1
Weighted failure rate: 1.0
One fitness evaluation is finished...
One fitness evaluation starts...
Compilation fails!
One fitness evaluation is finished...
One fitness evaluation starts...
Compilation fails!
One fitness evaluation is finished...
One fitness evaluation starts...
Compilation fails!
One fitness evaluation is finished...
One fitness evaluation starts...
Compilation fails!
One fitness evaluation is finished...
One fitness evaluation starts...
Number of failed tests: 1
Weighted failure rate: 1.0
One fitness evaluation is finished...
One fitness evaluation starts...
Number of failed tests: 1
Weighted failure rate: 1.0
One fitness evaluation is finished...
One fitness evaluation starts...
Compilation fails!
One fitness evaluation is finished...
One fitness evaluation starts...
Number of failed tests: 4
Weighted failure rate: 1.0234375
One fitness evaluation is finished...
One fitness evaluation starts...
Number of failed tests: 26
Weighted failure rate: 1.1953125
One fitness evaluation is finished...
One fitness evaluation starts...
Number of failed tests: 10
Weighted failure rate: 1.0703125
One fitness evaluation is finished...
One fitness evaluation starts...
Number of failed tests: 1
Weighted failure rate: 1.0
One fitness evaluation is finished...
One fitness evaluation starts...
One fitness evaluation starts...
One fitness evaluation starts...
Compilation fails!
One fitness evaluation is finished...
One fitness evaluation starts...
One fitness evaluation starts...
Number of failed tests: 10
Weighted failure rate: 1.0703125
One fitness evaluation is finished...
One fitness evaluation starts...
Compilation fails!
One fitness evaluation is finished...
One fitness evaluation starts...
Number of failed tests: 46
Weighted failure rate: 1.3515625
One fitness evaluation is finished...
One fitness evaluation starts...
Number of failed tests: 43
Weighted failure rate: 1.328125
One fitness evaluation is finished...
One fitness evaluation starts...
Number of failed tests: 1
Weighted failure rate: 1.0
One fitness evaluation is finished...
One fitness evaluation starts...
Number of failed tests: 1
Weighted failure rate: 1.0
One fitness evaluation is finished...
One fitness evaluation starts...
One fitness evaluation starts...
Number of failed tests: 1
Weighted failure rate: 1.0
One fitness evaluation is finished...
One fitness evaluation starts...
Compilation fails!
One fitness evaluation is finished...
One fitness evaluation starts...
Compilation fails!
One fitness evaluation is finished...
One fitness evaluation starts...
Number of failed tests: 46
Weighted failure rate: 1.3515625
One fitness evaluation is finished...
One fitness evaluation starts...
Compilation fails!
One fitness evaluation is finished...
One fitness evaluation starts...
Number of failed tests: 1
Weighted failure rate: 1.0
One fitness evaluation is finished...
One fitness evaluation starts...
Compilation fails!
One fitness evaluation is finished...
One fitness evaluation starts...
Compilation fails!
One fitness evaluation is finished...
One fitness evaluation starts...
Number of failed tests: 1
Weighted failure rate: 1.0
One fitness evaluation is finished...
One fitness evaluation starts...
Number of failed tests: 1
Weighted failure rate: 1.0
One fitness evaluation is finished...
One fitness evaluation starts...
Number of failed tests: 1
Weighted failure rate: 1.0
One fitness evaluation is finished...
One fitness evaluation starts...
Number of failed tests: 1
Weighted failure rate: 1.0
One fitness evaluation is finished...
One fitness evaluation starts...
Compilation fails!
One fitness evaluation is finished...
One fitness evaluation starts...
Number of failed tests: 1
Weighted failure rate: 1.0
One fitness evaluation is finished...
One fitness evaluation starts...
Compilation fails!
One fitness evaluation is finished...
One fitness evaluation starts...
Number of failed tests: 1
Weighted failure rate: 1.0
One fitness evaluation is finished...
One fitness evaluation starts...
Number of failed tests: 1
Weighted failure rate: 1.0
One fitness evaluation is finished...
One fitness evaluation starts...
Compilation fails!
One fitness evaluation is finished...
One fitness evaluation starts...
Number of failed tests: 1
Weighted failure rate: 1.0
One fitness evaluation is finished...
One fitness evaluation starts...
Compilation fails!
One fitness evaluation is finished...
One fitness evaluation starts...
Compilation fails!
One fitness evaluation is finished...
One fitness evaluation starts...
Compilation fails!
One fitness evaluation is finished...
One fitness evaluation starts...
Compilation fails!
One fitness evaluation is finished...
One fitness evaluation starts...
Compilation fails!
One fitness evaluation is finished...
One fitness evaluation starts...
Compilation fails!
One fitness evaluation is finished...
One fitness evaluation starts...
Number of failed tests: 1
Weighted failure rate: 1.0
One fitness evaluation is finished...
One fitness evaluation starts...
One fitness evaluation starts...
Number of failed tests: 1
Weighted failure rate: 1.0
One fitness evaluation is finished...
One fitness evaluation starts...
One fitness evaluation starts...
Compilation fails!
One fitness evaluation is finished...
One fitness evaluation starts...
One fitness evaluation starts...
Number of failed tests: 1
Weighted failure rate: 1.0
One fitness evaluation is finished...
One fitness evaluation starts...
Compilation fails!
One fitness evaluation is finished...
One fitness evaluation starts...
Number of failed tests: 25
Weighted failure rate: 0.1953125
One fitness evaluation is finished...
One fitness evaluation starts...
Compilation fails!
One fitness evaluation is finished...
One fitness evaluation starts...
Compilation fails!
One fitness evaluation is finished...
One fitness evaluation starts...
Compilation fails!
One fitness evaluation is finished...
One fitness evaluation starts...
One fitness evaluation starts...
Compilation fails!
One fitness evaluation is finished...
One fitness evaluation starts...
Compilation fails!
One fitness evaluation is finished...
One fitness evaluation starts...
Number of failed tests: 1
Weighted failure rate: 1.0
One fitness evaluation is finished...
One fitness evaluation starts...
Number of failed tests: 1
Weighted failure rate: 1.0
One fitness evaluation is finished...
One fitness evaluation starts...
One fitness evaluation starts...
Number of failed tests: 1
Weighted failure rate: 1.0
One fitness evaluation is finished...
One fitness evaluation starts...
Number of failed tests: 23
Weighted failure rate: 1.171875
One fitness evaluation is finished...
One fitness evaluation starts...
Compilation fails!
One fitness evaluation is finished...
One fitness evaluation starts...
Compilation fails!
One fitness evaluation is finished...
One fitness evaluation starts...
Number of failed tests: 1
Weighted failure rate: 1.0
One fitness evaluation is finished...
One fitness evaluation starts...
One fitness evaluation starts...
Compilation fails!
One fitness evaluation is finished...
One fitness evaluation starts...
Number of failed tests: 2
Weighted failure rate: 1.0078125
One fitness evaluation is finished...
One fitness evaluation starts...
Compilation fails!
One fitness evaluation is finished...
One fitness evaluation starts...
Compilation fails!
One fitness evaluation is finished...
One fitness evaluation starts...
Number of failed tests: 1
Weighted failure rate: 1.0
One fitness evaluation is finished...
One fitness evaluation starts...
Compilation fails!
One fitness evaluation is finished...
One fitness evaluation starts...
Number of failed tests: 1
Weighted failure rate: 1.0
One fitness evaluation is finished...
One fitness evaluation starts...
One fitness evaluation starts...
Compilation fails!
One fitness evaluation is finished...
One fitness evaluation starts...
Number of failed tests: 1
Weighted failure rate: 1.0
One fitness evaluation is finished...
One fitness evaluation starts...
Number of failed tests: 1
Weighted failure rate: 1.0
One fitness evaluation is finished...
One fitness evaluation starts...
One fitness evaluation starts...
Compilation fails!
One fitness evaluation is finished...
One fitness evaluation starts...
Compilation fails!
One fitness evaluation is finished...
One fitness evaluation starts...
Number of failed tests: 1
Weighted failure rate: 1.0
One fitness evaluation is finished...
One fitness evaluation starts...
Compilation fails!
One fitness evaluation is finished...
One fitness evaluation starts...
Compilation fails!
One fitness evaluation is finished...
One fitness evaluation starts...
Number of failed tests: 48
Weighted failure rate: 1.3671875
One fitness evaluation is finished...
One fitness evaluation starts...
Number of failed tests: 10
Weighted failure rate: 1.0703125
One fitness evaluation is finished...
One fitness evaluation starts...
Number of failed tests: 41
Weighted failure rate: 1.3125
One fitness evaluation is finished...
One fitness evaluation starts...
Compilation fails!
One fitness evaluation is finished...
One fitness evaluation starts...
Compilation fails!
One fitness evaluation is finished...
One fitness evaluation starts...
Number of failed tests: 26
Weighted failure rate: 1.1953125
One fitness evaluation is finished...
One fitness evaluation starts...
Number of failed tests: 25
Weighted failure rate: 0.1953125
One fitness evaluation is finished...
One fitness evaluation starts...
One fitness evaluation starts...
Number of failed tests: 1
Weighted failure rate: 1.0
One fitness evaluation is finished...
One fitness evaluation starts...
Compilation fails!
One fitness evaluation is finished...
One fitness evaluation starts...
Compilation fails!
One fitness evaluation is finished...
One fitness evaluation starts...
One fitness evaluation starts...
Compilation fails!
One fitness evaluation is finished...
One fitness evaluation starts...
Compilation fails!
One fitness evaluation is finished...
One fitness evaluation starts...
Number of failed tests: 1
Weighted failure rate: 1.0
One fitness evaluation is finished...
One fitness evaluation starts...
Number of failed tests: 25
Weighted failure rate: 1.1875
One fitness evaluation is finished...
One fitness evaluation starts...
Compilation fails!
One fitness evaluation is finished...
One fitness evaluation starts...
Compilation fails!
One fitness evaluation is finished...
One fitness evaluation starts...
Number of failed tests: 1
Weighted failure rate: 1.0
One fitness evaluation is finished...
One fitness evaluation starts...
Number of failed tests: 2
Weighted failure rate: 1.0078125
One fitness evaluation is finished...
One fitness evaluation starts...
Number of failed tests: 1
Weighted failure rate: 1.0
One fitness evaluation is finished...
One fitness evaluation starts...
Number of failed tests: 26
Weighted failure rate: 1.1953125
One fitness evaluation is finished...
One fitness evaluation starts...
Number of failed tests: 1
Weighted failure rate: 1.0
One fitness evaluation is finished...
One fitness evaluation starts...
Number of failed tests: 1
Weighted failure rate: 1.0
One fitness evaluation is finished...
One fitness evaluation starts...
Number of failed tests: 19
Weighted failure rate: 1.140625
One fitness evaluation is finished...
One fitness evaluation starts...
Number of failed tests: 1
Weighted failure rate: 1.0
One fitness evaluation is finished...
One fitness evaluation starts...
Number of failed tests: 42
Weighted failure rate: 1.3203125
One fitness evaluation is finished...
One fitness evaluation starts...
Compilation fails!
One fitness evaluation is finished...
One fitness evaluation starts...
Compilation fails!
One fitness evaluation is finished...
One fitness evaluation starts...
Number of failed tests: 1
Weighted failure rate: 1.0
One fitness evaluation is finished...
One fitness evaluation starts...
Number of failed tests: 1
Weighted failure rate: 1.0
One fitness evaluation is finished...
One fitness evaluation starts...
One fitness evaluation starts...
Compilation fails!
One fitness evaluation is finished...
One fitness evaluation starts...
Number of failed tests: 44
Weighted failure rate: 1.3359375
One fitness evaluation is finished...
One fitness evaluation starts...
Number of failed tests: 1
Weighted failure rate: 1.0
One fitness evaluation is finished...
One fitness evaluation starts...
One fitness evaluation starts...
Compilation fails!
One fitness evaluation is finished...
One fitness evaluation starts...
One fitness evaluation starts...
Number of failed tests: 42
Weighted failure rate: 1.3203125
One fitness evaluation is finished...
One fitness evaluation starts...
Number of failed tests: 1
Weighted failure rate: 1.0
One fitness evaluation is finished...
One fitness evaluation starts...
One fitness evaluation starts...
Number of failed tests: 1
Weighted failure rate: 1.0
One fitness evaluation is finished...
One fitness evaluation starts...
Compilation fails!
One fitness evaluation is finished...
One fitness evaluation starts...
Compilation fails!
One fitness evaluation is finished...
One fitness evaluation starts...
Number of failed tests: 1
Weighted failure rate: 1.0
One fitness evaluation is finished...
One fitness evaluation starts...
Number of failed tests: 1
Weighted failure rate: 1.0
One fitness evaluation is finished...
One fitness evaluation starts...
Number of failed tests: 41
Weighted failure rate: 1.3125
One fitness evaluation is finished...
One fitness evaluation starts...
Number of failed tests: 1
Weighted failure rate: 1.0
One fitness evaluation is finished...
One fitness evaluation starts...
Number of failed tests: 40
Weighted failure rate: 1.3046875
One fitness evaluation is finished...
One fitness evaluation starts...
Number of failed tests: 28
Weighted failure rate: 1.2109375
One fitness evaluation is finished...
One fitness evaluation starts...
One fitness evaluation starts...
Number of failed tests: 1
Weighted failure rate: 1.0
One fitness evaluation is finished...
One fitness evaluation starts...
Compilation fails!
One fitness evaluation is finished...
One fitness evaluation starts...
Compilation fails!
One fitness evaluation is finished...
One fitness evaluation starts...
Number of failed tests: 41
Weighted failure rate: 1.3125
One fitness evaluation is finished...
One fitness evaluation starts...
Number of failed tests: 17
Weighted failure rate: 1.125
One fitness evaluation is finished...
One fitness evaluation starts...
Number of failed tests: 1
Weighted failure rate: 1.0
One fitness evaluation is finished...
One fitness evaluation starts...
Number of failed tests: 26
Weighted failure rate: 1.1953125
One fitness evaluation is finished...
One fitness evaluation starts...
Number of failed tests: 1
Weighted failure rate: 1.0
One fitness evaluation is finished...
One fitness evaluation starts...
Number of failed tests: 1
Weighted failure rate: 1.0
One fitness evaluation is finished...
One fitness evaluation starts...
Number of failed tests: 46
Weighted failure rate: 1.3515625
One fitness evaluation is finished...
One fitness evaluation starts...
Number of failed tests: 1
Weighted failure rate: 1.0
One fitness evaluation is finished...
One fitness evaluation starts...
Number of failed tests: 1
Weighted failure rate: 1.0
One fitness evaluation is finished...
One fitness evaluation starts...
Compilation fails!
One fitness evaluation is finished...
One fitness evaluation starts...
One fitness evaluation starts...
Compilation fails!
One fitness evaluation is finished...
One fitness evaluation starts...
Number of failed tests: 10
Weighted failure rate: 1.0703125
One fitness evaluation is finished...
One fitness evaluation starts...
Compilation fails!
One fitness evaluation is finished...
One fitness evaluation starts...
Number of failed tests: 1
Weighted failure rate: 1.0
One fitness evaluation is finished...
One fitness evaluation starts...
Compilation fails!
One fitness evaluation is finished...
One fitness evaluation starts...
Number of failed tests: 25
Weighted failure rate: 0.1953125
One fitness evaluation is finished...
One fitness evaluation starts...
One fitness evaluation starts...
Number of failed tests: 25
Weighted failure rate: 0.1953125
One fitness evaluation is finished...
One fitness evaluation starts...
Number of failed tests: 26
Weighted failure rate: 1.1953125
One fitness evaluation is finished...
One fitness evaluation starts...
Compilation fails!
One fitness evaluation is finished...
One fitness evaluation starts...
Compilation fails!
One fitness evaluation is finished...
One fitness evaluation starts...
Number of failed tests: 1
Weighted failure rate: 1.0
One fitness evaluation is finished...
One fitness evaluation starts...
Number of failed tests: 1
Weighted failure rate: 1.0
One fitness evaluation is finished...
One fitness evaluation starts...
Number of failed tests: 1
Weighted failure rate: 1.0
One fitness evaluation is finished...
One fitness evaluation starts...
Number of failed tests: 1
Weighted failure rate: 1.0
One fitness evaluation is finished...
One fitness evaluation starts...
Compilation fails!
One fitness evaluation is finished...
One fitness evaluation starts...
Number of failed tests: 28
Weighted failure rate: 1.2109375
One fitness evaluation is finished...
One fitness evaluation starts...
Compilation fails!
One fitness evaluation is finished...
One fitness evaluation starts...
Compilation fails!
One fitness evaluation is finished...
One fitness evaluation starts...
Number of failed tests: 1
Weighted failure rate: 1.0
One fitness evaluation is finished...
One fitness evaluation starts...
Number of failed tests: 1
Weighted failure rate: 1.0
One fitness evaluation is finished...
One fitness evaluation starts...
One fitness evaluation starts...
Number of failed tests: 1
Weighted failure rate: 1.0
One fitness evaluation is finished...
One fitness evaluation starts...
Number of failed tests: 10
Weighted failure rate: 1.0703125
One fitness evaluation is finished...
One fitness evaluation starts...
Number of failed tests: 44
Weighted failure rate: 1.3359375
One fitness evaluation is finished...
One fitness evaluation starts...
Compilation fails!
One fitness evaluation is finished...
One fitness evaluation starts...
Number of failed tests: 1
Weighted failure rate: 0.0078125
One fitness evaluation is finished...
One fitness evaluation starts...
Number of failed tests: 1
Weighted failure rate: 1.0
One fitness evaluation is finished...
One fitness evaluation starts...
Number of failed tests: 25
Weighted failure rate: 0.1953125
One fitness evaluation is finished...
One fitness evaluation starts...
Number of failed tests: 1
Weighted failure rate: 1.0
One fitness evaluation is finished...
One fitness evaluation starts...
Number of failed tests: 26
Weighted failure rate: 1.1953125
One fitness evaluation is finished...
One fitness evaluation starts...
Compilation fails!
One fitness evaluation is finished...
One fitness evaluation starts...
Compilation fails!
One fitness evaluation is finished...
One fitness evaluation starts...
Compilation fails!
One fitness evaluation is finished...
One fitness evaluation starts...
Number of failed tests: 1
Weighted failure rate: 1.0
One fitness evaluation is finished...
One fitness evaluation starts...
Number of failed tests: 26
Weighted failure rate: 1.1953125
One fitness evaluation is finished...
One fitness evaluation starts...
Number of failed tests: 1
Weighted failure rate: 1.0
One fitness evaluation is finished...
One fitness evaluation starts...
Compilation fails!
One fitness evaluation is finished...
One fitness evaluation starts...
Compilation fails!
One fitness evaluation is finished...
One fitness evaluation starts...
Number of failed tests: 1
Weighted failure rate: 1.0
One fitness evaluation is finished...
One fitness evaluation starts...
Number of failed tests: 41
Weighted failure rate: 1.3125
One fitness evaluation is finished...
One fitness evaluation starts...
Number of failed tests: 1
Weighted failure rate: 1.0
One fitness evaluation is finished...
One fitness evaluation starts...
Number of failed tests: 10
Weighted failure rate: 1.0703125
One fitness evaluation is finished...
One fitness evaluation starts...
Compilation fails!
One fitness evaluation is finished...
One fitness evaluation starts...
Number of failed tests: 27
Weighted failure rate: 1.203125
One fitness evaluation is finished...
One fitness evaluation starts...
Compilation fails!
One fitness evaluation is finished...
One fitness evaluation starts...
Compilation fails!
One fitness evaluation is finished...
One fitness evaluation starts...
Number of failed tests: 1
Weighted failure rate: 1.0
One fitness evaluation is finished...
One fitness evaluation starts...
Compilation fails!
One fitness evaluation is finished...
One fitness evaluation starts...
One fitness evaluation starts...
Number of failed tests: 26
Weighted failure rate: 1.1953125
One fitness evaluation is finished...
One fitness evaluation starts...
Compilation fails!
One fitness evaluation is finished...
One fitness evaluation starts...
Compilation fails!
One fitness evaluation is finished...
One fitness evaluation starts...
Number of failed tests: 1
Weighted failure rate: 1.0
One fitness evaluation is finished...
One fitness evaluation starts...
Compilation fails!
One fitness evaluation is finished...
One fitness evaluation starts...
Number of failed tests: 1
Weighted failure rate: 1.0
One fitness evaluation is finished...
One fitness evaluation starts...
Number of failed tests: 1
Weighted failure rate: 1.0
One fitness evaluation is finished...
One fitness evaluation starts...
Number of failed tests: 1
Weighted failure rate: 1.0
One fitness evaluation is finished...
One fitness evaluation starts...
Compilation fails!
One fitness evaluation is finished...
One fitness evaluation starts...
One fitness evaluation starts...
Number of failed tests: 1
Weighted failure rate: 1.0
One fitness evaluation is finished...
One fitness evaluation starts...
One fitness evaluation starts...
Number of failed tests: 1
Weighted failure rate: 1.0
One fitness evaluation is finished...
One fitness evaluation starts...
One fitness evaluation starts...
Number of failed tests: 24
Weighted failure rate: 0.1875
One fitness evaluation is finished...
One fitness evaluation starts...
Number of failed tests: 1
Weighted failure rate: 1.0
One fitness evaluation is finished...
One fitness evaluation starts...
Number of failed tests: 25
Weighted failure rate: 0.1953125
One fitness evaluation is finished...
One fitness evaluation starts...
One fitness evaluation starts...
Number of failed tests: 1
Weighted failure rate: 1.0
One fitness evaluation is finished...
One fitness evaluation starts...
Number of failed tests: 26
Weighted failure rate: 1.1953125
One fitness evaluation is finished...
One fitness evaluation starts...
Compilation fails!
One fitness evaluation is finished...
One fitness evaluation starts...
One fitness evaluation starts...
One fitness evaluation starts...
Number of failed tests: 25
Weighted failure rate: 0.1953125
One fitness evaluation is finished...
One fitness evaluation starts...
Compilation fails!
One fitness evaluation is finished...
One fitness evaluation starts...
Compilation fails!
One fitness evaluation is finished...
One fitness evaluation starts...
One fitness evaluation starts...
One fitness evaluation starts...
Number of failed tests: 1
Weighted failure rate: 1.0
One fitness evaluation is finished...
One fitness evaluation starts...
Number of failed tests: 1
Weighted failure rate: 1.0
One fitness evaluation is finished...
One fitness evaluation starts...
One fitness evaluation starts...
One fitness evaluation starts...
Number of failed tests: 46
Weighted failure rate: 1.3515625
One fitness evaluation is finished...
One fitness evaluation starts...
Compilation fails!
One fitness evaluation is finished...
One fitness evaluation starts...
One fitness evaluation starts...
Number of failed tests: 1
Weighted failure rate: 1.0
One fitness evaluation is finished...
One fitness evaluation starts...
Number of failed tests: 1
Weighted failure rate: 1.0
One fitness evaluation is finished...
One fitness evaluation starts...
Number of failed tests: 1
Weighted failure rate: 1.0
One fitness evaluation is finished...
One fitness evaluation starts...
Number of failed tests: 9
Weighted failure rate: 1.0625
One fitness evaluation is finished...
One fitness evaluation starts...
Number of failed tests: 40
Weighted failure rate: 1.3046875
One fitness evaluation is finished...
One fitness evaluation starts...
Number of failed tests: 17
Weighted failure rate: 1.125
One fitness evaluation is finished...
One fitness evaluation starts...
Number of failed tests: 25
Weighted failure rate: 0.1953125
One fitness evaluation is finished...
One fitness evaluation starts...
Number of failed tests: 27
Weighted failure rate: 1.203125
One fitness evaluation is finished...
One fitness evaluation starts...
Compilation fails!
One fitness evaluation is finished...
One fitness evaluation starts...
Number of failed tests: 1
Weighted failure rate: 1.0
One fitness evaluation is finished...
One fitness evaluation starts...
Compilation fails!
One fitness evaluation is finished...
One fitness evaluation starts...
Compilation fails!
One fitness evaluation is finished...
One fitness evaluation starts...
Compilation fails!
One fitness evaluation is finished...
One fitness evaluation starts...
Compilation fails!
One fitness evaluation is finished...
One fitness evaluation starts...
Number of failed tests: 26
Weighted failure rate: 1.1953125
One fitness evaluation is finished...
One fitness evaluation starts...
Number of failed tests: 1
Weighted failure rate: 1.0
One fitness evaluation is finished...
One fitness evaluation starts...
Number of failed tests: 26
Weighted failure rate: 1.1953125
One fitness evaluation is finished...
One fitness evaluation starts...
Compilation fails!
One fitness evaluation is finished...
One fitness evaluation starts...
Number of failed tests: 26
Weighted failure rate: 1.1953125
One fitness evaluation is finished...
One fitness evaluation starts...
Number of failed tests: 1
Weighted failure rate: 1.0
One fitness evaluation is finished...
One fitness evaluation starts...
Compilation fails!
One fitness evaluation is finished...
One fitness evaluation starts...
Number of failed tests: 25
Weighted failure rate: 0.1953125
One fitness evaluation is finished...
One fitness evaluation starts...
One fitness evaluation starts...
Number of failed tests: 1
Weighted failure rate: 1.0
One fitness evaluation is finished...
One fitness evaluation starts...
Compilation fails!
One fitness evaluation is finished...
One fitness evaluation starts...
One fitness evaluation starts...
Compilation fails!
One fitness evaluation is finished...
One fitness evaluation starts...
Compilation fails!
One fitness evaluation is finished...
One fitness evaluation starts...
Number of failed tests: 28
Weighted failure rate: 1.2109375
One fitness evaluation is finished...
One fitness evaluation starts...
Number of failed tests: 1
Weighted failure rate: 1.0
One fitness evaluation is finished...
One fitness evaluation starts...
Compilation fails!
One fitness evaluation is finished...
One fitness evaluation starts...
Compilation fails!
One fitness evaluation is finished...
One fitness evaluation starts...
Number of failed tests: 1
Weighted failure rate: 1.0
One fitness evaluation is finished...
One fitness evaluation starts...
Number of failed tests: 25
Weighted failure rate: 0.1953125
One fitness evaluation is finished...
One fitness evaluation starts...
Compilation fails!
One fitness evaluation is finished...
One fitness evaluation starts...
Number of failed tests: 26
Weighted failure rate: 1.1953125
One fitness evaluation is finished...
One fitness evaluation starts...
Compilation fails!
One fitness evaluation is finished...
One fitness evaluation starts...
Compilation fails!
One fitness evaluation is finished...
One fitness evaluation starts...
Compilation fails!
One fitness evaluation is finished...
One fitness evaluation starts...
Number of failed tests: 1
Weighted failure rate: 1.0
One fitness evaluation is finished...
One fitness evaluation starts...
One fitness evaluation starts...
One fitness evaluation starts...
Compilation fails!
One fitness evaluation is finished...
One fitness evaluation starts...
Compilation fails!
One fitness evaluation is finished...
One fitness evaluation starts...
One fitness evaluation starts...
Compilation fails!
One fitness evaluation is finished...
One fitness evaluation starts...
One fitness evaluation starts...
Number of failed tests: 1
Weighted failure rate: 1.0
One fitness evaluation is finished...
One fitness evaluation starts...
Number of failed tests: 27
Weighted failure rate: 1.203125
One fitness evaluation is finished...
One fitness evaluation starts...
One fitness evaluation starts...
Number of failed tests: 25
Weighted failure rate: 0.1953125
One fitness evaluation is finished...
One fitness evaluation starts...
Number of failed tests: 25
Weighted failure rate: 0.1953125
One fitness evaluation is finished...
One fitness evaluation starts...
Number of failed tests: 1
Weighted failure rate: 1.0
One fitness evaluation is finished...
One fitness evaluation starts...
Number of failed tests: 1
Weighted failure rate: 1.0
One fitness evaluation is finished...
One fitness evaluation starts...
Compilation fails!
One fitness evaluation is finished...
One fitness evaluation starts...
Number of failed tests: 1
Weighted failure rate: 1.0
One fitness evaluation is finished...
One fitness evaluation starts...
Compilation fails!
One fitness evaluation is finished...
One fitness evaluation starts...
Number of failed tests: 17
Weighted failure rate: 1.125
One fitness evaluation is finished...
One fitness evaluation starts...
One fitness evaluation starts...
Compilation fails!
One fitness evaluation is finished...
One fitness evaluation starts...
Compilation fails!
One fitness evaluation is finished...
One fitness evaluation starts...
Compilation fails!
One fitness evaluation is finished...
One fitness evaluation starts...
Number of failed tests: 19
Weighted failure rate: 1.140625
One fitness evaluation is finished...
One fitness evaluation starts...
Compilation fails!
One fitness evaluation is finished...
One fitness evaluation starts...
Number of failed tests: 28
Weighted failure rate: 1.2109375
One fitness evaluation is finished...
One fitness evaluation starts...
One fitness evaluation starts...
Number of failed tests: 25
Weighted failure rate: 0.1953125
One fitness evaluation is finished...
One fitness evaluation starts...
Compilation fails!
One fitness evaluation is finished...
One fitness evaluation starts...
Number of failed tests: 24
Weighted failure rate: 0.1875
One fitness evaluation is finished...
One fitness evaluation starts...
Number of failed tests: 27
Weighted failure rate: 1.203125
One fitness evaluation is finished...
One fitness evaluation starts...
Compilation fails!
One fitness evaluation is finished...
One fitness evaluation starts...
Compilation fails!
One fitness evaluation is finished...
One fitness evaluation starts...
Number of failed tests: 17
Weighted failure rate: 1.125
One fitness evaluation is finished...
One fitness evaluation starts...
Number of failed tests: 26
Weighted failure rate: 1.1953125
One fitness evaluation is finished...
One fitness evaluation starts...
One fitness evaluation starts...
One fitness evaluation starts...
Compilation fails!
One fitness evaluation is finished...
One fitness evaluation starts...
Number of failed tests: 1
Weighted failure rate: 1.0
One fitness evaluation is finished...
One fitness evaluation starts...
Compilation fails!
One fitness evaluation is finished...
One fitness evaluation starts...
Compilation fails!
One fitness evaluation is finished...
One fitness evaluation starts...
Number of failed tests: 1
Weighted failure rate: 1.0
One fitness evaluation is finished...
One fitness evaluation starts...
Compilation fails!
One fitness evaluation is finished...
One fitness evaluation starts...
Number of failed tests: 25
Weighted failure rate: 0.1953125
One fitness evaluation is finished...
One fitness evaluation starts...
Number of failed tests: 24
Weighted failure rate: 0.1875
One fitness evaluation is finished...
One fitness evaluation starts...
Number of failed tests: 17
Weighted failure rate: 1.125
One fitness evaluation is finished...
One fitness evaluation starts...
One fitness evaluation starts...
Compilation fails!
One fitness evaluation is finished...
One fitness evaluation starts...
Number of failed tests: 28
Weighted failure rate: 1.2109375
One fitness evaluation is finished...
One fitness evaluation starts...
Compilation fails!
One fitness evaluation is finished...
One fitness evaluation starts...
Compilation fails!
One fitness evaluation is finished...
One fitness evaluation starts...
Number of failed tests: 25
Weighted failure rate: 0.1953125
One fitness evaluation is finished...
One fitness evaluation starts...
Number of failed tests: 1
Weighted failure rate: 1.0
One fitness evaluation is finished...
One fitness evaluation starts...
One fitness evaluation starts...
Number of failed tests: 1
Weighted failure rate: 1.0
One fitness evaluation is finished...
One fitness evaluation starts...
Number of failed tests: 28
Weighted failure rate: 1.2109375
One fitness evaluation is finished...
One fitness evaluation starts...
Number of failed tests: 1
Weighted failure rate: 1.0
One fitness evaluation is finished...
One fitness evaluation starts...
Number of failed tests: 1
Weighted failure rate: 1.0
One fitness evaluation is finished...
One fitness evaluation starts...
Number of failed tests: 25
Weighted failure rate: 0.1953125
One fitness evaluation is finished...
One fitness evaluation starts...
One fitness evaluation starts...
Compilation fails!
One fitness evaluation is finished...
One fitness evaluation starts...
One fitness evaluation starts...
Number of failed tests: 1
Weighted failure rate: 1.0
One fitness evaluation is finished...
One fitness evaluation starts...
Compilation fails!
One fitness evaluation is finished...
One fitness evaluation starts...
One fitness evaluation starts...
Number of failed tests: 25
Weighted failure rate: 0.1953125
One fitness evaluation is finished...
One fitness evaluation starts...
Number of failed tests: 25
Weighted failure rate: 0.1953125
One fitness evaluation is finished...
One fitness evaluation starts...
Compilation fails!
One fitness evaluation is finished...
One fitness evaluation starts...
One fitness evaluation starts...
Compilation fails!
One fitness evaluation is finished...
One fitness evaluation starts...
One fitness evaluation starts...
Number of failed tests: 26
Weighted failure rate: 1.1953125
One fitness evaluation is finished...
One fitness evaluation starts...
Number of failed tests: 25
Weighted failure rate: 0.1953125
One fitness evaluation is finished...
One fitness evaluation starts...
Number of failed tests: 28
Weighted failure rate: 1.2109375
One fitness evaluation is finished...
One fitness evaluation starts...
Compilation fails!
One fitness evaluation is finished...
One fitness evaluation starts...
One fitness evaluation starts...
Compilation fails!
One fitness evaluation is finished...
One fitness evaluation starts...
Number of failed tests: 24
Weighted failure rate: 0.1875
One fitness evaluation is finished...
One fitness evaluation starts...
Number of failed tests: 25
Weighted failure rate: 0.1953125
One fitness evaluation is finished...
One fitness evaluation starts...
Number of failed tests: 25
Weighted failure rate: 0.1953125
One fitness evaluation is finished...
One fitness evaluation starts...
Number of failed tests: 25
Weighted failure rate: 0.1953125
One fitness evaluation is finished...
One fitness evaluation starts...
Compilation fails!
One fitness evaluation is finished...
One fitness evaluation starts...
Compilation fails!
One fitness evaluation is finished...
One fitness evaluation starts...
Number of failed tests: 25
Weighted failure rate: 0.1953125
One fitness evaluation is finished...
One fitness evaluation starts...
Number of failed tests: 1
Weighted failure rate: 1.0
One fitness evaluation is finished...
One fitness evaluation starts...
Number of failed tests: 26
Weighted failure rate: 1.1953125
One fitness evaluation is finished...
One fitness evaluation starts...
Compilation fails!
One fitness evaluation is finished...
One fitness evaluation starts...
Number of failed tests: 1
Weighted failure rate: 1.0
One fitness evaluation is finished...
One fitness evaluation starts...
Number of failed tests: 28
Weighted failure rate: 1.2109375
One fitness evaluation is finished...
One fitness evaluation starts...
Number of failed tests: 27
Weighted failure rate: 1.203125
One fitness evaluation is finished...
One fitness evaluation starts...
Number of failed tests: 24
Weighted failure rate: 0.1875
One fitness evaluation is finished...
One fitness evaluation starts...
Compilation fails!
One fitness evaluation is finished...
One fitness evaluation starts...
Number of failed tests: 17
Weighted failure rate: 1.125
One fitness evaluation is finished...
One fitness evaluation starts...
Compilation fails!
One fitness evaluation is finished...
One fitness evaluation starts...
Compilation fails!
One fitness evaluation is finished...
One fitness evaluation starts...
Number of failed tests: 25
Weighted failure rate: 0.1953125
One fitness evaluation is finished...
One fitness evaluation starts...
Number of failed tests: 27
Weighted failure rate: 1.203125
One fitness evaluation is finished...
One fitness evaluation starts...
Compilation fails!
One fitness evaluation is finished...
One fitness evaluation starts...
Compilation fails!
One fitness evaluation is finished...
One fitness evaluation starts...
Number of failed tests: 4
Weighted failure rate: 1.0234375
One fitness evaluation is finished...
One fitness evaluation starts...
Compilation fails!
One fitness evaluation is finished...
One fitness evaluation starts...
Number of failed tests: 26
Weighted failure rate: 1.1953125
One fitness evaluation is finished...
One fitness evaluation starts...
Number of failed tests: 27
Weighted failure rate: 1.203125
One fitness evaluation is finished...
One fitness evaluation starts...
Number of failed tests: 25
Weighted failure rate: 0.1953125
One fitness evaluation is finished...
One fitness evaluation starts...
Number of failed tests: 25
Weighted failure rate: 0.1953125
One fitness evaluation is finished...
One fitness evaluation starts...
Number of failed tests: 25
Weighted failure rate: 0.1953125
One fitness evaluation is finished...
One fitness evaluation starts...
Number of failed tests: 24
Weighted failure rate: 0.1875
One fitness evaluation is finished...
One fitness evaluation starts...
Number of failed tests: 25
Weighted failure rate: 0.1953125
One fitness evaluation is finished...
One fitness evaluation starts...
Compilation fails!
One fitness evaluation is finished...
One fitness evaluation starts...
Compilation fails!
One fitness evaluation is finished...
One fitness evaluation starts...
Compilation fails!
One fitness evaluation is finished...
One fitness evaluation starts...
Compilation fails!
One fitness evaluation is finished...
One fitness evaluation starts...
Number of failed tests: 25
Weighted failure rate: 0.1953125
One fitness evaluation is finished...
One fitness evaluation starts...
Number of failed tests: 24
Weighted failure rate: 0.1875
One fitness evaluation is finished...
One fitness evaluation starts...
Number of failed tests: 25
Weighted failure rate: 0.1953125
One fitness evaluation is finished...
One fitness evaluation starts...
Number of failed tests: 1
Weighted failure rate: 1.0
One fitness evaluation is finished...
One fitness evaluation starts...
Compilation fails!
One fitness evaluation is finished...
One fitness evaluation starts...
Compilation fails!
One fitness evaluation is finished...
One fitness evaluation starts...
Compilation fails!
One fitness evaluation is finished...
One fitness evaluation starts...
Number of failed tests: 27
Weighted failure rate: 0.2109375
One fitness evaluation is finished...
One fitness evaluation starts...
Compilation fails!
One fitness evaluation is finished...
One fitness evaluation starts...
Number of failed tests: 23
Weighted failure rate: 0.1796875
One fitness evaluation is finished...
One fitness evaluation starts...
Compilation fails!
One fitness evaluation is finished...
One fitness evaluation starts...
Number of failed tests: 24
Weighted failure rate: 1.1796875
One fitness evaluation is finished...
One fitness evaluation starts...
Number of failed tests: 25
Weighted failure rate: 0.1953125
One fitness evaluation is finished...
One fitness evaluation starts...
Number of failed tests: 25
Weighted failure rate: 0.1953125
One fitness evaluation is finished...
One fitness evaluation starts...
Number of failed tests: 25
Weighted failure rate: 0.1953125
One fitness evaluation is finished...
One fitness evaluation starts...


Node: ubuntu



Date: Fri Jul 26 06:32:15 EDT 2019

