cd /tmp/jMutRepair_Defects4J_Math_82;
export JAVA_TOOL_OPTIONS="-Dfile.encoding=UTF8 -Duser.language=en-US -Duser.country=US -Duser.language=en";
TZ="America/New_York"; export TZ;
export PATH="/data/tool/jdk1.8.0_71/bin:$PATH";
export JAVA_HOME="/data/tool/jdk1.8.0_71/bin";
time java -Xmx1g -Xms1g -cp /data/RepairThemAll/script/../libs/jtestex7.jar:/data/RepairThemAll/script/../repair_tools/astor.jar fr.inria.main.evolution.AstorMain \
	-mode jMutRepair \
	-benchmark Defects4J \
	-location . \
	-id Math-82 \
	-failing org.apache.commons.math.optimization.linear.SimplexSolverTest \
	-jvm4testexecution /data/tool/jdk1.7.0_80/bin \
	-jvm4evosuitetestexecution /data/tool/jdk1.7.0_80/bin \
	-maxgen 1000000 \
	-maxtime 120 \
	-stopfirst true \
	-seed 0 \
	-scope local \
	-population 1 \
	-javacompliancelevel 5 \
	-srcjavafolder src/main/java/ \
	-srctestfolder src/test/java/ \
	-binjavafolder target/classes/ \
	-bintestfolder target/test-classes/ \
	-parameters x:x \
	-dependencies /tmp/jMutRepair_Defects4J_Math_82/target/classes/:/tmp/jMutRepair_Defects4J_Math_82/target/test-classes/:/data/RepairThemAll/script/../benchmarks/defects4j/framework/projects/lib/junit-4.11.jar;
	echo "\n\nNode: `hostname`\n";
	echo "\n\nDate: `date`\n";
Picked up JAVA_TOOL_OPTIONS: -Dfile.encoding=UTF8 -Duser.language=en-US -Duser.country=US -Duser.language=en
Aug 03, 2019 2:58:58 AM java.util.jar.Attributes read
WARNING: Duplicate name in Manifest: SHA-256-Digest.
Ensure that the manifest does not have duplicate entries, and
that blank lines separate individual sections in both your
manifest and in the META-INF/MANIFEST.MF entry in the jar file.
Aug 03, 2019 2:58:58 AM java.util.jar.Attributes read
WARNING: Duplicate name in Manifest: SHA-256-Digest.
Ensure that the manifest does not have duplicate entries, and
that blank lines separate individual sections in both your
manifest and in the META-INF/MANIFEST.MF entry in the jar file.
Aug 03, 2019 2:58:58 AM java.util.jar.Attributes read
WARNING: Duplicate name in Manifest: SHA-256-Digest.
Ensure that the manifest does not have duplicate entries, and
that blank lines separate individual sections in both your
manifest and in the META-INF/MANIFEST.MF entry in the jar file.
Aug 03, 2019 2:58:58 AM java.util.jar.Attributes read
WARNING: Duplicate name in Manifest: SHA-256-Digest.
Ensure that the manifest does not have duplicate entries, and
that blank lines separate individual sections in both your
manifest and in the META-INF/MANIFEST.MF entry in the jar file.
Aug 03, 2019 2:58:58 AM java.util.jar.Attributes read
WARNING: Duplicate name in Manifest: SHA-256-Digest.
Ensure that the manifest does not have duplicate entries, and
that blank lines separate individual sections in both your
manifest and in the META-INF/MANIFEST.MF entry in the jar file.
Aug 03, 2019 2:58:58 AM java.util.jar.Attributes read
WARNING: Duplicate name in Manifest: SHA-256-Digest.
Ensure that the manifest does not have duplicate entries, and
that blank lines separate individual sections in both your
manifest and in the META-INF/MANIFEST.MF entry in the jar file.
Aug 03, 2019 2:58:58 AM java.util.jar.Attributes read
WARNING: Duplicate name in Manifest: SHA-256-Digest.
Ensure that the manifest does not have duplicate entries, and
that blank lines separate individual sections in both your
manifest and in the META-INF/MANIFEST.MF entry in the jar file.
Aug 03, 2019 2:58:58 AM java.util.jar.Attributes read
WARNING: Duplicate name in Manifest: SHA-256-Digest.
Ensure that the manifest does not have duplicate entries, and
that blank lines separate individual sections in both your
manifest and in the META-INF/MANIFEST.MF entry in the jar file.
Aug 03, 2019 2:58:58 AM java.util.jar.Attributes read
WARNING: Duplicate name in Manifest: SHA-256-Digest.
Ensure that the manifest does not have duplicate entries, and
that blank lines separate individual sections in both your
manifest and in the META-INF/MANIFEST.MF entry in the jar file.
Aug 03, 2019 2:58:58 AM java.util.jar.Attributes read
WARNING: Duplicate name in Manifest: SHA-256-Digest.
Ensure that the manifest does not have duplicate entries, and
that blank lines separate individual sections in both your
manifest and in the META-INF/MANIFEST.MF entry in the jar file.
Aug 03, 2019 2:58:58 AM java.util.jar.Attributes read
WARNING: Duplicate name in Manifest: SHA-256-Digest.
Ensure that the manifest does not have duplicate entries, and
that blank lines separate individual sections in both your
manifest and in the META-INF/MANIFEST.MF entry in the jar file.
Aug 03, 2019 2:58:58 AM java.util.jar.Attributes read
WARNING: Duplicate name in Manifest: SHA-256-Digest.
Ensure that the manifest does not have duplicate entries, and
that blank lines separate individual sections in both your
manifest and in the META-INF/MANIFEST.MF entry in the jar file.
Aug 03, 2019 2:58:58 AM java.util.jar.Attributes read
WARNING: Duplicate name in Manifest: SHA-256-Digest.
Ensure that the manifest does not have duplicate entries, and
that blank lines separate individual sections in both your
manifest and in the META-INF/MANIFEST.MF entry in the jar file.
Aug 03, 2019 2:58:58 AM java.util.jar.Attributes read
WARNING: Duplicate name in Manifest: SHA-256-Digest.
Ensure that the manifest does not have duplicate entries, and
that blank lines separate individual sections in both your
manifest and in the META-INF/MANIFEST.MF entry in the jar file.
Aug 03, 2019 2:58:58 AM java.util.jar.Attributes read
WARNING: Duplicate name in Manifest: SHA-256-Digest.
Ensure that the manifest does not have duplicate entries, and
that blank lines separate individual sections in both your
manifest and in the META-INF/MANIFEST.MF entry in the jar file.
Aug 03, 2019 2:58:58 AM java.util.jar.Attributes read
WARNING: Duplicate name in Manifest: SHA-256-Digest.
Ensure that the manifest does not have duplicate entries, and
that blank lines separate individual sections in both your
manifest and in the META-INF/MANIFEST.MF entry in the jar file.
Aug 03, 2019 2:58:58 AM java.util.jar.Attributes read
WARNING: Duplicate name in Manifest: SHA-256-Digest.
Ensure that the manifest does not have duplicate entries, and
that blank lines separate individual sections in both your
manifest and in the META-INF/MANIFEST.MF entry in the jar file.
Aug 03, 2019 2:58:58 AM java.util.jar.Attributes read
WARNING: Duplicate name in Manifest: SHA-256-Digest.
Ensure that the manifest does not have duplicate entries, and
that blank lines separate individual sections in both your
manifest and in the META-INF/MANIFEST.MF entry in the jar file.
Aug 03, 2019 2:58:58 AM java.util.jar.Attributes read
WARNING: Duplicate name in Manifest: SHA-256-Digest.
Ensure that the manifest does not have duplicate entries, and
that blank lines separate individual sections in both your
manifest and in the META-INF/MANIFEST.MF entry in the jar file.
Aug 03, 2019 2:58:58 AM java.util.jar.Attributes read
WARNING: Duplicate name in Manifest: SHA-256-Digest.
Ensure that the manifest does not have duplicate entries, and
that blank lines separate individual sections in both your
manifest and in the META-INF/MANIFEST.MF entry in the jar file.
Aug 03, 2019 2:58:58 AM java.util.jar.Attributes read
WARNING: Duplicate name in Manifest: SHA-256-Digest.
Ensure that the manifest does not have duplicate entries, and
that blank lines separate individual sections in both your
manifest and in the META-INF/MANIFEST.MF entry in the jar file.
Aug 03, 2019 2:58:58 AM java.util.jar.Attributes read
WARNING: Duplicate name in Manifest: SHA-256-Digest.
Ensure that the manifest does not have duplicate entries, and
that blank lines separate individual sections in both your
manifest and in the META-INF/MANIFEST.MF entry in the jar file.
Aug 03, 2019 2:58:58 AM java.util.jar.Attributes read
WARNING: Duplicate name in Manifest: SHA-256-Digest.
Ensure that the manifest does not have duplicate entries, and
that blank lines separate individual sections in both your
manifest and in the META-INF/MANIFEST.MF entry in the jar file.
Aug 03, 2019 2:58:58 AM java.util.jar.Attributes read
WARNING: Duplicate name in Manifest: SHA-256-Digest.
Ensure that the manifest does not have duplicate entries, and
that blank lines separate individual sections in both your
manifest and in the META-INF/MANIFEST.MF entry in the jar file.
Aug 03, 2019 2:58:58 AM java.util.jar.Attributes read
WARNING: Duplicate name in Manifest: SHA-256-Digest.
Ensure that the manifest does not have duplicate entries, and
that blank lines separate individual sections in both your
manifest and in the META-INF/MANIFEST.MF entry in the jar file.
Aug 03, 2019 2:58:58 AM java.util.jar.Attributes read
WARNING: Duplicate name in Manifest: SHA-256-Digest.
Ensure that the manifest does not have duplicate entries, and
that blank lines separate individual sections in both your
manifest and in the META-INF/MANIFEST.MF entry in the jar file.
Aug 03, 2019 2:58:58 AM java.util.jar.Attributes read
WARNING: Duplicate name in Manifest: SHA-256-Digest.
Ensure that the manifest does not have duplicate entries, and
that blank lines separate individual sections in both your
manifest and in the META-INF/MANIFEST.MF entry in the jar file.
Aug 03, 2019 2:58:58 AM java.util.jar.Attributes read
WARNING: Duplicate name in Manifest: SHA-256-Digest.
Ensure that the manifest does not have duplicate entries, and
that blank lines separate individual sections in both your
manifest and in the META-INF/MANIFEST.MF entry in the jar file.
Aug 03, 2019 2:58:58 AM java.util.jar.Attributes read
WARNING: Duplicate name in Manifest: SHA-256-Digest.
Ensure that the manifest does not have duplicate entries, and
that blank lines separate individual sections in both your
manifest and in the META-INF/MANIFEST.MF entry in the jar file.
Aug 03, 2019 2:58:58 AM java.util.jar.Attributes read
WARNING: Duplicate name in Manifest: SHA-256-Digest.
Ensure that the manifest does not have duplicate entries, and
that blank lines separate individual sections in both your
manifest and in the META-INF/MANIFEST.MF entry in the jar file.
Aug 03, 2019 2:58:58 AM java.util.jar.Attributes read
WARNING: Duplicate name in Manifest: SHA-256-Digest.
Ensure that the manifest does not have duplicate entries, and
that blank lines separate individual sections in both your
manifest and in the META-INF/MANIFEST.MF entry in the jar file.
Aug 03, 2019 2:58:58 AM java.util.jar.Attributes read
WARNING: Duplicate name in Manifest: SHA-256-Digest.
Ensure that the manifest does not have duplicate entries, and
that blank lines separate individual sections in both your
manifest and in the META-INF/MANIFEST.MF entry in the jar file.
Aug 03, 2019 2:58:58 AM java.util.jar.Attributes read
WARNING: Duplicate name in Manifest: SHA-256-Digest.
Ensure that the manifest does not have duplicate entries, and
that blank lines separate individual sections in both your
manifest and in the META-INF/MANIFEST.MF entry in the jar file.
Aug 03, 2019 2:58:58 AM java.util.jar.Attributes read
WARNING: Duplicate name in Manifest: SHA-256-Digest.
Ensure that the manifest does not have duplicate entries, and
that blank lines separate individual sections in both your
manifest and in the META-INF/MANIFEST.MF entry in the jar file.
Aug 03, 2019 2:58:58 AM java.util.jar.Attributes read
WARNING: Duplicate name in Manifest: SHA-256-Digest.
Ensure that the manifest does not have duplicate entries, and
that blank lines separate individual sections in both your
manifest and in the META-INF/MANIFEST.MF entry in the jar file.
Aug 03, 2019 2:58:58 AM java.util.jar.Attributes read
WARNING: Duplicate name in Manifest: SHA-256-Digest.
Ensure that the manifest does not have duplicate entries, and
that blank lines separate individual sections in both your
manifest and in the META-INF/MANIFEST.MF entry in the jar file.
Aug 03, 2019 2:58:58 AM java.util.jar.Attributes read
WARNING: Duplicate name in Manifest: SHA-256-Digest.
Ensure that the manifest does not have duplicate entries, and
that blank lines separate individual sections in both your
manifest and in the META-INF/MANIFEST.MF entry in the jar file.
Aug 03, 2019 2:58:58 AM java.util.jar.Attributes read
WARNING: Duplicate name in Manifest: SHA-256-Digest.
Ensure that the manifest does not have duplicate entries, and
that blank lines separate individual sections in both your
manifest and in the META-INF/MANIFEST.MF entry in the jar file.
Aug 03, 2019 2:58:58 AM java.util.jar.Attributes read
WARNING: Duplicate name in Manifest: SHA-256-Digest.
Ensure that the manifest does not have duplicate entries, and
that blank lines separate individual sections in both your
manifest and in the META-INF/MANIFEST.MF entry in the jar file.
Aug 03, 2019 2:58:58 AM java.util.jar.Attributes read
WARNING: Duplicate name in Manifest: SHA-256-Digest.
Ensure that the manifest does not have duplicate entries, and
that blank lines separate individual sections in both your
manifest and in the META-INF/MANIFEST.MF entry in the jar file.
Aug 03, 2019 2:58:58 AM java.util.jar.Attributes read
WARNING: Duplicate name in Manifest: SHA-256-Digest.
Ensure that the manifest does not have duplicate entries, and
that blank lines separate individual sections in both your
manifest and in the META-INF/MANIFEST.MF entry in the jar file.
Aug 03, 2019 2:58:58 AM java.util.jar.Attributes read
WARNING: Duplicate name in Manifest: SHA-256-Digest.
Ensure that the manifest does not have duplicate entries, and
that blank lines separate individual sections in both your
manifest and in the META-INF/MANIFEST.MF entry in the jar file.
Aug 03, 2019 2:58:58 AM java.util.jar.Attributes read
WARNING: Duplicate name in Manifest: SHA-256-Digest.
Ensure that the manifest does not have duplicate entries, and
that blank lines separate individual sections in both your
manifest and in the META-INF/MANIFEST.MF entry in the jar file.
Aug 03, 2019 2:58:58 AM java.util.jar.Attributes read
WARNING: Duplicate name in Manifest: SHA-256-Digest.
Ensure that the manifest does not have duplicate entries, and
that blank lines separate individual sections in both your
manifest and in the META-INF/MANIFEST.MF entry in the jar file.
Aug 03, 2019 2:58:58 AM java.util.jar.Attributes read
WARNING: Duplicate name in Manifest: SHA-256-Digest.
Ensure that the manifest does not have duplicate entries, and
that blank lines separate individual sections in both your
manifest and in the META-INF/MANIFEST.MF entry in the jar file.
Aug 03, 2019 2:58:58 AM java.util.jar.Attributes read
WARNING: Duplicate name in Manifest: SHA-256-Digest.
Ensure that the manifest does not have duplicate entries, and
that blank lines separate individual sections in both your
manifest and in the META-INF/MANIFEST.MF entry in the jar file.
Aug 03, 2019 2:58:58 AM java.util.jar.Attributes read
WARNING: Duplicate name in Manifest: SHA-256-Digest.
Ensure that the manifest does not have duplicate entries, and
that blank lines separate individual sections in both your
manifest and in the META-INF/MANIFEST.MF entry in the jar file.
Aug 03, 2019 2:58:58 AM java.util.jar.Attributes read
WARNING: Duplicate name in Manifest: SHA-256-Digest.
Ensure that the manifest does not have duplicate entries, and
that blank lines separate individual sections in both your
manifest and in the META-INF/MANIFEST.MF entry in the jar file.
Aug 03, 2019 2:58:58 AM java.util.jar.Attributes read
WARNING: Duplicate name in Manifest: SHA-256-Digest.
Ensure that the manifest does not have duplicate entries, and
that blank lines separate individual sections in both your
manifest and in the META-INF/MANIFEST.MF entry in the jar file.
Aug 03, 2019 2:58:58 AM java.util.jar.Attributes read
WARNING: Duplicate name in Manifest: SHA-256-Digest.
Ensure that the manifest does not have duplicate entries, and
that blank lines separate individual sections in both your
manifest and in the META-INF/MANIFEST.MF entry in the jar file.
Aug 03, 2019 2:58:58 AM java.util.jar.Attributes read
WARNING: Duplicate name in Manifest: SHA-256-Digest.
Ensure that the manifest does not have duplicate entries, and
that blank lines separate individual sections in both your
manifest and in the META-INF/MANIFEST.MF entry in the jar file.
Aug 03, 2019 2:58:58 AM java.util.jar.Attributes read
WARNING: Duplicate name in Manifest: SHA-256-Digest.
Ensure that the manifest does not have duplicate entries, and
that blank lines separate individual sections in both your
manifest and in the META-INF/MANIFEST.MF entry in the jar file.
Aug 03, 2019 2:58:58 AM java.util.jar.Attributes read
WARNING: Duplicate name in Manifest: SHA-256-Digest.
Ensure that the manifest does not have duplicate entries, and
that blank lines separate individual sections in both your
manifest and in the META-INF/MANIFEST.MF entry in the jar file.
Aug 03, 2019 2:58:58 AM java.util.jar.Attributes read
WARNING: Duplicate name in Manifest: SHA-256-Digest.
Ensure that the manifest does not have duplicate entries, and
that blank lines separate individual sections in both your
manifest and in the META-INF/MANIFEST.MF entry in the jar file.
Aug 03, 2019 2:58:58 AM java.util.jar.Attributes read
WARNING: Duplicate name in Manifest: SHA-256-Digest.
Ensure that the manifest does not have duplicate entries, and
that blank lines separate individual sections in both your
manifest and in the META-INF/MANIFEST.MF entry in the jar file.
Aug 03, 2019 2:58:58 AM java.util.jar.Attributes read
WARNING: Duplicate name in Manifest: SHA-256-Digest.
Ensure that the manifest does not have duplicate entries, and
that blank lines separate individual sections in both your
manifest and in the META-INF/MANIFEST.MF entry in the jar file.
Aug 03, 2019 2:58:58 AM java.util.jar.Attributes read
WARNING: Duplicate name in Manifest: SHA-256-Digest.
Ensure that the manifest does not have duplicate entries, and
that blank lines separate individual sections in both your
manifest and in the META-INF/MANIFEST.MF entry in the jar file.
Aug 03, 2019 2:58:58 AM java.util.jar.Attributes read
WARNING: Duplicate name in Manifest: SHA-256-Digest.
Ensure that the manifest does not have duplicate entries, and
that blank lines separate individual sections in both your
manifest and in the META-INF/MANIFEST.MF entry in the jar file.
Aug 03, 2019 2:58:58 AM java.util.jar.Attributes read
WARNING: Duplicate name in Manifest: SHA-256-Digest.
Ensure that the manifest does not have duplicate entries, and
that blank lines separate individual sections in both your
manifest and in the META-INF/MANIFEST.MF entry in the jar file.
Aug 03, 2019 2:58:58 AM java.util.jar.Attributes read
WARNING: Duplicate name in Manifest: SHA-256-Digest.
Ensure that the manifest does not have duplicate entries, and
that blank lines separate individual sections in both your
manifest and in the META-INF/MANIFEST.MF entry in the jar file.
Aug 03, 2019 2:58:58 AM java.util.jar.Attributes read
WARNING: Duplicate name in Manifest: SHA-256-Digest.
Ensure that the manifest does not have duplicate entries, and
that blank lines separate individual sections in both your
manifest and in the META-INF/MANIFEST.MF entry in the jar file.
Aug 03, 2019 2:58:59 AM java.util.jar.Attributes read
WARNING: Duplicate name in Manifest: SHA-256-Digest.
Ensure that the manifest does not have duplicate entries, and
that blank lines separate individual sections in both your
manifest and in the META-INF/MANIFEST.MF entry in the jar file.
Aug 03, 2019 2:58:59 AM java.util.jar.Attributes read
WARNING: Duplicate name in Manifest: SHA-256-Digest.
Ensure that the manifest does not have duplicate entries, and
that blank lines separate individual sections in both your
manifest and in the META-INF/MANIFEST.MF entry in the jar file.
Aug 03, 2019 2:58:59 AM java.util.jar.Attributes read
WARNING: Duplicate name in Manifest: SHA-256-Digest.
Ensure that the manifest does not have duplicate entries, and
that blank lines separate individual sections in both your
manifest and in the META-INF/MANIFEST.MF entry in the jar file.
Aug 03, 2019 2:58:59 AM java.util.jar.Attributes read
WARNING: Duplicate name in Manifest: SHA-256-Digest.
Ensure that the manifest does not have duplicate entries, and
that blank lines separate individual sections in both your
manifest and in the META-INF/MANIFEST.MF entry in the jar file.
Aug 03, 2019 2:58:59 AM java.util.jar.Attributes read
WARNING: Duplicate name in Manifest: SHA-256-Digest.
Ensure that the manifest does not have duplicate entries, and
that blank lines separate individual sections in both your
manifest and in the META-INF/MANIFEST.MF entry in the jar file.
Aug 03, 2019 2:58:59 AM java.util.jar.Attributes read
WARNING: Duplicate name in Manifest: SHA-256-Digest.
Ensure that the manifest does not have duplicate entries, and
that blank lines separate individual sections in both your
manifest and in the META-INF/MANIFEST.MF entry in the jar file.
Aug 03, 2019 2:58:59 AM java.util.jar.Attributes read
WARNING: Duplicate name in Manifest: SHA-256-Digest.
Ensure that the manifest does not have duplicate entries, and
that blank lines separate individual sections in both your
manifest and in the META-INF/MANIFEST.MF entry in the jar file.
Aug 03, 2019 2:58:59 AM java.util.jar.Attributes read
WARNING: Duplicate name in Manifest: SHA-256-Digest.
Ensure that the manifest does not have duplicate entries, and
that blank lines separate individual sections in both your
manifest and in the META-INF/MANIFEST.MF entry in the jar file.
Aug 03, 2019 2:58:59 AM java.util.jar.Attributes read
WARNING: Duplicate name in Manifest: SHA-256-Digest.
Ensure that the manifest does not have duplicate entries, and
that blank lines separate individual sections in both your
manifest and in the META-INF/MANIFEST.MF entry in the jar file.
Aug 03, 2019 2:58:59 AM java.util.jar.Attributes read
WARNING: Duplicate name in Manifest: SHA-256-Digest.
Ensure that the manifest does not have duplicate entries, and
that blank lines separate individual sections in both your
manifest and in the META-INF/MANIFEST.MF entry in the jar file.
Aug 03, 2019 2:58:59 AM java.util.jar.Attributes read
WARNING: Duplicate name in Manifest: SHA-256-Digest.
Ensure that the manifest does not have duplicate entries, and
that blank lines separate individual sections in both your
manifest and in the META-INF/MANIFEST.MF entry in the jar file.
Aug 03, 2019 2:58:59 AM java.util.jar.Attributes read
WARNING: Duplicate name in Manifest: SHA-256-Digest.
Ensure that the manifest does not have duplicate entries, and
that blank lines separate individual sections in both your
manifest and in the META-INF/MANIFEST.MF entry in the jar file.
Aug 03, 2019 2:58:59 AM java.util.jar.Attributes read
WARNING: Duplicate name in Manifest: SHA-256-Digest.
Ensure that the manifest does not have duplicate entries, and
that blank lines separate individual sections in both your
manifest and in the META-INF/MANIFEST.MF entry in the jar file.
Aug 03, 2019 2:58:59 AM java.util.jar.Attributes read
WARNING: Duplicate name in Manifest: SHA-256-Digest.
Ensure that the manifest does not have duplicate entries, and
that blank lines separate individual sections in both your
manifest and in the META-INF/MANIFEST.MF entry in the jar file.
Aug 03, 2019 2:58:59 AM java.util.jar.Attributes read
WARNING: Duplicate name in Manifest: SHA-256-Digest.
Ensure that the manifest does not have duplicate entries, and
that blank lines separate individual sections in both your
manifest and in the META-INF/MANIFEST.MF entry in the jar file.
Aug 03, 2019 2:58:59 AM java.util.jar.Attributes read
WARNING: Duplicate name in Manifest: SHA-256-Digest.
Ensure that the manifest does not have duplicate entries, and
that blank lines separate individual sections in both your
manifest and in the META-INF/MANIFEST.MF entry in the jar file.
Aug 03, 2019 2:58:59 AM java.util.jar.Attributes read
WARNING: Duplicate name in Manifest: SHA-256-Digest.
Ensure that the manifest does not have duplicate entries, and
that blank lines separate individual sections in both your
manifest and in the META-INF/MANIFEST.MF entry in the jar file.
Aug 03, 2019 2:58:59 AM java.util.jar.Attributes read
WARNING: Duplicate name in Manifest: SHA-256-Digest.
Ensure that the manifest does not have duplicate entries, and
that blank lines separate individual sections in both your
manifest and in the META-INF/MANIFEST.MF entry in the jar file.
Aug 03, 2019 2:58:59 AM java.util.jar.Attributes read
WARNING: Duplicate name in Manifest: SHA-256-Digest.
Ensure that the manifest does not have duplicate entries, and
that blank lines separate individual sections in both your
manifest and in the META-INF/MANIFEST.MF entry in the jar file.
Aug 03, 2019 2:58:59 AM java.util.jar.Attributes read
WARNING: Duplicate name in Manifest: SHA-256-Digest.
Ensure that the manifest does not have duplicate entries, and
that blank lines separate individual sections in both your
manifest and in the META-INF/MANIFEST.MF entry in the jar file.
Aug 03, 2019 2:58:59 AM java.util.jar.Attributes read
WARNING: Duplicate name in Manifest: SHA-256-Digest.
Ensure that the manifest does not have duplicate entries, and
that blank lines separate individual sections in both your
manifest and in the META-INF/MANIFEST.MF entry in the jar file.
Aug 03, 2019 2:58:59 AM java.util.jar.Attributes read
WARNING: Duplicate name in Manifest: SHA-256-Digest.
Ensure that the manifest does not have duplicate entries, and
that blank lines separate individual sections in both your
manifest and in the META-INF/MANIFEST.MF entry in the jar file.
Aug 03, 2019 2:58:59 AM java.util.jar.Attributes read
WARNING: Duplicate name in Manifest: SHA-256-Digest.
Ensure that the manifest does not have duplicate entries, and
that blank lines separate individual sections in both your
manifest and in the META-INF/MANIFEST.MF entry in the jar file.
Aug 03, 2019 2:58:59 AM java.util.jar.Attributes read
WARNING: Duplicate name in Manifest: SHA-256-Digest.
Ensure that the manifest does not have duplicate entries, and
that blank lines separate individual sections in both your
manifest and in the META-INF/MANIFEST.MF entry in the jar file.
Aug 03, 2019 2:58:59 AM java.util.jar.Attributes read
WARNING: Duplicate name in Manifest: SHA-256-Digest.
Ensure that the manifest does not have duplicate entries, and
that blank lines separate individual sections in both your
manifest and in the META-INF/MANIFEST.MF entry in the jar file.
Aug 03, 2019 2:58:59 AM java.util.jar.Attributes read
WARNING: Duplicate name in Manifest: SHA-256-Digest.
Ensure that the manifest does not have duplicate entries, and
that blank lines separate individual sections in both your
manifest and in the META-INF/MANIFEST.MF entry in the jar file.
Aug 03, 2019 2:58:59 AM java.util.jar.Attributes read
WARNING: Duplicate name in Manifest: SHA-256-Digest.
Ensure that the manifest does not have duplicate entries, and
that blank lines separate individual sections in both your
manifest and in the META-INF/MANIFEST.MF entry in the jar file.
Aug 03, 2019 2:58:59 AM java.util.jar.Attributes read
WARNING: Duplicate name in Manifest: SHA-256-Digest.
Ensure that the manifest does not have duplicate entries, and
that blank lines separate individual sections in both your
manifest and in the META-INF/MANIFEST.MF entry in the jar file.
Aug 03, 2019 2:58:59 AM java.util.jar.Attributes read
WARNING: Duplicate name in Manifest: SHA-256-Digest.
Ensure that the manifest does not have duplicate entries, and
that blank lines separate individual sections in both your
manifest and in the META-INF/MANIFEST.MF entry in the jar file.
Aug 03, 2019 2:58:59 AM java.util.jar.Attributes read
WARNING: Duplicate name in Manifest: SHA-256-Digest.
Ensure that the manifest does not have duplicate entries, and
that blank lines separate individual sections in both your
manifest and in the META-INF/MANIFEST.MF entry in the jar file.
Aug 03, 2019 2:58:59 AM java.util.jar.Attributes read
WARNING: Duplicate name in Manifest: SHA-256-Digest.
Ensure that the manifest does not have duplicate entries, and
that blank lines separate individual sections in both your
manifest and in the META-INF/MANIFEST.MF entry in the jar file.
Aug 03, 2019 2:58:59 AM java.util.jar.Attributes read
WARNING: Duplicate name in Manifest: SHA-256-Digest.
Ensure that the manifest does not have duplicate entries, and
that blank lines separate individual sections in both your
manifest and in the META-INF/MANIFEST.MF entry in the jar file.
Aug 03, 2019 2:58:59 AM java.util.jar.Attributes read
WARNING: Duplicate name in Manifest: SHA-256-Digest.
Ensure that the manifest does not have duplicate entries, and
that blank lines separate individual sections in both your
manifest and in the META-INF/MANIFEST.MF entry in the jar file.
Aug 03, 2019 2:58:59 AM java.util.jar.Attributes read
WARNING: Duplicate name in Manifest: SHA-256-Digest.
Ensure that the manifest does not have duplicate entries, and
that blank lines separate individual sections in both your
manifest and in the META-INF/MANIFEST.MF entry in the jar file.
Aug 03, 2019 2:58:59 AM java.util.jar.Attributes read
WARNING: Duplicate name in Manifest: SHA-256-Digest.
Ensure that the manifest does not have duplicate entries, and
that blank lines separate individual sections in both your
manifest and in the META-INF/MANIFEST.MF entry in the jar file.
Aug 03, 2019 2:58:59 AM java.util.jar.Attributes read
WARNING: Duplicate name in Manifest: SHA-256-Digest.
Ensure that the manifest does not have duplicate entries, and
that blank lines separate individual sections in both your
manifest and in the META-INF/MANIFEST.MF entry in the jar file.
Aug 03, 2019 2:58:59 AM java.util.jar.Attributes read
WARNING: Duplicate name in Manifest: SHA-256-Digest.
Ensure that the manifest does not have duplicate entries, and
that blank lines separate individual sections in both your
manifest and in the META-INF/MANIFEST.MF entry in the jar file.
Aug 03, 2019 2:58:59 AM java.util.jar.Attributes read
WARNING: Duplicate name in Manifest: SHA-256-Digest.
Ensure that the manifest does not have duplicate entries, and
that blank lines separate individual sections in both your
manifest and in the META-INF/MANIFEST.MF entry in the jar file.
Aug 03, 2019 2:58:59 AM java.util.jar.Attributes read
WARNING: Duplicate name in Manifest: SHA-256-Digest.
Ensure that the manifest does not have duplicate entries, and
that blank lines separate individual sections in both your
manifest and in the META-INF/MANIFEST.MF entry in the jar file.
Aug 03, 2019 2:58:59 AM java.util.jar.Attributes read
WARNING: Duplicate name in Manifest: SHA-256-Digest.
Ensure that the manifest does not have duplicate entries, and
that blank lines separate individual sections in both your
manifest and in the META-INF/MANIFEST.MF entry in the jar file.
Aug 03, 2019 2:58:59 AM java.util.jar.Attributes read
WARNING: Duplicate name in Manifest: SHA-256-Digest.
Ensure that the manifest does not have duplicate entries, and
that blank lines separate individual sections in both your
manifest and in the META-INF/MANIFEST.MF entry in the jar file.
Aug 03, 2019 2:58:59 AM java.util.jar.Attributes read
WARNING: Duplicate name in Manifest: SHA-256-Digest.
Ensure that the manifest does not have duplicate entries, and
that blank lines separate individual sections in both your
manifest and in the META-INF/MANIFEST.MF entry in the jar file.
Aug 03, 2019 2:58:59 AM java.util.jar.Attributes read
WARNING: Duplicate name in Manifest: SHA-256-Digest.
Ensure that the manifest does not have duplicate entries, and
that blank lines separate individual sections in both your
manifest and in the META-INF/MANIFEST.MF entry in the jar file.
Aug 03, 2019 2:58:59 AM java.util.jar.Attributes read
WARNING: Duplicate name in Manifest: SHA-256-Digest.
Ensure that the manifest does not have duplicate entries, and
that blank lines separate individual sections in both your
manifest and in the META-INF/MANIFEST.MF entry in the jar file.
Aug 03, 2019 2:58:59 AM java.util.jar.Attributes read
WARNING: Duplicate name in Manifest: SHA-256-Digest.
Ensure that the manifest does not have duplicate entries, and
that blank lines separate individual sections in both your
manifest and in the META-INF/MANIFEST.MF entry in the jar file.
Aug 03, 2019 2:58:59 AM java.util.jar.Attributes read
WARNING: Duplicate name in Manifest: SHA-256-Digest.
Ensure that the manifest does not have duplicate entries, and
that blank lines separate individual sections in both your
manifest and in the META-INF/MANIFEST.MF entry in the jar file.
Aug 03, 2019 2:58:59 AM java.util.jar.Attributes read
WARNING: Duplicate name in Manifest: SHA-256-Digest.
Ensure that the manifest does not have duplicate entries, and
that blank lines separate individual sections in both your
manifest and in the META-INF/MANIFEST.MF entry in the jar file.
Aug 03, 2019 2:58:59 AM java.util.jar.Attributes read
WARNING: Duplicate name in Manifest: SHA-256-Digest.
Ensure that the manifest does not have duplicate entries, and
that blank lines separate individual sections in both your
manifest and in the META-INF/MANIFEST.MF entry in the jar file.
Aug 03, 2019 2:58:59 AM java.util.jar.Attributes read
WARNING: Duplicate name in Manifest: SHA-256-Digest.
Ensure that the manifest does not have duplicate entries, and
that blank lines separate individual sections in both your
manifest and in the META-INF/MANIFEST.MF entry in the jar file.
Aug 03, 2019 2:58:59 AM java.util.jar.Attributes read
WARNING: Duplicate name in Manifest: SHA-256-Digest.
Ensure that the manifest does not have duplicate entries, and
that blank lines separate individual sections in both your
manifest and in the META-INF/MANIFEST.MF entry in the jar file.
Aug 03, 2019 2:58:59 AM java.util.jar.Attributes read
WARNING: Duplicate name in Manifest: SHA-256-Digest.
Ensure that the manifest does not have duplicate entries, and
that blank lines separate individual sections in both your
manifest and in the META-INF/MANIFEST.MF entry in the jar file.
Aug 03, 2019 2:58:59 AM java.util.jar.Attributes read
WARNING: Duplicate name in Manifest: SHA-256-Digest.
Ensure that the manifest does not have duplicate entries, and
that blank lines separate individual sections in both your
manifest and in the META-INF/MANIFEST.MF entry in the jar file.
Aug 03, 2019 2:58:59 AM java.util.jar.Attributes read
WARNING: Duplicate name in Manifest: SHA-256-Digest.
Ensure that the manifest does not have duplicate entries, and
that blank lines separate individual sections in both your
manifest and in the META-INF/MANIFEST.MF entry in the jar file.
Aug 03, 2019 2:58:59 AM java.util.jar.Attributes read
WARNING: Duplicate name in Manifest: SHA-256-Digest.
Ensure that the manifest does not have duplicate entries, and
that blank lines separate individual sections in both your
manifest and in the META-INF/MANIFEST.MF entry in the jar file.
Aug 03, 2019 2:58:59 AM java.util.jar.Attributes read
WARNING: Duplicate name in Manifest: SHA-256-Digest.
Ensure that the manifest does not have duplicate entries, and
that blank lines separate individual sections in both your
manifest and in the META-INF/MANIFEST.MF entry in the jar file.
Aug 03, 2019 2:58:59 AM java.util.jar.Attributes read
WARNING: Duplicate name in Manifest: SHA-256-Digest.
Ensure that the manifest does not have duplicate entries, and
that blank lines separate individual sections in both your
manifest and in the META-INF/MANIFEST.MF entry in the jar file.
Aug 03, 2019 2:58:59 AM java.util.jar.Attributes read
WARNING: Duplicate name in Manifest: SHA-256-Digest.
Ensure that the manifest does not have duplicate entries, and
that blank lines separate individual sections in both your
manifest and in the META-INF/MANIFEST.MF entry in the jar file.
Aug 03, 2019 2:58:59 AM java.util.jar.Attributes read
WARNING: Duplicate name in Manifest: SHA-256-Digest.
Ensure that the manifest does not have duplicate entries, and
that blank lines separate individual sections in both your
manifest and in the META-INF/MANIFEST.MF entry in the jar file.
Aug 03, 2019 2:58:59 AM java.util.jar.Attributes read
WARNING: Duplicate name in Manifest: SHA-256-Digest.
Ensure that the manifest does not have duplicate entries, and
that blank lines separate individual sections in both your
manifest and in the META-INF/MANIFEST.MF entry in the jar file.
Aug 03, 2019 2:58:59 AM java.util.jar.Attributes read
WARNING: Duplicate name in Manifest: SHA-256-Digest.
Ensure that the manifest does not have duplicate entries, and
that blank lines separate individual sections in both your
manifest and in the META-INF/MANIFEST.MF entry in the jar file.
Aug 03, 2019 2:58:59 AM java.util.jar.Attributes read
WARNING: Duplicate name in Manifest: SHA-256-Digest.
Ensure that the manifest does not have duplicate entries, and
that blank lines separate individual sections in both your
manifest and in the META-INF/MANIFEST.MF entry in the jar file.
Aug 03, 2019 2:58:59 AM java.util.jar.Attributes read
WARNING: Duplicate name in Manifest: SHA-256-Digest.
Ensure that the manifest does not have duplicate entries, and
that blank lines separate individual sections in both your
manifest and in the META-INF/MANIFEST.MF entry in the jar file.
Aug 03, 2019 2:58:59 AM java.util.jar.Attributes read
WARNING: Duplicate name in Manifest: SHA-256-Digest.
Ensure that the manifest does not have duplicate entries, and
that blank lines separate individual sections in both your
manifest and in the META-INF/MANIFEST.MF entry in the jar file.
Aug 03, 2019 2:58:59 AM java.util.jar.Attributes read
WARNING: Duplicate name in Manifest: SHA-256-Digest.
Ensure that the manifest does not have duplicate entries, and
that blank lines separate individual sections in both your
manifest and in the META-INF/MANIFEST.MF entry in the jar file.
Aug 03, 2019 2:58:59 AM java.util.jar.Attributes read
WARNING: Duplicate name in Manifest: SHA-256-Digest.
Ensure that the manifest does not have duplicate entries, and
that blank lines separate individual sections in both your
manifest and in the META-INF/MANIFEST.MF entry in the jar file.
Aug 03, 2019 2:58:59 AM java.util.jar.Attributes read
WARNING: Duplicate name in Manifest: SHA-256-Digest.
Ensure that the manifest does not have duplicate entries, and
that blank lines separate individual sections in both your
manifest and in the META-INF/MANIFEST.MF entry in the jar file.
Aug 03, 2019 2:58:59 AM java.util.jar.Attributes read
WARNING: Duplicate name in Manifest: SHA-256-Digest.
Ensure that the manifest does not have duplicate entries, and
that blank lines separate individual sections in both your
manifest and in the META-INF/MANIFEST.MF entry in the jar file.
Aug 03, 2019 2:58:59 AM java.util.jar.Attributes read
WARNING: Duplicate name in Manifest: SHA-256-Digest.
Ensure that the manifest does not have duplicate entries, and
that blank lines separate individual sections in both your
manifest and in the META-INF/MANIFEST.MF entry in the jar file.
Aug 03, 2019 2:58:59 AM java.util.jar.Attributes read
WARNING: Duplicate name in Manifest: SHA-256-Digest.
Ensure that the manifest does not have duplicate entries, and
that blank lines separate individual sections in both your
manifest and in the META-INF/MANIFEST.MF entry in the jar file.
Aug 03, 2019 2:58:59 AM java.util.jar.Attributes read
WARNING: Duplicate name in Manifest: SHA-256-Digest.
Ensure that the manifest does not have duplicate entries, and
that blank lines separate individual sections in both your
manifest and in the META-INF/MANIFEST.MF entry in the jar file.
Aug 03, 2019 2:58:59 AM java.util.jar.Attributes read
WARNING: Duplicate name in Manifest: SHA-256-Digest.
Ensure that the manifest does not have duplicate entries, and
that blank lines separate individual sections in both your
manifest and in the META-INF/MANIFEST.MF entry in the jar file.
Aug 03, 2019 2:58:59 AM java.util.jar.Attributes read
WARNING: Duplicate name in Manifest: SHA-256-Digest.
Ensure that the manifest does not have duplicate entries, and
that blank lines separate individual sections in both your
manifest and in the META-INF/MANIFEST.MF entry in the jar file.
Aug 03, 2019 2:58:59 AM java.util.jar.Attributes read
WARNING: Duplicate name in Manifest: SHA-256-Digest.
Ensure that the manifest does not have duplicate entries, and
that blank lines separate individual sections in both your
manifest and in the META-INF/MANIFEST.MF entry in the jar file.
Aug 03, 2019 2:58:59 AM java.util.jar.Attributes read
WARNING: Duplicate name in Manifest: SHA-256-Digest.
Ensure that the manifest does not have duplicate entries, and
that blank lines separate individual sections in both your
manifest and in the META-INF/MANIFEST.MF entry in the jar file.
Aug 03, 2019 2:58:59 AM java.util.jar.Attributes read
WARNING: Duplicate name in Manifest: SHA-256-Digest.
Ensure that the manifest does not have duplicate entries, and
that blank lines separate individual sections in both your
manifest and in the META-INF/MANIFEST.MF entry in the jar file.
Aug 03, 2019 2:58:59 AM java.util.jar.Attributes read
WARNING: Duplicate name in Manifest: SHA-256-Digest.
Ensure that the manifest does not have duplicate entries, and
that blank lines separate individual sections in both your
manifest and in the META-INF/MANIFEST.MF entry in the jar file.
Aug 03, 2019 2:58:59 AM java.util.jar.Attributes read
WARNING: Duplicate name in Manifest: SHA-256-Digest.
Ensure that the manifest does not have duplicate entries, and
that blank lines separate individual sections in both your
manifest and in the META-INF/MANIFEST.MF entry in the jar file.
Aug 03, 2019 2:58:59 AM java.util.jar.Attributes read
WARNING: Duplicate name in Manifest: SHA-256-Digest.
Ensure that the manifest does not have duplicate entries, and
that blank lines separate individual sections in both your
manifest and in the META-INF/MANIFEST.MF entry in the jar file.
Aug 03, 2019 2:58:59 AM java.util.jar.Attributes read
WARNING: Duplicate name in Manifest: SHA-256-Digest.
Ensure that the manifest does not have duplicate entries, and
that blank lines separate individual sections in both your
manifest and in the META-INF/MANIFEST.MF entry in the jar file.
Aug 03, 2019 2:58:59 AM java.util.jar.Attributes read
WARNING: Duplicate name in Manifest: SHA-256-Digest.
Ensure that the manifest does not have duplicate entries, and
that blank lines separate individual sections in both your
manifest and in the META-INF/MANIFEST.MF entry in the jar file.
Aug 03, 2019 2:58:59 AM java.util.jar.Attributes read
WARNING: Duplicate name in Manifest: SHA-256-Digest.
Ensure that the manifest does not have duplicate entries, and
that blank lines separate individual sections in both your
manifest and in the META-INF/MANIFEST.MF entry in the jar file.
Aug 03, 2019 2:58:59 AM java.util.jar.Attributes read
WARNING: Duplicate name in Manifest: SHA-256-Digest.
Ensure that the manifest does not have duplicate entries, and
that blank lines separate individual sections in both your
manifest and in the META-INF/MANIFEST.MF entry in the jar file.
Aug 03, 2019 2:58:59 AM java.util.jar.Attributes read
WARNING: Duplicate name in Manifest: SHA-256-Digest.
Ensure that the manifest does not have duplicate entries, and
that blank lines separate individual sections in both your
manifest and in the META-INF/MANIFEST.MF entry in the jar file.
Aug 03, 2019 2:58:59 AM java.util.jar.Attributes read
WARNING: Duplicate name in Manifest: SHA-256-Digest.
Ensure that the manifest does not have duplicate entries, and
that blank lines separate individual sections in both your
manifest and in the META-INF/MANIFEST.MF entry in the jar file.
Aug 03, 2019 2:58:59 AM java.util.jar.Attributes read
WARNING: Duplicate name in Manifest: SHA-256-Digest.
Ensure that the manifest does not have duplicate entries, and
that blank lines separate individual sections in both your
manifest and in the META-INF/MANIFEST.MF entry in the jar file.
Aug 03, 2019 2:58:59 AM java.util.jar.Attributes read
WARNING: Duplicate name in Manifest: SHA-256-Digest.
Ensure that the manifest does not have duplicate entries, and
that blank lines separate individual sections in both your
manifest and in the META-INF/MANIFEST.MF entry in the jar file.
Aug 03, 2019 2:58:59 AM java.util.jar.Attributes read
WARNING: Duplicate name in Manifest: SHA-256-Digest.
Ensure that the manifest does not have duplicate entries, and
that blank lines separate individual sections in both your
manifest and in the META-INF/MANIFEST.MF entry in the jar file.
Aug 03, 2019 2:58:59 AM java.util.jar.Attributes read
WARNING: Duplicate name in Manifest: SHA-256-Digest.
Ensure that the manifest does not have duplicate entries, and
that blank lines separate individual sections in both your
manifest and in the META-INF/MANIFEST.MF entry in the jar file.
Aug 03, 2019 2:58:59 AM java.util.jar.Attributes read
WARNING: Duplicate name in Manifest: SHA-256-Digest.
Ensure that the manifest does not have duplicate entries, and
that blank lines separate individual sections in both your
manifest and in the META-INF/MANIFEST.MF entry in the jar file.
Aug 03, 2019 2:58:59 AM java.util.jar.Attributes read
WARNING: Duplicate name in Manifest: SHA-256-Digest.
Ensure that the manifest does not have duplicate entries, and
that blank lines separate individual sections in both your
manifest and in the META-INF/MANIFEST.MF entry in the jar file.
Aug 03, 2019 2:58:59 AM java.util.jar.Attributes read
WARNING: Duplicate name in Manifest: SHA-256-Digest.
Ensure that the manifest does not have duplicate entries, and
that blank lines separate individual sections in both your
manifest and in the META-INF/MANIFEST.MF entry in the jar file.
Aug 03, 2019 2:58:59 AM java.util.jar.Attributes read
WARNING: Duplicate name in Manifest: SHA-256-Digest.
Ensure that the manifest does not have duplicate entries, and
that blank lines separate individual sections in both your
manifest and in the META-INF/MANIFEST.MF entry in the jar file.
Aug 03, 2019 2:58:59 AM java.util.jar.Attributes read
WARNING: Duplicate name in Manifest: SHA-256-Digest.
Ensure that the manifest does not have duplicate entries, and
that blank lines separate individual sections in both your
manifest and in the META-INF/MANIFEST.MF entry in the jar file.
Aug 03, 2019 2:58:59 AM java.util.jar.Attributes read
WARNING: Duplicate name in Manifest: SHA-256-Digest.
Ensure that the manifest does not have duplicate entries, and
that blank lines separate individual sections in both your
manifest and in the META-INF/MANIFEST.MF entry in the jar file.
Aug 03, 2019 2:58:59 AM java.util.jar.Attributes read
WARNING: Duplicate name in Manifest: SHA-256-Digest.
Ensure that the manifest does not have duplicate entries, and
that blank lines separate individual sections in both your
manifest and in the META-INF/MANIFEST.MF entry in the jar file.
Aug 03, 2019 2:58:59 AM java.util.jar.Attributes read
WARNING: Duplicate name in Manifest: SHA-256-Digest.
Ensure that the manifest does not have duplicate entries, and
that blank lines separate individual sections in both your
manifest and in the META-INF/MANIFEST.MF entry in the jar file.
Aug 03, 2019 2:58:59 AM java.util.jar.Attributes read
WARNING: Duplicate name in Manifest: SHA-256-Digest.
Ensure that the manifest does not have duplicate entries, and
that blank lines separate individual sections in both your
manifest and in the META-INF/MANIFEST.MF entry in the jar file.
Aug 03, 2019 2:58:59 AM java.util.jar.Attributes read
WARNING: Duplicate name in Manifest: SHA-256-Digest.
Ensure that the manifest does not have duplicate entries, and
that blank lines separate individual sections in both your
manifest and in the META-INF/MANIFEST.MF entry in the jar file.
Aug 03, 2019 2:58:59 AM java.util.jar.Attributes read
WARNING: Duplicate name in Manifest: SHA-256-Digest.
Ensure that the manifest does not have duplicate entries, and
that blank lines separate individual sections in both your
manifest and in the META-INF/MANIFEST.MF entry in the jar file.
Aug 03, 2019 2:58:59 AM java.util.jar.Attributes read
WARNING: Duplicate name in Manifest: SHA-256-Digest.
Ensure that the manifest does not have duplicate entries, and
that blank lines separate individual sections in both your
manifest and in the META-INF/MANIFEST.MF entry in the jar file.
Aug 03, 2019 2:58:59 AM java.util.jar.Attributes read
WARNING: Duplicate name in Manifest: SHA-256-Digest.
Ensure that the manifest does not have duplicate entries, and
that blank lines separate individual sections in both your
manifest and in the META-INF/MANIFEST.MF entry in the jar file.
Aug 03, 2019 2:58:59 AM java.util.jar.Attributes read
WARNING: Duplicate name in Manifest: SHA-256-Digest.
Ensure that the manifest does not have duplicate entries, and
that blank lines separate individual sections in both your
manifest and in the META-INF/MANIFEST.MF entry in the jar file.
Aug 03, 2019 2:58:59 AM java.util.jar.Attributes read
WARNING: Duplicate name in Manifest: SHA-256-Digest.
Ensure that the manifest does not have duplicate entries, and
that blank lines separate individual sections in both your
manifest and in the META-INF/MANIFEST.MF entry in the jar file.
Aug 03, 2019 2:58:59 AM java.util.jar.Attributes read
WARNING: Duplicate name in Manifest: SHA-256-Digest.
Ensure that the manifest does not have duplicate entries, and
that blank lines separate individual sections in both your
manifest and in the META-INF/MANIFEST.MF entry in the jar file.
Aug 03, 2019 2:58:59 AM java.util.jar.Attributes read
WARNING: Duplicate name in Manifest: SHA-256-Digest.
Ensure that the manifest does not have duplicate entries, and
that blank lines separate individual sections in both your
manifest and in the META-INF/MANIFEST.MF entry in the jar file.
Aug 03, 2019 2:58:59 AM java.util.jar.Attributes read
WARNING: Duplicate name in Manifest: SHA-256-Digest.
Ensure that the manifest does not have duplicate entries, and
that blank lines separate individual sections in both your
manifest and in the META-INF/MANIFEST.MF entry in the jar file.
Aug 03, 2019 2:58:59 AM java.util.jar.Attributes read
WARNING: Duplicate name in Manifest: SHA-256-Digest.
Ensure that the manifest does not have duplicate entries, and
that blank lines separate individual sections in both your
manifest and in the META-INF/MANIFEST.MF entry in the jar file.
Aug 03, 2019 2:58:59 AM java.util.jar.Attributes read
WARNING: Duplicate name in Manifest: SHA-256-Digest.
Ensure that the manifest does not have duplicate entries, and
that blank lines separate individual sections in both your
manifest and in the META-INF/MANIFEST.MF entry in the jar file.
Aug 03, 2019 2:58:59 AM java.util.jar.Attributes read
WARNING: Duplicate name in Manifest: SHA-256-Digest.
Ensure that the manifest does not have duplicate entries, and
that blank lines separate individual sections in both your
manifest and in the META-INF/MANIFEST.MF entry in the jar file.
Aug 03, 2019 2:58:59 AM java.util.jar.Attributes read
WARNING: Duplicate name in Manifest: SHA-256-Digest.
Ensure that the manifest does not have duplicate entries, and
that blank lines separate individual sections in both your
manifest and in the META-INF/MANIFEST.MF entry in the jar file.
Aug 03, 2019 2:58:59 AM java.util.jar.Attributes read
WARNING: Duplicate name in Manifest: SHA-256-Digest.
Ensure that the manifest does not have duplicate entries, and
that blank lines separate individual sections in both your
manifest and in the META-INF/MANIFEST.MF entry in the jar file.
Aug 03, 2019 2:58:59 AM java.util.jar.Attributes read
WARNING: Duplicate name in Manifest: SHA-256-Digest.
Ensure that the manifest does not have duplicate entries, and
that blank lines separate individual sections in both your
manifest and in the META-INF/MANIFEST.MF entry in the jar file.
Aug 03, 2019 2:58:59 AM java.util.jar.Attributes read
WARNING: Duplicate name in Manifest: SHA-256-Digest.
Ensure that the manifest does not have duplicate entries, and
that blank lines separate individual sections in both your
manifest and in the META-INF/MANIFEST.MF entry in the jar file.
Aug 03, 2019 2:58:59 AM java.util.jar.Attributes read
WARNING: Duplicate name in Manifest: SHA-256-Digest.
Ensure that the manifest does not have duplicate entries, and
that blank lines separate individual sections in both your
manifest and in the META-INF/MANIFEST.MF entry in the jar file.
Aug 03, 2019 2:58:59 AM java.util.jar.Attributes read
WARNING: Duplicate name in Manifest: SHA-256-Digest.
Ensure that the manifest does not have duplicate entries, and
that blank lines separate individual sections in both your
manifest and in the META-INF/MANIFEST.MF entry in the jar file.
Aug 03, 2019 2:58:59 AM java.util.jar.Attributes read
WARNING: Duplicate name in Manifest: SHA-256-Digest.
Ensure that the manifest does not have duplicate entries, and
that blank lines separate individual sections in both your
manifest and in the META-INF/MANIFEST.MF entry in the jar file.
Aug 03, 2019 2:58:59 AM java.util.jar.Attributes read
WARNING: Duplicate name in Manifest: SHA-256-Digest.
Ensure that the manifest does not have duplicate entries, and
that blank lines separate individual sections in both your
manifest and in the META-INF/MANIFEST.MF entry in the jar file.
Aug 03, 2019 2:58:59 AM java.util.jar.Attributes read
WARNING: Duplicate name in Manifest: SHA-256-Digest.
Ensure that the manifest does not have duplicate entries, and
that blank lines separate individual sections in both your
manifest and in the META-INF/MANIFEST.MF entry in the jar file.
Aug 03, 2019 2:58:59 AM java.util.jar.Attributes read
WARNING: Duplicate name in Manifest: SHA-256-Digest.
Ensure that the manifest does not have duplicate entries, and
that blank lines separate individual sections in both your
manifest and in the META-INF/MANIFEST.MF entry in the jar file.
Aug 03, 2019 2:58:59 AM java.util.jar.Attributes read
WARNING: Duplicate name in Manifest: SHA-256-Digest.
Ensure that the manifest does not have duplicate entries, and
that blank lines separate individual sections in both your
manifest and in the META-INF/MANIFEST.MF entry in the jar file.
Aug 03, 2019 2:58:59 AM java.util.jar.Attributes read
WARNING: Duplicate name in Manifest: SHA-256-Digest.
Ensure that the manifest does not have duplicate entries, and
that blank lines separate individual sections in both your
manifest and in the META-INF/MANIFEST.MF entry in the jar file.
Aug 03, 2019 2:58:59 AM java.util.jar.Attributes read
WARNING: Duplicate name in Manifest: SHA-256-Digest.
Ensure that the manifest does not have duplicate entries, and
that blank lines separate individual sections in both your
manifest and in the META-INF/MANIFEST.MF entry in the jar file.
[INFO ] fr.inria.astor.core.setup.ProjectConfiguration.getVersionJDK(ProjectConfiguration.java:282) - Version of the JVM used: 1.7.0_80
[INFO ] fr.inria.main.AbstractMain.processArguments(AbstractMain.java:388) - Java version of the JDK used to run tests: 1.7.0_80
[INFO ] fr.inria.main.AbstractMain.processArguments(AbstractMain.java:389) - The compliance of the JVM is:  7
[INFO ] fr.inria.main.AbstractMain.processArguments(AbstractMain.java:667) - command line arguments: [-mode  jMutRepair  -benchmark  Defects4J  -location  .  -id  Math-82  -failing  org.apache.commons.math.optimization.linear.SimplexSolverTest  -jvm4testexecution  /data/tool/jdk1.7.0_80/bin  -jvm4evosuitetestexecution  /data/tool/jdk1.7.0_80/bin  -maxgen  1000000  -maxtime  120  -stopfirst  true  -seed  0  -scope  local  -population  1  -javacompliancelevel  5  -srcjavafolder  src/main/java/  -srctestfolder  src/test/java/  -binjavafolder  target/classes/  -bintestfolder  target/test-classes/  -parameters  x:x  -dependencies  /tmp/jMutRepair_Defects4J_Math_82/target/classes/:/tmp/jMutRepair_Defects4J_Math_82/target/test-classes/:/data/RepairThemAll/script/../benchmarks/defects4j/framework/projects/lib/junit-4.11.jar]
[INFO ] fr.inria.main.evolution.AstorMain.execute(AstorMain.java:287) - Running Astor on a JDK at /data/tool/jdk1.8.0_71/jre
[INFO ] fr.inria.main.AbstractMain.determineSourceFolders(AbstractMain.java:967) - Source folders: [/tmp/jMutRepair_Defects4J_Math_82/./src/main/java]
[INFO ] fr.inria.main.AbstractMain.determineSourceFolders(AbstractMain.java:986) - Source Test folders: [/tmp/jMutRepair_Defects4J_Math_82/./src/test/java]
[INFO ] fr.inria.main.evolution.AstorMain.createEngine(AstorMain.java:187) - [Candidate [className=org.apache.commons.math.optimization.linear.SimplexSolver, methodName=null, lineNumber=82, susp=1.0]]
[INFO ] fr.inria.astor.core.solutionsearch.AstorCoreEngine.initPopulation(AstorCoreEngine.java:707) - 
---- Creating spoon model
[INFO ] fr.inria.astor.core.solutionsearch.AstorCoreEngine.initModel(AstorCoreEngine.java:806) - Creating model,  Code location from working folder: /tmp/jMutRepair_Defects4J_Math_82/./src/main/java
[INFO ] fr.inria.astor.core.manipulation.MutationSupporter.buildModel(MutationSupporter.java:66) - building model: /tmp/jMutRepair_Defects4J_Math_82/./src/main/java, compliance level: 5
[INFO ] fr.inria.astor.core.manipulation.MutationSupporter.buildModel(MutationSupporter.java:79) - Classpath (Dependencies) for building SpoonModel: [/tmp/jMutRepair_Defects4J_Math_82/target/classes/, /tmp/jMutRepair_Defects4J_Math_82/target/test-classes/, /data/RepairThemAll/script/../benchmarks/defects4j/framework/projects/lib/junit-4.11.jar]
[INFO ] fr.inria.astor.core.solutionsearch.AstorCoreEngine.initPopulation(AstorCoreEngine.java:711) - 
---- Initial suspicious size: 1
[INFO ] fr.inria.astor.core.solutionsearch.population.ProgramVariantFactory.createProgramInstance(ProgramVariantFactory.java:127) - Total suspicious from FL: 1,  1
[INFO ] fr.inria.astor.core.solutionsearch.population.ProgramVariantFactory.createProgramInstance(ProgramVariantFactory.java:136) - Total ModPoint created: 1
[INFO ] fr.inria.astor.core.solutionsearch.population.ProgramVariantFactory.createInitialPopulation(ProgramVariantFactory.java:82) - Creating program variant #1, [Variant id: 1, #gens: 1, #ops: 0, parent:-]
[INFO ] fr.inria.astor.core.setup.ConfigurationProperties.print(ConfigurationProperties.java:66) - ----------------------------
[INFO ] fr.inria.astor.core.setup.ConfigurationProperties.print(ConfigurationProperties.java:67) - ---Configuration properties:---Execution values
[INFO ] fr.inria.astor.core.setup.ConfigurationProperties.print(ConfigurationProperties.java:69) - p:benchmark= Defects4J
[INFO ] fr.inria.astor.core.setup.ConfigurationProperties.print(ConfigurationProperties.java:69) - p:lastJUnitVersion= ./examples/libs/junit-4.11.jar
[INFO ] fr.inria.astor.core.setup.ConfigurationProperties.print(ConfigurationProperties.java:69) - p:alternativecompliancelevel= 4
[INFO ] fr.inria.astor.core.setup.ConfigurationProperties.print(ConfigurationProperties.java:69) - p:ignoredTestCases= 
[INFO ] fr.inria.astor.core.setup.ConfigurationProperties.print(ConfigurationProperties.java:69) - p:workingDirectory= /tmp/jMutRepair_Defects4J_Math_82/./output_astor
[INFO ] fr.inria.astor.core.setup.ConfigurationProperties.print(ConfigurationProperties.java:69) - p:manipulatesuper= false
[INFO ] fr.inria.astor.core.setup.ConfigurationProperties.print(ConfigurationProperties.java:69) - p:validation= process
[INFO ] fr.inria.astor.core.setup.ConfigurationProperties.print(ConfigurationProperties.java:69) - p:jvm4testexecution= /data/tool/jdk1.7.0_80/bin
[INFO ] fr.inria.astor.core.setup.ConfigurationProperties.print(ConfigurationProperties.java:69) - p:operatorspace= mutationspace
[INFO ] fr.inria.astor.core.setup.ConfigurationProperties.print(ConfigurationProperties.java:69) - p:disablelog= false
[INFO ] fr.inria.astor.core.setup.ConfigurationProperties.print(ConfigurationProperties.java:69) - p:binjavafolder= target/classes/
[INFO ] fr.inria.astor.core.setup.ConfigurationProperties.print(ConfigurationProperties.java:69) - p:synthesis_depth= 3
[INFO ] fr.inria.astor.core.setup.ConfigurationProperties.print(ConfigurationProperties.java:69) - p:gzoltartestpackagetoexclude= junit.framework
[INFO ] fr.inria.astor.core.setup.ConfigurationProperties.print(ConfigurationProperties.java:69) - p:skipfitnessinitialpopulation= false
[INFO ] fr.inria.astor.core.setup.ConfigurationProperties.print(ConfigurationProperties.java:69) - p:evosuiteresultfolder= evosuite
[INFO ] fr.inria.astor.core.setup.ConfigurationProperties.print(ConfigurationProperties.java:69) - p:flthreshold= 0.1
[INFO ] fr.inria.astor.core.setup.ConfigurationProperties.print(ConfigurationProperties.java:69) - p:regressionforfaultlocalization= true
[INFO ] fr.inria.astor.core.setup.ConfigurationProperties.print(ConfigurationProperties.java:69) - p:collectonlyusedmethod= false
[INFO ] fr.inria.astor.core.setup.ConfigurationProperties.print(ConfigurationProperties.java:69) - p:preservelinenumbers= true
[INFO ] fr.inria.astor.core.setup.ConfigurationProperties.print(ConfigurationProperties.java:69) - p:tmax2= 75418
[INFO ] fr.inria.astor.core.setup.ConfigurationProperties.print(ConfigurationProperties.java:69) - p:tmax1= 10000
[INFO ] fr.inria.astor.core.setup.ConfigurationProperties.print(ConfigurationProperties.java:69) - p:probagenmutation= false
[INFO ] fr.inria.astor.core.setup.ConfigurationProperties.print(ConfigurationProperties.java:69) - p:nomodificationconvergence= 100
[INFO ] fr.inria.astor.core.setup.ConfigurationProperties.print(ConfigurationProperties.java:69) - p:diff_type= relative
[INFO ] fr.inria.astor.core.setup.ConfigurationProperties.print(ConfigurationProperties.java:69) - p:targetelementprocessor= if-conditions
[INFO ] fr.inria.astor.core.setup.ConfigurationProperties.print(ConfigurationProperties.java:69) - p:srctestfolder= src/test/java/
[INFO ] fr.inria.astor.core.setup.ConfigurationProperties.print(ConfigurationProperties.java:69) - p:forceExecuteRegression= false
[INFO ] fr.inria.astor.core.setup.ConfigurationProperties.print(ConfigurationProperties.java:69) - p:clusteringfilename= clustering.csv
[INFO ] fr.inria.astor.core.setup.ConfigurationProperties.print(ConfigurationProperties.java:69) - p:failing= org.apache.commons.math.optimization.linear.SimplexSolverTest
[INFO ] fr.inria.astor.core.setup.ConfigurationProperties.print(ConfigurationProperties.java:69) - p:logtestexecution= false
[INFO ] fr.inria.astor.core.setup.ConfigurationProperties.print(ConfigurationProperties.java:69) - p:evo_buggy_class= true
[INFO ] fr.inria.astor.core.setup.ConfigurationProperties.print(ConfigurationProperties.java:69) - p:numberExecutions= 1
[INFO ] fr.inria.astor.core.setup.ConfigurationProperties.print(ConfigurationProperties.java:69) - p:maxnumbersolutions= 1000000
[INFO ] fr.inria.astor.core.setup.ConfigurationProperties.print(ConfigurationProperties.java:69) - p:evo_affected_by_op= true
[INFO ] fr.inria.astor.core.setup.ConfigurationProperties.print(ConfigurationProperties.java:69) - p:population= 1
[INFO ] fr.inria.astor.core.setup.ConfigurationProperties.print(ConfigurationProperties.java:69) - p:considerzerovaluesusp= false
[INFO ] fr.inria.astor.core.setup.ConfigurationProperties.print(ConfigurationProperties.java:69) - p:maxCombinationVariableLimit= false
[INFO ] fr.inria.astor.core.setup.ConfigurationProperties.print(ConfigurationProperties.java:69) - p:loglevel= INFO
[INFO ] fr.inria.astor.core.setup.ConfigurationProperties.print(ConfigurationProperties.java:69) - p:savesolution= true
[INFO ] fr.inria.astor.core.setup.ConfigurationProperties.print(ConfigurationProperties.java:69) - p:javacompliancelevel= 5
[INFO ] fr.inria.astor.core.setup.ConfigurationProperties.print(ConfigurationProperties.java:69) - p:x= x
[INFO ] fr.inria.astor.core.setup.ConfigurationProperties.print(ConfigurationProperties.java:69) - p:uniqueoptogen= false
[INFO ] fr.inria.astor.core.setup.ConfigurationProperties.print(ConfigurationProperties.java:69) - p:gzoltarpackagetonotinstrument= junit.framework
[INFO ] fr.inria.astor.core.setup.ConfigurationProperties.print(ConfigurationProperties.java:69) - p:projectIdentifier= Math-82
[INFO ] fr.inria.astor.core.setup.ConfigurationProperties.print(ConfigurationProperties.java:69) - p:modificationpointnavigation= weight
[INFO ] fr.inria.astor.core.setup.ConfigurationProperties.print(ConfigurationProperties.java:69) - p:stopfirst= true
[INFO ] fr.inria.astor.core.setup.ConfigurationProperties.print(ConfigurationProperties.java:69) - p:multipointmodification= false
[INFO ] fr.inria.astor.core.setup.ConfigurationProperties.print(ConfigurationProperties.java:69) - p:elementsToMutate= 10
[INFO ] fr.inria.astor.core.setup.ConfigurationProperties.print(ConfigurationProperties.java:69) - p:jsonoutputname= astor_output
[INFO ] fr.inria.astor.core.setup.ConfigurationProperties.print(ConfigurationProperties.java:69) - p:evoDSE= false
[INFO ] fr.inria.astor.core.setup.ConfigurationProperties.print(ConfigurationProperties.java:69) - p:bintestfolder= target/test-classes/
[INFO ] fr.inria.astor.core.setup.ConfigurationProperties.print(ConfigurationProperties.java:69) - p:testbystep= false
[INFO ] fr.inria.astor.core.setup.ConfigurationProperties.print(ConfigurationProperties.java:69) - p:version-location= ./math-version/
[INFO ] fr.inria.astor.core.setup.ConfigurationProperties.print(ConfigurationProperties.java:69) - p:reintroduce= PARENTS:ORIGINAL
[INFO ] fr.inria.astor.core.setup.ConfigurationProperties.print(ConfigurationProperties.java:69) - p:executorjar= ./lib/jtestex7.jar
[INFO ] fr.inria.astor.core.setup.ConfigurationProperties.print(ConfigurationProperties.java:69) - p:maxGeneration= 1000000
[INFO ] fr.inria.astor.core.setup.ConfigurationProperties.print(ConfigurationProperties.java:69) - p:max_synthesis_step= 10000
[INFO ] fr.inria.astor.core.setup.ConfigurationProperties.print(ConfigurationProperties.java:69) - p:maxVarCombination= 1000
[INFO ] fr.inria.astor.core.setup.ConfigurationProperties.print(ConfigurationProperties.java:69) - p:maxtime= 120
[INFO ] fr.inria.astor.core.setup.ConfigurationProperties.print(ConfigurationProperties.java:69) - p:evosuitejar= ./lib/evosuite-master-1.0.4-SNAPSHOT.jar
[INFO ] fr.inria.astor.core.setup.ConfigurationProperties.print(ConfigurationProperties.java:69) - p:jvmversion= 1.7.0_80
[INFO ] fr.inria.astor.core.setup.ConfigurationProperties.print(ConfigurationProperties.java:69) - p:commandTrunk= 50000
[INFO ] fr.inria.astor.core.setup.ConfigurationProperties.print(ConfigurationProperties.java:69) - p:faultlocalization= gzoltar
[INFO ] fr.inria.astor.core.setup.ConfigurationProperties.print(ConfigurationProperties.java:69) - p:resetmodel= true
[INFO ] fr.inria.astor.core.setup.ConfigurationProperties.print(ConfigurationProperties.java:69) - p:maxsuspcandidates= 1000
[INFO ] fr.inria.astor.core.setup.ConfigurationProperties.print(ConfigurationProperties.java:69) - p:mode= jMutRepair
[INFO ] fr.inria.astor.core.setup.ConfigurationProperties.print(ConfigurationProperties.java:69) - p:learningdir= 
[INFO ] fr.inria.astor.core.setup.ConfigurationProperties.print(ConfigurationProperties.java:69) - p:jvm4evosuitetestexecution= /data/tool/jdk1.7.0_80/bin
[INFO ] fr.inria.astor.core.setup.ConfigurationProperties.print(ConfigurationProperties.java:69) - p:filterfaultlocalization= true
[INFO ] fr.inria.astor.core.setup.ConfigurationProperties.print(ConfigurationProperties.java:69) - p:mutationrate= 1 
[INFO ] fr.inria.astor.core.setup.ConfigurationProperties.print(ConfigurationProperties.java:69) - p:pathToMVNRepository= 
[INFO ] fr.inria.astor.core.setup.ConfigurationProperties.print(ConfigurationProperties.java:69) - p:resourcesfolder= /src/main/resources:/src/test/resources:
[INFO ] fr.inria.astor.core.setup.ConfigurationProperties.print(ConfigurationProperties.java:69) - p:timezone= America/Los_Angeles
[INFO ] fr.inria.astor.core.setup.ConfigurationProperties.print(ConfigurationProperties.java:69) - p:runjava7code= false
[INFO ] fr.inria.astor.core.setup.ConfigurationProperties.print(ConfigurationProperties.java:69) - p:evoRunOnBuggyClass= true
[INFO ] fr.inria.astor.core.setup.ConfigurationProperties.print(ConfigurationProperties.java:69) - p:compiler= fr.inria.astor.core.manipulation.bytecode.compiler.SpoonClassCompiler
[INFO ] fr.inria.astor.core.setup.ConfigurationProperties.print(ConfigurationProperties.java:69) - p:limitbysuspicious= true
[INFO ] fr.inria.astor.core.setup.ConfigurationProperties.print(ConfigurationProperties.java:69) - p:logsattemps= true
[INFO ] fr.inria.astor.core.setup.ConfigurationProperties.print(ConfigurationProperties.java:69) - p:dependenciespath= /tmp/jMutRepair_Defects4J_Math_82/target/classes/:/tmp/jMutRepair_Defects4J_Math_82/target/test-classes/:/data/RepairThemAll/script/../benchmarks/defects4j/framework/projects/lib/junit-4.11.jar
[INFO ] fr.inria.astor.core.setup.ConfigurationProperties.print(ConfigurationProperties.java:69) - p:logpatternlayout= [%-5p] %l - %m%n
[INFO ] fr.inria.astor.core.setup.ConfigurationProperties.print(ConfigurationProperties.java:69) - p:packageToInstrument= 
[INFO ] fr.inria.astor.core.setup.ConfigurationProperties.print(ConfigurationProperties.java:69) - p:skipfaultlocalization= false
[INFO ] fr.inria.astor.core.setup.ConfigurationProperties.print(ConfigurationProperties.java:69) - p:scope= local
[INFO ] fr.inria.astor.core.setup.ConfigurationProperties.print(ConfigurationProperties.java:69) - p:transformingredient= false
[INFO ] fr.inria.astor.core.setup.ConfigurationProperties.print(ConfigurationProperties.java:69) - p:fitnessfunction= fr.inria.astor.core.solutionsearch.population.TestCaseFitnessFunction
[INFO ] fr.inria.astor.core.setup.ConfigurationProperties.print(ConfigurationProperties.java:69) - p:maxnumvariablesperingredient= 10
[INFO ] fr.inria.astor.core.setup.ConfigurationProperties.print(ConfigurationProperties.java:69) - p:parsesourcefromoriginal= true
[INFO ] fr.inria.astor.core.setup.ConfigurationProperties.print(ConfigurationProperties.java:69) - p:pvariantfoldername= variant-
[INFO ] fr.inria.astor.core.setup.ConfigurationProperties.print(ConfigurationProperties.java:69) - p:savespoonmodelondisk= false
[INFO ] fr.inria.astor.core.setup.ConfigurationProperties.print(ConfigurationProperties.java:69) - p:srcjavafolder= src/main/java/
[INFO ] fr.inria.astor.core.setup.ConfigurationProperties.print(ConfigurationProperties.java:69) - p:populationcontroller= fr.inria.astor.core.solutionsearch.population.TestCaseBasedFitnessPopulationController
[INFO ] fr.inria.astor.core.setup.ConfigurationProperties.print(ConfigurationProperties.java:69) - p:ignoreflakyinfl= false
[INFO ] fr.inria.astor.core.setup.ConfigurationProperties.print(ConfigurationProperties.java:69) - p:cleantemplates= true
[INFO ] fr.inria.astor.core.setup.ConfigurationProperties.print(ConfigurationProperties.java:69) - p:applyCrossover= false
[INFO ] fr.inria.astor.core.setup.ConfigurationProperties.print(ConfigurationProperties.java:69) - p:maxmodificationpoints= 1000
[INFO ] fr.inria.astor.core.setup.ConfigurationProperties.print(ConfigurationProperties.java:69) - p:duplicateingredientsinspace= false
[INFO ] fr.inria.astor.core.setup.ConfigurationProperties.print(ConfigurationProperties.java:69) - p:metid= 0
[INFO ] fr.inria.astor.core.setup.ConfigurationProperties.print(ConfigurationProperties.java:69) - p:saveall= false
[INFO ] fr.inria.astor.core.setup.ConfigurationProperties.print(ConfigurationProperties.java:69) - p:seed= 0
[INFO ] fr.inria.astor.core.setup.ConfigurationProperties.print(ConfigurationProperties.java:69) - p:savecompletepatched= true
[INFO ] fr.inria.astor.core.setup.ConfigurationProperties.print(ConfigurationProperties.java:69) - p:resetoperations= false
[INFO ] fr.inria.astor.core.setup.ConfigurationProperties.print(ConfigurationProperties.java:69) - p:processoutputinfile= false
[INFO ] fr.inria.astor.core.setup.ConfigurationProperties.print(ConfigurationProperties.java:69) - p:location= .
[INFO ] fr.inria.astor.core.setup.ConfigurationProperties.print(ConfigurationProperties.java:69) - p:probabilistictransformation= true
[INFO ] fr.inria.astor.core.setup.ConfigurationProperties.print(ConfigurationProperties.java:69) - p:overridemaxtime= true
[INFO ] fr.inria.astor.core.setup.ConfigurationProperties.print(ConfigurationProperties.java:69) - p:outputjsonresult= false
[INFO ] fr.inria.astor.core.setup.ConfigurationProperties.print(ConfigurationProperties.java:69) - p:allpoints= false
[INFO ] fr.inria.astor.core.setup.ConfigurationProperties.print(ConfigurationProperties.java:69) - p:bugId= 280
[INFO ] fr.inria.astor.core.setup.ConfigurationProperties.print(ConfigurationProperties.java:69) - p:evosuitetimeout= 120
[INFO ] fr.inria.astor.core.setup.ConfigurationProperties.print(ConfigurationProperties.java:69) - p:nrPlaceholders= 1
[INFO ] fr.inria.astor.core.setup.ConfigurationProperties.print(ConfigurationProperties.java:69) - p:forcesubprocesskilling= true
[INFO ] fr.inria.astor.core.setup.ConfigurationProperties.print(ConfigurationProperties.java:71) - ----------------------------
[INFO ] fr.inria.astor.core.solutionsearch.ExhaustiveSearchEngine.startEvolution(ExhaustiveSearchEngine.java:63) - mod_point MP=org.apache.commons.math.optimization.linear.SimplexSolver line: 82, pointed element: CtIfImpl
[INFO ] fr.inria.astor.core.solutionsearch.ExhaustiveSearchEngine.startEvolution(ExhaustiveSearchEngine.java:64) - -->op: OP_INSTANCE:
IfExpresionMutOp:(spoon.support.reflect.code.CtBinaryOperatorImpl) `(org.apache.commons.math.util.MathUtils.compareTo(entry, 0, epsilon)) >= 0 ` -topatch--> `(org.apache.commons.math.util.MathUtils.compareTo(entry, 0, this.epsilon)) == 0` (spoon.support.reflect.code.CtBinaryOperatorImpl) 
[INFO ] fr.inria.astor.core.solutionsearch.ExhaustiveSearchEngine.startEvolution(ExhaustiveSearchEngine.java:63) - mod_point MP=org.apache.commons.math.optimization.linear.SimplexSolver line: 82, pointed element: CtIfImpl
[INFO ] fr.inria.astor.core.solutionsearch.ExhaustiveSearchEngine.startEvolution(ExhaustiveSearchEngine.java:64) - -->op: OP_INSTANCE:
IfExpresionMutOp:(spoon.support.reflect.code.CtBinaryOperatorImpl) `(org.apache.commons.math.util.MathUtils.compareTo(entry, 0, epsilon)) >= 0 ` -topatch--> `(org.apache.commons.math.util.MathUtils.compareTo(entry, 0, this.epsilon)) != 0` (spoon.support.reflect.code.CtBinaryOperatorImpl) 
[INFO ] fr.inria.astor.core.solutionsearch.ExhaustiveSearchEngine.startEvolution(ExhaustiveSearchEngine.java:63) - mod_point MP=org.apache.commons.math.optimization.linear.SimplexSolver line: 82, pointed element: CtIfImpl
[INFO ] fr.inria.astor.core.solutionsearch.ExhaustiveSearchEngine.startEvolution(ExhaustiveSearchEngine.java:64) - -->op: OP_INSTANCE:
IfExpresionMutOp:(spoon.support.reflect.code.CtBinaryOperatorImpl) `(org.apache.commons.math.util.MathUtils.compareTo(entry, 0, epsilon)) >= 0 ` -topatch--> `(org.apache.commons.math.util.MathUtils.compareTo(entry, 0, this.epsilon)) > 0` (spoon.support.reflect.code.CtBinaryOperatorImpl) 
[INFO ] fr.inria.astor.core.solutionsearch.AstorCoreEngine.processCreatedVariant(AstorCoreEngine.java:448) - -Found Solution, child variant #4
[INFO ] fr.inria.astor.core.solutionsearch.ExhaustiveSearchEngine.startEvolution(ExhaustiveSearchEngine.java:85) - we try for times0
[INFO ] fr.inria.astor.core.solutionsearch.ExhaustiveSearchEngine.startEvolution(ExhaustiveSearchEngine.java:86) - we still try for times0
[INFO ] fr.inria.astor.core.solutionsearch.AstorCoreEngine.atEnd(AstorCoreEngine.java:173) - Time Repair Loop (s): 37.072
[INFO ] fr.inria.astor.core.solutionsearch.AstorCoreEngine.atEnd(AstorCoreEngine.java:175) - generationsexecuted: 1
[INFO ] fr.inria.astor.core.solutionsearch.AstorCoreEngine.printFinalStatus(AstorCoreEngine.java:244) - 
----SUMMARY_EXECUTION---
[INFO ] fr.inria.astor.core.solutionsearch.AstorCoreEngine.atEnd(AstorCoreEngine.java:191) - number of variants that pass the compile is 2

[INFO ] fr.inria.astor.core.solutionsearch.AstorCoreEngine.atEnd(AstorCoreEngine.java:192) - number of variants that fail the compile is 0

[INFO ] fr.inria.astor.core.solutionsearch.AstorCoreEngine.atEnd(AstorCoreEngine.java:194) - 
 --SOLUTIONS DESCRIPTION--

 ----
ProgramVariant 4
 
time(sec)= 3
operation: IfExpresionMutOp
location= org.apache.commons.math.optimization.linear.SimplexSolver
line= 82
lineSuspiciousness= 1
lineSuspiciousness= 0
original statement= (org.apache.commons.math.util.MathUtils.compareTo(entry, 0, epsilon)) >= 0
buggy kind= CtBinaryOperatorImpl|CtIfImpl
fixed statement= (org.apache.commons.math.util.MathUtils.compareTo(entry, 0, this.epsilon)) > 0
Patch kind= CtBinaryOperatorImpl|CtIfImpl
generation= 1
ingredientScope= -
validation=|true|0|2056|[]|
diffpatch=--- /tmp/jMutRepair_Defects4J_Math_82/src/main/java/org/apache/commons/math/optimization/linear/SimplexSolverjava
+++ /tmp/jMutRepair_Defects4J_Math_82/src/main/java/org/apache/commons/math/optimization/linear/SimplexSolverjava
@@ -32,7 +32,7 @@
 		for (int i = tableau.getNumObjectiveFunctions(); i < (tableau.getHeight()); i++) {
 			final double rhs = tableau.getEntry(i, ((tableau.getWidth()) - 1));
 			final double entry = tableau.getEntry(i, col);
-			if ((org.apache.commons.math.util.MathUtils.compareTo(entry, 0, epsilon)) >= 0) {
+			if ((org.apache.commons.math.util.MathUtils.compareTo(entry, 0, this.epsilon)) > 0) {
 				final double ratio = rhs / entry;
 				if (ratio < minRatio) {
 					minRatio = ratio;


diffpatchoriginal=--- /tmp/jMutRepair_Defects4J_Math_82/src/main/java/org/apache/commons/math/optimization/linear/SimplexSolverjava
+++ /tmp/jMutRepair_Defects4J_Math_82/src/main/java/org/apache/commons/math/optimization/linear/SimplexSolverjava
@@ -79,7 +79,7 @@
 		for (int i = tableau.getNumObjectiveFunctions(); i < (tableau.getHeight()); i++) {
 			final double rhs = tableau.getEntry(i, ((tableau.getWidth()) - 1));
 			final double entry = tableau.getEntry(i, col);
-			if ((org.apache.commons.math.util.MathUtils.compareTo(entry, 0, epsilon)) >= 0) {
+			if ((org.apache.commons.math.util.MathUtils.compareTo(entry, 0, this.epsilon)) > 0) {
 				final double ratio = rhs / entry;
 				if (ratio < minRatio) {
 					minRatio = ratio;



Astor Output:

General stats:
EXECUTION_IDENTIFIER=Math-82
TOTAL_TIME=37.072
NR_GENERATIONS=null
NR_RIGHT_COMPILATIONS=3
NR_FAILLING_COMPILATIONS=null
NR_ERRONEOUS_VARIANCES=null
NR_FAILING_VALIDATION_PROCESS=null
OUTPUT_STATUS=STOP_BY_PATCH_FOUND

Patch stats:

Patch 1
VARIANT_ID=4
TIME=3
VALIDATION=|true|0|2056|[]|
GENERATION=1
FOLDER_SOLUTION_CODE=/tmp/jMutRepair_Defects4J_Math_82/./output_astor/AstorMain-Math-82//src//variant-4
--Patch Hunk #1
OPERATOR=IfExpresionMutOp

LOCATION=org.apache.commons.math.optimization.linear.SimplexSolver

PATH=/tmp/jMutRepair_Defects4J_Math_82/src/main/java/org/apache/commons/math/optimization/linear/SimplexSolver.java

MODIFIED_FILE_PATH=/tmp/jMutRepair_Defects4J_Math_82/./output_astor/AstorMain-Math-82//src//variant-4/org/apache/commons/math/optimization/linear/SimplexSolver.java

LINE=82

SUSPICIOUNESS=1

MP_RANKING=0

ORIGINAL_CODE=(org.apache.commons.math.util.MathUtils.compareTo(entry, 0, epsilon)) >= 0

BUGGY_CODE_TYPE=CtBinaryOperatorImpl|CtIfImpl

PATCH_HUNK_CODE=(org.apache.commons.math.util.MathUtils.compareTo(entry, 0, this.epsilon)) > 0

PATCH_HUNK_TYPE=CtBinaryOperatorImpl|CtIfImpl

INGREDIENT_SCOPE=null

INGREDIENT_PARENT=null

PATCH_DIFF_ORIG=--- /tmp/jMutRepair_Defects4J_Math_82/src/main/java/org/apache/commons/math/optimization/linear/SimplexSolverjava
+++ /tmp/jMutRepair_Defects4J_Math_82/src/main/java/org/apache/commons/math/optimization/linear/SimplexSolverjava
@@ -79,7 +79,7 @@
 		for (int i = tableau.getNumObjectiveFunctions(); i < (tableau.getHeight()); i++) {
 			final double rhs = tableau.getEntry(i, ((tableau.getWidth()) - 1));
 			final double entry = tableau.getEntry(i, col);
-			if ((org.apache.commons.math.util.MathUtils.compareTo(entry, 0, epsilon)) >= 0) {
+			if ((org.apache.commons.math.util.MathUtils.compareTo(entry, 0, this.epsilon)) > 0) {
 				final double ratio = rhs / entry;
 				if (ratio < minRatio) {
 					minRatio = ratio;



[INFO ] fr.inria.main.evolution.AstorMain.run(AstorMain.java:271) - Time Total(s): 91.89
50.78user 1.68system 1:33.88elapsed 55%CPU (0avgtext+0avgdata 500944maxresident)k
72216inputs+22576outputs (48major+280376minor)pagefaults 0swaps


Node: ubuntu



Date: Sat Aug  3 03:00:32 EDT 2019

