cd /tmp/DynaMoth_Defects4J_Mockito_30;
export JAVA_TOOL_OPTIONS="-Dfile.encoding=UTF8 -Duser.language=en-US -Duser.country=US -Duser.language=en";
TZ="America/New_York"; export TZ;
export PATH="/home/wp/tool/jdk1.8.0_71/bin/:$PATH";
export JAVA_HOME="/home/wp/tool/jdk1.8.0_71/bin/";
time java -Xmx1g -Xms1g -cp /home/wp/RepairThemAll/script/../repair_tools/nopol.jar:/home/wp/tool/jdk1.8.0_71/bin//../lib/tools.jar fr.inria.lille.repair.Main \
	--mode repair \
	--type pre_then_cond \
	--bugid Mockito-30 \
	--oracle angelic \
	--synthesis dynamoth \
	--flocal gzoltar \
	--json \
	--solver z3 \
	--solver-path /home/wp/RepairThemAll/script/../libs/z3/build/z3 \
	--complianceLevel 5 \
	--source src \
	--classpath "target/classes:target/test-classes:/tmp/DynaMoth_Defects4J_Mockito_30/target/classes:/tmp/DynaMoth_Defects4J_Mockito_30/target/test-classes:/tmp/DynaMoth_Defects4J_Mockito_30/lib/compile/com.springsource.org.junit-4.5.0.jar:/tmp/DynaMoth_Defects4J_Mockito_30/lib/build/jarjar-1.0.jar:/tmp/DynaMoth_Defects4J_Mockito_30/lib/build/sorcerer.jar:/tmp/DynaMoth_Defects4J_Mockito_30/lib/build/jaxen-1.1.1.jar:/tmp/DynaMoth_Defects4J_Mockito_30/lib/build/maven-ant-tasks-2.0.9.jar:/tmp/DynaMoth_Defects4J_Mockito_30/lib/build/asm-3.1.jar:/tmp/DynaMoth_Defects4J_Mockito_30/lib/build/bnd-0.0.313.jar:/tmp/DynaMoth_Defects4J_Mockito_30/lib/build/pmd-4.1.jar:/tmp/DynaMoth_Defects4J_Mockito_30/lib/build/ant4hg-V0.07.jar:/tmp/DynaMoth_Defects4J_Mockito_30/lib/repackaged/cglib-and-asm-1.0.jar:/tmp/DynaMoth_Defects4J_Mockito_30/lib/run/com.springsource.org.hamcrest.core-1.1.0.jar:/tmp/DynaMoth_Defects4J_Mockito_30/lib/run/com.springsource.org.objenesis-1.0.0.jar:/tmp/DynaMoth_Defects4J_Mockito_30/lib/sources/com.springsource.org.objenesis-1.0.0-sources.jar:/tmp/DynaMoth_Defects4J_Mockito_30/lib/sources/com.springsource.org.hamcrest.core-1.1.0-sources.jar:/tmp/DynaMoth_Defects4J_Mockito_30/lib/sources/cglib-and-asm-1.0-sources.jar:/tmp/DynaMoth_Defects4J_Mockito_30/lib/test/fest-assert-1.3.jar:/tmp/DynaMoth_Defects4J_Mockito_30/lib/test/fest-util-1.1.4.jar:/tmp/DynaMoth_Defects4J_Mockito_30/lib/test/powermock-reflect-1.2.5.jar:/home/wp/RepairThemAll/script/../benchmarks/defects4j/framework/projects/Mockito/lib/cobertura-2.0.3.jar:/home/wp/RepairThemAll/script/../benchmarks/defects4j/framework/projects/Mockito/lib/objenesis-2.2.jar:/home/wp/RepairThemAll/script/../benchmarks/defects4j/framework/projects/Mockito/lib/objenesis-2.1.jar:/home/wp/RepairThemAll/script/../benchmarks/defects4j/framework/projects/Mockito/lib/fest-assert-1.3.jar:/home/wp/RepairThemAll/script/../benchmarks/defects4j/framework/projects/Mockito/lib/cglib-and-asm-1.0.jar:/home/wp/RepairThemAll/script/../benchmarks/defects4j/framework/projects/Mockito/lib/asm-all-5.0.4.jar:/home/wp/RepairThemAll/script/../benchmarks/defects4j/framework/projects/Mockito/lib/hamcrest-core-1.1.jar:/home/wp/RepairThemAll/script/../benchmarks/defects4j/framework/projects/Mockito/lib/hamcrest-all-1.3.jar:/home/wp/RepairThemAll/script/../benchmarks/defects4j/framework/projects/Mockito/lib/fest-util-1.1.4.jar:/home/wp/RepairThemAll/script/../benchmarks/defects4j/framework/projects/Mockito/lib/assertj-core-2.1.0.jar:/home/wp/RepairThemAll/script/../benchmarks/defects4j/framework/projects/Mockito/lib/powermock-reflect-1.2.5.jar:/home/wp/RepairThemAll/script/../benchmarks/defects4j/framework/projects/lib/junit-4.11.jar:/home/wp/RepairThemAll/script/../benchmarks/defects4j/framework/projects/lib/cobertura-2.0.3.jar:/home/wp/RepairThemAll/script/../repair_tools/nopol.jar";
	echo "\n\nNode: `hostname`\n";
	echo "\n\nDate: `date`\n";
Picked up JAVA_TOOL_OPTIONS: -Dfile.encoding=UTF8 -Duser.language=en-US -Duser.country=US -Duser.language=en
09:28:06.073 [main] INFO  fr.inria.lille.repair.nopol.NoPol - Source files: [src]
09:28:06.090 [main] INFO  fr.inria.lille.repair.nopol.NoPol - Classpath: [file:/tmp/DynaMoth_Defects4J_Mockito_30/target/classes/, file:/tmp/DynaMoth_Defects4J_Mockito_30/target/test-classes/, file:/tmp/DynaMoth_Defects4J_Mockito_30/target/classes/, file:/tmp/DynaMoth_Defects4J_Mockito_30/target/test-classes/, file:/tmp/DynaMoth_Defects4J_Mockito_30/lib/compile/com.springsource.org.junit-4.5.0.jar, file:/tmp/DynaMoth_Defects4J_Mockito_30/lib/build/jarjar-1.0.jar, file:/tmp/DynaMoth_Defects4J_Mockito_30/lib/build/sorcerer.jar, file:/tmp/DynaMoth_Defects4J_Mockito_30/lib/build/jaxen-1.1.1.jar, file:/tmp/DynaMoth_Defects4J_Mockito_30/lib/build/maven-ant-tasks-2.0.9.jar, file:/tmp/DynaMoth_Defects4J_Mockito_30/lib/build/asm-3.1.jar, file:/tmp/DynaMoth_Defects4J_Mockito_30/lib/build/bnd-0.0.313.jar, file:/tmp/DynaMoth_Defects4J_Mockito_30/lib/build/pmd-4.1.jar, file:/tmp/DynaMoth_Defects4J_Mockito_30/lib/build/ant4hg-V0.07.jar, file:/tmp/DynaMoth_Defects4J_Mockito_30/lib/repackaged/cglib-and-asm-1.0.jar, file:/tmp/DynaMoth_Defects4J_Mockito_30/lib/run/com.springsource.org.hamcrest.core-1.1.0.jar, file:/tmp/DynaMoth_Defects4J_Mockito_30/lib/run/com.springsource.org.objenesis-1.0.0.jar, file:/tmp/DynaMoth_Defects4J_Mockito_30/lib/sources/com.springsource.org.objenesis-1.0.0-sources.jar, file:/tmp/DynaMoth_Defects4J_Mockito_30/lib/sources/com.springsource.org.hamcrest.core-1.1.0-sources.jar, file:/tmp/DynaMoth_Defects4J_Mockito_30/lib/sources/cglib-and-asm-1.0-sources.jar, file:/tmp/DynaMoth_Defects4J_Mockito_30/lib/test/fest-assert-1.3.jar, file:/tmp/DynaMoth_Defects4J_Mockito_30/lib/test/fest-util-1.1.4.jar, file:/tmp/DynaMoth_Defects4J_Mockito_30/lib/test/powermock-reflect-1.2.5.jar, file:/home/wp/RepairThemAll/script/../benchmarks/defects4j/framework/projects/Mockito/lib/cobertura-2.0.3.jar, file:/home/wp/RepairThemAll/script/../benchmarks/defects4j/framework/projects/Mockito/lib/objenesis-2.2.jar, file:/home/wp/RepairThemAll/script/../benchmarks/defects4j/framework/projects/Mockito/lib/objenesis-2.1.jar, file:/home/wp/RepairThemAll/script/../benchmarks/defects4j/framework/projects/Mockito/lib/fest-assert-1.3.jar, file:/home/wp/RepairThemAll/script/../benchmarks/defects4j/framework/projects/Mockito/lib/cglib-and-asm-1.0.jar, file:/home/wp/RepairThemAll/script/../benchmarks/defects4j/framework/projects/Mockito/lib/asm-all-5.0.4.jar, file:/home/wp/RepairThemAll/script/../benchmarks/defects4j/framework/projects/Mockito/lib/hamcrest-core-1.1.jar, file:/home/wp/RepairThemAll/script/../benchmarks/defects4j/framework/projects/Mockito/lib/hamcrest-all-1.3.jar, file:/home/wp/RepairThemAll/script/../benchmarks/defects4j/framework/projects/Mockito/lib/fest-util-1.1.4.jar, file:/home/wp/RepairThemAll/script/../benchmarks/defects4j/framework/projects/Mockito/lib/assertj-core-2.1.0.jar, file:/home/wp/RepairThemAll/script/../benchmarks/defects4j/framework/projects/Mockito/lib/powermock-reflect-1.2.5.jar, file:/home/wp/RepairThemAll/script/../benchmarks/defects4j/framework/projects/lib/junit-4.11.jar, file:/home/wp/RepairThemAll/script/../benchmarks/defects4j/framework/projects/lib/cobertura-2.0.3.jar, file:/home/wp/RepairThemAll/script/../repair_tools/nopol.jar]
09:28:06.090 [main] INFO  fr.inria.lille.repair.nopol.NoPol - Statement type: PRE_THEN_COND
09:28:06.090 [main] INFO  fr.inria.lille.repair.nopol.NoPol - Args: []
09:28:06.095 [main] INFO  fr.inria.lille.repair.nopol.NoPol - Config: Config{synthesisDepth=3, collectStaticMethods=true, collectStaticFields=false, collectLiterals=false, onlyOneSynthesisResult=true, sortExpressions=true, maxLineInvocationPerTest=250, timeoutMethodInvocation=2000, dataCollectionTimeoutInSecondForSynthesis=900, addWeight=0.19478, subWeight=0.04554, mulWeight=0.0102, divWeight=0.00613, andWeight=0.10597, orWeight=0.05708, eqWeight=0.22798, nEqWeight=0.0, lessEqWeight=0.0255, lessWeight=0.0947, methodCallWeight=0.1, fieldAccessWeight=0.08099, constantWeight=0.14232, variableWeight=0.05195, mode=REPAIR, type=PRE_THEN_COND, synthesis=DYNAMOTH, oracle=ANGELIC, solver=Z3, solverPath='/home/wp/RepairThemAll/script/../libs/z3/build/z3', projectSources=[src], projectClasspath='[Ljava.net.URL;@23223dd8', projectTests=[], complianceLevel=5, outputFolder=., json=true}
09:28:06.101 [main] INFO  fr.inria.lille.repair.nopol.NoPol - Available processors (cores): 1
09:28:06.107 [main] INFO  fr.inria.lille.repair.nopol.NoPol - Free memory: 962 MB
09:28:06.107 [main] INFO  fr.inria.lille.repair.nopol.NoPol - Maximum memory: 989 MB
09:28:06.107 [main] INFO  fr.inria.lille.repair.nopol.NoPol - Total memory available to JVM: 989 MB
09:28:06.107 [main] INFO  fr.inria.lille.repair.nopol.NoPol - Java version: 1.8.0_71
09:28:06.119 [main] INFO  fr.inria.lille.repair.nopol.NoPol - JAVA_HOME: /home/wp/tool/jdk1.8.0_71/bin/
09:28:06.119 [main] INFO  fr.inria.lille.repair.nopol.NoPol - PATH: /home/wp/tool/jdk1.8.0_71/bin/:/home/wp/RepairThemAll/benchmarks/defects4j/framework/bin:/home/wp/tool/gradle-5.4.1/bin:/home/wp/tool/apache-maven-3.5.2/bin:/home/wp/tool/jdk1.8.0_71//bin:/home/wp/tool/apache-ant-1.9.14/bin:/home/wp/tool/jdk1.8.0_71//bin:/home/wp/tool/jdk1.8.0_71/jre/bin:/usr/local/sbin:/usr/local/bin:/usr/sbin:/usr/bin:/sbin:/bin:/usr/games:/usr/local/games
09:28:23.535 [pool-2-thread-1] DEBUG fr.inria.lille.repair.nopol.NoPol - OOPS, no statement at all, no test results
09:28:23.558 [pool-2-thread-1] INFO  fr.inria.lille.repair.nopol.NoPol - ----INFORMATION----
09:28:23.832 [pool-2-thread-1] INFO  fr.inria.lille.repair.nopol.NoPol - Nb classes : 240
09:28:23.832 [pool-2-thread-1] INFO  fr.inria.lille.repair.nopol.NoPol - Nb methods : 789
09:28:23.850 [pool-2-thread-1] INFO  fr.inria.lille.repair.nopol.NoPol - Nb Statements Analyzed : 0
09:28:23.851 [pool-2-thread-1] INFO  fr.inria.lille.repair.nopol.NoPol - Nb Statements with Angelic Value Found : 0
09:28:23.851 [pool-2-thread-1] INFO  fr.inria.lille.repair.nopol.NoPol - NoPol Execution time : 17488ms
09:28:23.851 [pool-2-thread-1] INFO  fr.inria.lille.repair.nopol.NoPol - 
NO_ANGELIC_VALUE
Command exited with non-zero status 255
7.04user 0.39system 0:20.17elapsed 36%CPU (0avgtext+0avgdata 295720maxresident)k
0inputs+5120outputs (0major+84748minor)pagefaults 0swaps


Node: ubuntu



Date: Sun Jul 28 09:28:24 EDT 2019

