cd /tmp/jGenProg_Defects4J_Mockito_3;
export JAVA_TOOL_OPTIONS="-Dfile.encoding=UTF8 -Duser.language=en-US -Duser.country=US -Duser.language=en";
TZ="America/New_York"; export TZ;
export PATH="/home/wp/tool/jdk1.8.0_71/bin/:$PATH";
export JAVA_HOME="/home/wp/tool/jdk1.8.0_71/bin/";
time java -Xmx1g -Xms1g -cp /home/wp/RepairThemAll/script/../libs/jtestex7.jar:/home/wp/RepairThemAll/script/../repair_tools/astor.jar fr.inria.main.evolution.AstorMain \
	-mode jgenprog \
        -benchmark Defects4J \
	-location . \
	-id Mockito-3 \
	-failing org.mockitousage.bugs.varargs.VarargsAndAnyObjectPicksUpExtraInvocationsTest:org.mockitousage.bugs.varargs.VarargsNotPlayingWithAnyObjectTest:org.mockito.internal.invocation.InvocationMatcherTest:org.mockitousage.matchers.CapturingArgumentsTest \
	-jvm4testexecution /home/wp/tool/jdk1.7.0_80/bin/ \
	-jvm4evosuitetestexecution /home/wp/tool/jdk1.7.0_80/bin/ \
	-maxgen 1000000 \
	-maxtime 120 \
	-stopfirst true \
	-seed 0 \
	-scope local \
	-population 1 \
	-javacompliancelevel 7 \
	-srcjavafolder src \
	-srctestfolder test \
	-binjavafolder build/classes/main/ \
	-bintestfolder build/classes/test/ \
	-parameters x:x \
	-dependencies /tmp/jGenProg_Defects4J_Mockito_3/build/classes/main/:/tmp/jGenProg_Defects4J_Mockito_3/build/classes/test/:/tmp/jGenProg_Defects4J_Mockito_3/lib/build/jarjar-1.0.jar:/tmp/jGenProg_Defects4J_Mockito_3/lib/build/sorcerer.jar:/tmp/jGenProg_Defects4J_Mockito_3/lib/build/jaxen-1.1.1.jar:/tmp/jGenProg_Defects4J_Mockito_3/lib/build/maven-ant-tasks-2.0.9.jar:/tmp/jGenProg_Defects4J_Mockito_3/lib/build/asm-3.1.jar:/tmp/jGenProg_Defects4J_Mockito_3/lib/build/bnd-0.0.313.jar:/tmp/jGenProg_Defects4J_Mockito_3/lib/build/ant-googlecode-0.0.3.jar:/tmp/jGenProg_Defects4J_Mockito_3/lib/build/pmd-4.1.jar:/tmp/jGenProg_Defects4J_Mockito_3/lib/build/ant4hg-V0.07.jar:/tmp/jGenProg_Defects4J_Mockito_3/lib/repackaged/cglib-and-asm-1.0.jar:/tmp/jGenProg_Defects4J_Mockito_3/lib/sources/cglib-and-asm-1.0-sources.jar:/tmp/jGenProg_Defects4J_Mockito_3/lib/test/fest-assert-1.3.jar:/tmp/jGenProg_Defects4J_Mockito_3/lib/test/fest-util-1.1.4.jar:/tmp/jGenProg_Defects4J_Mockito_3/lib/test/powermock-reflect-1.2.5.jar:/home/wp/RepairThemAll/script/../benchmarks/defects4j/framework/projects/Mockito/lib/cobertura-2.0.3.jar:/home/wp/RepairThemAll/script/../benchmarks/defects4j/framework/projects/Mockito/lib/objenesis-2.2.jar:/home/wp/RepairThemAll/script/../benchmarks/defects4j/framework/projects/Mockito/lib/objenesis-2.1.jar:/home/wp/RepairThemAll/script/../benchmarks/defects4j/framework/projects/Mockito/lib/fest-assert-1.3.jar:/home/wp/RepairThemAll/script/../benchmarks/defects4j/framework/projects/Mockito/lib/cglib-and-asm-1.0.jar:/home/wp/RepairThemAll/script/../benchmarks/defects4j/framework/projects/Mockito/lib/asm-all-5.0.4.jar:/home/wp/RepairThemAll/script/../benchmarks/defects4j/framework/projects/Mockito/lib/hamcrest-core-1.1.jar:/home/wp/RepairThemAll/script/../benchmarks/defects4j/framework/projects/Mockito/lib/hamcrest-all-1.3.jar:/home/wp/RepairThemAll/script/../benchmarks/defects4j/framework/projects/Mockito/lib/fest-util-1.1.4.jar:/home/wp/RepairThemAll/script/../benchmarks/defects4j/framework/projects/Mockito/lib/assertj-core-2.1.0.jar:/home/wp/RepairThemAll/script/../benchmarks/defects4j/framework/projects/Mockito/lib/powermock-reflect-1.2.5.jar:/home/wp/RepairThemAll/script/../benchmarks/defects4j/framework/projects/lib/junit-4.11.jar:/home/wp/RepairThemAll/script/../benchmarks/defects4j/framework/projects/lib/cobertura-2.0.3.jar;
	echo "\n\nNode: `hostname`\n";
	echo "\n\nDate: `date`\n";
Picked up JAVA_TOOL_OPTIONS: -Dfile.encoding=UTF8 -Duser.language=en-US -Duser.country=US -Duser.language=en
Jul 01, 2019 2:39:12 PM java.util.jar.Attributes read
WARNING: Duplicate name in Manifest: SHA-256-Digest.
Ensure that the manifest does not have duplicate entries, and
that blank lines separate individual sections in both your
manifest and in the META-INF/MANIFEST.MF entry in the jar file.
Jul 01, 2019 2:39:13 PM java.util.jar.Attributes read
WARNING: Duplicate name in Manifest: SHA-256-Digest.
Ensure that the manifest does not have duplicate entries, and
that blank lines separate individual sections in both your
manifest and in the META-INF/MANIFEST.MF entry in the jar file.
Jul 01, 2019 2:39:13 PM java.util.jar.Attributes read
WARNING: Duplicate name in Manifest: SHA-256-Digest.
Ensure that the manifest does not have duplicate entries, and
that blank lines separate individual sections in both your
manifest and in the META-INF/MANIFEST.MF entry in the jar file.
Jul 01, 2019 2:39:13 PM java.util.jar.Attributes read
WARNING: Duplicate name in Manifest: SHA-256-Digest.
Ensure that the manifest does not have duplicate entries, and
that blank lines separate individual sections in both your
manifest and in the META-INF/MANIFEST.MF entry in the jar file.
Jul 01, 2019 2:39:13 PM java.util.jar.Attributes read
WARNING: Duplicate name in Manifest: SHA-256-Digest.
Ensure that the manifest does not have duplicate entries, and
that blank lines separate individual sections in both your
manifest and in the META-INF/MANIFEST.MF entry in the jar file.
Jul 01, 2019 2:39:13 PM java.util.jar.Attributes read
WARNING: Duplicate name in Manifest: SHA-256-Digest.
Ensure that the manifest does not have duplicate entries, and
that blank lines separate individual sections in both your
manifest and in the META-INF/MANIFEST.MF entry in the jar file.
Jul 01, 2019 2:39:13 PM java.util.jar.Attributes read
WARNING: Duplicate name in Manifest: SHA-256-Digest.
Ensure that the manifest does not have duplicate entries, and
that blank lines separate individual sections in both your
manifest and in the META-INF/MANIFEST.MF entry in the jar file.
Jul 01, 2019 2:39:13 PM java.util.jar.Attributes read
WARNING: Duplicate name in Manifest: SHA-256-Digest.
Ensure that the manifest does not have duplicate entries, and
that blank lines separate individual sections in both your
manifest and in the META-INF/MANIFEST.MF entry in the jar file.
Jul 01, 2019 2:39:13 PM java.util.jar.Attributes read
WARNING: Duplicate name in Manifest: SHA-256-Digest.
Ensure that the manifest does not have duplicate entries, and
that blank lines separate individual sections in both your
manifest and in the META-INF/MANIFEST.MF entry in the jar file.
Jul 01, 2019 2:39:13 PM java.util.jar.Attributes read
WARNING: Duplicate name in Manifest: SHA-256-Digest.
Ensure that the manifest does not have duplicate entries, and
that blank lines separate individual sections in both your
manifest and in the META-INF/MANIFEST.MF entry in the jar file.
Jul 01, 2019 2:39:13 PM java.util.jar.Attributes read
WARNING: Duplicate name in Manifest: SHA-256-Digest.
Ensure that the manifest does not have duplicate entries, and
that blank lines separate individual sections in both your
manifest and in the META-INF/MANIFEST.MF entry in the jar file.
Jul 01, 2019 2:39:13 PM java.util.jar.Attributes read
WARNING: Duplicate name in Manifest: SHA-256-Digest.
Ensure that the manifest does not have duplicate entries, and
that blank lines separate individual sections in both your
manifest and in the META-INF/MANIFEST.MF entry in the jar file.
Jul 01, 2019 2:39:13 PM java.util.jar.Attributes read
WARNING: Duplicate name in Manifest: SHA-256-Digest.
Ensure that the manifest does not have duplicate entries, and
that blank lines separate individual sections in both your
manifest and in the META-INF/MANIFEST.MF entry in the jar file.
Jul 01, 2019 2:39:13 PM java.util.jar.Attributes read
WARNING: Duplicate name in Manifest: SHA-256-Digest.
Ensure that the manifest does not have duplicate entries, and
that blank lines separate individual sections in both your
manifest and in the META-INF/MANIFEST.MF entry in the jar file.
Jul 01, 2019 2:39:13 PM java.util.jar.Attributes read
WARNING: Duplicate name in Manifest: SHA-256-Digest.
Ensure that the manifest does not have duplicate entries, and
that blank lines separate individual sections in both your
manifest and in the META-INF/MANIFEST.MF entry in the jar file.
Jul 01, 2019 2:39:13 PM java.util.jar.Attributes read
WARNING: Duplicate name in Manifest: SHA-256-Digest.
Ensure that the manifest does not have duplicate entries, and
that blank lines separate individual sections in both your
manifest and in the META-INF/MANIFEST.MF entry in the jar file.
Jul 01, 2019 2:39:13 PM java.util.jar.Attributes read
WARNING: Duplicate name in Manifest: SHA-256-Digest.
Ensure that the manifest does not have duplicate entries, and
that blank lines separate individual sections in both your
manifest and in the META-INF/MANIFEST.MF entry in the jar file.
Jul 01, 2019 2:39:13 PM java.util.jar.Attributes read
WARNING: Duplicate name in Manifest: SHA-256-Digest.
Ensure that the manifest does not have duplicate entries, and
that blank lines separate individual sections in both your
manifest and in the META-INF/MANIFEST.MF entry in the jar file.
Jul 01, 2019 2:39:13 PM java.util.jar.Attributes read
WARNING: Duplicate name in Manifest: SHA-256-Digest.
Ensure that the manifest does not have duplicate entries, and
that blank lines separate individual sections in both your
manifest and in the META-INF/MANIFEST.MF entry in the jar file.
Jul 01, 2019 2:39:13 PM java.util.jar.Attributes read
WARNING: Duplicate name in Manifest: SHA-256-Digest.
Ensure that the manifest does not have duplicate entries, and
that blank lines separate individual sections in both your
manifest and in the META-INF/MANIFEST.MF entry in the jar file.
Jul 01, 2019 2:39:13 PM java.util.jar.Attributes read
WARNING: Duplicate name in Manifest: SHA-256-Digest.
Ensure that the manifest does not have duplicate entries, and
that blank lines separate individual sections in both your
manifest and in the META-INF/MANIFEST.MF entry in the jar file.
Jul 01, 2019 2:39:13 PM java.util.jar.Attributes read
WARNING: Duplicate name in Manifest: SHA-256-Digest.
Ensure that the manifest does not have duplicate entries, and
that blank lines separate individual sections in both your
manifest and in the META-INF/MANIFEST.MF entry in the jar file.
Jul 01, 2019 2:39:13 PM java.util.jar.Attributes read
WARNING: Duplicate name in Manifest: SHA-256-Digest.
Ensure that the manifest does not have duplicate entries, and
that blank lines separate individual sections in both your
manifest and in the META-INF/MANIFEST.MF entry in the jar file.
Jul 01, 2019 2:39:13 PM java.util.jar.Attributes read
WARNING: Duplicate name in Manifest: SHA-256-Digest.
Ensure that the manifest does not have duplicate entries, and
that blank lines separate individual sections in both your
manifest and in the META-INF/MANIFEST.MF entry in the jar file.
Jul 01, 2019 2:39:13 PM java.util.jar.Attributes read
WARNING: Duplicate name in Manifest: SHA-256-Digest.
Ensure that the manifest does not have duplicate entries, and
that blank lines separate individual sections in both your
manifest and in the META-INF/MANIFEST.MF entry in the jar file.
Jul 01, 2019 2:39:13 PM java.util.jar.Attributes read
WARNING: Duplicate name in Manifest: SHA-256-Digest.
Ensure that the manifest does not have duplicate entries, and
that blank lines separate individual sections in both your
manifest and in the META-INF/MANIFEST.MF entry in the jar file.
Jul 01, 2019 2:39:13 PM java.util.jar.Attributes read
WARNING: Duplicate name in Manifest: SHA-256-Digest.
Ensure that the manifest does not have duplicate entries, and
that blank lines separate individual sections in both your
manifest and in the META-INF/MANIFEST.MF entry in the jar file.
Jul 01, 2019 2:39:13 PM java.util.jar.Attributes read
WARNING: Duplicate name in Manifest: SHA-256-Digest.
Ensure that the manifest does not have duplicate entries, and
that blank lines separate individual sections in both your
manifest and in the META-INF/MANIFEST.MF entry in the jar file.
Jul 01, 2019 2:39:13 PM java.util.jar.Attributes read
WARNING: Duplicate name in Manifest: SHA-256-Digest.
Ensure that the manifest does not have duplicate entries, and
that blank lines separate individual sections in both your
manifest and in the META-INF/MANIFEST.MF entry in the jar file.
Jul 01, 2019 2:39:13 PM java.util.jar.Attributes read
WARNING: Duplicate name in Manifest: SHA-256-Digest.
Ensure that the manifest does not have duplicate entries, and
that blank lines separate individual sections in both your
manifest and in the META-INF/MANIFEST.MF entry in the jar file.
Jul 01, 2019 2:39:13 PM java.util.jar.Attributes read
WARNING: Duplicate name in Manifest: SHA-256-Digest.
Ensure that the manifest does not have duplicate entries, and
that blank lines separate individual sections in both your
manifest and in the META-INF/MANIFEST.MF entry in the jar file.
Jul 01, 2019 2:39:13 PM java.util.jar.Attributes read
WARNING: Duplicate name in Manifest: SHA-256-Digest.
Ensure that the manifest does not have duplicate entries, and
that blank lines separate individual sections in both your
manifest and in the META-INF/MANIFEST.MF entry in the jar file.
Jul 01, 2019 2:39:13 PM java.util.jar.Attributes read
WARNING: Duplicate name in Manifest: SHA-256-Digest.
Ensure that the manifest does not have duplicate entries, and
that blank lines separate individual sections in both your
manifest and in the META-INF/MANIFEST.MF entry in the jar file.
Jul 01, 2019 2:39:13 PM java.util.jar.Attributes read
WARNING: Duplicate name in Manifest: SHA-256-Digest.
Ensure that the manifest does not have duplicate entries, and
that blank lines separate individual sections in both your
manifest and in the META-INF/MANIFEST.MF entry in the jar file.
Jul 01, 2019 2:39:13 PM java.util.jar.Attributes read
WARNING: Duplicate name in Manifest: SHA-256-Digest.
Ensure that the manifest does not have duplicate entries, and
that blank lines separate individual sections in both your
manifest and in the META-INF/MANIFEST.MF entry in the jar file.
Jul 01, 2019 2:39:13 PM java.util.jar.Attributes read
WARNING: Duplicate name in Manifest: SHA-256-Digest.
Ensure that the manifest does not have duplicate entries, and
that blank lines separate individual sections in both your
manifest and in the META-INF/MANIFEST.MF entry in the jar file.
Jul 01, 2019 2:39:13 PM java.util.jar.Attributes read
WARNING: Duplicate name in Manifest: SHA-256-Digest.
Ensure that the manifest does not have duplicate entries, and
that blank lines separate individual sections in both your
manifest and in the META-INF/MANIFEST.MF entry in the jar file.
Jul 01, 2019 2:39:13 PM java.util.jar.Attributes read
WARNING: Duplicate name in Manifest: SHA-256-Digest.
Ensure that the manifest does not have duplicate entries, and
that blank lines separate individual sections in both your
manifest and in the META-INF/MANIFEST.MF entry in the jar file.
Jul 01, 2019 2:39:13 PM java.util.jar.Attributes read
WARNING: Duplicate name in Manifest: SHA-256-Digest.
Ensure that the manifest does not have duplicate entries, and
that blank lines separate individual sections in both your
manifest and in the META-INF/MANIFEST.MF entry in the jar file.
Jul 01, 2019 2:39:13 PM java.util.jar.Attributes read
WARNING: Duplicate name in Manifest: SHA-256-Digest.
Ensure that the manifest does not have duplicate entries, and
that blank lines separate individual sections in both your
manifest and in the META-INF/MANIFEST.MF entry in the jar file.
Jul 01, 2019 2:39:13 PM java.util.jar.Attributes read
WARNING: Duplicate name in Manifest: SHA-256-Digest.
Ensure that the manifest does not have duplicate entries, and
that blank lines separate individual sections in both your
manifest and in the META-INF/MANIFEST.MF entry in the jar file.
Jul 01, 2019 2:39:13 PM java.util.jar.Attributes read
WARNING: Duplicate name in Manifest: SHA-256-Digest.
Ensure that the manifest does not have duplicate entries, and
that blank lines separate individual sections in both your
manifest and in the META-INF/MANIFEST.MF entry in the jar file.
Jul 01, 2019 2:39:13 PM java.util.jar.Attributes read
WARNING: Duplicate name in Manifest: SHA-256-Digest.
Ensure that the manifest does not have duplicate entries, and
that blank lines separate individual sections in both your
manifest and in the META-INF/MANIFEST.MF entry in the jar file.
Jul 01, 2019 2:39:13 PM java.util.jar.Attributes read
WARNING: Duplicate name in Manifest: SHA-256-Digest.
Ensure that the manifest does not have duplicate entries, and
that blank lines separate individual sections in both your
manifest and in the META-INF/MANIFEST.MF entry in the jar file.
Jul 01, 2019 2:39:13 PM java.util.jar.Attributes read
WARNING: Duplicate name in Manifest: SHA-256-Digest.
Ensure that the manifest does not have duplicate entries, and
that blank lines separate individual sections in both your
manifest and in the META-INF/MANIFEST.MF entry in the jar file.
Jul 01, 2019 2:39:13 PM java.util.jar.Attributes read
WARNING: Duplicate name in Manifest: SHA-256-Digest.
Ensure that the manifest does not have duplicate entries, and
that blank lines separate individual sections in both your
manifest and in the META-INF/MANIFEST.MF entry in the jar file.
Jul 01, 2019 2:39:13 PM java.util.jar.Attributes read
WARNING: Duplicate name in Manifest: SHA-256-Digest.
Ensure that the manifest does not have duplicate entries, and
that blank lines separate individual sections in both your
manifest and in the META-INF/MANIFEST.MF entry in the jar file.
Jul 01, 2019 2:39:13 PM java.util.jar.Attributes read
WARNING: Duplicate name in Manifest: SHA-256-Digest.
Ensure that the manifest does not have duplicate entries, and
that blank lines separate individual sections in both your
manifest and in the META-INF/MANIFEST.MF entry in the jar file.
Jul 01, 2019 2:39:13 PM java.util.jar.Attributes read
WARNING: Duplicate name in Manifest: SHA-256-Digest.
Ensure that the manifest does not have duplicate entries, and
that blank lines separate individual sections in both your
manifest and in the META-INF/MANIFEST.MF entry in the jar file.
Jul 01, 2019 2:39:13 PM java.util.jar.Attributes read
WARNING: Duplicate name in Manifest: SHA-256-Digest.
Ensure that the manifest does not have duplicate entries, and
that blank lines separate individual sections in both your
manifest and in the META-INF/MANIFEST.MF entry in the jar file.
Jul 01, 2019 2:39:13 PM java.util.jar.Attributes read
WARNING: Duplicate name in Manifest: SHA-256-Digest.
Ensure that the manifest does not have duplicate entries, and
that blank lines separate individual sections in both your
manifest and in the META-INF/MANIFEST.MF entry in the jar file.
Jul 01, 2019 2:39:13 PM java.util.jar.Attributes read
WARNING: Duplicate name in Manifest: SHA-256-Digest.
Ensure that the manifest does not have duplicate entries, and
that blank lines separate individual sections in both your
manifest and in the META-INF/MANIFEST.MF entry in the jar file.
Jul 01, 2019 2:39:13 PM java.util.jar.Attributes read
WARNING: Duplicate name in Manifest: SHA-256-Digest.
Ensure that the manifest does not have duplicate entries, and
that blank lines separate individual sections in both your
manifest and in the META-INF/MANIFEST.MF entry in the jar file.
Jul 01, 2019 2:39:13 PM java.util.jar.Attributes read
WARNING: Duplicate name in Manifest: SHA-256-Digest.
Ensure that the manifest does not have duplicate entries, and
that blank lines separate individual sections in both your
manifest and in the META-INF/MANIFEST.MF entry in the jar file.
Jul 01, 2019 2:39:13 PM java.util.jar.Attributes read
WARNING: Duplicate name in Manifest: SHA-256-Digest.
Ensure that the manifest does not have duplicate entries, and
that blank lines separate individual sections in both your
manifest and in the META-INF/MANIFEST.MF entry in the jar file.
Jul 01, 2019 2:39:13 PM java.util.jar.Attributes read
WARNING: Duplicate name in Manifest: SHA-256-Digest.
Ensure that the manifest does not have duplicate entries, and
that blank lines separate individual sections in both your
manifest and in the META-INF/MANIFEST.MF entry in the jar file.
Jul 01, 2019 2:39:13 PM java.util.jar.Attributes read
WARNING: Duplicate name in Manifest: SHA-256-Digest.
Ensure that the manifest does not have duplicate entries, and
that blank lines separate individual sections in both your
manifest and in the META-INF/MANIFEST.MF entry in the jar file.
Jul 01, 2019 2:39:13 PM java.util.jar.Attributes read
WARNING: Duplicate name in Manifest: SHA-256-Digest.
Ensure that the manifest does not have duplicate entries, and
that blank lines separate individual sections in both your
manifest and in the META-INF/MANIFEST.MF entry in the jar file.
Jul 01, 2019 2:39:13 PM java.util.jar.Attributes read
WARNING: Duplicate name in Manifest: SHA-256-Digest.
Ensure that the manifest does not have duplicate entries, and
that blank lines separate individual sections in both your
manifest and in the META-INF/MANIFEST.MF entry in the jar file.
Jul 01, 2019 2:39:13 PM java.util.jar.Attributes read
WARNING: Duplicate name in Manifest: SHA-256-Digest.
Ensure that the manifest does not have duplicate entries, and
that blank lines separate individual sections in both your
manifest and in the META-INF/MANIFEST.MF entry in the jar file.
Jul 01, 2019 2:39:13 PM java.util.jar.Attributes read
WARNING: Duplicate name in Manifest: SHA-256-Digest.
Ensure that the manifest does not have duplicate entries, and
that blank lines separate individual sections in both your
manifest and in the META-INF/MANIFEST.MF entry in the jar file.
Jul 01, 2019 2:39:13 PM java.util.jar.Attributes read
WARNING: Duplicate name in Manifest: SHA-256-Digest.
Ensure that the manifest does not have duplicate entries, and
that blank lines separate individual sections in both your
manifest and in the META-INF/MANIFEST.MF entry in the jar file.
Jul 01, 2019 2:39:13 PM java.util.jar.Attributes read
WARNING: Duplicate name in Manifest: SHA-256-Digest.
Ensure that the manifest does not have duplicate entries, and
that blank lines separate individual sections in both your
manifest and in the META-INF/MANIFEST.MF entry in the jar file.
Jul 01, 2019 2:39:13 PM java.util.jar.Attributes read
WARNING: Duplicate name in Manifest: SHA-256-Digest.
Ensure that the manifest does not have duplicate entries, and
that blank lines separate individual sections in both your
manifest and in the META-INF/MANIFEST.MF entry in the jar file.
Jul 01, 2019 2:39:13 PM java.util.jar.Attributes read
WARNING: Duplicate name in Manifest: SHA-256-Digest.
Ensure that the manifest does not have duplicate entries, and
that blank lines separate individual sections in both your
manifest and in the META-INF/MANIFEST.MF entry in the jar file.
Jul 01, 2019 2:39:13 PM java.util.jar.Attributes read
WARNING: Duplicate name in Manifest: SHA-256-Digest.
Ensure that the manifest does not have duplicate entries, and
that blank lines separate individual sections in both your
manifest and in the META-INF/MANIFEST.MF entry in the jar file.
Jul 01, 2019 2:39:13 PM java.util.jar.Attributes read
WARNING: Duplicate name in Manifest: SHA-256-Digest.
Ensure that the manifest does not have duplicate entries, and
that blank lines separate individual sections in both your
manifest and in the META-INF/MANIFEST.MF entry in the jar file.
Jul 01, 2019 2:39:13 PM java.util.jar.Attributes read
WARNING: Duplicate name in Manifest: SHA-256-Digest.
Ensure that the manifest does not have duplicate entries, and
that blank lines separate individual sections in both your
manifest and in the META-INF/MANIFEST.MF entry in the jar file.
Jul 01, 2019 2:39:13 PM java.util.jar.Attributes read
WARNING: Duplicate name in Manifest: SHA-256-Digest.
Ensure that the manifest does not have duplicate entries, and
that blank lines separate individual sections in both your
manifest and in the META-INF/MANIFEST.MF entry in the jar file.
Jul 01, 2019 2:39:13 PM java.util.jar.Attributes read
WARNING: Duplicate name in Manifest: SHA-256-Digest.
Ensure that the manifest does not have duplicate entries, and
that blank lines separate individual sections in both your
manifest and in the META-INF/MANIFEST.MF entry in the jar file.
Jul 01, 2019 2:39:13 PM java.util.jar.Attributes read
WARNING: Duplicate name in Manifest: SHA-256-Digest.
Ensure that the manifest does not have duplicate entries, and
that blank lines separate individual sections in both your
manifest and in the META-INF/MANIFEST.MF entry in the jar file.
Jul 01, 2019 2:39:13 PM java.util.jar.Attributes read
WARNING: Duplicate name in Manifest: SHA-256-Digest.
Ensure that the manifest does not have duplicate entries, and
that blank lines separate individual sections in both your
manifest and in the META-INF/MANIFEST.MF entry in the jar file.
Jul 01, 2019 2:39:13 PM java.util.jar.Attributes read
WARNING: Duplicate name in Manifest: SHA-256-Digest.
Ensure that the manifest does not have duplicate entries, and
that blank lines separate individual sections in both your
manifest and in the META-INF/MANIFEST.MF entry in the jar file.
Jul 01, 2019 2:39:13 PM java.util.jar.Attributes read
WARNING: Duplicate name in Manifest: SHA-256-Digest.
Ensure that the manifest does not have duplicate entries, and
that blank lines separate individual sections in both your
manifest and in the META-INF/MANIFEST.MF entry in the jar file.
Jul 01, 2019 2:39:13 PM java.util.jar.Attributes read
WARNING: Duplicate name in Manifest: SHA-256-Digest.
Ensure that the manifest does not have duplicate entries, and
that blank lines separate individual sections in both your
manifest and in the META-INF/MANIFEST.MF entry in the jar file.
Jul 01, 2019 2:39:13 PM java.util.jar.Attributes read
WARNING: Duplicate name in Manifest: SHA-256-Digest.
Ensure that the manifest does not have duplicate entries, and
that blank lines separate individual sections in both your
manifest and in the META-INF/MANIFEST.MF entry in the jar file.
Jul 01, 2019 2:39:13 PM java.util.jar.Attributes read
WARNING: Duplicate name in Manifest: SHA-256-Digest.
Ensure that the manifest does not have duplicate entries, and
that blank lines separate individual sections in both your
manifest and in the META-INF/MANIFEST.MF entry in the jar file.
Jul 01, 2019 2:39:14 PM java.util.jar.Attributes read
WARNING: Duplicate name in Manifest: SHA-256-Digest.
Ensure that the manifest does not have duplicate entries, and
that blank lines separate individual sections in both your
manifest and in the META-INF/MANIFEST.MF entry in the jar file.
Jul 01, 2019 2:39:14 PM java.util.jar.Attributes read
WARNING: Duplicate name in Manifest: SHA-256-Digest.
Ensure that the manifest does not have duplicate entries, and
that blank lines separate individual sections in both your
manifest and in the META-INF/MANIFEST.MF entry in the jar file.
Jul 01, 2019 2:39:14 PM java.util.jar.Attributes read
WARNING: Duplicate name in Manifest: SHA-256-Digest.
Ensure that the manifest does not have duplicate entries, and
that blank lines separate individual sections in both your
manifest and in the META-INF/MANIFEST.MF entry in the jar file.
Jul 01, 2019 2:39:14 PM java.util.jar.Attributes read
WARNING: Duplicate name in Manifest: SHA-256-Digest.
Ensure that the manifest does not have duplicate entries, and
that blank lines separate individual sections in both your
manifest and in the META-INF/MANIFEST.MF entry in the jar file.
Jul 01, 2019 2:39:14 PM java.util.jar.Attributes read
WARNING: Duplicate name in Manifest: SHA-256-Digest.
Ensure that the manifest does not have duplicate entries, and
that blank lines separate individual sections in both your
manifest and in the META-INF/MANIFEST.MF entry in the jar file.
Jul 01, 2019 2:39:14 PM java.util.jar.Attributes read
WARNING: Duplicate name in Manifest: SHA-256-Digest.
Ensure that the manifest does not have duplicate entries, and
that blank lines separate individual sections in both your
manifest and in the META-INF/MANIFEST.MF entry in the jar file.
Jul 01, 2019 2:39:14 PM java.util.jar.Attributes read
WARNING: Duplicate name in Manifest: SHA-256-Digest.
Ensure that the manifest does not have duplicate entries, and
that blank lines separate individual sections in both your
manifest and in the META-INF/MANIFEST.MF entry in the jar file.
Jul 01, 2019 2:39:14 PM java.util.jar.Attributes read
WARNING: Duplicate name in Manifest: SHA-256-Digest.
Ensure that the manifest does not have duplicate entries, and
that blank lines separate individual sections in both your
manifest and in the META-INF/MANIFEST.MF entry in the jar file.
Jul 01, 2019 2:39:14 PM java.util.jar.Attributes read
WARNING: Duplicate name in Manifest: SHA-256-Digest.
Ensure that the manifest does not have duplicate entries, and
that blank lines separate individual sections in both your
manifest and in the META-INF/MANIFEST.MF entry in the jar file.
Jul 01, 2019 2:39:14 PM java.util.jar.Attributes read
WARNING: Duplicate name in Manifest: SHA-256-Digest.
Ensure that the manifest does not have duplicate entries, and
that blank lines separate individual sections in both your
manifest and in the META-INF/MANIFEST.MF entry in the jar file.
Jul 01, 2019 2:39:14 PM java.util.jar.Attributes read
WARNING: Duplicate name in Manifest: SHA-256-Digest.
Ensure that the manifest does not have duplicate entries, and
that blank lines separate individual sections in both your
manifest and in the META-INF/MANIFEST.MF entry in the jar file.
Jul 01, 2019 2:39:14 PM java.util.jar.Attributes read
WARNING: Duplicate name in Manifest: SHA-256-Digest.
Ensure that the manifest does not have duplicate entries, and
that blank lines separate individual sections in both your
manifest and in the META-INF/MANIFEST.MF entry in the jar file.
Jul 01, 2019 2:39:14 PM java.util.jar.Attributes read
WARNING: Duplicate name in Manifest: SHA-256-Digest.
Ensure that the manifest does not have duplicate entries, and
that blank lines separate individual sections in both your
manifest and in the META-INF/MANIFEST.MF entry in the jar file.
Jul 01, 2019 2:39:14 PM java.util.jar.Attributes read
WARNING: Duplicate name in Manifest: SHA-256-Digest.
Ensure that the manifest does not have duplicate entries, and
that blank lines separate individual sections in both your
manifest and in the META-INF/MANIFEST.MF entry in the jar file.
Jul 01, 2019 2:39:14 PM java.util.jar.Attributes read
WARNING: Duplicate name in Manifest: SHA-256-Digest.
Ensure that the manifest does not have duplicate entries, and
that blank lines separate individual sections in both your
manifest and in the META-INF/MANIFEST.MF entry in the jar file.
Jul 01, 2019 2:39:14 PM java.util.jar.Attributes read
WARNING: Duplicate name in Manifest: SHA-256-Digest.
Ensure that the manifest does not have duplicate entries, and
that blank lines separate individual sections in both your
manifest and in the META-INF/MANIFEST.MF entry in the jar file.
Jul 01, 2019 2:39:14 PM java.util.jar.Attributes read
WARNING: Duplicate name in Manifest: SHA-256-Digest.
Ensure that the manifest does not have duplicate entries, and
that blank lines separate individual sections in both your
manifest and in the META-INF/MANIFEST.MF entry in the jar file.
Jul 01, 2019 2:39:14 PM java.util.jar.Attributes read
WARNING: Duplicate name in Manifest: SHA-256-Digest.
Ensure that the manifest does not have duplicate entries, and
that blank lines separate individual sections in both your
manifest and in the META-INF/MANIFEST.MF entry in the jar file.
Jul 01, 2019 2:39:14 PM java.util.jar.Attributes read
WARNING: Duplicate name in Manifest: SHA-256-Digest.
Ensure that the manifest does not have duplicate entries, and
that blank lines separate individual sections in both your
manifest and in the META-INF/MANIFEST.MF entry in the jar file.
Jul 01, 2019 2:39:14 PM java.util.jar.Attributes read
WARNING: Duplicate name in Manifest: SHA-256-Digest.
Ensure that the manifest does not have duplicate entries, and
that blank lines separate individual sections in both your
manifest and in the META-INF/MANIFEST.MF entry in the jar file.
Jul 01, 2019 2:39:14 PM java.util.jar.Attributes read
WARNING: Duplicate name in Manifest: SHA-256-Digest.
Ensure that the manifest does not have duplicate entries, and
that blank lines separate individual sections in both your
manifest and in the META-INF/MANIFEST.MF entry in the jar file.
Jul 01, 2019 2:39:14 PM java.util.jar.Attributes read
WARNING: Duplicate name in Manifest: SHA-256-Digest.
Ensure that the manifest does not have duplicate entries, and
that blank lines separate individual sections in both your
manifest and in the META-INF/MANIFEST.MF entry in the jar file.
Jul 01, 2019 2:39:14 PM java.util.jar.Attributes read
WARNING: Duplicate name in Manifest: SHA-256-Digest.
Ensure that the manifest does not have duplicate entries, and
that blank lines separate individual sections in both your
manifest and in the META-INF/MANIFEST.MF entry in the jar file.
Jul 01, 2019 2:39:14 PM java.util.jar.Attributes read
WARNING: Duplicate name in Manifest: SHA-256-Digest.
Ensure that the manifest does not have duplicate entries, and
that blank lines separate individual sections in both your
manifest and in the META-INF/MANIFEST.MF entry in the jar file.
Jul 01, 2019 2:39:14 PM java.util.jar.Attributes read
WARNING: Duplicate name in Manifest: SHA-256-Digest.
Ensure that the manifest does not have duplicate entries, and
that blank lines separate individual sections in both your
manifest and in the META-INF/MANIFEST.MF entry in the jar file.
Jul 01, 2019 2:39:14 PM java.util.jar.Attributes read
WARNING: Duplicate name in Manifest: SHA-256-Digest.
Ensure that the manifest does not have duplicate entries, and
that blank lines separate individual sections in both your
manifest and in the META-INF/MANIFEST.MF entry in the jar file.
Jul 01, 2019 2:39:14 PM java.util.jar.Attributes read
WARNING: Duplicate name in Manifest: SHA-256-Digest.
Ensure that the manifest does not have duplicate entries, and
that blank lines separate individual sections in both your
manifest and in the META-INF/MANIFEST.MF entry in the jar file.
Jul 01, 2019 2:39:14 PM java.util.jar.Attributes read
WARNING: Duplicate name in Manifest: SHA-256-Digest.
Ensure that the manifest does not have duplicate entries, and
that blank lines separate individual sections in both your
manifest and in the META-INF/MANIFEST.MF entry in the jar file.
Jul 01, 2019 2:39:14 PM java.util.jar.Attributes read
WARNING: Duplicate name in Manifest: SHA-256-Digest.
Ensure that the manifest does not have duplicate entries, and
that blank lines separate individual sections in both your
manifest and in the META-INF/MANIFEST.MF entry in the jar file.
Jul 01, 2019 2:39:14 PM java.util.jar.Attributes read
WARNING: Duplicate name in Manifest: SHA-256-Digest.
Ensure that the manifest does not have duplicate entries, and
that blank lines separate individual sections in both your
manifest and in the META-INF/MANIFEST.MF entry in the jar file.
Jul 01, 2019 2:39:14 PM java.util.jar.Attributes read
WARNING: Duplicate name in Manifest: SHA-256-Digest.
Ensure that the manifest does not have duplicate entries, and
that blank lines separate individual sections in both your
manifest and in the META-INF/MANIFEST.MF entry in the jar file.
Jul 01, 2019 2:39:14 PM java.util.jar.Attributes read
WARNING: Duplicate name in Manifest: SHA-256-Digest.
Ensure that the manifest does not have duplicate entries, and
that blank lines separate individual sections in both your
manifest and in the META-INF/MANIFEST.MF entry in the jar file.
Jul 01, 2019 2:39:14 PM java.util.jar.Attributes read
WARNING: Duplicate name in Manifest: SHA-256-Digest.
Ensure that the manifest does not have duplicate entries, and
that blank lines separate individual sections in both your
manifest and in the META-INF/MANIFEST.MF entry in the jar file.
Jul 01, 2019 2:39:14 PM java.util.jar.Attributes read
WARNING: Duplicate name in Manifest: SHA-256-Digest.
Ensure that the manifest does not have duplicate entries, and
that blank lines separate individual sections in both your
manifest and in the META-INF/MANIFEST.MF entry in the jar file.
Jul 01, 2019 2:39:14 PM java.util.jar.Attributes read
WARNING: Duplicate name in Manifest: SHA-256-Digest.
Ensure that the manifest does not have duplicate entries, and
that blank lines separate individual sections in both your
manifest and in the META-INF/MANIFEST.MF entry in the jar file.
Jul 01, 2019 2:39:14 PM java.util.jar.Attributes read
WARNING: Duplicate name in Manifest: SHA-256-Digest.
Ensure that the manifest does not have duplicate entries, and
that blank lines separate individual sections in both your
manifest and in the META-INF/MANIFEST.MF entry in the jar file.
Jul 01, 2019 2:39:14 PM java.util.jar.Attributes read
WARNING: Duplicate name in Manifest: SHA-256-Digest.
Ensure that the manifest does not have duplicate entries, and
that blank lines separate individual sections in both your
manifest and in the META-INF/MANIFEST.MF entry in the jar file.
Jul 01, 2019 2:39:14 PM java.util.jar.Attributes read
WARNING: Duplicate name in Manifest: SHA-256-Digest.
Ensure that the manifest does not have duplicate entries, and
that blank lines separate individual sections in both your
manifest and in the META-INF/MANIFEST.MF entry in the jar file.
Jul 01, 2019 2:39:14 PM java.util.jar.Attributes read
WARNING: Duplicate name in Manifest: SHA-256-Digest.
Ensure that the manifest does not have duplicate entries, and
that blank lines separate individual sections in both your
manifest and in the META-INF/MANIFEST.MF entry in the jar file.
Jul 01, 2019 2:39:14 PM java.util.jar.Attributes read
WARNING: Duplicate name in Manifest: SHA-256-Digest.
Ensure that the manifest does not have duplicate entries, and
that blank lines separate individual sections in both your
manifest and in the META-INF/MANIFEST.MF entry in the jar file.
Jul 01, 2019 2:39:14 PM java.util.jar.Attributes read
WARNING: Duplicate name in Manifest: SHA-256-Digest.
Ensure that the manifest does not have duplicate entries, and
that blank lines separate individual sections in both your
manifest and in the META-INF/MANIFEST.MF entry in the jar file.
Jul 01, 2019 2:39:14 PM java.util.jar.Attributes read
WARNING: Duplicate name in Manifest: SHA-256-Digest.
Ensure that the manifest does not have duplicate entries, and
that blank lines separate individual sections in both your
manifest and in the META-INF/MANIFEST.MF entry in the jar file.
Jul 01, 2019 2:39:14 PM java.util.jar.Attributes read
WARNING: Duplicate name in Manifest: SHA-256-Digest.
Ensure that the manifest does not have duplicate entries, and
that blank lines separate individual sections in both your
manifest and in the META-INF/MANIFEST.MF entry in the jar file.
Jul 01, 2019 2:39:14 PM java.util.jar.Attributes read
WARNING: Duplicate name in Manifest: SHA-256-Digest.
Ensure that the manifest does not have duplicate entries, and
that blank lines separate individual sections in both your
manifest and in the META-INF/MANIFEST.MF entry in the jar file.
Jul 01, 2019 2:39:14 PM java.util.jar.Attributes read
WARNING: Duplicate name in Manifest: SHA-256-Digest.
Ensure that the manifest does not have duplicate entries, and
that blank lines separate individual sections in both your
manifest and in the META-INF/MANIFEST.MF entry in the jar file.
Jul 01, 2019 2:39:14 PM java.util.jar.Attributes read
WARNING: Duplicate name in Manifest: SHA-256-Digest.
Ensure that the manifest does not have duplicate entries, and
that blank lines separate individual sections in both your
manifest and in the META-INF/MANIFEST.MF entry in the jar file.
Jul 01, 2019 2:39:14 PM java.util.jar.Attributes read
WARNING: Duplicate name in Manifest: SHA-256-Digest.
Ensure that the manifest does not have duplicate entries, and
that blank lines separate individual sections in both your
manifest and in the META-INF/MANIFEST.MF entry in the jar file.
Jul 01, 2019 2:39:14 PM java.util.jar.Attributes read
WARNING: Duplicate name in Manifest: SHA-256-Digest.
Ensure that the manifest does not have duplicate entries, and
that blank lines separate individual sections in both your
manifest and in the META-INF/MANIFEST.MF entry in the jar file.
Jul 01, 2019 2:39:14 PM java.util.jar.Attributes read
WARNING: Duplicate name in Manifest: SHA-256-Digest.
Ensure that the manifest does not have duplicate entries, and
that blank lines separate individual sections in both your
manifest and in the META-INF/MANIFEST.MF entry in the jar file.
Jul 01, 2019 2:39:14 PM java.util.jar.Attributes read
WARNING: Duplicate name in Manifest: SHA-256-Digest.
Ensure that the manifest does not have duplicate entries, and
that blank lines separate individual sections in both your
manifest and in the META-INF/MANIFEST.MF entry in the jar file.
Jul 01, 2019 2:39:14 PM java.util.jar.Attributes read
WARNING: Duplicate name in Manifest: SHA-256-Digest.
Ensure that the manifest does not have duplicate entries, and
that blank lines separate individual sections in both your
manifest and in the META-INF/MANIFEST.MF entry in the jar file.
Jul 01, 2019 2:39:14 PM java.util.jar.Attributes read
WARNING: Duplicate name in Manifest: SHA-256-Digest.
Ensure that the manifest does not have duplicate entries, and
that blank lines separate individual sections in both your
manifest and in the META-INF/MANIFEST.MF entry in the jar file.
Jul 01, 2019 2:39:14 PM java.util.jar.Attributes read
WARNING: Duplicate name in Manifest: SHA-256-Digest.
Ensure that the manifest does not have duplicate entries, and
that blank lines separate individual sections in both your
manifest and in the META-INF/MANIFEST.MF entry in the jar file.
Jul 01, 2019 2:39:14 PM java.util.jar.Attributes read
WARNING: Duplicate name in Manifest: SHA-256-Digest.
Ensure that the manifest does not have duplicate entries, and
that blank lines separate individual sections in both your
manifest and in the META-INF/MANIFEST.MF entry in the jar file.
Jul 01, 2019 2:39:14 PM java.util.jar.Attributes read
WARNING: Duplicate name in Manifest: SHA-256-Digest.
Ensure that the manifest does not have duplicate entries, and
that blank lines separate individual sections in both your
manifest and in the META-INF/MANIFEST.MF entry in the jar file.
Jul 01, 2019 2:39:14 PM java.util.jar.Attributes read
WARNING: Duplicate name in Manifest: SHA-256-Digest.
Ensure that the manifest does not have duplicate entries, and
that blank lines separate individual sections in both your
manifest and in the META-INF/MANIFEST.MF entry in the jar file.
Jul 01, 2019 2:39:14 PM java.util.jar.Attributes read
WARNING: Duplicate name in Manifest: SHA-256-Digest.
Ensure that the manifest does not have duplicate entries, and
that blank lines separate individual sections in both your
manifest and in the META-INF/MANIFEST.MF entry in the jar file.
Jul 01, 2019 2:39:14 PM java.util.jar.Attributes read
WARNING: Duplicate name in Manifest: SHA-256-Digest.
Ensure that the manifest does not have duplicate entries, and
that blank lines separate individual sections in both your
manifest and in the META-INF/MANIFEST.MF entry in the jar file.
Jul 01, 2019 2:39:14 PM java.util.jar.Attributes read
WARNING: Duplicate name in Manifest: SHA-256-Digest.
Ensure that the manifest does not have duplicate entries, and
that blank lines separate individual sections in both your
manifest and in the META-INF/MANIFEST.MF entry in the jar file.
Jul 01, 2019 2:39:14 PM java.util.jar.Attributes read
WARNING: Duplicate name in Manifest: SHA-256-Digest.
Ensure that the manifest does not have duplicate entries, and
that blank lines separate individual sections in both your
manifest and in the META-INF/MANIFEST.MF entry in the jar file.
Jul 01, 2019 2:39:14 PM java.util.jar.Attributes read
WARNING: Duplicate name in Manifest: SHA-256-Digest.
Ensure that the manifest does not have duplicate entries, and
that blank lines separate individual sections in both your
manifest and in the META-INF/MANIFEST.MF entry in the jar file.
Jul 01, 2019 2:39:14 PM java.util.jar.Attributes read
WARNING: Duplicate name in Manifest: SHA-256-Digest.
Ensure that the manifest does not have duplicate entries, and
that blank lines separate individual sections in both your
manifest and in the META-INF/MANIFEST.MF entry in the jar file.
Jul 01, 2019 2:39:14 PM java.util.jar.Attributes read
WARNING: Duplicate name in Manifest: SHA-256-Digest.
Ensure that the manifest does not have duplicate entries, and
that blank lines separate individual sections in both your
manifest and in the META-INF/MANIFEST.MF entry in the jar file.
Jul 01, 2019 2:39:14 PM java.util.jar.Attributes read
WARNING: Duplicate name in Manifest: SHA-256-Digest.
Ensure that the manifest does not have duplicate entries, and
that blank lines separate individual sections in both your
manifest and in the META-INF/MANIFEST.MF entry in the jar file.
Jul 01, 2019 2:39:14 PM java.util.jar.Attributes read
WARNING: Duplicate name in Manifest: SHA-256-Digest.
Ensure that the manifest does not have duplicate entries, and
that blank lines separate individual sections in both your
manifest and in the META-INF/MANIFEST.MF entry in the jar file.
Jul 01, 2019 2:39:14 PM java.util.jar.Attributes read
WARNING: Duplicate name in Manifest: SHA-256-Digest.
Ensure that the manifest does not have duplicate entries, and
that blank lines separate individual sections in both your
manifest and in the META-INF/MANIFEST.MF entry in the jar file.
Jul 01, 2019 2:39:14 PM java.util.jar.Attributes read
WARNING: Duplicate name in Manifest: SHA-256-Digest.
Ensure that the manifest does not have duplicate entries, and
that blank lines separate individual sections in both your
manifest and in the META-INF/MANIFEST.MF entry in the jar file.
Jul 01, 2019 2:39:14 PM java.util.jar.Attributes read
WARNING: Duplicate name in Manifest: SHA-256-Digest.
Ensure that the manifest does not have duplicate entries, and
that blank lines separate individual sections in both your
manifest and in the META-INF/MANIFEST.MF entry in the jar file.
Jul 01, 2019 2:39:14 PM java.util.jar.Attributes read
WARNING: Duplicate name in Manifest: SHA-256-Digest.
Ensure that the manifest does not have duplicate entries, and
that blank lines separate individual sections in both your
manifest and in the META-INF/MANIFEST.MF entry in the jar file.
Jul 01, 2019 2:39:14 PM java.util.jar.Attributes read
WARNING: Duplicate name in Manifest: SHA-256-Digest.
Ensure that the manifest does not have duplicate entries, and
that blank lines separate individual sections in both your
manifest and in the META-INF/MANIFEST.MF entry in the jar file.
Jul 01, 2019 2:39:14 PM java.util.jar.Attributes read
WARNING: Duplicate name in Manifest: SHA-256-Digest.
Ensure that the manifest does not have duplicate entries, and
that blank lines separate individual sections in both your
manifest and in the META-INF/MANIFEST.MF entry in the jar file.
Jul 01, 2019 2:39:14 PM java.util.jar.Attributes read
WARNING: Duplicate name in Manifest: SHA-256-Digest.
Ensure that the manifest does not have duplicate entries, and
that blank lines separate individual sections in both your
manifest and in the META-INF/MANIFEST.MF entry in the jar file.
Jul 01, 2019 2:39:14 PM java.util.jar.Attributes read
WARNING: Duplicate name in Manifest: SHA-256-Digest.
Ensure that the manifest does not have duplicate entries, and
that blank lines separate individual sections in both your
manifest and in the META-INF/MANIFEST.MF entry in the jar file.
Jul 01, 2019 2:39:14 PM java.util.jar.Attributes read
WARNING: Duplicate name in Manifest: SHA-256-Digest.
Ensure that the manifest does not have duplicate entries, and
that blank lines separate individual sections in both your
manifest and in the META-INF/MANIFEST.MF entry in the jar file.
Jul 01, 2019 2:39:14 PM java.util.jar.Attributes read
WARNING: Duplicate name in Manifest: SHA-256-Digest.
Ensure that the manifest does not have duplicate entries, and
that blank lines separate individual sections in both your
manifest and in the META-INF/MANIFEST.MF entry in the jar file.
Jul 01, 2019 2:39:14 PM java.util.jar.Attributes read
WARNING: Duplicate name in Manifest: SHA-256-Digest.
Ensure that the manifest does not have duplicate entries, and
that blank lines separate individual sections in both your
manifest and in the META-INF/MANIFEST.MF entry in the jar file.
Jul 01, 2019 2:39:14 PM java.util.jar.Attributes read
WARNING: Duplicate name in Manifest: SHA-256-Digest.
Ensure that the manifest does not have duplicate entries, and
that blank lines separate individual sections in both your
manifest and in the META-INF/MANIFEST.MF entry in the jar file.
Jul 01, 2019 2:39:14 PM java.util.jar.Attributes read
WARNING: Duplicate name in Manifest: SHA-256-Digest.
Ensure that the manifest does not have duplicate entries, and
that blank lines separate individual sections in both your
manifest and in the META-INF/MANIFEST.MF entry in the jar file.
Jul 01, 2019 2:39:14 PM java.util.jar.Attributes read
WARNING: Duplicate name in Manifest: SHA-256-Digest.
Ensure that the manifest does not have duplicate entries, and
that blank lines separate individual sections in both your
manifest and in the META-INF/MANIFEST.MF entry in the jar file.
Jul 01, 2019 2:39:14 PM java.util.jar.Attributes read
WARNING: Duplicate name in Manifest: SHA-256-Digest.
Ensure that the manifest does not have duplicate entries, and
that blank lines separate individual sections in both your
manifest and in the META-INF/MANIFEST.MF entry in the jar file.
Jul 01, 2019 2:39:14 PM java.util.jar.Attributes read
WARNING: Duplicate name in Manifest: SHA-256-Digest.
Ensure that the manifest does not have duplicate entries, and
that blank lines separate individual sections in both your
manifest and in the META-INF/MANIFEST.MF entry in the jar file.
Jul 01, 2019 2:39:14 PM java.util.jar.Attributes read
WARNING: Duplicate name in Manifest: SHA-256-Digest.
Ensure that the manifest does not have duplicate entries, and
that blank lines separate individual sections in both your
manifest and in the META-INF/MANIFEST.MF entry in the jar file.
Jul 01, 2019 2:39:14 PM java.util.jar.Attributes read
WARNING: Duplicate name in Manifest: SHA-256-Digest.
Ensure that the manifest does not have duplicate entries, and
that blank lines separate individual sections in both your
manifest and in the META-INF/MANIFEST.MF entry in the jar file.
Jul 01, 2019 2:39:14 PM java.util.jar.Attributes read
WARNING: Duplicate name in Manifest: SHA-256-Digest.
Ensure that the manifest does not have duplicate entries, and
that blank lines separate individual sections in both your
manifest and in the META-INF/MANIFEST.MF entry in the jar file.
Jul 01, 2019 2:39:14 PM java.util.jar.Attributes read
WARNING: Duplicate name in Manifest: SHA-256-Digest.
Ensure that the manifest does not have duplicate entries, and
that blank lines separate individual sections in both your
manifest and in the META-INF/MANIFEST.MF entry in the jar file.
Jul 01, 2019 2:39:14 PM java.util.jar.Attributes read
WARNING: Duplicate name in Manifest: SHA-256-Digest.
Ensure that the manifest does not have duplicate entries, and
that blank lines separate individual sections in both your
manifest and in the META-INF/MANIFEST.MF entry in the jar file.
Jul 01, 2019 2:39:14 PM java.util.jar.Attributes read
WARNING: Duplicate name in Manifest: SHA-256-Digest.
Ensure that the manifest does not have duplicate entries, and
that blank lines separate individual sections in both your
manifest and in the META-INF/MANIFEST.MF entry in the jar file.
Jul 01, 2019 2:39:14 PM java.util.jar.Attributes read
WARNING: Duplicate name in Manifest: SHA-256-Digest.
Ensure that the manifest does not have duplicate entries, and
that blank lines separate individual sections in both your
manifest and in the META-INF/MANIFEST.MF entry in the jar file.
Jul 01, 2019 2:39:14 PM java.util.jar.Attributes read
WARNING: Duplicate name in Manifest: SHA-256-Digest.
Ensure that the manifest does not have duplicate entries, and
that blank lines separate individual sections in both your
manifest and in the META-INF/MANIFEST.MF entry in the jar file.
Jul 01, 2019 2:39:14 PM java.util.jar.Attributes read
WARNING: Duplicate name in Manifest: SHA-256-Digest.
Ensure that the manifest does not have duplicate entries, and
that blank lines separate individual sections in both your
manifest and in the META-INF/MANIFEST.MF entry in the jar file.
Jul 01, 2019 2:39:14 PM java.util.jar.Attributes read
WARNING: Duplicate name in Manifest: SHA-256-Digest.
Ensure that the manifest does not have duplicate entries, and
that blank lines separate individual sections in both your
manifest and in the META-INF/MANIFEST.MF entry in the jar file.
Jul 01, 2019 2:39:14 PM java.util.jar.Attributes read
WARNING: Duplicate name in Manifest: SHA-256-Digest.
Ensure that the manifest does not have duplicate entries, and
that blank lines separate individual sections in both your
manifest and in the META-INF/MANIFEST.MF entry in the jar file.
Jul 01, 2019 2:39:14 PM java.util.jar.Attributes read
WARNING: Duplicate name in Manifest: SHA-256-Digest.
Ensure that the manifest does not have duplicate entries, and
that blank lines separate individual sections in both your
manifest and in the META-INF/MANIFEST.MF entry in the jar file.
Jul 01, 2019 2:39:14 PM java.util.jar.Attributes read
WARNING: Duplicate name in Manifest: SHA-256-Digest.
Ensure that the manifest does not have duplicate entries, and
that blank lines separate individual sections in both your
manifest and in the META-INF/MANIFEST.MF entry in the jar file.
Jul 01, 2019 2:39:14 PM java.util.jar.Attributes read
WARNING: Duplicate name in Manifest: SHA-256-Digest.
Ensure that the manifest does not have duplicate entries, and
that blank lines separate individual sections in both your
manifest and in the META-INF/MANIFEST.MF entry in the jar file.
Jul 01, 2019 2:39:14 PM java.util.jar.Attributes read
WARNING: Duplicate name in Manifest: SHA-256-Digest.
Ensure that the manifest does not have duplicate entries, and
that blank lines separate individual sections in both your
manifest and in the META-INF/MANIFEST.MF entry in the jar file.
Jul 01, 2019 2:39:14 PM java.util.jar.Attributes read
WARNING: Duplicate name in Manifest: SHA-256-Digest.
Ensure that the manifest does not have duplicate entries, and
that blank lines separate individual sections in both your
manifest and in the META-INF/MANIFEST.MF entry in the jar file.
Jul 01, 2019 2:39:14 PM java.util.jar.Attributes read
WARNING: Duplicate name in Manifest: SHA-256-Digest.
Ensure that the manifest does not have duplicate entries, and
that blank lines separate individual sections in both your
manifest and in the META-INF/MANIFEST.MF entry in the jar file.
Jul 01, 2019 2:39:14 PM java.util.jar.Attributes read
WARNING: Duplicate name in Manifest: SHA-256-Digest.
Ensure that the manifest does not have duplicate entries, and
that blank lines separate individual sections in both your
manifest and in the META-INF/MANIFEST.MF entry in the jar file.
Jul 01, 2019 2:39:14 PM java.util.jar.Attributes read
WARNING: Duplicate name in Manifest: SHA-256-Digest.
Ensure that the manifest does not have duplicate entries, and
that blank lines separate individual sections in both your
manifest and in the META-INF/MANIFEST.MF entry in the jar file.
Jul 01, 2019 2:39:14 PM java.util.jar.Attributes read
WARNING: Duplicate name in Manifest: SHA-256-Digest.
Ensure that the manifest does not have duplicate entries, and
that blank lines separate individual sections in both your
manifest and in the META-INF/MANIFEST.MF entry in the jar file.
Jul 01, 2019 2:39:14 PM java.util.jar.Attributes read
WARNING: Duplicate name in Manifest: SHA-256-Digest.
Ensure that the manifest does not have duplicate entries, and
that blank lines separate individual sections in both your
manifest and in the META-INF/MANIFEST.MF entry in the jar file.
Jul 01, 2019 2:39:14 PM java.util.jar.Attributes read
WARNING: Duplicate name in Manifest: SHA-256-Digest.
Ensure that the manifest does not have duplicate entries, and
that blank lines separate individual sections in both your
manifest and in the META-INF/MANIFEST.MF entry in the jar file.
Jul 01, 2019 2:39:14 PM java.util.jar.Attributes read
WARNING: Duplicate name in Manifest: SHA-256-Digest.
Ensure that the manifest does not have duplicate entries, and
that blank lines separate individual sections in both your
manifest and in the META-INF/MANIFEST.MF entry in the jar file.
Jul 01, 2019 2:39:14 PM java.util.jar.Attributes read
WARNING: Duplicate name in Manifest: SHA-256-Digest.
Ensure that the manifest does not have duplicate entries, and
that blank lines separate individual sections in both your
manifest and in the META-INF/MANIFEST.MF entry in the jar file.
Jul 01, 2019 2:39:14 PM java.util.jar.Attributes read
WARNING: Duplicate name in Manifest: SHA-256-Digest.
Ensure that the manifest does not have duplicate entries, and
that blank lines separate individual sections in both your
manifest and in the META-INF/MANIFEST.MF entry in the jar file.
[INFO ] fr.inria.astor.core.setup.ProjectConfiguration.getVersionJDK(ProjectConfiguration.java:282) - Version of the JVM used: 1.7.0_80
[INFO ] fr.inria.main.AbstractMain.processArguments(AbstractMain.java:388) - Java version of the JDK used to run tests: 1.7.0_80
[INFO ] fr.inria.main.AbstractMain.processArguments(AbstractMain.java:389) - The compliance of the JVM is:  7
[INFO ] fr.inria.main.AbstractMain.processArguments(AbstractMain.java:667) - command line arguments: [-mode  jgenprog  -benchmark  Defects4J  -location  .  -id  Mockito-3  -failing  org.mockitousage.bugs.varargs.VarargsAndAnyObjectPicksUpExtraInvocationsTest:org.mockitousage.bugs.varargs.VarargsNotPlayingWithAnyObjectTest:org.mockito.internal.invocation.InvocationMatcherTest:org.mockitousage.matchers.CapturingArgumentsTest  -jvm4testexecution  /home/wp/tool/jdk1.7.0_80/bin/  -jvm4evosuitetestexecution  /home/wp/tool/jdk1.7.0_80/bin/  -maxgen  1000000  -maxtime  120  -stopfirst  true  -seed  0  -scope  local  -population  1  -javacompliancelevel  7  -srcjavafolder  src  -srctestfolder  test  -binjavafolder  build/classes/main/  -bintestfolder  build/classes/test/  -parameters  x:x  -dependencies  /tmp/jGenProg_Defects4J_Mockito_3/build/classes/main/:/tmp/jGenProg_Defects4J_Mockito_3/build/classes/test/:/tmp/jGenProg_Defects4J_Mockito_3/lib/build/jarjar-1.0.jar:/tmp/jGenProg_Defects4J_Mockito_3/lib/build/sorcerer.jar:/tmp/jGenProg_Defects4J_Mockito_3/lib/build/jaxen-1.1.1.jar:/tmp/jGenProg_Defects4J_Mockito_3/lib/build/maven-ant-tasks-2.0.9.jar:/tmp/jGenProg_Defects4J_Mockito_3/lib/build/asm-3.1.jar:/tmp/jGenProg_Defects4J_Mockito_3/lib/build/bnd-0.0.313.jar:/tmp/jGenProg_Defects4J_Mockito_3/lib/build/ant-googlecode-0.0.3.jar:/tmp/jGenProg_Defects4J_Mockito_3/lib/build/pmd-4.1.jar:/tmp/jGenProg_Defects4J_Mockito_3/lib/build/ant4hg-V0.07.jar:/tmp/jGenProg_Defects4J_Mockito_3/lib/repackaged/cglib-and-asm-1.0.jar:/tmp/jGenProg_Defects4J_Mockito_3/lib/sources/cglib-and-asm-1.0-sources.jar:/tmp/jGenProg_Defects4J_Mockito_3/lib/test/fest-assert-1.3.jar:/tmp/jGenProg_Defects4J_Mockito_3/lib/test/fest-util-1.1.4.jar:/tmp/jGenProg_Defects4J_Mockito_3/lib/test/powermock-reflect-1.2.5.jar:/home/wp/RepairThemAll/script/../benchmarks/defects4j/framework/projects/Mockito/lib/cobertura-2.0.3.jar:/home/wp/RepairThemAll/script/../benchmarks/defects4j/framework/projects/Mockito/lib/objenesis-2.2.jar:/home/wp/RepairThemAll/script/../benchmarks/defects4j/framework/projects/Mockito/lib/objenesis-2.1.jar:/home/wp/RepairThemAll/script/../benchmarks/defects4j/framework/projects/Mockito/lib/fest-assert-1.3.jar:/home/wp/RepairThemAll/script/../benchmarks/defects4j/framework/projects/Mockito/lib/cglib-and-asm-1.0.jar:/home/wp/RepairThemAll/script/../benchmarks/defects4j/framework/projects/Mockito/lib/asm-all-5.0.4.jar:/home/wp/RepairThemAll/script/../benchmarks/defects4j/framework/projects/Mockito/lib/hamcrest-core-1.1.jar:/home/wp/RepairThemAll/script/../benchmarks/defects4j/framework/projects/Mockito/lib/hamcrest-all-1.3.jar:/home/wp/RepairThemAll/script/../benchmarks/defects4j/framework/projects/Mockito/lib/fest-util-1.1.4.jar:/home/wp/RepairThemAll/script/../benchmarks/defects4j/framework/projects/Mockito/lib/assertj-core-2.1.0.jar:/home/wp/RepairThemAll/script/../benchmarks/defects4j/framework/projects/Mockito/lib/powermock-reflect-1.2.5.jar:/home/wp/RepairThemAll/script/../benchmarks/defects4j/framework/projects/lib/junit-4.11.jar:/home/wp/RepairThemAll/script/../benchmarks/defects4j/framework/projects/lib/cobertura-2.0.3.jar]
[INFO ] fr.inria.main.evolution.AstorMain.execute(AstorMain.java:287) - Running Astor on a JDK at /home/wp/tool/jdk1.8.0_71/jre
[INFO ] fr.inria.main.AbstractMain.determineSourceFolders(AbstractMain.java:967) - Source folders: [/tmp/jGenProg_Defects4J_Mockito_3/./src]
[INFO ] fr.inria.main.AbstractMain.determineSourceFolders(AbstractMain.java:986) - Source Test folders: [/tmp/jGenProg_Defects4J_Mockito_3/./test]
[INFO ] fr.inria.astor.core.solutionsearch.AstorCoreEngine.initPopulation(AstorCoreEngine.java:707) - 
---- Creating spoon model
[INFO ] fr.inria.astor.core.solutionsearch.AstorCoreEngine.initModel(AstorCoreEngine.java:806) - Creating model,  Code location from working folder: /tmp/jGenProg_Defects4J_Mockito_3/./src
[INFO ] fr.inria.astor.core.manipulation.MutationSupporter.buildModel(MutationSupporter.java:66) - building model: /tmp/jGenProg_Defects4J_Mockito_3/./src, compliance level: 7
[INFO ] fr.inria.astor.core.manipulation.MutationSupporter.buildModel(MutationSupporter.java:79) - Classpath (Dependencies) for building SpoonModel: [/tmp/jGenProg_Defects4J_Mockito_3/build/classes/main/, /tmp/jGenProg_Defects4J_Mockito_3/build/classes/test/, /tmp/jGenProg_Defects4J_Mockito_3/lib/build/jarjar-1.0.jar, /tmp/jGenProg_Defects4J_Mockito_3/lib/build/sorcerer.jar, /tmp/jGenProg_Defects4J_Mockito_3/lib/build/jaxen-1.1.1.jar, /tmp/jGenProg_Defects4J_Mockito_3/lib/build/maven-ant-tasks-2.0.9.jar, /tmp/jGenProg_Defects4J_Mockito_3/lib/build/asm-3.1.jar, /tmp/jGenProg_Defects4J_Mockito_3/lib/build/bnd-0.0.313.jar, /tmp/jGenProg_Defects4J_Mockito_3/lib/build/ant-googlecode-0.0.3.jar, /tmp/jGenProg_Defects4J_Mockito_3/lib/build/pmd-4.1.jar, /tmp/jGenProg_Defects4J_Mockito_3/lib/build/ant4hg-V0.07.jar, /tmp/jGenProg_Defects4J_Mockito_3/lib/repackaged/cglib-and-asm-1.0.jar, /tmp/jGenProg_Defects4J_Mockito_3/lib/sources/cglib-and-asm-1.0-sources.jar, /tmp/jGenProg_Defects4J_Mockito_3/lib/test/fest-assert-1.3.jar, /tmp/jGenProg_Defects4J_Mockito_3/lib/test/fest-util-1.1.4.jar, /tmp/jGenProg_Defects4J_Mockito_3/lib/test/powermock-reflect-1.2.5.jar, /home/wp/RepairThemAll/script/../benchmarks/defects4j/framework/projects/Mockito/lib/cobertura-2.0.3.jar, /home/wp/RepairThemAll/script/../benchmarks/defects4j/framework/projects/Mockito/lib/objenesis-2.2.jar, /home/wp/RepairThemAll/script/../benchmarks/defects4j/framework/projects/Mockito/lib/objenesis-2.1.jar, /home/wp/RepairThemAll/script/../benchmarks/defects4j/framework/projects/Mockito/lib/fest-assert-1.3.jar, /home/wp/RepairThemAll/script/../benchmarks/defects4j/framework/projects/Mockito/lib/cglib-and-asm-1.0.jar, /home/wp/RepairThemAll/script/../benchmarks/defects4j/framework/projects/Mockito/lib/asm-all-5.0.4.jar, /home/wp/RepairThemAll/script/../benchmarks/defects4j/framework/projects/Mockito/lib/hamcrest-core-1.1.jar, /home/wp/RepairThemAll/script/../benchmarks/defects4j/framework/projects/Mockito/lib/hamcrest-all-1.3.jar, /home/wp/RepairThemAll/script/../benchmarks/defects4j/framework/projects/Mockito/lib/fest-util-1.1.4.jar, /home/wp/RepairThemAll/script/../benchmarks/defects4j/framework/projects/Mockito/lib/assertj-core-2.1.0.jar, /home/wp/RepairThemAll/script/../benchmarks/defects4j/framework/projects/Mockito/lib/powermock-reflect-1.2.5.jar, /home/wp/RepairThemAll/script/../benchmarks/defects4j/framework/projects/lib/junit-4.11.jar, /home/wp/RepairThemAll/script/../benchmarks/defects4j/framework/projects/lib/cobertura-2.0.3.jar]
[INFO ] fr.inria.astor.core.solutionsearch.AstorCoreEngine.initPopulation(AstorCoreEngine.java:711) - 
---- Initial suspicious size: 760
[INFO ] fr.inria.astor.core.solutionsearch.population.ProgramVariantFactory.createModificationPoints(ProgramVariantFactory.java:215) -  Not ctClass for suspicious code Candidate [className=org.mockito.internal.creation.bytebuddy.ByteBuddyMockMaker, methodName=null, lineNumber=22, susp=0.0]
[INFO ] fr.inria.astor.core.solutionsearch.population.ProgramVariantFactory.createModificationPoints(ProgramVariantFactory.java:215) -  Not ctClass for suspicious code Candidate [className=org.mockito.internal.creation.bytebuddy.ByteBuddyMockMaker, methodName=null, lineNumber=24, susp=0.0]
[INFO ] fr.inria.astor.core.solutionsearch.population.ProgramVariantFactory.createModificationPoints(ProgramVariantFactory.java:215) -  Not ctClass for suspicious code Candidate [className=org.mockito.internal.creation.bytebuddy.ByteBuddyMockMaker, methodName=null, lineNumber=49, susp=0.0]
[INFO ] fr.inria.astor.core.solutionsearch.population.ProgramVariantFactory.createModificationPoints(ProgramVariantFactory.java:215) -  Not ctClass for suspicious code Candidate [className=org.mockito.internal.creation.bytebuddy.ByteBuddyMockMaker, methodName=null, lineNumber=54, susp=0.0]
[INFO ] fr.inria.astor.core.solutionsearch.population.ProgramVariantFactory.createModificationPoints(ProgramVariantFactory.java:215) -  Not ctClass for suspicious code Candidate [className=org.mockito.internal.creation.bytebuddy.CachingMockBytecodeGenerator, methodName=null, lineNumber=24, susp=0.0]
[INFO ] fr.inria.astor.core.solutionsearch.population.ProgramVariantFactory.createModificationPoints(ProgramVariantFactory.java:215) -  Not ctClass for suspicious code Candidate [className=org.mockito.internal.creation.bytebuddy.CachingMockBytecodeGenerator, methodName=null, lineNumber=27, susp=0.0]
[INFO ] fr.inria.astor.core.solutionsearch.population.ProgramVariantFactory.createModificationPoints(ProgramVariantFactory.java:215) -  Not ctClass for suspicious code Candidate [className=org.mockito.internal.creation.bytebuddy.CachingMockBytecodeGenerator, methodName=null, lineNumber=31, susp=0.0]
[INFO ] fr.inria.astor.core.solutionsearch.population.ProgramVariantFactory.createModificationPoints(ProgramVariantFactory.java:215) -  Not ctClass for suspicious code Candidate [className=org.mockito.internal.creation.bytebuddy.CachingMockBytecodeGenerator, methodName=null, lineNumber=33, susp=0.0]
[INFO ] fr.inria.astor.core.solutionsearch.population.ProgramVariantFactory.createModificationPoints(ProgramVariantFactory.java:215) -  Not ctClass for suspicious code Candidate [className=org.mockito.internal.creation.bytebuddy.CachingMockBytecodeGenerator, methodName=null, lineNumber=38, susp=0.0]
[INFO ] fr.inria.astor.core.solutionsearch.population.ProgramVariantFactory.createModificationPoints(ProgramVariantFactory.java:215) -  Not ctClass for suspicious code Candidate [className=org.mockito.internal.creation.bytebuddy.CachingMockBytecodeGenerator, methodName=null, lineNumber=39, susp=0.0]
[INFO ] fr.inria.astor.core.solutionsearch.population.ProgramVariantFactory.createModificationPoints(ProgramVariantFactory.java:215) -  Not ctClass for suspicious code Candidate [className=org.mockito.internal.creation.bytebuddy.CachingMockBytecodeGenerator, methodName=null, lineNumber=44, susp=0.0]
[INFO ] fr.inria.astor.core.solutionsearch.population.ProgramVariantFactory.createModificationPoints(ProgramVariantFactory.java:215) -  Not ctClass for suspicious code Candidate [className=org.mockito.internal.creation.bytebuddy.MockBytecodeGenerator, methodName=null, lineNumber=34, susp=0.0]
[INFO ] fr.inria.astor.core.solutionsearch.population.ProgramVariantFactory.createModificationPoints(ProgramVariantFactory.java:215) -  Not ctClass for suspicious code Candidate [className=org.mockito.internal.creation.bytebuddy.MockBytecodeGenerator, methodName=null, lineNumber=44, susp=0.0]
[INFO ] fr.inria.astor.core.solutionsearch.population.ProgramVariantFactory.createModificationPoints(ProgramVariantFactory.java:215) -  Not ctClass for suspicious code Candidate [className=org.mockito.internal.creation.bytebuddy.MockBytecodeGenerator, methodName=null, lineNumber=48, susp=0.0]
[INFO ] fr.inria.astor.core.solutionsearch.population.ProgramVariantFactory.createModificationPoints(ProgramVariantFactory.java:215) -  Not ctClass for suspicious code Candidate [className=org.mockito.internal.creation.bytebuddy.MockBytecodeGenerator, methodName=null, lineNumber=49, susp=0.0]
[INFO ] fr.inria.astor.core.solutionsearch.population.ProgramVariantFactory.createModificationPoints(ProgramVariantFactory.java:215) -  Not ctClass for suspicious code Candidate [className=org.mockito.internal.creation.bytebuddy.MockBytecodeGenerator, methodName=null, lineNumber=51, susp=0.0]
[INFO ] fr.inria.astor.core.solutionsearch.population.ProgramVariantFactory.createModificationPoints(ProgramVariantFactory.java:215) -  Not ctClass for suspicious code Candidate [className=org.mockito.internal.creation.bytebuddy.MockBytecodeGenerator, methodName=null, lineNumber=52, susp=0.0]
[INFO ] fr.inria.astor.core.solutionsearch.population.ProgramVariantFactory.createModificationPoints(ProgramVariantFactory.java:215) -  Not ctClass for suspicious code Candidate [className=org.mockito.internal.creation.bytebuddy.MockBytecodeGenerator, methodName=null, lineNumber=55, susp=0.0]
[INFO ] fr.inria.astor.core.solutionsearch.population.ProgramVariantFactory.createModificationPoints(ProgramVariantFactory.java:215) -  Not ctClass for suspicious code Candidate [className=org.mockito.internal.creation.bytebuddy.MockBytecodeGenerator, methodName=null, lineNumber=62, susp=0.0]
[INFO ] fr.inria.astor.core.solutionsearch.population.ProgramVariantFactory.createModificationPoints(ProgramVariantFactory.java:215) -  Not ctClass for suspicious code Candidate [className=org.mockito.internal.creation.bytebuddy.MockBytecodeGenerator, methodName=null, lineNumber=63, susp=0.0]
[INFO ] fr.inria.astor.core.solutionsearch.population.ProgramVariantFactory.createModificationPoints(ProgramVariantFactory.java:215) -  Not ctClass for suspicious code Candidate [className=org.mockito.internal.creation.bytebuddy.MockBytecodeGenerator, methodName=null, lineNumber=68, susp=0.0]
[INFO ] fr.inria.astor.core.solutionsearch.population.ProgramVariantFactory.createModificationPoints(ProgramVariantFactory.java:215) -  Not ctClass for suspicious code Candidate [className=org.mockito.internal.creation.bytebuddy.MockBytecodeGenerator, methodName=null, lineNumber=72, susp=0.0]
[INFO ] fr.inria.astor.core.solutionsearch.population.ProgramVariantFactory.createModificationPoints(ProgramVariantFactory.java:215) -  Not ctClass for suspicious code Candidate [className=org.mockito.internal.creation.bytebuddy.MockFeatures, methodName=null, lineNumber=11, susp=0.0]
[INFO ] fr.inria.astor.core.solutionsearch.population.ProgramVariantFactory.createModificationPoints(ProgramVariantFactory.java:215) -  Not ctClass for suspicious code Candidate [className=org.mockito.internal.creation.bytebuddy.MockFeatures, methodName=null, lineNumber=12, susp=0.0]
[INFO ] fr.inria.astor.core.solutionsearch.population.ProgramVariantFactory.createModificationPoints(ProgramVariantFactory.java:215) -  Not ctClass for suspicious code Candidate [className=org.mockito.internal.creation.bytebuddy.MockFeatures, methodName=null, lineNumber=13, susp=0.0]
[INFO ] fr.inria.astor.core.solutionsearch.population.ProgramVariantFactory.createModificationPoints(ProgramVariantFactory.java:215) -  Not ctClass for suspicious code Candidate [className=org.mockito.internal.creation.bytebuddy.MockFeatures, methodName=null, lineNumber=14, susp=0.0]
[INFO ] fr.inria.astor.core.solutionsearch.population.ProgramVariantFactory.createModificationPoints(ProgramVariantFactory.java:215) -  Not ctClass for suspicious code Candidate [className=org.mockito.internal.creation.bytebuddy.MockFeatures, methodName=null, lineNumber=15, susp=0.0]
[INFO ] fr.inria.astor.core.solutionsearch.population.ProgramVariantFactory.createModificationPoints(ProgramVariantFactory.java:215) -  Not ctClass for suspicious code Candidate [className=org.mockito.internal.creation.bytebuddy.MockFeatures, methodName=null, lineNumber=18, susp=0.0]
[INFO ] fr.inria.astor.core.solutionsearch.population.ProgramVariantFactory.createModificationPoints(ProgramVariantFactory.java:215) -  Not ctClass for suspicious code Candidate [className=org.mockito.internal.creation.bytebuddy.ByteBuddyMockMaker, methodName=null, lineNumber=17, susp=0.0]
[INFO ] fr.inria.astor.core.solutionsearch.population.ProgramVariantFactory.createModificationPoints(ProgramVariantFactory.java:215) -  Not ctClass for suspicious code Candidate [className=org.mockito.internal.creation.bytebuddy.ByteBuddyMockMaker, methodName=null, lineNumber=18, susp=0.0]
[INFO ] fr.inria.astor.core.solutionsearch.population.ProgramVariantFactory.createModificationPoints(ProgramVariantFactory.java:215) -  Not ctClass for suspicious code Candidate [className=org.mockito.internal.creation.bytebuddy.ByteBuddyMockMaker, methodName=null, lineNumber=19, susp=0.0]
[INFO ] fr.inria.astor.core.solutionsearch.population.ProgramVariantFactory.createModificationPoints(ProgramVariantFactory.java:215) -  Not ctClass for suspicious code Candidate [className=org.mockito.internal.creation.bytebuddy.CachingMockBytecodeGenerator, methodName=null, lineNumber=14, susp=0.0]
[INFO ] fr.inria.astor.core.solutionsearch.population.ProgramVariantFactory.createModificationPoints(ProgramVariantFactory.java:215) -  Not ctClass for suspicious code Candidate [className=org.mockito.internal.creation.bytebuddy.CachingMockBytecodeGenerator, methodName=null, lineNumber=16, susp=0.0]
[INFO ] fr.inria.astor.core.solutionsearch.population.ProgramVariantFactory.createModificationPoints(ProgramVariantFactory.java:215) -  Not ctClass for suspicious code Candidate [className=org.mockito.internal.creation.bytebuddy.CachingMockBytecodeGenerator, methodName=null, lineNumber=17, susp=0.0]
[INFO ] fr.inria.astor.core.solutionsearch.population.ProgramVariantFactory.createModificationPoints(ProgramVariantFactory.java:215) -  Not ctClass for suspicious code Candidate [className=org.mockito.internal.creation.bytebuddy.CachingMockBytecodeGenerator, methodName=null, lineNumber=20, susp=0.0]
[INFO ] fr.inria.astor.core.solutionsearch.population.ProgramVariantFactory.createModificationPoints(ProgramVariantFactory.java:215) -  Not ctClass for suspicious code Candidate [className=org.mockito.internal.creation.bytebuddy.CachingMockBytecodeGenerator, methodName=null, lineNumber=47, susp=0.0]
[INFO ] fr.inria.astor.core.solutionsearch.population.ProgramVariantFactory.createModificationPoints(ProgramVariantFactory.java:215) -  Not ctClass for suspicious code Candidate [className=org.mockito.internal.creation.bytebuddy.MockBytecodeGenerator, methodName=null, lineNumber=24, susp=0.0]
[INFO ] fr.inria.astor.core.solutionsearch.population.ProgramVariantFactory.createModificationPoints(ProgramVariantFactory.java:215) -  Not ctClass for suspicious code Candidate [className=org.mockito.internal.creation.bytebuddy.MockBytecodeGenerator, methodName=null, lineNumber=25, susp=0.0]
[INFO ] fr.inria.astor.core.solutionsearch.population.ProgramVariantFactory.createModificationPoints(ProgramVariantFactory.java:215) -  Not ctClass for suspicious code Candidate [className=org.mockito.internal.creation.bytebuddy.MockBytecodeGenerator, methodName=null, lineNumber=30, susp=0.0]
[INFO ] fr.inria.astor.core.solutionsearch.population.ProgramVariantFactory.createModificationPoints(ProgramVariantFactory.java:215) -  Not ctClass for suspicious code Candidate [className=org.mockito.internal.creation.bytebuddy.MockBytecodeGenerator, methodName=null, lineNumber=31, susp=0.0]
[INFO ] fr.inria.astor.core.solutionsearch.population.ProgramVariantFactory.createModificationPoints(ProgramVariantFactory.java:215) -  Not ctClass for suspicious code Candidate [className=org.mockito.internal.creation.bytebuddy.MockBytecodeGenerator, methodName=null, lineNumber=78, susp=0.0]
[INFO ] fr.inria.astor.core.solutionsearch.population.ProgramVariantFactory.createModificationPoints(ProgramVariantFactory.java:215) -  Not ctClass for suspicious code Candidate [className=org.mockito.internal.creation.bytebuddy.MockBytecodeGenerator, methodName=null, lineNumber=82, susp=0.0]
[INFO ] fr.inria.astor.core.solutionsearch.population.ProgramVariantFactory.createModificationPoints(ProgramVariantFactory.java:215) -  Not ctClass for suspicious code Candidate [className=org.mockito.internal.creation.bytebuddy.ByteBuddyMockMaker, methodName=null, lineNumber=78, susp=0.0]
[INFO ] fr.inria.astor.core.solutionsearch.population.ProgramVariantFactory.createModificationPoints(ProgramVariantFactory.java:215) -  Not ctClass for suspicious code Candidate [className=org.mockito.internal.creation.bytebuddy.ByteBuddyMockMaker, methodName=null, lineNumber=79, susp=0.0]
[INFO ] fr.inria.astor.core.solutionsearch.population.ProgramVariantFactory.createModificationPoints(ProgramVariantFactory.java:215) -  Not ctClass for suspicious code Candidate [className=org.mockito.internal.creation.bytebuddy.MockBytecodeGenerator, methodName=null, lineNumber=66, susp=0.0]
[INFO ] fr.inria.astor.core.solutionsearch.population.ProgramVariantFactory.createModificationPoints(ProgramVariantFactory.java:215) -  Not ctClass for suspicious code Candidate [className=org.mockito.internal.creation.bytebuddy.MockBytecodeGenerator, methodName=null, lineNumber=53, susp=0.0]
[INFO ] fr.inria.astor.core.solutionsearch.population.ProgramVariantFactory.createModificationPoints(ProgramVariantFactory.java:215) -  Not ctClass for suspicious code Candidate [className=org.mockito.internal.creation.bytebuddy.MockBytecodeGenerator, methodName=null, lineNumber=54, susp=0.0]
[INFO ] fr.inria.astor.core.solutionsearch.population.ProgramVariantFactory.createProgramInstance(ProgramVariantFactory.java:127) - Total suspicious from FL: 760,  416
[INFO ] fr.inria.astor.core.solutionsearch.population.ProgramVariantFactory.createProgramInstance(ProgramVariantFactory.java:136) - Total ModPoint created: 416
[INFO ] fr.inria.astor.core.solutionsearch.population.ProgramVariantFactory.createInitialPopulation(ProgramVariantFactory.java:82) - Creating program variant #1, [Variant id: 1, #gens: 416, #ops: 0, parent:-]
[ERROR] fr.inria.astor.core.validation.processbased.LaucherJUnitProcess.getTestResult(LaucherJUnitProcess.java:300) - Error reading the validation process
 output: 
America/Los_Angeles
Picked up JAVA_TOOL_OPTIONS: -Dfile.encoding=UTF8 -Duser.language=en-US -Duser.country=US -Duser.language=en

[ERROR] fr.inria.astor.core.solutionsearch.AstorCoreEngine.setFitnessOfPopulation(AstorCoreEngine.java:745) - Initial run of test suite fails
[INFO ] fr.inria.astor.core.setup.ConfigurationProperties.print(ConfigurationProperties.java:66) - ----------------------------
[INFO ] fr.inria.astor.core.setup.ConfigurationProperties.print(ConfigurationProperties.java:67) - ---Configuration properties:---Execution values
[INFO ] fr.inria.astor.core.setup.ConfigurationProperties.print(ConfigurationProperties.java:69) - p:benchmark= Defects4J
[INFO ] fr.inria.astor.core.setup.ConfigurationProperties.print(ConfigurationProperties.java:69) - p:lastJUnitVersion= ./examples/libs/junit-4.11.jar
[INFO ] fr.inria.astor.core.setup.ConfigurationProperties.print(ConfigurationProperties.java:69) - p:alternativecompliancelevel= 4
[INFO ] fr.inria.astor.core.setup.ConfigurationProperties.print(ConfigurationProperties.java:69) - p:ignoredTestCases= 
[INFO ] fr.inria.astor.core.setup.ConfigurationProperties.print(ConfigurationProperties.java:69) - p:workingDirectory= /tmp/jGenProg_Defects4J_Mockito_3/./output_astor
[INFO ] fr.inria.astor.core.setup.ConfigurationProperties.print(ConfigurationProperties.java:69) - p:manipulatesuper= false
[INFO ] fr.inria.astor.core.setup.ConfigurationProperties.print(ConfigurationProperties.java:69) - p:validation= process
[INFO ] fr.inria.astor.core.setup.ConfigurationProperties.print(ConfigurationProperties.java:69) - p:jvm4testexecution= /home/wp/tool/jdk1.7.0_80/bin/
[INFO ] fr.inria.astor.core.setup.ConfigurationProperties.print(ConfigurationProperties.java:69) - p:operatorspace= irr-statements
[INFO ] fr.inria.astor.core.setup.ConfigurationProperties.print(ConfigurationProperties.java:69) - p:disablelog= false
[INFO ] fr.inria.astor.core.setup.ConfigurationProperties.print(ConfigurationProperties.java:69) - p:binjavafolder= build/classes/main/
[INFO ] fr.inria.astor.core.setup.ConfigurationProperties.print(ConfigurationProperties.java:69) - p:synthesis_depth= 3
[INFO ] fr.inria.astor.core.setup.ConfigurationProperties.print(ConfigurationProperties.java:69) - p:gzoltartestpackagetoexclude= junit.framework
[INFO ] fr.inria.astor.core.setup.ConfigurationProperties.print(ConfigurationProperties.java:69) - p:skipfitnessinitialpopulation= false
[INFO ] fr.inria.astor.core.setup.ConfigurationProperties.print(ConfigurationProperties.java:69) - p:evosuiteresultfolder= evosuite
[INFO ] fr.inria.astor.core.setup.ConfigurationProperties.print(ConfigurationProperties.java:69) - p:flthreshold= 0.1
[INFO ] fr.inria.astor.core.setup.ConfigurationProperties.print(ConfigurationProperties.java:69) - p:regressionforfaultlocalization= true
[INFO ] fr.inria.astor.core.setup.ConfigurationProperties.print(ConfigurationProperties.java:69) - p:collectonlyusedmethod= false
[INFO ] fr.inria.astor.core.setup.ConfigurationProperties.print(ConfigurationProperties.java:69) - p:preservelinenumbers= true
[INFO ] fr.inria.astor.core.setup.ConfigurationProperties.print(ConfigurationProperties.java:69) - p:tmax2= 4018
[INFO ] fr.inria.astor.core.setup.ConfigurationProperties.print(ConfigurationProperties.java:69) - p:tmax1= 10000
[INFO ] fr.inria.astor.core.setup.ConfigurationProperties.print(ConfigurationProperties.java:69) - p:probagenmutation= false
[INFO ] fr.inria.astor.core.setup.ConfigurationProperties.print(ConfigurationProperties.java:69) - p:nomodificationconvergence= 100
[INFO ] fr.inria.astor.core.setup.ConfigurationProperties.print(ConfigurationProperties.java:69) - p:diff_type= relative
[INFO ] fr.inria.astor.core.setup.ConfigurationProperties.print(ConfigurationProperties.java:69) - p:targetelementprocessor= statements
[INFO ] fr.inria.astor.core.setup.ConfigurationProperties.print(ConfigurationProperties.java:69) - p:srctestfolder= test
[INFO ] fr.inria.astor.core.setup.ConfigurationProperties.print(ConfigurationProperties.java:69) - p:forceExecuteRegression= false
[INFO ] fr.inria.astor.core.setup.ConfigurationProperties.print(ConfigurationProperties.java:69) - p:clusteringfilename= clustering.csv
[INFO ] fr.inria.astor.core.setup.ConfigurationProperties.print(ConfigurationProperties.java:69) - p:failing= org.mockitousage.bugs.varargs.VarargsAndAnyObjectPicksUpExtraInvocationsTest:org.mockitousage.bugs.varargs.VarargsNotPlayingWithAnyObjectTest:org.mockito.internal.invocation.InvocationMatcherTest:org.mockitousage.matchers.CapturingArgumentsTest
[INFO ] fr.inria.astor.core.setup.ConfigurationProperties.print(ConfigurationProperties.java:69) - p:logtestexecution= false
[INFO ] fr.inria.astor.core.setup.ConfigurationProperties.print(ConfigurationProperties.java:69) - p:evo_buggy_class= true
[INFO ] fr.inria.astor.core.setup.ConfigurationProperties.print(ConfigurationProperties.java:69) - p:numberExecutions= 1
[INFO ] fr.inria.astor.core.setup.ConfigurationProperties.print(ConfigurationProperties.java:69) - p:maxnumbersolutions= 1000000
[INFO ] fr.inria.astor.core.setup.ConfigurationProperties.print(ConfigurationProperties.java:69) - p:evo_affected_by_op= true
[INFO ] fr.inria.astor.core.setup.ConfigurationProperties.print(ConfigurationProperties.java:69) - p:population= 1
[INFO ] fr.inria.astor.core.setup.ConfigurationProperties.print(ConfigurationProperties.java:69) - p:considerzerovaluesusp= false
[INFO ] fr.inria.astor.core.setup.ConfigurationProperties.print(ConfigurationProperties.java:69) - p:maxCombinationVariableLimit= false
[INFO ] fr.inria.astor.core.setup.ConfigurationProperties.print(ConfigurationProperties.java:69) - p:loglevel= INFO
[INFO ] fr.inria.astor.core.setup.ConfigurationProperties.print(ConfigurationProperties.java:69) - p:savesolution= true
[INFO ] fr.inria.astor.core.setup.ConfigurationProperties.print(ConfigurationProperties.java:69) - p:javacompliancelevel= 7
[INFO ] fr.inria.astor.core.setup.ConfigurationProperties.print(ConfigurationProperties.java:69) - p:x= x
[INFO ] fr.inria.astor.core.setup.ConfigurationProperties.print(ConfigurationProperties.java:69) - p:uniqueoptogen= false
[INFO ] fr.inria.astor.core.setup.ConfigurationProperties.print(ConfigurationProperties.java:69) - p:gzoltarpackagetonotinstrument= junit.framework
[INFO ] fr.inria.astor.core.setup.ConfigurationProperties.print(ConfigurationProperties.java:69) - p:projectIdentifier= Mockito-3
[INFO ] fr.inria.astor.core.setup.ConfigurationProperties.print(ConfigurationProperties.java:69) - p:modificationpointnavigation= weight
[INFO ] fr.inria.astor.core.setup.ConfigurationProperties.print(ConfigurationProperties.java:69) - p:stopfirst= true
[INFO ] fr.inria.astor.core.setup.ConfigurationProperties.print(ConfigurationProperties.java:69) - p:multipointmodification= false
[INFO ] fr.inria.astor.core.setup.ConfigurationProperties.print(ConfigurationProperties.java:69) - p:elementsToMutate= 10
[INFO ] fr.inria.astor.core.setup.ConfigurationProperties.print(ConfigurationProperties.java:69) - p:jsonoutputname= astor_output
[INFO ] fr.inria.astor.core.setup.ConfigurationProperties.print(ConfigurationProperties.java:69) - p:evoDSE= false
[INFO ] fr.inria.astor.core.setup.ConfigurationProperties.print(ConfigurationProperties.java:69) - p:bintestfolder= build/classes/test/
[INFO ] fr.inria.astor.core.setup.ConfigurationProperties.print(ConfigurationProperties.java:69) - p:testbystep= false
[INFO ] fr.inria.astor.core.setup.ConfigurationProperties.print(ConfigurationProperties.java:69) - p:version-location= ./math-version/
[INFO ] fr.inria.astor.core.setup.ConfigurationProperties.print(ConfigurationProperties.java:69) - p:reintroduce= PARENTS:ORIGINAL
[INFO ] fr.inria.astor.core.setup.ConfigurationProperties.print(ConfigurationProperties.java:69) - p:executorjar= ./lib/jtestex7.jar
[INFO ] fr.inria.astor.core.setup.ConfigurationProperties.print(ConfigurationProperties.java:69) - p:maxGeneration= 1000000
[INFO ] fr.inria.astor.core.setup.ConfigurationProperties.print(ConfigurationProperties.java:69) - p:max_synthesis_step= 10000
[INFO ] fr.inria.astor.core.setup.ConfigurationProperties.print(ConfigurationProperties.java:69) - p:maxVarCombination= 1000
[INFO ] fr.inria.astor.core.setup.ConfigurationProperties.print(ConfigurationProperties.java:69) - p:maxtime= 120
[INFO ] fr.inria.astor.core.setup.ConfigurationProperties.print(ConfigurationProperties.java:69) - p:evosuitejar= ./lib/evosuite-master-1.0.4-SNAPSHOT.jar
[INFO ] fr.inria.astor.core.setup.ConfigurationProperties.print(ConfigurationProperties.java:69) - p:jvmversion= 1.7.0_80
[INFO ] fr.inria.astor.core.setup.ConfigurationProperties.print(ConfigurationProperties.java:69) - p:commandTrunk= 50000
[INFO ] fr.inria.astor.core.setup.ConfigurationProperties.print(ConfigurationProperties.java:69) - p:faultlocalization= gzoltar
[INFO ] fr.inria.astor.core.setup.ConfigurationProperties.print(ConfigurationProperties.java:69) - p:resetmodel= true
[INFO ] fr.inria.astor.core.setup.ConfigurationProperties.print(ConfigurationProperties.java:69) - p:maxsuspcandidates= 1000
[INFO ] fr.inria.astor.core.setup.ConfigurationProperties.print(ConfigurationProperties.java:69) - p:mode= jgenprog
[INFO ] fr.inria.astor.core.setup.ConfigurationProperties.print(ConfigurationProperties.java:69) - p:learningdir= 
[INFO ] fr.inria.astor.core.setup.ConfigurationProperties.print(ConfigurationProperties.java:69) - p:jvm4evosuitetestexecution= /home/wp/tool/jdk1.7.0_80/bin/
[INFO ] fr.inria.astor.core.setup.ConfigurationProperties.print(ConfigurationProperties.java:69) - p:filterfaultlocalization= true
[INFO ] fr.inria.astor.core.setup.ConfigurationProperties.print(ConfigurationProperties.java:69) - p:mutationrate= 1 
[INFO ] fr.inria.astor.core.setup.ConfigurationProperties.print(ConfigurationProperties.java:69) - p:pathToMVNRepository= 
[INFO ] fr.inria.astor.core.setup.ConfigurationProperties.print(ConfigurationProperties.java:69) - p:resourcesfolder= /src/main/resources:/src/test/resources:
[INFO ] fr.inria.astor.core.setup.ConfigurationProperties.print(ConfigurationProperties.java:69) - p:timezone= America/Los_Angeles
[INFO ] fr.inria.astor.core.setup.ConfigurationProperties.print(ConfigurationProperties.java:69) - p:runjava7code= false
[INFO ] fr.inria.astor.core.setup.ConfigurationProperties.print(ConfigurationProperties.java:69) - p:evoRunOnBuggyClass= true
[INFO ] fr.inria.astor.core.setup.ConfigurationProperties.print(ConfigurationProperties.java:69) - p:compiler= fr.inria.astor.core.manipulation.bytecode.compiler.SpoonClassCompiler
[INFO ] fr.inria.astor.core.setup.ConfigurationProperties.print(ConfigurationProperties.java:69) - p:limitbysuspicious= true
[INFO ] fr.inria.astor.core.setup.ConfigurationProperties.print(ConfigurationProperties.java:69) - p:logsattemps= true
[INFO ] fr.inria.astor.core.setup.ConfigurationProperties.print(ConfigurationProperties.java:69) - p:dependenciespath= /tmp/jGenProg_Defects4J_Mockito_3/build/classes/main/:/tmp/jGenProg_Defects4J_Mockito_3/build/classes/test/:/tmp/jGenProg_Defects4J_Mockito_3/lib/build/jarjar-1.0.jar:/tmp/jGenProg_Defects4J_Mockito_3/lib/build/sorcerer.jar:/tmp/jGenProg_Defects4J_Mockito_3/lib/build/jaxen-1.1.1.jar:/tmp/jGenProg_Defects4J_Mockito_3/lib/build/maven-ant-tasks-2.0.9.jar:/tmp/jGenProg_Defects4J_Mockito_3/lib/build/asm-3.1.jar:/tmp/jGenProg_Defects4J_Mockito_3/lib/build/bnd-0.0.313.jar:/tmp/jGenProg_Defects4J_Mockito_3/lib/build/ant-googlecode-0.0.3.jar:/tmp/jGenProg_Defects4J_Mockito_3/lib/build/pmd-4.1.jar:/tmp/jGenProg_Defects4J_Mockito_3/lib/build/ant4hg-V0.07.jar:/tmp/jGenProg_Defects4J_Mockito_3/lib/repackaged/cglib-and-asm-1.0.jar:/tmp/jGenProg_Defects4J_Mockito_3/lib/sources/cglib-and-asm-1.0-sources.jar:/tmp/jGenProg_Defects4J_Mockito_3/lib/test/fest-assert-1.3.jar:/tmp/jGenProg_Defects4J_Mockito_3/lib/test/fest-util-1.1.4.jar:/tmp/jGenProg_Defects4J_Mockito_3/lib/test/powermock-reflect-1.2.5.jar:/home/wp/RepairThemAll/script/../benchmarks/defects4j/framework/projects/Mockito/lib/cobertura-2.0.3.jar:/home/wp/RepairThemAll/script/../benchmarks/defects4j/framework/projects/Mockito/lib/objenesis-2.2.jar:/home/wp/RepairThemAll/script/../benchmarks/defects4j/framework/projects/Mockito/lib/objenesis-2.1.jar:/home/wp/RepairThemAll/script/../benchmarks/defects4j/framework/projects/Mockito/lib/fest-assert-1.3.jar:/home/wp/RepairThemAll/script/../benchmarks/defects4j/framework/projects/Mockito/lib/cglib-and-asm-1.0.jar:/home/wp/RepairThemAll/script/../benchmarks/defects4j/framework/projects/Mockito/lib/asm-all-5.0.4.jar:/home/wp/RepairThemAll/script/../benchmarks/defects4j/framework/projects/Mockito/lib/hamcrest-core-1.1.jar:/home/wp/RepairThemAll/script/../benchmarks/defects4j/framework/projects/Mockito/lib/hamcrest-all-1.3.jar:/home/wp/RepairThemAll/script/../benchmarks/defects4j/framework/projects/Mockito/lib/fest-util-1.1.4.jar:/home/wp/RepairThemAll/script/../benchmarks/defects4j/framework/projects/Mockito/lib/assertj-core-2.1.0.jar:/home/wp/RepairThemAll/script/../benchmarks/defects4j/framework/projects/Mockito/lib/powermock-reflect-1.2.5.jar:/home/wp/RepairThemAll/script/../benchmarks/defects4j/framework/projects/lib/junit-4.11.jar:/home/wp/RepairThemAll/script/../benchmarks/defects4j/framework/projects/lib/cobertura-2.0.3.jar
[INFO ] fr.inria.astor.core.setup.ConfigurationProperties.print(ConfigurationProperties.java:69) - p:logpatternlayout= [%-5p] %l - %m%n
[INFO ] fr.inria.astor.core.setup.ConfigurationProperties.print(ConfigurationProperties.java:69) - p:packageToInstrument= 
[INFO ] fr.inria.astor.core.setup.ConfigurationProperties.print(ConfigurationProperties.java:69) - p:skipfaultlocalization= false
[INFO ] fr.inria.astor.core.setup.ConfigurationProperties.print(ConfigurationProperties.java:69) - p:scope= local
[INFO ] fr.inria.astor.core.setup.ConfigurationProperties.print(ConfigurationProperties.java:69) - p:transformingredient= false
[INFO ] fr.inria.astor.core.setup.ConfigurationProperties.print(ConfigurationProperties.java:69) - p:fitnessfunction= fr.inria.astor.core.solutionsearch.population.TestCaseFitnessFunction
[INFO ] fr.inria.astor.core.setup.ConfigurationProperties.print(ConfigurationProperties.java:69) - p:maxnumvariablesperingredient= 10
[INFO ] fr.inria.astor.core.setup.ConfigurationProperties.print(ConfigurationProperties.java:69) - p:parsesourcefromoriginal= true
[INFO ] fr.inria.astor.core.setup.ConfigurationProperties.print(ConfigurationProperties.java:69) - p:pvariantfoldername= variant-
[INFO ] fr.inria.astor.core.setup.ConfigurationProperties.print(ConfigurationProperties.java:69) - p:savespoonmodelondisk= false
[INFO ] fr.inria.astor.core.setup.ConfigurationProperties.print(ConfigurationProperties.java:69) - p:srcjavafolder= src
[INFO ] fr.inria.astor.core.setup.ConfigurationProperties.print(ConfigurationProperties.java:69) - p:populationcontroller= fr.inria.astor.core.solutionsearch.population.TestCaseBasedFitnessPopulationController
[INFO ] fr.inria.astor.core.setup.ConfigurationProperties.print(ConfigurationProperties.java:69) - p:ignoreflakyinfl= false
[INFO ] fr.inria.astor.core.setup.ConfigurationProperties.print(ConfigurationProperties.java:69) - p:cleantemplates= true
[INFO ] fr.inria.astor.core.setup.ConfigurationProperties.print(ConfigurationProperties.java:69) - p:applyCrossover= false
[INFO ] fr.inria.astor.core.setup.ConfigurationProperties.print(ConfigurationProperties.java:69) - p:maxmodificationpoints= 1000
[INFO ] fr.inria.astor.core.setup.ConfigurationProperties.print(ConfigurationProperties.java:69) - p:duplicateingredientsinspace= false
[INFO ] fr.inria.astor.core.setup.ConfigurationProperties.print(ConfigurationProperties.java:69) - p:metid= 0
[INFO ] fr.inria.astor.core.setup.ConfigurationProperties.print(ConfigurationProperties.java:69) - p:saveall= false
[INFO ] fr.inria.astor.core.setup.ConfigurationProperties.print(ConfigurationProperties.java:69) - p:seed= 0
[INFO ] fr.inria.astor.core.setup.ConfigurationProperties.print(ConfigurationProperties.java:69) - p:savecompletepatched= true
[INFO ] fr.inria.astor.core.setup.ConfigurationProperties.print(ConfigurationProperties.java:69) - p:resetoperations= false
[INFO ] fr.inria.astor.core.setup.ConfigurationProperties.print(ConfigurationProperties.java:69) - p:processoutputinfile= false
[INFO ] fr.inria.astor.core.setup.ConfigurationProperties.print(ConfigurationProperties.java:69) - p:location= .
[INFO ] fr.inria.astor.core.setup.ConfigurationProperties.print(ConfigurationProperties.java:69) - p:probabilistictransformation= true
[INFO ] fr.inria.astor.core.setup.ConfigurationProperties.print(ConfigurationProperties.java:69) - p:overridemaxtime= true
[INFO ] fr.inria.astor.core.setup.ConfigurationProperties.print(ConfigurationProperties.java:69) - p:outputjsonresult= false
[INFO ] fr.inria.astor.core.setup.ConfigurationProperties.print(ConfigurationProperties.java:69) - p:allpoints= false
[INFO ] fr.inria.astor.core.setup.ConfigurationProperties.print(ConfigurationProperties.java:69) - p:bugId= 280
[INFO ] fr.inria.astor.core.setup.ConfigurationProperties.print(ConfigurationProperties.java:69) - p:evosuitetimeout= 120
[INFO ] fr.inria.astor.core.setup.ConfigurationProperties.print(ConfigurationProperties.java:69) - p:nrPlaceholders= 1
[INFO ] fr.inria.astor.core.setup.ConfigurationProperties.print(ConfigurationProperties.java:69) - p:forcesubprocesskilling= true
[INFO ] fr.inria.astor.core.setup.ConfigurationProperties.print(ConfigurationProperties.java:71) - ----------------------------
[INFO ] fr.inria.astor.core.solutionsearch.EvolutionarySearchEngine.startEvolution(EvolutionarySearchEngine.java:40) - 
----Starting Solution Search
[INFO ] fr.inria.astor.core.validation.processbased.LaucherJUnitProcess.killProcess(LaucherJUnitProcess.java:185) - The Process that runs JUnit test cases did not terminate within waitTime of 10 seconds
[INFO ] fr.inria.astor.core.validation.processbased.LaucherJUnitProcess.killProcess(LaucherJUnitProcess.java:187) - Killed the Process that runs JUnit test cases 13010
[INFO ] fr.inria.astor.core.validation.processbased.LaucherJUnitProcess.killProcess(LaucherJUnitProcess.java:185) - The Process that runs JUnit test cases did not terminate within waitTime of 10 seconds
[INFO ] fr.inria.astor.core.validation.processbased.LaucherJUnitProcess.killProcess(LaucherJUnitProcess.java:187) - Killed the Process that runs JUnit test cases 21420
Command exited with non-zero status 143
780.57user 36.70system 57:22.41elapsed 23%CPU (0avgtext+0avgdata 933860maxresident)k
1659376inputs+1395448outputs (75432major+4822694minor)pagefaults 0swaps


Node: ubuntu



Date: Mon Jul  1 15:36:34 EDT 2019

